This file contains any messages produced by compilers while
running configure, to aid debugging if configure makes a mistake.

It was created by xfig configure 3.2.7b, which was
generated by GNU Autoconf 2.69.  Invocation command line was

  $ ./configure --build=x86_64-linux-gnu --prefix=/usr --includedir=${prefix}/include --mandir=${prefix}/share/man --infodir=${prefix}/share/info --sysconfdir=/etc --localstatedir=/var --disable-silent-rules --libdir=${prefix}/lib/x86_64-linux-gnu --runstatedir=/run --disable-maintainer-mode --disable-dependency-tracking --enable-splash --enable-tablet

## --------- ##
## Platform. ##
## --------- ##

hostname = a3b8ecb3baa7
uname -m = x86_64
uname -r = 5.15.0-101-generic
uname -s = Linux
uname -v = #111-Ubuntu SMP Tue Mar 5 20:16:58 UTC 2024

/usr/bin/uname -p = x86_64
/bin/uname -X     = unknown

/bin/arch              = x86_64
/usr/bin/arch -k       = unknown
/usr/convex/getsysinfo = unknown
/usr/bin/hostinfo      = unknown
/bin/machine           = unknown
/usr/bin/oslevel       = unknown
/bin/universe          = unknown

PATH: /root/.vscode-server/bin/019f4d1419fbc8219a181fab7892ebccf7ee29a2/bin/remote-cli
PATH: /usr/local/sbin
PATH: /usr/local/bin
PATH: /usr/sbin
PATH: /usr/bin
PATH: /sbin
PATH: /bin


## ----------- ##
## Core tests. ##
## ----------- ##

configure:2467: checking for a BSD-compatible install
configure:2535: result: /usr/bin/install -c
configure:2546: checking whether build environment is sane
configure:2601: result: yes
configure:2750: checking for a thread-safe mkdir -p
configure:2789: result: /usr/bin/mkdir -p
configure:2796: checking for gawk
configure:2812: found /usr/bin/gawk
configure:2823: result: gawk
configure:2834: checking whether make sets $(MAKE)
configure:2856: result: yes
configure:2885: checking whether make supports nested variables
configure:2902: result: yes
configure:3088: checking for gcc
configure:3104: found /usr/bin/gcc
configure:3115: result: gcc
configure:3344: checking for C compiler version
configure:3353: gcc --version >&5
gcc (Ubuntu 9.4.0-1ubuntu1~20.04.2) 9.4.0
Copyright (C) 2019 Free Software Foundation, Inc.
This is free software; see the source for copying conditions.  There is NO
warranty; not even for MERCHANTABILITY or FITNESS FOR A PARTICULAR PURPOSE.

configure:3364: $? = 0
configure:3353: gcc -v >&5
Using built-in specs.
COLLECT_GCC=gcc
COLLECT_LTO_WRAPPER=/usr/lib/gcc/x86_64-linux-gnu/9/lto-wrapper
OFFLOAD_TARGET_NAMES=nvptx-none:hsa
OFFLOAD_TARGET_DEFAULT=1
Target: x86_64-linux-gnu
Configured with: ../src/configure -v --with-pkgversion='Ubuntu 9.4.0-1ubuntu1~20.04.2' --with-bugurl=file:///usr/share/doc/gcc-9/README.Bugs --enable-languages=c,ada,c++,go,brig,d,fortran,objc,obj-c++,gm2 --prefix=/usr --with-gcc-major-version-only --program-suffix=-9 --program-prefix=x86_64-linux-gnu- --enable-shared --enable-linker-build-id --libexecdir=/usr/lib --without-included-gettext --enable-threads=posix --libdir=/usr/lib --enable-nls --enable-clocale=gnu --enable-libstdcxx-debug --enable-libstdcxx-time=yes --with-default-libstdcxx-abi=new --enable-gnu-unique-object --disable-vtable-verify --enable-plugin --enable-default-pie --with-system-zlib --with-target-system-zlib=auto --enable-objc-gc=auto --enable-multiarch --disable-werror --with-arch-32=i686 --with-abi=m64 --with-multilib-list=m32,m64,mx32 --enable-multilib --with-tune=generic --enable-offload-targets=nvptx-none=/build/gcc-9-9QDOt0/gcc-9-9.4.0/debian/tmp-nvptx/usr,hsa --without-cuda-driver --enable-checking=release --build=x86_64-linux-gnu --host=x86_64-linux-gnu --target=x86_64-linux-gnu
Thread model: posix
gcc version 9.4.0 (Ubuntu 9.4.0-1ubuntu1~20.04.2) 
configure:3364: $? = 0
configure:3353: gcc -V >&5
gcc: error: unrecognized command line option '-V'
gcc: fatal error: no input files
compilation terminated.
configure:3364: $? = 1
configure:3353: gcc -qversion >&5
gcc: error: unrecognized command line option '-qversion'; did you mean '--version'?
gcc: fatal error: no input files
compilation terminated.
configure:3364: $? = 1
configure:3384: checking whether the C compiler works
configure:3406: gcc -g -O2 -fdebug-prefix-map=/src/xfig-3.2.7b=. -fstack-protector-strong -Wformat -Werror=format-security -Wdate-time -D_FORTIFY_SOURCE=2 -Wl,-Bsymbolic-functions -Wl,-z,relro -Wl,-z,now conftest.c  >&5
configure:3410: $? = 0
configure:3458: result: yes
configure:3461: checking for C compiler default output file name
configure:3463: result: a.out
configure:3469: checking for suffix of executables
configure:3476: gcc -o conftest -g -O2 -fdebug-prefix-map=/src/xfig-3.2.7b=. -fstack-protector-strong -Wformat -Werror=format-security -Wdate-time -D_FORTIFY_SOURCE=2 -Wl,-Bsymbolic-functions -Wl,-z,relro -Wl,-z,now conftest.c  >&5
configure:3480: $? = 0
configure:3502: result: 
configure:3524: checking whether we are cross compiling
configure:3532: gcc -o conftest -g -O2 -fdebug-prefix-map=/src/xfig-3.2.7b=. -fstack-protector-strong -Wformat -Werror=format-security -Wdate-time -D_FORTIFY_SOURCE=2 -Wl,-Bsymbolic-functions -Wl,-z,relro -Wl,-z,now conftest.c  >&5
configure:3536: $? = 0
configure:3543: ./conftest
configure:3547: $? = 0
configure:3535: result: no
configure:3540: checking for suffix of object files
configure:3562: gcc -c -g -O2 -fdebug-prefix-map=/src/xfig-3.2.7b=. -fstack-protector-strong -Wformat -Werror=format-security -Wdate-time -D_FORTIFY_SOURCE=2 conftest.c >&5
configure:3566: $? = 0
configure:3587: result: o
configure:3591: checking whether we are using the GNU C compiler
configure:3610: gcc -c -g -O2 -fdebug-prefix-map=/src/xfig-3.2.7b=. -fstack-protector-strong -Wformat -Werror=format-security -Wdate-time -D_FORTIFY_SOURCE=2 conftest.c >&5
configure:3610: $? = 0
configure:3619: result: yes
configure:3628: checking whether gcc accepts -g
configure:3648: gcc -c -g -Wdate-time -D_FORTIFY_SOURCE=2 conftest.c >&5
configure:3648: $? = 0
configure:3689: result: yes
configure:3706: checking for gcc option to accept ISO C89
configure:3769: gcc  -c -g -O2 -fdebug-prefix-map=/src/xfig-3.2.7b=. -fstack-protector-strong -Wformat -Werror=format-security -Wdate-time -D_FORTIFY_SOURCE=2 conftest.c >&5
configure:3769: $? = 0
configure:3782: result: none needed
configure:3807: checking whether gcc understands -c and -o together
configure:3829: gcc -c conftest.c -o conftest2.o
configure:3832: $? = 0
configure:3829: gcc -c conftest.c -o conftest2.o
configure:3832: $? = 0
configure:3844: result: yes
configure:3864: checking whether make supports the include directive
configure:3879: make -f confmf.GNU && cat confinc.out
make[2]: Entering directory '/src/xfig-3.2.7b'
make[2]: Leaving directory '/src/xfig-3.2.7b'
this is the am__doit target
configure:3882: $? = 0
configure:3901: result: yes (GNU style)
configure:3926: checking dependency style of gcc
configure:4037: result: none
configure:4057: checking for gcc option to accept ISO C99
configure:4206: gcc  -c -g -O2 -fdebug-prefix-map=/src/xfig-3.2.7b=. -fstack-protector-strong -Wformat -Werror=format-security -Wdate-time -D_FORTIFY_SOURCE=2 conftest.c >&5
configure:4206: $? = 0
configure:4219: result: none needed
configure:4327: checking for gcc option to accept ISO Standard C
configure:4338: result: none needed
configure:4473: checking whether ln -s works
configure:4477: result: yes
configure:4529: checking for ranlib
configure:4545: found /usr/bin/ranlib
configure:4556: result: ranlib
configure:4627: checking for ar
configure:4643: found /usr/bin/ar
configure:4654: result: ar
configure:4680: checking the archiver (ar) interface
configure:4696: gcc -c -g -O2 -fdebug-prefix-map=/src/xfig-3.2.7b=. -fstack-protector-strong -Wformat -Werror=format-security -Wdate-time -D_FORTIFY_SOURCE=2 conftest.c >&5
configure:4696: $? = 0
configure:4698: ar cru libconftest.a conftest.o >&5
ar: `u' modifier ignored since `D' is the default (see `U')
configure:4701: $? = 0
configure:4700: result: ar
configure:4730: checking for library containing pow
configure:4761: gcc -o conftest -g -O2 -fdebug-prefix-map=/src/xfig-3.2.7b=. -fstack-protector-strong -Wformat -Werror=format-security -Wdate-time -D_FORTIFY_SOURCE=2 -Wl,-Bsymbolic-functions -Wl,-z,relro -Wl,-z,now conftest.c  >&5
conftest.c:20:6: warning: conflicting types for built-in function 'pow'; expected 'double(double,  double)' [-Wbuiltin-declaration-mismatch]
   20 | char pow ();
      |      ^~~
conftest.c:1:1: note: 'pow' is declared in header '<math.h>'
    1 | /* confdefs.h */
/usr/bin/ld: /tmp/cccbaptZ.o: in function `main':
./conftest.c:24: undefined reference to `pow'
collect2: error: ld returned 1 exit status
configure:4761: $? = 1
configure: failed program was:
| /* confdefs.h */
| #define PACKAGE_NAME "xfig"
| #define PACKAGE_TARNAME "xfig"
| #define PACKAGE_VERSION "3.2.7b"
| #define PACKAGE_STRING "xfig 3.2.7b"
| #define PACKAGE_BUGREPORT "thomas.loimer@tuwien.ac.at"
| #define PACKAGE_URL "https://sourceforge.net/projects/mcj/"
| #define PROTOCOL_VERSION "3.2"
| #define RELEASE_YEAR "2019"
| #define PACKAGE "xfig"
| #define VERSION "3.2.7b"
| /* end confdefs.h.  */
| 
| /* Override any GCC internal prototype to avoid an error.
|    Use char because int might match the return type of a GCC
|    builtin and then its argument prototype would still apply.  */
| #ifdef __cplusplus
| extern "C"
| #endif
| char pow ();
| int
| main ()
| {
| return pow ();
|   ;
|   return 0;
| }
configure:4761: gcc -o conftest -g -O2 -fdebug-prefix-map=/src/xfig-3.2.7b=. -fstack-protector-strong -Wformat -Werror=format-security -Wdate-time -D_FORTIFY_SOURCE=2 -Wl,-Bsymbolic-functions -Wl,-z,relro -Wl,-z,now conftest.c -lm   >&5
conftest.c:20:6: warning: conflicting types for built-in function 'pow'; expected 'double(double,  double)' [-Wbuiltin-declaration-mismatch]
   20 | char pow ();
      |      ^~~
conftest.c:1:1: note: 'pow' is declared in header '<math.h>'
    1 | /* confdefs.h */
configure:4761: $? = 0
configure:4778: result: -lm
configure:4785: checking for library containing png_read_info
configure:4816: gcc -o conftest -g -O2 -fdebug-prefix-map=/src/xfig-3.2.7b=. -fstack-protector-strong -Wformat -Werror=format-security -Wdate-time -D_FORTIFY_SOURCE=2 -Wl,-Bsymbolic-functions -Wl,-z,relro -Wl,-z,now conftest.c -lm  >&5
/usr/bin/ld: /tmp/cceW3hUZ.o: in function `main':
./conftest.c:24: undefined reference to `png_read_info'
collect2: error: ld returned 1 exit status
configure:4816: $? = 1
configure: failed program was:
| /* confdefs.h */
| #define PACKAGE_NAME "xfig"
| #define PACKAGE_TARNAME "xfig"
| #define PACKAGE_VERSION "3.2.7b"
| #define PACKAGE_STRING "xfig 3.2.7b"
| #define PACKAGE_BUGREPORT "thomas.loimer@tuwien.ac.at"
| #define PACKAGE_URL "https://sourceforge.net/projects/mcj/"
| #define PROTOCOL_VERSION "3.2"
| #define RELEASE_YEAR "2019"
| #define PACKAGE "xfig"
| #define VERSION "3.2.7b"
| /* end confdefs.h.  */
| 
| /* Override any GCC internal prototype to avoid an error.
|    Use char because int might match the return type of a GCC
|    builtin and then its argument prototype would still apply.  */
| #ifdef __cplusplus
| extern "C"
| #endif
| char png_read_info ();
| int
| main ()
| {
| return png_read_info ();
|   ;
|   return 0;
| }
configure:4816: gcc -o conftest -g -O2 -fdebug-prefix-map=/src/xfig-3.2.7b=. -fstack-protector-strong -Wformat -Werror=format-security -Wdate-time -D_FORTIFY_SOURCE=2 -Wl,-Bsymbolic-functions -Wl,-z,relro -Wl,-z,now conftest.c -lpng  -lm  >&5
configure:4816: $? = 0
configure:4833: result: -lpng
configure:4851: checking for dirent.h that defines DIR
configure:4870: gcc -c -g -O2 -fdebug-prefix-map=/src/xfig-3.2.7b=. -fstack-protector-strong -Wformat -Werror=format-security -Wdate-time -D_FORTIFY_SOURCE=2 conftest.c >&5
configure:4870: $? = 0
configure:4878: result: yes
configure:4891: checking for library containing opendir
configure:4922: gcc -o conftest -g -O2 -fdebug-prefix-map=/src/xfig-3.2.7b=. -fstack-protector-strong -Wformat -Werror=format-security -Wdate-time -D_FORTIFY_SOURCE=2 -Wl,-Bsymbolic-functions -Wl,-z,relro -Wl,-z,now conftest.c -lpng -lm  >&5
configure:4922: $? = 0
configure:4939: result: none required
configure:5011: checking how to run the C preprocessor
configure:5042: gcc -E -Wdate-time -D_FORTIFY_SOURCE=2 conftest.c
configure:5042: $? = 0
configure:5056: gcc -E -Wdate-time -D_FORTIFY_SOURCE=2 conftest.c
conftest.c:14:10: fatal error: ac_nonexistent.h: No such file or directory
   14 | #include <ac_nonexistent.h>
      |          ^~~~~~~~~~~~~~~~~~
compilation terminated.
configure:5056: $? = 1
configure: failed program was:
| /* confdefs.h */
| #define PACKAGE_NAME "xfig"
| #define PACKAGE_TARNAME "xfig"
| #define PACKAGE_VERSION "3.2.7b"
| #define PACKAGE_STRING "xfig 3.2.7b"
| #define PACKAGE_BUGREPORT "thomas.loimer@tuwien.ac.at"
| #define PACKAGE_URL "https://sourceforge.net/projects/mcj/"
| #define PROTOCOL_VERSION "3.2"
| #define RELEASE_YEAR "2019"
| #define PACKAGE "xfig"
| #define VERSION "3.2.7b"
| #define HAVE_DIRENT_H 1
| /* end confdefs.h.  */
| #include <ac_nonexistent.h>
configure:5081: result: gcc -E
configure:5101: gcc -E -Wdate-time -D_FORTIFY_SOURCE=2 conftest.c
configure:5101: $? = 0
configure:5115: gcc -E -Wdate-time -D_FORTIFY_SOURCE=2 conftest.c
conftest.c:14:10: fatal error: ac_nonexistent.h: No such file or directory
   14 | #include <ac_nonexistent.h>
      |          ^~~~~~~~~~~~~~~~~~
compilation terminated.
configure:5115: $? = 1
configure: failed program was:
| /* confdefs.h */
| #define PACKAGE_NAME "xfig"
| #define PACKAGE_TARNAME "xfig"
| #define PACKAGE_VERSION "3.2.7b"
| #define PACKAGE_STRING "xfig 3.2.7b"
| #define PACKAGE_BUGREPORT "thomas.loimer@tuwien.ac.at"
| #define PACKAGE_URL "https://sourceforge.net/projects/mcj/"
| #define PROTOCOL_VERSION "3.2"
| #define RELEASE_YEAR "2019"
| #define PACKAGE "xfig"
| #define VERSION "3.2.7b"
| #define HAVE_DIRENT_H 1
| /* end confdefs.h.  */
| #include <ac_nonexistent.h>
configure:5144: checking for grep that handles long lines and -e
configure:5202: result: /usr/bin/grep
configure:5207: checking for egrep
configure:5269: result: /usr/bin/grep -E
configure:5274: checking for ANSI C header files
configure:5294: gcc -c -g -O2 -fdebug-prefix-map=/src/xfig-3.2.7b=. -fstack-protector-strong -Wformat -Werror=format-security -Wdate-time -D_FORTIFY_SOURCE=2 conftest.c >&5
configure:5294: $? = 0
configure:5367: gcc -o conftest -g -O2 -fdebug-prefix-map=/src/xfig-3.2.7b=. -fstack-protector-strong -Wformat -Werror=format-security -Wdate-time -D_FORTIFY_SOURCE=2 -Wl,-Bsymbolic-functions -Wl,-z,relro -Wl,-z,now conftest.c -lpng -lm  >&5
configure:5367: $? = 0
configure:5367: ./conftest
configure:5367: $? = 0
configure:5378: result: yes
configure:5391: checking for sys/types.h
configure:5391: gcc -c -g -O2 -fdebug-prefix-map=/src/xfig-3.2.7b=. -fstack-protector-strong -Wformat -Werror=format-security -Wdate-time -D_FORTIFY_SOURCE=2 conftest.c >&5
configure:5391: $? = 0
configure:5391: result: yes
configure:5391: checking for sys/stat.h
configure:5391: gcc -c -g -O2 -fdebug-prefix-map=/src/xfig-3.2.7b=. -fstack-protector-strong -Wformat -Werror=format-security -Wdate-time -D_FORTIFY_SOURCE=2 conftest.c >&5
configure:5391: $? = 0
configure:5391: result: yes
configure:5391: checking for stdlib.h
configure:5391: gcc -c -g -O2 -fdebug-prefix-map=/src/xfig-3.2.7b=. -fstack-protector-strong -Wformat -Werror=format-security -Wdate-time -D_FORTIFY_SOURCE=2 conftest.c >&5
configure:5391: $? = 0
configure:5391: result: yes
configure:5391: checking for string.h
configure:5391: gcc -c -g -O2 -fdebug-prefix-map=/src/xfig-3.2.7b=. -fstack-protector-strong -Wformat -Werror=format-security -Wdate-time -D_FORTIFY_SOURCE=2 conftest.c >&5
configure:5391: $? = 0
configure:5391: result: yes
configure:5391: checking for memory.h
configure:5391: gcc -c -g -O2 -fdebug-prefix-map=/src/xfig-3.2.7b=. -fstack-protector-strong -Wformat -Werror=format-security -Wdate-time -D_FORTIFY_SOURCE=2 conftest.c >&5
configure:5391: $? = 0
configure:5391: result: yes
configure:5391: checking for strings.h
configure:5391: gcc -c -g -O2 -fdebug-prefix-map=/src/xfig-3.2.7b=. -fstack-protector-strong -Wformat -Werror=format-security -Wdate-time -D_FORTIFY_SOURCE=2 conftest.c >&5
configure:5391: $? = 0
configure:5391: result: yes
configure:5391: checking for inttypes.h
configure:5391: gcc -c -g -O2 -fdebug-prefix-map=/src/xfig-3.2.7b=. -fstack-protector-strong -Wformat -Werror=format-security -Wdate-time -D_FORTIFY_SOURCE=2 conftest.c >&5
configure:5391: $? = 0
configure:5391: result: yes
configure:5391: checking for stdint.h
configure:5391: gcc -c -g -O2 -fdebug-prefix-map=/src/xfig-3.2.7b=. -fstack-protector-strong -Wformat -Werror=format-security -Wdate-time -D_FORTIFY_SOURCE=2 conftest.c >&5
configure:5391: $? = 0
configure:5391: result: yes
configure:5391: checking for unistd.h
configure:5391: gcc -c -g -O2 -fdebug-prefix-map=/src/xfig-3.2.7b=. -fstack-protector-strong -Wformat -Werror=format-security -Wdate-time -D_FORTIFY_SOURCE=2 conftest.c >&5
configure:5391: $? = 0
configure:5391: result: yes
configure:5409: checking for features.h
configure:5409: gcc -c -g -O2 -fdebug-prefix-map=/src/xfig-3.2.7b=. -fstack-protector-strong -Wformat -Werror=format-security -Wdate-time -D_FORTIFY_SOURCE=2 conftest.c >&5
configure:5409: $? = 0
configure:5409: result: yes
configure:5409: checking for sys/time.h
configure:5409: gcc -c -g -O2 -fdebug-prefix-map=/src/xfig-3.2.7b=. -fstack-protector-strong -Wformat -Werror=format-security -Wdate-time -D_FORTIFY_SOURCE=2 conftest.c >&5
configure:5409: $? = 0
configure:5409: result: yes
configure:5409: checking for png.h
configure:5409: gcc -c -g -O2 -fdebug-prefix-map=/src/xfig-3.2.7b=. -fstack-protector-strong -Wformat -Werror=format-security -Wdate-time -D_FORTIFY_SOURCE=2 conftest.c >&5
configure:5409: $? = 0
configure:5409: result: yes
configure:5434: checking for X
configure:5573: gcc -o conftest -g -O2 -fdebug-prefix-map=/src/xfig-3.2.7b=. -fstack-protector-strong -Wformat -Werror=format-security -Wdate-time -D_FORTIFY_SOURCE=2 -Wl,-Bsymbolic-functions -Wl,-z,relro -Wl,-z,now conftest.c -lX11 -lpng -lm  >&5
configure:5573: $? = 0
configure:5623: result: libraries , headers 
configure:5643: checking X11/X.h usability
configure:5643: gcc -c -g -O2 -fdebug-prefix-map=/src/xfig-3.2.7b=. -fstack-protector-strong -Wformat -Werror=format-security -Wdate-time -D_FORTIFY_SOURCE=2 conftest.c >&5
configure:5643: $? = 0
configure:5643: result: yes
configure:5643: checking X11/X.h presence
configure:5643: gcc -E -Wdate-time -D_FORTIFY_SOURCE=2 conftest.c
configure:5643: $? = 0
configure:5643: result: yes
configure:5643: checking for X11/X.h
configure:5643: result: yes
configure:5652: checking for pid_t
configure:5652: gcc -c -g -O2 -fdebug-prefix-map=/src/xfig-3.2.7b=. -fstack-protector-strong -Wformat -Werror=format-security -Wdate-time -D_FORTIFY_SOURCE=2 conftest.c >&5
configure:5652: $? = 0
configure:5652: gcc -c -g -O2 -fdebug-prefix-map=/src/xfig-3.2.7b=. -fstack-protector-strong -Wformat -Werror=format-security -Wdate-time -D_FORTIFY_SOURCE=2 conftest.c >&5
conftest.c: In function 'main':
conftest.c:63:20: error: expected expression before ')' token
   63 | if (sizeof ((pid_t)))
      |                    ^
configure:5652: $? = 1
configure: failed program was:
| /* confdefs.h */
| #define PACKAGE_NAME "xfig"
| #define PACKAGE_TARNAME "xfig"
| #define PACKAGE_VERSION "3.2.7b"
| #define PACKAGE_STRING "xfig 3.2.7b"
| #define PACKAGE_BUGREPORT "thomas.loimer@tuwien.ac.at"
| #define PACKAGE_URL "https://sourceforge.net/projects/mcj/"
| #define PROTOCOL_VERSION "3.2"
| #define RELEASE_YEAR "2019"
| #define PACKAGE "xfig"
| #define VERSION "3.2.7b"
| #define HAVE_DIRENT_H 1
| #define STDC_HEADERS 1
| #define HAVE_SYS_TYPES_H 1
| #define HAVE_SYS_STAT_H 1
| #define HAVE_STDLIB_H 1
| #define HAVE_STRING_H 1
| #define HAVE_MEMORY_H 1
| #define HAVE_STRINGS_H 1
| #define HAVE_INTTYPES_H 1
| #define HAVE_STDINT_H 1
| #define HAVE_UNISTD_H 1
| #define HAVE_FEATURES_H 1
| #define HAVE_SYS_TIME_H 1
| #define HAVE_PNG_H 1
| /* end confdefs.h.  */
| #include <stdio.h>
| #ifdef HAVE_SYS_TYPES_H
| # include <sys/types.h>
| #endif
| #ifdef HAVE_SYS_STAT_H
| # include <sys/stat.h>
| #endif
| #ifdef STDC_HEADERS
| # include <stdlib.h>
| # include <stddef.h>
| #else
| # ifdef HAVE_STDLIB_H
| #  include <stdlib.h>
| # endif
| #endif
| #ifdef HAVE_STRING_H
| # if !defined STDC_HEADERS && defined HAVE_MEMORY_H
| #  include <memory.h>
| # endif
| # include <string.h>
| #endif
| #ifdef HAVE_STRINGS_H
| # include <strings.h>
| #endif
| #ifdef HAVE_INTTYPES_H
| # include <inttypes.h>
| #endif
| #ifdef HAVE_STDINT_H
| # include <stdint.h>
| #endif
| #ifdef HAVE_UNISTD_H
| # include <unistd.h>
| #endif
| int
| main ()
| {
| if (sizeof ((pid_t)))
| 	    return 0;
|   ;
|   return 0;
| }
configure:5652: result: yes
configure:5663: checking for size_t
configure:5663: gcc -c -g -O2 -fdebug-prefix-map=/src/xfig-3.2.7b=. -fstack-protector-strong -Wformat -Werror=format-security -Wdate-time -D_FORTIFY_SOURCE=2 conftest.c >&5
configure:5663: $? = 0
configure:5663: gcc -c -g -O2 -fdebug-prefix-map=/src/xfig-3.2.7b=. -fstack-protector-strong -Wformat -Werror=format-security -Wdate-time -D_FORTIFY_SOURCE=2 conftest.c >&5
conftest.c: In function 'main':
conftest.c:63:21: error: expected expression before ')' token
   63 | if (sizeof ((size_t)))
      |                     ^
configure:5663: $? = 1
configure: failed program was:
| /* confdefs.h */
| #define PACKAGE_NAME "xfig"
| #define PACKAGE_TARNAME "xfig"
| #define PACKAGE_VERSION "3.2.7b"
| #define PACKAGE_STRING "xfig 3.2.7b"
| #define PACKAGE_BUGREPORT "thomas.loimer@tuwien.ac.at"
| #define PACKAGE_URL "https://sourceforge.net/projects/mcj/"
| #define PROTOCOL_VERSION "3.2"
| #define RELEASE_YEAR "2019"
| #define PACKAGE "xfig"
| #define VERSION "3.2.7b"
| #define HAVE_DIRENT_H 1
| #define STDC_HEADERS 1
| #define HAVE_SYS_TYPES_H 1
| #define HAVE_SYS_STAT_H 1
| #define HAVE_STDLIB_H 1
| #define HAVE_STRING_H 1
| #define HAVE_MEMORY_H 1
| #define HAVE_STRINGS_H 1
| #define HAVE_INTTYPES_H 1
| #define HAVE_STDINT_H 1
| #define HAVE_UNISTD_H 1
| #define HAVE_FEATURES_H 1
| #define HAVE_SYS_TIME_H 1
| #define HAVE_PNG_H 1
| /* end confdefs.h.  */
| #include <stdio.h>
| #ifdef HAVE_SYS_TYPES_H
| # include <sys/types.h>
| #endif
| #ifdef HAVE_SYS_STAT_H
| # include <sys/stat.h>
| #endif
| #ifdef STDC_HEADERS
| # include <stdlib.h>
| # include <stddef.h>
| #else
| # ifdef HAVE_STDLIB_H
| #  include <stdlib.h>
| # endif
| #endif
| #ifdef HAVE_STRING_H
| # if !defined STDC_HEADERS && defined HAVE_MEMORY_H
| #  include <memory.h>
| # endif
| # include <string.h>
| #endif
| #ifdef HAVE_STRINGS_H
| # include <strings.h>
| #endif
| #ifdef HAVE_INTTYPES_H
| # include <inttypes.h>
| #endif
| #ifdef HAVE_STDINT_H
| # include <stdint.h>
| #endif
| #ifdef HAVE_UNISTD_H
| # include <unistd.h>
| #endif
| int
| main ()
| {
| if (sizeof ((size_t)))
| 	    return 0;
|   ;
|   return 0;
| }
configure:5663: result: yes
configure:5674: checking whether S_IFDIR is declared
configure:5674: gcc -c -g -O2 -fdebug-prefix-map=/src/xfig-3.2.7b=. -fstack-protector-strong -Wformat -Werror=format-security -Wdate-time -D_FORTIFY_SOURCE=2 conftest.c >&5
configure:5674: $? = 0
configure:5674: result: yes
configure:5685: checking whether S_IWRITE is declared
configure:5685: gcc -c -g -O2 -fdebug-prefix-map=/src/xfig-3.2.7b=. -fstack-protector-strong -Wformat -Werror=format-security -Wdate-time -D_FORTIFY_SOURCE=2 conftest.c >&5
configure:5685: $? = 0
configure:5685: result: yes
configure:5696: checking whether REG_NOERROR is declared
configure:5696: gcc -c -g -O2 -fdebug-prefix-map=/src/xfig-3.2.7b=. -fstack-protector-strong -Wformat -Werror=format-security -Wdate-time -D_FORTIFY_SOURCE=2 conftest.c >&5
configure:5696: $? = 0
configure:5696: result: yes
configure:5709: checking vfork.h usability
configure:5709: gcc -c -g -O2 -fdebug-prefix-map=/src/xfig-3.2.7b=. -fstack-protector-strong -Wformat -Werror=format-security -Wdate-time -D_FORTIFY_SOURCE=2 conftest.c >&5
conftest.c:62:10: fatal error: vfork.h: No such file or directory
   62 | #include <vfork.h>
      |          ^~~~~~~~~
compilation terminated.
configure:5709: $? = 1
configure: failed program was:
| /* confdefs.h */
| #define PACKAGE_NAME "xfig"
| #define PACKAGE_TARNAME "xfig"
| #define PACKAGE_VERSION "3.2.7b"
| #define PACKAGE_STRING "xfig 3.2.7b"
| #define PACKAGE_BUGREPORT "thomas.loimer@tuwien.ac.at"
| #define PACKAGE_URL "https://sourceforge.net/projects/mcj/"
| #define PROTOCOL_VERSION "3.2"
| #define RELEASE_YEAR "2019"
| #define PACKAGE "xfig"
| #define VERSION "3.2.7b"
| #define HAVE_DIRENT_H 1
| #define STDC_HEADERS 1
| #define HAVE_SYS_TYPES_H 1
| #define HAVE_SYS_STAT_H 1
| #define HAVE_STDLIB_H 1
| #define HAVE_STRING_H 1
| #define HAVE_MEMORY_H 1
| #define HAVE_STRINGS_H 1
| #define HAVE_INTTYPES_H 1
| #define HAVE_STDINT_H 1
| #define HAVE_UNISTD_H 1
| #define HAVE_FEATURES_H 1
| #define HAVE_SYS_TIME_H 1
| #define HAVE_PNG_H 1
| #define HAVE_DECL_S_IFDIR 1
| #define HAVE_DECL_S_IWRITE 1
| /* end confdefs.h.  */
| #include <stdio.h>
| #ifdef HAVE_SYS_TYPES_H
| # include <sys/types.h>
| #endif
| #ifdef HAVE_SYS_STAT_H
| # include <sys/stat.h>
| #endif
| #ifdef STDC_HEADERS
| # include <stdlib.h>
| # include <stddef.h>
| #else
| # ifdef HAVE_STDLIB_H
| #  include <stdlib.h>
| # endif
| #endif
| #ifdef HAVE_STRING_H
| # if !defined STDC_HEADERS && defined HAVE_MEMORY_H
| #  include <memory.h>
| # endif
| # include <string.h>
| #endif
| #ifdef HAVE_STRINGS_H
| # include <strings.h>
| #endif
| #ifdef HAVE_INTTYPES_H
| # include <inttypes.h>
| #endif
| #ifdef HAVE_STDINT_H
| # include <stdint.h>
| #endif
| #ifdef HAVE_UNISTD_H
| # include <unistd.h>
| #endif
| #include <vfork.h>
configure:5709: result: no
configure:5709: checking vfork.h presence
configure:5709: gcc -E -Wdate-time -D_FORTIFY_SOURCE=2 conftest.c
conftest.c:29:10: fatal error: vfork.h: No such file or directory
   29 | #include <vfork.h>
      |          ^~~~~~~~~
compilation terminated.
configure:5709: $? = 1
configure: failed program was:
| /* confdefs.h */
| #define PACKAGE_NAME "xfig"
| #define PACKAGE_TARNAME "xfig"
| #define PACKAGE_VERSION "3.2.7b"
| #define PACKAGE_STRING "xfig 3.2.7b"
| #define PACKAGE_BUGREPORT "thomas.loimer@tuwien.ac.at"
| #define PACKAGE_URL "https://sourceforge.net/projects/mcj/"
| #define PROTOCOL_VERSION "3.2"
| #define RELEASE_YEAR "2019"
| #define PACKAGE "xfig"
| #define VERSION "3.2.7b"
| #define HAVE_DIRENT_H 1
| #define STDC_HEADERS 1
| #define HAVE_SYS_TYPES_H 1
| #define HAVE_SYS_STAT_H 1
| #define HAVE_STDLIB_H 1
| #define HAVE_STRING_H 1
| #define HAVE_MEMORY_H 1
| #define HAVE_STRINGS_H 1
| #define HAVE_INTTYPES_H 1
| #define HAVE_STDINT_H 1
| #define HAVE_UNISTD_H 1
| #define HAVE_FEATURES_H 1
| #define HAVE_SYS_TIME_H 1
| #define HAVE_PNG_H 1
| #define HAVE_DECL_S_IFDIR 1
| #define HAVE_DECL_S_IWRITE 1
| /* end confdefs.h.  */
| #include <vfork.h>
configure:5709: result: no
configure:5709: checking for vfork.h
configure:5709: result: no
configure:5722: checking for fork
configure:5722: gcc -o conftest -g -O2 -fdebug-prefix-map=/src/xfig-3.2.7b=. -fstack-protector-strong -Wformat -Werror=format-security -Wdate-time -D_FORTIFY_SOURCE=2 -Wl,-Bsymbolic-functions -Wl,-z,relro -Wl,-z,now conftest.c -lpng -lm  >&5
conftest.c:52:6: warning: conflicting types for built-in function 'fork'; expected 'int(void)' [-Wbuiltin-declaration-mismatch]
   52 | char fork ();
      |      ^~~~
configure:5722: $? = 0
configure:5722: result: yes
configure:5722: checking for vfork
configure:5722: gcc -o conftest -g -O2 -fdebug-prefix-map=/src/xfig-3.2.7b=. -fstack-protector-strong -Wformat -Werror=format-security -Wdate-time -D_FORTIFY_SOURCE=2 -Wl,-Bsymbolic-functions -Wl,-z,relro -Wl,-z,now conftest.c -lpng -lm  >&5
configure:5722: $? = 0
configure:5722: result: yes
configure:5732: checking for working fork
configure:5754: gcc -o conftest -g -O2 -fdebug-prefix-map=/src/xfig-3.2.7b=. -fstack-protector-strong -Wformat -Werror=format-security -Wdate-time -D_FORTIFY_SOURCE=2 -Wl,-Bsymbolic-functions -Wl,-z,relro -Wl,-z,now conftest.c -lpng -lm  >&5
configure:5754: $? = 0
configure:5754: ./conftest
configure:5754: $? = 0
configure:5764: result: yes
configure:5785: checking for working vfork
configure:5895: result: yes
configure:5922: checking for stdlib.h
configure:5922: result: yes
configure:5932: checking for GNU libc compatible malloc
configure:5956: gcc -o conftest -g -O2 -fdebug-prefix-map=/src/xfig-3.2.7b=. -fstack-protector-strong -Wformat -Werror=format-security -Wdate-time -D_FORTIFY_SOURCE=2 -Wl,-Bsymbolic-functions -Wl,-z,relro -Wl,-z,now conftest.c -lpng -lm  >&5
configure:5956: $? = 0
configure:5956: ./conftest
configure:5956: $? = 0
configure:5966: result: yes
configure:5989: checking for stdlib.h
configure:5989: result: yes
configure:5999: checking for GNU libc compatible realloc
configure:6023: gcc -o conftest -g -O2 -fdebug-prefix-map=/src/xfig-3.2.7b=. -fstack-protector-strong -Wformat -Werror=format-security -Wdate-time -D_FORTIFY_SOURCE=2 -Wl,-Bsymbolic-functions -Wl,-z,relro -Wl,-z,now conftest.c -lpng -lm  >&5
configure:6023: $? = 0
configure:6023: ./conftest
configure:6023: $? = 0
configure:6033: result: yes
configure:6061: checking for getcwd
configure:6061: gcc -o conftest -g -O2 -fdebug-prefix-map=/src/xfig-3.2.7b=. -fstack-protector-strong -Wformat -Werror=format-security -Wdate-time -D_FORTIFY_SOURCE=2 -Wl,-Bsymbolic-functions -Wl,-z,relro -Wl,-z,now conftest.c -lpng -lm  >&5
configure:6061: $? = 0
configure:6061: result: yes
configure:6061: checking for setlocale
configure:6061: gcc -o conftest -g -O2 -fdebug-prefix-map=/src/xfig-3.2.7b=. -fstack-protector-strong -Wformat -Werror=format-security -Wdate-time -D_FORTIFY_SOURCE=2 -Wl,-Bsymbolic-functions -Wl,-z,relro -Wl,-z,now conftest.c -lpng -lm  >&5
configure:6061: $? = 0
configure:6061: result: yes
configure:6061: checking for strerror
configure:6061: gcc -o conftest -g -O2 -fdebug-prefix-map=/src/xfig-3.2.7b=. -fstack-protector-strong -Wformat -Werror=format-security -Wdate-time -D_FORTIFY_SOURCE=2 -Wl,-Bsymbolic-functions -Wl,-z,relro -Wl,-z,now conftest.c -lpng -lm  >&5
configure:6061: $? = 0
configure:6061: result: yes
configure:6077: checking for isascii
configure:6077: gcc -o conftest -g -O2 -fdebug-prefix-map=/src/xfig-3.2.7b=. -fstack-protector-strong -Wformat -Werror=format-security -Wdate-time -D_FORTIFY_SOURCE=2 -Wl,-Bsymbolic-functions -Wl,-z,relro -Wl,-z,now conftest.c -lpng -lm  >&5
conftest.c:63:6: warning: conflicting types for built-in function 'isascii'; expected 'int(int)' [-Wbuiltin-declaration-mismatch]
   63 | char isascii ();
      |      ^~~~~~~
configure:6077: $? = 0
configure:6077: result: yes
configure:6090: checking for strstr
configure:6090: gcc -o conftest -g -O2 -fdebug-prefix-map=/src/xfig-3.2.7b=. -fstack-protector-strong -Wformat -Werror=format-security -Wdate-time -D_FORTIFY_SOURCE=2 -Wl,-Bsymbolic-functions -Wl,-z,relro -Wl,-z,now conftest.c -lpng -lm  >&5
conftest.c:64:6: warning: conflicting types for built-in function 'strstr'; expected 'char *(const char *, const char *)' [-Wbuiltin-declaration-mismatch]
   64 | char strstr ();
      |      ^~~~~~
conftest.c:52:1: note: 'strstr' is declared in header '<string.h>'
   51 | # include <limits.h>
   52 | #else
configure:6090: $? = 0
configure:6090: result: yes
configure:6103: checking for strchr
configure:6103: gcc -o conftest -g -O2 -fdebug-prefix-map=/src/xfig-3.2.7b=. -fstack-protector-strong -Wformat -Werror=format-security -Wdate-time -D_FORTIFY_SOURCE=2 -Wl,-Bsymbolic-functions -Wl,-z,relro -Wl,-z,now conftest.c -lpng -lm  >&5
conftest.c:65:6: warning: conflicting types for built-in function 'strchr'; expected 'char *(const char *, int)' [-Wbuiltin-declaration-mismatch]
   65 | char strchr ();
      |      ^~~~~~
conftest.c:53:1: note: 'strchr' is declared in header '<string.h>'
   52 | # include <limits.h>
   53 | #else
configure:6103: $? = 0
configure:6103: result: yes
configure:6116: checking for strrchr
configure:6116: gcc -o conftest -g -O2 -fdebug-prefix-map=/src/xfig-3.2.7b=. -fstack-protector-strong -Wformat -Werror=format-security -Wdate-time -D_FORTIFY_SOURCE=2 -Wl,-Bsymbolic-functions -Wl,-z,relro -Wl,-z,now conftest.c -lpng -lm  >&5
conftest.c:66:6: warning: conflicting types for built-in function 'strrchr'; expected 'char *(const char *, int)' [-Wbuiltin-declaration-mismatch]
   66 | char strrchr ();
      |      ^~~~~~~
conftest.c:54:1: note: 'strrchr' is declared in header '<string.h>'
   53 | # include <limits.h>
   54 | #else
configure:6116: $? = 0
configure:6116: result: yes
configure:6129: checking for strcasecmp
configure:6129: gcc -o conftest -g -O2 -fdebug-prefix-map=/src/xfig-3.2.7b=. -fstack-protector-strong -Wformat -Werror=format-security -Wdate-time -D_FORTIFY_SOURCE=2 -Wl,-Bsymbolic-functions -Wl,-z,relro -Wl,-z,now conftest.c -lpng -lm  >&5
conftest.c:67:6: warning: conflicting types for built-in function 'strcasecmp'; expected 'int(const char *, const char *)' [-Wbuiltin-declaration-mismatch]
   67 | char strcasecmp ();
      |      ^~~~~~~~~~
configure:6129: $? = 0
configure:6129: result: yes
configure:6142: checking for strncasecmp
configure:6142: gcc -o conftest -g -O2 -fdebug-prefix-map=/src/xfig-3.2.7b=. -fstack-protector-strong -Wformat -Werror=format-security -Wdate-time -D_FORTIFY_SOURCE=2 -Wl,-Bsymbolic-functions -Wl,-z,relro -Wl,-z,now conftest.c -lpng -lm  >&5
conftest.c:68:6: warning: conflicting types for built-in function 'strncasecmp'; expected 'int(const char *, const char *, long unsigned int)' [-Wbuiltin-declaration-mismatch]
   68 | char strncasecmp ();
      |      ^~~~~~~~~~~
configure:6142: $? = 0
configure:6142: result: yes
configure:6155: checking for strdup
configure:6155: gcc -o conftest -g -O2 -fdebug-prefix-map=/src/xfig-3.2.7b=. -fstack-protector-strong -Wformat -Werror=format-security -Wdate-time -D_FORTIFY_SOURCE=2 -Wl,-Bsymbolic-functions -Wl,-z,relro -Wl,-z,now conftest.c -lpng -lm  >&5
conftest.c:69:6: warning: conflicting types for built-in function 'strdup'; expected 'char *(const char *)' [-Wbuiltin-declaration-mismatch]
   69 | char strdup ();
      |      ^~~~~~
configure:6155: $? = 0
configure:6155: result: yes
configure:6168: checking for strndup
configure:6168: gcc -o conftest -g -O2 -fdebug-prefix-map=/src/xfig-3.2.7b=. -fstack-protector-strong -Wformat -Werror=format-security -Wdate-time -D_FORTIFY_SOURCE=2 -Wl,-Bsymbolic-functions -Wl,-z,relro -Wl,-z,now conftest.c -lpng -lm  >&5
conftest.c:70:6: warning: conflicting types for built-in function 'strndup'; expected 'char *(const char *, long unsigned int)' [-Wbuiltin-declaration-mismatch]
   70 | char strndup ();
      |      ^~~~~~~
configure:6168: $? = 0
configure:6168: result: yes
configure:6240: checking for library containing jpeg_read_header
configure:6271: gcc -o conftest -g -O2 -fdebug-prefix-map=/src/xfig-3.2.7b=. -fstack-protector-strong -Wformat -Werror=format-security -Wdate-time -D_FORTIFY_SOURCE=2 -Wl,-Bsymbolic-functions -Wl,-z,relro -Wl,-z,now conftest.c -lpng -lm  >&5
/usr/bin/ld: /tmp/ccyFvRYT.o: in function `main':
./conftest.c:62: undefined reference to `jpeg_read_header'
collect2: error: ld returned 1 exit status
configure:6271: $? = 1
configure: failed program was:
| /* confdefs.h */
| #define PACKAGE_NAME "xfig"
| #define PACKAGE_TARNAME "xfig"
| #define PACKAGE_VERSION "3.2.7b"
| #define PACKAGE_STRING "xfig 3.2.7b"
| #define PACKAGE_BUGREPORT "thomas.loimer@tuwien.ac.at"
| #define PACKAGE_URL "https://sourceforge.net/projects/mcj/"
| #define PROTOCOL_VERSION "3.2"
| #define RELEASE_YEAR "2019"
| #define PACKAGE "xfig"
| #define VERSION "3.2.7b"
| #define HAVE_DIRENT_H 1
| #define STDC_HEADERS 1
| #define HAVE_SYS_TYPES_H 1
| #define HAVE_SYS_STAT_H 1
| #define HAVE_STDLIB_H 1
| #define HAVE_STRING_H 1
| #define HAVE_MEMORY_H 1
| #define HAVE_STRINGS_H 1
| #define HAVE_INTTYPES_H 1
| #define HAVE_STDINT_H 1
| #define HAVE_UNISTD_H 1
| #define HAVE_FEATURES_H 1
| #define HAVE_SYS_TIME_H 1
| #define HAVE_PNG_H 1
| #define HAVE_DECL_S_IFDIR 1
| #define HAVE_DECL_S_IWRITE 1
| #define HAVE_FORK 1
| #define HAVE_VFORK 1
| #define HAVE_WORKING_VFORK 1
| #define HAVE_WORKING_FORK 1
| #define HAVE_STDLIB_H 1
| #define HAVE_MALLOC 1
| #define HAVE_STDLIB_H 1
| #define HAVE_REALLOC 1
| #define HAVE_GETCWD 1
| #define HAVE_SETLOCALE 1
| #define HAVE_STRERROR 1
| #define HAVE_ISASCII 1
| #define HAVE_STRSTR 1
| #define HAVE_STRCHR 1
| #define HAVE_STRRCHR 1
| #define HAVE_STRCASECMP 1
| #define HAVE_STRNCASECMP 1
| #define HAVE_STRDUP 1
| #define HAVE_STRNDUP 1
| #define ARROWS4TO14 1
| #define I18N 1
| #define I18N_USE_PREEDIT 1
| /* end confdefs.h.  */
| 
| /* Override any GCC internal prototype to avoid an error.
|    Use char because int might match the return type of a GCC
|    builtin and then its argument prototype would still apply.  */
| #ifdef __cplusplus
| extern "C"
| #endif
| char jpeg_read_header ();
| int
| main ()
| {
| return jpeg_read_header ();
|   ;
|   return 0;
| }
configure:6271: gcc -o conftest -g -O2 -fdebug-prefix-map=/src/xfig-3.2.7b=. -fstack-protector-strong -Wformat -Werror=format-security -Wdate-time -D_FORTIFY_SOURCE=2 -Wl,-Bsymbolic-functions -Wl,-z,relro -Wl,-z,now conftest.c -ljpeg  -lpng -lm  >&5
configure:6271: $? = 0
configure:6288: result: -ljpeg
configure:6353: checking for library containing XpmFree
configure:6384: gcc -o conftest -g -O2 -fdebug-prefix-map=/src/xfig-3.2.7b=. -fstack-protector-strong -Wformat -Werror=format-security -Wdate-time -D_FORTIFY_SOURCE=2 -Wl,-Bsymbolic-functions -Wl,-z,relro -Wl,-z,now conftest.c -ljpeg -lpng -lm  >&5
/usr/bin/ld: /tmp/ccgC1RnL.o: in function `main':
./conftest.c:65: undefined reference to `XpmFree'
collect2: error: ld returned 1 exit status
configure:6384: $? = 1
configure: failed program was:
| /* confdefs.h */
| #define PACKAGE_NAME "xfig"
| #define PACKAGE_TARNAME "xfig"
| #define PACKAGE_VERSION "3.2.7b"
| #define PACKAGE_STRING "xfig 3.2.7b"
| #define PACKAGE_BUGREPORT "thomas.loimer@tuwien.ac.at"
| #define PACKAGE_URL "https://sourceforge.net/projects/mcj/"
| #define PROTOCOL_VERSION "3.2"
| #define RELEASE_YEAR "2019"
| #define PACKAGE "xfig"
| #define VERSION "3.2.7b"
| #define HAVE_DIRENT_H 1
| #define STDC_HEADERS 1
| #define HAVE_SYS_TYPES_H 1
| #define HAVE_SYS_STAT_H 1
| #define HAVE_STDLIB_H 1
| #define HAVE_STRING_H 1
| #define HAVE_MEMORY_H 1
| #define HAVE_STRINGS_H 1
| #define HAVE_INTTYPES_H 1
| #define HAVE_STDINT_H 1
| #define HAVE_UNISTD_H 1
| #define HAVE_FEATURES_H 1
| #define HAVE_SYS_TIME_H 1
| #define HAVE_PNG_H 1
| #define HAVE_DECL_S_IFDIR 1
| #define HAVE_DECL_S_IWRITE 1
| #define HAVE_FORK 1
| #define HAVE_VFORK 1
| #define HAVE_WORKING_VFORK 1
| #define HAVE_WORKING_FORK 1
| #define HAVE_STDLIB_H 1
| #define HAVE_MALLOC 1
| #define HAVE_STDLIB_H 1
| #define HAVE_REALLOC 1
| #define HAVE_GETCWD 1
| #define HAVE_SETLOCALE 1
| #define HAVE_STRERROR 1
| #define HAVE_ISASCII 1
| #define HAVE_STRSTR 1
| #define HAVE_STRCHR 1
| #define HAVE_STRRCHR 1
| #define HAVE_STRCASECMP 1
| #define HAVE_STRNCASECMP 1
| #define HAVE_STRDUP 1
| #define HAVE_STRNDUP 1
| #define ARROWS4TO14 1
| #define I18N 1
| #define I18N_USE_PREEDIT 1
| #define USE_JPEG 1
| #define GSBIT 1
| #define CACHE_SIZE_LIMIT 20000
| /* end confdefs.h.  */
| 
| /* Override any GCC internal prototype to avoid an error.
|    Use char because int might match the return type of a GCC
|    builtin and then its argument prototype would still apply.  */
| #ifdef __cplusplus
| extern "C"
| #endif
| char XpmFree ();
| int
| main ()
| {
| return XpmFree ();
|   ;
|   return 0;
| }
configure:6384: gcc -o conftest -g -O2 -fdebug-prefix-map=/src/xfig-3.2.7b=. -fstack-protector-strong -Wformat -Werror=format-security -Wdate-time -D_FORTIFY_SOURCE=2 -Wl,-Bsymbolic-functions -Wl,-z,relro -Wl,-z,now conftest.c -lXpm  -ljpeg -lpng -lm  >&5
configure:6384: $? = 0
configure:6401: result: -lXpm
configure:6552: checking for library containing XFreeDeviceList
configure:6583: gcc -o conftest -g -O2 -fdebug-prefix-map=/src/xfig-3.2.7b=. -fstack-protector-strong -Wformat -Werror=format-security -Wdate-time -D_FORTIFY_SOURCE=2 -Wl,-Bsymbolic-functions -Wl,-z,relro -Wl,-z,now conftest.c -lXpm -ljpeg -lpng -lm  >&5
/usr/bin/ld: /tmp/cc6i5e5C.o: in function `main':
./conftest.c:69: undefined reference to `XFreeDeviceList'
collect2: error: ld returned 1 exit status
configure:6583: $? = 1
configure: failed program was:
| /* confdefs.h */
| #define PACKAGE_NAME "xfig"
| #define PACKAGE_TARNAME "xfig"
| #define PACKAGE_VERSION "3.2.7b"
| #define PACKAGE_STRING "xfig 3.2.7b"
| #define PACKAGE_BUGREPORT "thomas.loimer@tuwien.ac.at"
| #define PACKAGE_URL "https://sourceforge.net/projects/mcj/"
| #define PROTOCOL_VERSION "3.2"
| #define RELEASE_YEAR "2019"
| #define PACKAGE "xfig"
| #define VERSION "3.2.7b"
| #define HAVE_DIRENT_H 1
| #define STDC_HEADERS 1
| #define HAVE_SYS_TYPES_H 1
| #define HAVE_SYS_STAT_H 1
| #define HAVE_STDLIB_H 1
| #define HAVE_STRING_H 1
| #define HAVE_MEMORY_H 1
| #define HAVE_STRINGS_H 1
| #define HAVE_INTTYPES_H 1
| #define HAVE_STDINT_H 1
| #define HAVE_UNISTD_H 1
| #define HAVE_FEATURES_H 1
| #define HAVE_SYS_TIME_H 1
| #define HAVE_PNG_H 1
| #define HAVE_DECL_S_IFDIR 1
| #define HAVE_DECL_S_IWRITE 1
| #define HAVE_FORK 1
| #define HAVE_VFORK 1
| #define HAVE_WORKING_VFORK 1
| #define HAVE_WORKING_FORK 1
| #define HAVE_STDLIB_H 1
| #define HAVE_MALLOC 1
| #define HAVE_STDLIB_H 1
| #define HAVE_REALLOC 1
| #define HAVE_GETCWD 1
| #define HAVE_SETLOCALE 1
| #define HAVE_STRERROR 1
| #define HAVE_ISASCII 1
| #define HAVE_STRSTR 1
| #define HAVE_STRCHR 1
| #define HAVE_STRRCHR 1
| #define HAVE_STRCASECMP 1
| #define HAVE_STRNCASECMP 1
| #define HAVE_STRDUP 1
| #define HAVE_STRNDUP 1
| #define ARROWS4TO14 1
| #define I18N 1
| #define I18N_USE_PREEDIT 1
| #define USE_JPEG 1
| #define GSBIT 1
| #define CACHE_SIZE_LIMIT 20000
| #define USE_XPM 1
| #define USE_SPLASH 1
| #define XAW3D 1
| #define XAW3D1_5E 1
| /* end confdefs.h.  */
| 
| /* Override any GCC internal prototype to avoid an error.
|    Use char because int might match the return type of a GCC
|    builtin and then its argument prototype would still apply.  */
| #ifdef __cplusplus
| extern "C"
| #endif
| char XFreeDeviceList ();
| int
| main ()
| {
| return XFreeDeviceList ();
|   ;
|   return 0;
| }
configure:6583: gcc -o conftest -g -O2 -fdebug-prefix-map=/src/xfig-3.2.7b=. -fstack-protector-strong -Wformat -Werror=format-security -Wdate-time -D_FORTIFY_SOURCE=2 -Wl,-Bsymbolic-functions -Wl,-z,relro -Wl,-z,now conftest.c -lXi  -lXpm -ljpeg -lpng -lm  >&5
configure:6583: $? = 0
configure:6600: result: -lXi
configure:6871: checking that generated files are newer than configure
configure:6877: result: done
configure:6928: creating ./config.status

## ---------------------- ##
## Running config.status. ##
## ---------------------- ##

This file was extended by xfig config.status 3.2.7b, which was
generated by GNU Autoconf 2.69.  Invocation command line was

  CONFIG_FILES    = 
  CONFIG_HEADERS  = 
  CONFIG_LINKS    = 
  CONFIG_COMMANDS = 
  $ ./config.status 

on a3b8ecb3baa7

config.status:940: creating Makefile
config.status:940: creating app-defaults/Fig
config.status:940: creating splash-image/spl_bckgnd.fig
config.status:940: creating src/Makefile
config.status:940: creating src/version.fig
config.status:940: creating doc/html/images/xfig-title.fig
config.status:940: creating doc/Makefile
config.status:940: creating doc/xfig.man
config.status:940: creating doc/xfig_man.html
config.status:940: creating tests/Makefile
config.status:940: creating tests/atlocal
config.status:940: creating config.h
config.status:1169: executing depfiles commands
config.status:1169: executing tests/atconfig commands
configure:8277: WARNING: unrecognized options: --disable-maintainer-mode
configure:8295:
  Compile, CC=gcc XCPPFLAGS=-DXAW_INTERNATIONALIZATION \
	CPPFLAGS=-Wdate-time -D_FORTIFY_SOURCE=2 CFLAGS=-g -O2 -fdebug-prefix-map=/src/xfig-3.2.7b=. -fstack-protector-strong -Wformat -Werror=format-security
  Link, gcc CFLAGS=-g -O2 -fdebug-prefix-map=/src/xfig-3.2.7b=. -fstack-protector-strong -Wformat -Werror=format-security XLDFLAGS=<empty> \
	LDFLAGS=-Wl,-Bsymbolic-functions -Wl,-z,relro -Wl,-z,now <object> \
	XLIBS=-lXaw3d -lXt -lX11 LIBS=-lXi -lXpm -ljpeg -lpng -lm 

Installation locations:
  /usr/share/X11/app-defaults/ Fig	(--with-appdefaultdir)
  /usr/share/applications/ xfig.desktop	(--with-applicationsdir)
  /usr/share/pixmaps/ xfig.png	(--with-icondir)
  /usr/share/xfig/ Libraries (--datarootdir)
  /usr/share/doc/xfig/ html	(--htmldir)
  /usr/share/doc/xfig/ doc-files	(--docdir)

## ---------------- ##
## Cache variables. ##
## ---------------- ##

ac_cv_c_compiler_gnu=yes
ac_cv_env_CC_set=
ac_cv_env_CC_value=
ac_cv_env_CFLAGS_set=set
ac_cv_env_CFLAGS_value='-g -O2 -fdebug-prefix-map=/src/xfig-3.2.7b=. -fstack-protector-strong -Wformat -Werror=format-security'
ac_cv_env_CPPFLAGS_set=set
ac_cv_env_CPPFLAGS_value='-Wdate-time -D_FORTIFY_SOURCE=2'
ac_cv_env_CPP_set=
ac_cv_env_CPP_value=
ac_cv_env_LDFLAGS_set=set
ac_cv_env_LDFLAGS_value='-Wl,-Bsymbolic-functions -Wl,-z,relro -Wl,-z,now'
ac_cv_env_LIBS_set=
ac_cv_env_LIBS_value=
ac_cv_env_XMKMF_set=
ac_cv_env_XMKMF_value=
ac_cv_env_build_alias_set=set
ac_cv_env_build_alias_value=x86_64-linux-gnu
ac_cv_env_host_alias_set=
ac_cv_env_host_alias_value=
ac_cv_env_target_alias_set=
ac_cv_env_target_alias_value=
ac_cv_func_fork=yes
ac_cv_func_fork_works=yes
ac_cv_func_getcwd=yes
ac_cv_func_isascii=yes
ac_cv_func_malloc_0_nonnull=yes
ac_cv_func_realloc_0_nonnull=yes
ac_cv_func_setlocale=yes
ac_cv_func_strcasecmp=yes
ac_cv_func_strchr=yes
ac_cv_func_strdup=yes
ac_cv_func_strerror=yes
ac_cv_func_strncasecmp=yes
ac_cv_func_strndup=yes
ac_cv_func_strrchr=yes
ac_cv_func_strstr=yes
ac_cv_func_vfork=yes
ac_cv_func_vfork_works=yes
ac_cv_have_decl_REG_NOERROR=yes
ac_cv_have_decl_S_IFDIR=yes
ac_cv_have_decl_S_IWRITE=yes
ac_cv_have_x='have_x=yes	ac_x_includes='\'''\''	ac_x_libraries='\'''\'''
ac_cv_header_X11_X_h=yes
ac_cv_header_dirent_dirent_h=yes
ac_cv_header_features_h=yes
ac_cv_header_inttypes_h=yes
ac_cv_header_memory_h=yes
ac_cv_header_png_h=yes
ac_cv_header_stdc=yes
ac_cv_header_stdint_h=yes
ac_cv_header_stdlib_h=yes
ac_cv_header_string_h=yes
ac_cv_header_strings_h=yes
ac_cv_header_sys_stat_h=yes
ac_cv_header_sys_time_h=yes
ac_cv_header_sys_types_h=yes
ac_cv_header_unistd_h=yes
ac_cv_header_vfork_h=no
ac_cv_objext=o
ac_cv_path_EGREP='/usr/bin/grep -E'
ac_cv_path_GREP=/usr/bin/grep
ac_cv_path_install='/usr/bin/install -c'
ac_cv_path_mkdir=/usr/bin/mkdir
ac_cv_prog_AWK=gawk
ac_cv_prog_CPP='gcc -E'
ac_cv_prog_ac_ct_AR=ar
ac_cv_prog_ac_ct_CC=gcc
ac_cv_prog_ac_ct_RANLIB=ranlib
ac_cv_prog_cc_c89=
ac_cv_prog_cc_c99=
ac_cv_prog_cc_g=yes
ac_cv_prog_cc_stdc=
ac_cv_prog_make_make_set=yes
ac_cv_search_XFreeDeviceList=-lXi
ac_cv_search_XpmFree=-lXpm
ac_cv_search_jpeg_read_header=-ljpeg
ac_cv_search_opendir='none required'
ac_cv_search_png_read_info=-lpng
ac_cv_search_pow=-lm
ac_cv_type_pid_t=yes
ac_cv_type_size_t=yes
am_cv_CC_dependencies_compiler_type=none
am_cv_ar_interface=ar
am_cv_make_support_nested_variables=yes
am_cv_prog_cc_c_o=yes

## ----------------- ##
## Output variables. ##
## ----------------- ##

ACLOCAL='${SHELL} /src/xfig-3.2.7b/missing aclocal-1.16'
AMDEPBACKSLASH=''
AMDEP_FALSE=''
AMDEP_TRUE='#'
AMTAR='$${TAR-tar}'
AM_BACKSLASH='\'
AM_DEFAULT_V='$(AM_DEFAULT_VERBOSITY)'
AM_DEFAULT_VERBOSITY='1'
AM_V='$(V)'
APPDEFAULTDIR='/usr/share/X11/app-defaults'
APPLICATIONSDIR='/usr/share/applications'
AR='ar'
AUTOCONF='${SHELL} /src/xfig-3.2.7b/missing autoconf'
AUTOHEADER='${SHELL} /src/xfig-3.2.7b/missing autoheader'
AUTOM4TE='${SHELL} /src/xfig-3.2.7b/missing autom4te'
AUTOMAKE='${SHELL} /src/xfig-3.2.7b/missing automake-1.16'
AWK='gawk'
CC='gcc'
CCDEPMODE='depmode=none'
CFLAGS='-g -O2 -fdebug-prefix-map=/src/xfig-3.2.7b=. -fstack-protector-strong -Wformat -Werror=format-security'
COMPKEYDBDIR='/usr/share/xfig'
CPP='gcc -E'
CPPFLAGS='-Wdate-time -D_FORTIFY_SOURCE=2'
CYGPATH_W='echo'
DEFS='-DHAVE_CONFIG_H'
DEPDIR='.deps'
DOCDIR='/usr/share/doc/xfig'
ECHO_C=''
ECHO_N='-n'
ECHO_T=''
EGREP='/usr/bin/grep -E'
ENABLE_VERSIONING_FALSE=''
ENABLE_VERSIONING_TRUE='#'
EXEEXT=''
GREP='/usr/bin/grep'
HTMLDIR='/usr/share/doc/xfig'
I18N_FALSE='#'
I18N_TRUE=''
ICONDIR='/usr/share/pixmaps'
INSTALL_DATA='${INSTALL} -m 644'
INSTALL_PROGRAM='${INSTALL}'
INSTALL_SCRIPT='${INSTALL}'
INSTALL_STRIP_PROGRAM='$(install_sh) -c -s'
LDFLAGS='-Wl,-Bsymbolic-functions -Wl,-z,relro -Wl,-z,now'
LIBOBJS=''
LIBS='-lXi -lXpm -ljpeg -lpng -lm '
LN_S='ln -s'
LTLIBOBJS=''
MAKEINFO='${SHELL} /src/xfig-3.2.7b/missing makeinfo'
MKDIR_P='/usr/bin/mkdir -p'
OBJEXT='o'
PACKAGE='xfig'
PACKAGE_BUGREPORT='thomas.loimer@tuwien.ac.at'
PACKAGE_NAME='xfig'
PACKAGE_STRING='xfig 3.2.7b'
PACKAGE_TARNAME='xfig'
PACKAGE_URL='https://sourceforge.net/projects/mcj/'
PACKAGE_VERSION='3.2.7b'
PATH_SEPARATOR=':'
PKGDATADIR='/usr/share/xfig'
RANLIB='ranlib'
RELEASE_DATE='Oct 2019'
RELEASE_YEAR='2019'
SET_MAKE=''
SHELL='/bin/bash'
STRIP=''
USE_JPEG_FALSE='#'
USE_JPEG_TRUE=''
USE_SPLASH_FALSE='#'
USE_SPLASH_TRUE=''
USE_XPM_FALSE='#'
USE_XPM_TRUE=''
VERSION='3.2.7b'
XAW3D1_5E_FALSE='#'
XAW3D1_5E_TRUE=''
XCPPFLAGS='-DXAW_INTERNATIONALIZATION'
XFIG_LIBRARIES_FALSE='#'
XFIG_LIBRARIES_TRUE=''
XLDFLAGS=''
XLIBS='-lXaw3d -lXt -lX11'
XMKMF=''
XPM_MAN='
ac_ct_AR='ar'
ac_ct_CC='gcc'
am__EXEEXT_FALSE=''
am__EXEEXT_TRUE='#'
am__fastdepCC_FALSE=''
am__fastdepCC_TRUE='#'
am__include='include'
am__isrc=''
am__leading_dot='.'
am__nodep=''
am__quote=''
am__tar='$${TAR-tar} chof - "$$tardir"'
am__untar='$${TAR-tar} xf -'
appdefaultdir='${datarootdir}/X11/app-defaults'
applicationsdir='${datarootdir}/applications'
bindir='${exec_prefix}/bin'
build_alias='x86_64-linux-gnu'
compkeydbdir='${datadir}/xfig'
datadir='${datarootdir}'
datarootdir='${prefix}/share'
docdir='${datarootdir}/doc/${PACKAGE_TARNAME}'
dvidir='${docdir}'
exec_prefix='${prefix}'
host_alias=''
htmldir='${docdir}'
icondir='${datarootdir}/pixmaps'
includedir='${prefix}/include'
infodir='${prefix}/share/info'
install_sh='${SHELL} /src/xfig-3.2.7b/install-sh'
libdir='${prefix}/lib/x86_64-linux-gnu'
libexecdir='${exec_prefix}/libexec'
localedir='${datarootdir}/locale'
localstatedir='/var'
mandir='${prefix}/share/man'
mkdir_p='$(MKDIR_P)'
oldincludedir='/usr/include'
pdfdir='${docdir}'
prefix='/usr'
program_transform_name='s,x,x,'
psdir='${docdir}'
runstatedir='/run'
sbindir='${exec_prefix}/sbin'
sharedstatedir='${prefix}/com'
sysconfdir='/etc'
target_alias=''
xpm	X11 Pixmap'

## ----------- ##
## confdefs.h. ##
## ----------- ##

/* confdefs.h */
#define PACKAGE_NAME "xfig"
#define PACKAGE_TARNAME "xfig"
#define PACKAGE_VERSION "3.2.7b"
#define PACKAGE_STRING "xfig 3.2.7b"
#define PACKAGE_BUGREPORT "thomas.loimer@tuwien.ac.at"
#define PACKAGE_URL "https://sourceforge.net/projects/mcj/"
#define PROTOCOL_VERSION "3.2"
#define RELEASE_YEAR "2019"
#define PACKAGE "xfig"
#define VERSION "3.2.7b"
#define HAVE_DIRENT_H 1
#define STDC_HEADERS 1
#define HAVE_SYS_TYPES_H 1
#define HAVE_SYS_STAT_H 1
#define HAVE_STDLIB_H 1
#define HAVE_STRING_H 1
#define HAVE_MEMORY_H 1
#define HAVE_STRINGS_H 1
#define HAVE_INTTYPES_H 1
#define HAVE_STDINT_H 1
#define HAVE_UNISTD_H 1
#define HAVE_FEATURES_H 1
#define HAVE_SYS_TIME_H 1
#define HAVE_PNG_H 1
#define HAVE_DECL_S_IFDIR 1
#define HAVE_DECL_S_IWRITE 1
#define HAVE_FORK 1
#define HAVE_VFORK 1
#define HAVE_WORKING_VFORK 1
#define HAVE_WORKING_FORK 1
#define HAVE_STDLIB_H 1
#define HAVE_MALLOC 1
#define HAVE_STDLIB_H 1
#define HAVE_REALLOC 1
#define HAVE_GETCWD 1
#define HAVE_SETLOCALE 1
#define HAVE_STRERROR 1
#define HAVE_ISASCII 1
#define HAVE_STRSTR 1
#define HAVE_STRCHR 1
#define HAVE_STRRCHR 1
#define HAVE_STRCASECMP 1
#define HAVE_STRNCASECMP 1
#define HAVE_STRDUP 1
#define HAVE_STRNDUP 1
#define ARROWS4TO14 1
#define I18N 1
#define I18N_USE_PREEDIT 1
#define USE_JPEG 1
#define GSBIT 1
#define CACHE_SIZE_LIMIT 20000
#define USE_XPM 1
#define USE_SPLASH 1
#define XAW3D 1
#define XAW3D1_5E 1
#define USE_TAB 1
#define COMP_LED 3
#define PRINTCAP "/etc/printcap"

configure: exit 0
