### Generated by smake(r1045) --init 
###           at Tue Apr  9 09:53:15 2024 +0900

## Running make -j
## Started at Tue Apr  9 09:53:18 2024 +0900
cd '/root/oss-experiment/data/sane-frontends-1.0.14/lib' 
'gcc' '-c' '-DHAVE_CONFIG_H' '-I.' '-I.' '-I../include/sane' '-I../include' '-D_GNU_SOURCE' '-DPATH_SANE_DATA_DIR=/usr/local/share/sane' '-DV_MAJOR=1' '-DV_MINOR=0' '-DV_BUILD=14' '-DSANE_V_MAJOR=1' '-g' '-O2' '-Wall' 'alloca.c' 
cd '/root/oss-experiment/data/sane-frontends-1.0.14/lib' 
cd '/root/oss-experiment/data/sane-frontends-1.0.14/lib' 
'gcc' '-c' '-DHAVE_CONFIG_H' '-I.' '-I.' '-I../include/sane' '-I../include' '-D_GNU_SOURCE' '-DPATH_SANE_DATA_DIR=/usr/local/share/sane' '-DV_MAJOR=1' '-DV_MINOR=0' '-DV_BUILD=14' '-DSANE_V_MAJOR=1' '-g' '-O2' '-Wall' 'strndup.c' 
cd '/root/oss-experiment/data/sane-frontends-1.0.14/lib' 
cd '/root/oss-experiment/data/sane-frontends-1.0.14/lib' 
'gcc' '-c' '-DHAVE_CONFIG_H' '-I.' '-I.' '-I../include/sane' '-I../include' '-D_GNU_SOURCE' '-DPATH_SANE_DATA_DIR=/usr/local/share/sane' '-DV_MAJOR=1' '-DV_MINOR=0' '-DV_BUILD=14' '-DSANE_V_MAJOR=1' '-g' '-O2' '-Wall' 'snprintf.c' 
cd '/root/oss-experiment/data/sane-frontends-1.0.14/lib' 
'gcc' '-c' '-DHAVE_CONFIG_H' '-I.' '-I.' '-I../include/sane' '-I../include' '-D_GNU_SOURCE' '-DPATH_SANE_DATA_DIR=/usr/local/share/sane' '-DV_MAJOR=1' '-DV_MINOR=0' '-DV_BUILD=14' '-DSANE_V_MAJOR=1' '-g' '-O2' '-Wall' 'isfdtype.c' 
'gcc' '-c' '-DHAVE_CONFIG_H' '-I.' '-I.' '-I../include/sane' '-I../include' '-D_GNU_SOURCE' '-DPATH_SANE_DATA_DIR=/usr/local/share/sane' '-DV_MAJOR=1' '-DV_MINOR=0' '-DV_BUILD=14' '-DSANE_V_MAJOR=1' '-g' '-O2' '-Wall' 'getenv.c' 
'gcc' '-c' '-DHAVE_CONFIG_H' '-I.' '-I.' '-I../include/sane' '-I../include' '-D_GNU_SOURCE' '-DPATH_SANE_DATA_DIR=/usr/local/share/sane' '-DV_MAJOR=1' '-DV_MINOR=0' '-DV_BUILD=14' '-DSANE_V_MAJOR=1' '-g' '-O2' '-Wall' 'usleep.c' 
cd '/root/oss-experiment/data/sane-frontends-1.0.14/lib' 
'gcc' '-c' '-DHAVE_CONFIG_H' '-I.' '-I.' '-I../include/sane' '-I../include' '-D_GNU_SOURCE' '-DPATH_SANE_DATA_DIR=/usr/local/share/sane' '-DV_MAJOR=1' '-DV_MINOR=0' '-DV_BUILD=14' '-DSANE_V_MAJOR=1' '-g' '-O2' '-Wall' 'strsep.c' 
cd '/root/oss-experiment/data/sane-frontends-1.0.14/lib' 
'gcc' '-c' '-DHAVE_CONFIG_H' '-I.' '-I.' '-I../include/sane' '-I../include' '-D_GNU_SOURCE' '-DPATH_SANE_DATA_DIR=/usr/local/share/sane' '-DV_MAJOR=1' '-DV_MINOR=0' '-DV_BUILD=14' '-DSANE_V_MAJOR=1' '-g' '-O2' '-Wall' 'getopt.c' 
cd '/root/oss-experiment/data/sane-frontends-1.0.14/lib' 
cd '/root/oss-experiment/data/sane-frontends-1.0.14/lib' 
'gcc' '-c' '-DHAVE_CONFIG_H' '-I.' '-I.' '-I../include/sane' '-I../include' '-D_GNU_SOURCE' '-DPATH_SANE_DATA_DIR=/usr/local/share/sane' '-DV_MAJOR=1' '-DV_MINOR=0' '-DV_BUILD=14' '-DSANE_V_MAJOR=1' '-g' '-O2' '-Wall' 'getopt1.c' 
'gcc' '-c' '-DHAVE_CONFIG_H' '-I.' '-I.' '-I../include/sane' '-I../include' '-D_GNU_SOURCE' '-DPATH_SANE_DATA_DIR=/usr/local/share/sane' '-DV_MAJOR=1' '-DV_MINOR=0' '-DV_BUILD=14' '-DSANE_V_MAJOR=1' '-g' '-O2' '-Wall' 'vsyslog.c' 
cd '/root/oss-experiment/data/sane-frontends-1.0.14/lib' 
'gcc' '-c' '-DHAVE_CONFIG_H' '-I.' '-I.' '-I../include/sane' '-I../include' '-D_GNU_SOURCE' '-DPATH_SANE_DATA_DIR=/usr/local/share/sane' '-DV_MAJOR=1' '-DV_MINOR=0' '-DV_BUILD=14' '-DSANE_V_MAJOR=1' '-g' '-O2' '-Wall' 'strdup.c' 
# cc: /root/oss-experiment/data/sane-frontends-1.0.14/sparrow/lib/strndup.o.i: preprocessed strndup.c
# cc: /root/oss-experiment/data/sane-frontends-1.0.14/sparrow/lib/alloca.o.i: preprocessed alloca.c
# cc: /root/oss-experiment/data/sane-frontends-1.0.14/sparrow/lib/snprintf.o.i: preprocessed snprintf.c
# cc: /root/oss-experiment/data/sane-frontends-1.0.14/sparrow/lib/usleep.o.i: preprocessed usleep.c
# cc: /root/oss-experiment/data/sane-frontends-1.0.14/sparrow/lib/isfdtype.o.i: preprocessed isfdtype.c
# cc: /root/oss-experiment/data/sane-frontends-1.0.14/sparrow/lib/getenv.o.i: preprocessed getenv.c
# cc: /root/oss-experiment/data/sane-frontends-1.0.14/sparrow/lib/strsep.o.i: preprocessed strsep.c
# cc: /root/oss-experiment/data/sane-frontends-1.0.14/sparrow/lib/getopt1.o.i: preprocessed getopt1.c
# cc: /root/oss-experiment/data/sane-frontends-1.0.14/sparrow/lib/getopt.o.i: preprocessed getopt.c
# cc: /root/oss-experiment/data/sane-frontends-1.0.14/sparrow/lib/vsyslog.o.i: preprocessed vsyslog.c
# cc: /root/oss-experiment/data/sane-frontends-1.0.14/sparrow/lib/strdup.o.i: preprocessed strdup.c
cd '/root/oss-experiment/data/sane-frontends-1.0.14/lib' 
'ar' 'r' 'liblib.a' 'alloca.o' 'getopt.o' 'getopt1.o' 'strndup.o' 'strdup.o' 'strsep.o' 'snprintf.o' 'usleep.o' 'isfdtype.o' 'vsyslog.o' 'getenv.o' 
# ar: liblib.a: adding alloca.o
# ar: liblib.a: adding getopt.o
# ar: liblib.a: adding getopt1.o
# ar: liblib.a: adding strndup.o
# ar: liblib.a: adding strdup.o
# ar: liblib.a: adding strsep.o
# ar: liblib.a: adding snprintf.o
# ar: liblib.a: adding usleep.o
# ar: liblib.a: adding isfdtype.o
# ar: liblib.a: adding vsyslog.o
# ar: liblib.a: adding getenv.o
cd '/root/oss-experiment/data/sane-frontends-1.0.14/sanei' 
'gcc' '-c' '-DHAVE_CONFIG_H' '-I.' '-I.' '-I../include' '-I../include' '-D_GNU_SOURCE' '-DPATH_SANE_DATA_DIR=/usr/local/share/sane' '-DV_MAJOR=1' '-DV_MINOR=0' '-DV_BUILD=14' '-DSANE_V_MAJOR=1' '-g' '-O2' '-Wall' 'sanei_codec_bin.c' 
cd '/root/oss-experiment/data/sane-frontends-1.0.14/sanei' 
'gcc' '-c' '-DHAVE_CONFIG_H' '-I.' '-I.' '-I../include' '-I../include' '-D_GNU_SOURCE' '-DPATH_SANE_DATA_DIR=/usr/local/share/sane' '-DV_MAJOR=1' '-DV_MINOR=0' '-DV_BUILD=14' '-DSANE_V_MAJOR=1' '-g' '-O2' '-Wall' 'sanei_save_values.c' 
cd '/root/oss-experiment/data/sane-frontends-1.0.14/sanei' 
'gcc' '-c' '-DHAVE_CONFIG_H' '-I.' '-I.' '-I../include' '-I../include' '-D_GNU_SOURCE' '-DPATH_SANE_DATA_DIR=/usr/local/share/sane' '-DV_MAJOR=1' '-DV_MINOR=0' '-DV_BUILD=14' '-DSANE_V_MAJOR=1' '-g' '-O2' '-Wall' 'sanei_load_values.c' 
cd '/root/oss-experiment/data/sane-frontends-1.0.14/sanei' 
'gcc' '-c' '-DHAVE_CONFIG_H' '-I.' '-I.' '-I../include' '-I../include' '-D_GNU_SOURCE' '-DPATH_SANE_DATA_DIR=/usr/local/share/sane' '-DV_MAJOR=1' '-DV_MINOR=0' '-DV_BUILD=14' '-DSANE_V_MAJOR=1' '-g' '-O2' '-Wall' 'sanei_init_debug.c' 
# cc: /root/oss-experiment/data/sane-frontends-1.0.14/sparrow/sanei/sanei_codec_bin.o.i: preprocessed sanei_codec_bin.c
# cc: /root/oss-experiment/data/sane-frontends-1.0.14/sparrow/sanei/sanei_save_values.o.i: preprocessed sanei_save_values.c
cd '/root/oss-experiment/data/sane-frontends-1.0.14/sanei' 
'gcc' '-c' '-DHAVE_CONFIG_H' '-I.' '-I.' '-I../include' '-I../include' '-D_GNU_SOURCE' '-DPATH_SANE_DATA_DIR=/usr/local/share/sane' '-DV_MAJOR=1' '-DV_MINOR=0' '-DV_BUILD=14' '-DSANE_V_MAJOR=1' '-g' '-O2' '-Wall' 'sanei_codec_ascii.c' 
# cc: /root/oss-experiment/data/sane-frontends-1.0.14/sparrow/sanei/sanei_load_values.o.i: preprocessed sanei_load_values.c
# cc: /root/oss-experiment/data/sane-frontends-1.0.14/sparrow/sanei/sanei_init_debug.o.i: preprocessed sanei_init_debug.c
# cc: /root/oss-experiment/data/sane-frontends-1.0.14/sparrow/sanei/sanei_codec_ascii.o.i: preprocessed sanei_codec_ascii.c
cd '/root/oss-experiment/data/sane-frontends-1.0.14/sanei' 
'gcc' '-c' '-DHAVE_CONFIG_H' '-I.' '-I.' '-I../include' '-I../include' '-D_GNU_SOURCE' '-DPATH_SANE_DATA_DIR=/usr/local/share/sane' '-DV_MAJOR=1' '-DV_MINOR=0' '-DV_BUILD=14' '-DSANE_V_MAJOR=1' '-g' '-O2' '-Wall' 'sanei_wire.c' 
# cc: /root/oss-experiment/data/sane-frontends-1.0.14/sparrow/sanei/sanei_wire.o.i: preprocessed sanei_wire.c
cd '/root/oss-experiment/data/sane-frontends-1.0.14/sanei' 
'ar' 'r' 'libsanei.a' 'sanei_init_debug.o' 'sanei_wire.o' 'sanei_codec_ascii.o' 'sanei_codec_bin.o' 'sanei_save_values.o' 'sanei_load_values.o' 
# ar: libsanei.a: adding sanei_init_debug.o
# ar: libsanei.a: adding sanei_wire.o
# ar: libsanei.a: adding sanei_codec_ascii.o
# ar: libsanei.a: adding sanei_codec_bin.o
# ar: libsanei.a: adding sanei_save_values.o
# ar: libsanei.a: adding sanei_load_values.o
cd '/root/oss-experiment/data/sane-frontends-1.0.14/src' 
'gcc' '-c' '-DHAVE_CONFIG_H' '-I.' '-I.' '-I../include' '-I../include' '-I/usr/local/include' '-pthread' '-I/usr/include/gtk-2.0' '-I/usr/lib/x86_64-linux-gnu/gtk-2.0/include' '-I/usr/include/pango-1.0' '-I/usr/include/atk-1.0' '-I/usr/include/gdk-pixbuf-2.0' '-I/usr/include/x86_64-linux-gnu' '-I/usr/include/pango-1.0' '-I/usr/include/harfbuzz' '-I/usr/include/pango-1.0' '-I/usr/include/libmount' '-I/usr/include/blkid' '-I/usr/include/fribidi' '-I/usr/include/cairo' '-I/usr/include/pixman-1' '-I/usr/include/harfbuzz' '-I/usr/include/glib-2.0' '-I/usr/lib/x86_64-linux-gnu/glib-2.0/include' '-I/usr/include/uuid' '-I/usr/include/freetype2' '-I/usr/include/libpng16' '-pthread' '-I/usr/include/gimp-2.0' '-I/usr/include/gegl-0.4' '-I/usr/include/gio-unix-2.0' '-I/usr/include/json-glib-1.0' '-I/usr/include/babl-0.1' '-I/usr/include/gtk-2.0' '-I/usr/lib/x86_64-linux-gnu/gtk-2.0/include' '-I/usr/include/pango-1.0' '-I/usr/include/atk-1.0' '-I/usr/include/gdk-pixbuf-2.0' '-I/usr/include/x86_64-linux-gnu' '-I/usr/include/pango-1.0' '-I/usr/include/harfbuzz' '-I/usr/include/pango-1.0' '-I/usr/include/libmount' '-I/usr/include/blkid' '-I/usr/include/fribidi' '-I/usr/include/cairo' '-I/usr/include/pixman-1' '-I/usr/include/harfbuzz' '-I/usr/include/glib-2.0' '-I/usr/lib/x86_64-linux-gnu/glib-2.0/include' '-I/usr/include/uuid' '-I/usr/include/freetype2' '-I/usr/include/libpng16' '-D_GNU_SOURCE' '-DPATH_SANE_DATA_DIR=/usr/local/share/sane' '-DV_MAJOR=1' '-DV_MINOR=0' '-DV_BUILD=14' '-DSANE_V_MAJOR=1' '-g' '-O2' '-Wall' '-pthread' '-I/usr/include/gtk-2.0' '-I/usr/lib/x86_64-linux-gnu/gtk-2.0/include' '-I/usr/include/pango-1.0' '-I/usr/include/atk-1.0' '-I/usr/include/gdk-pixbuf-2.0' '-I/usr/include/x86_64-linux-gnu' '-I/usr/include/pango-1.0' '-I/usr/include/harfbuzz' '-I/usr/include/pango-1.0' '-I/usr/include/libmount' '-I/usr/include/blkid' '-I/usr/include/fribidi' '-I/usr/include/cairo' '-I/usr/include/pixman-1' '-I/usr/include/harfbuzz' '-I/usr/include/glib-2.0' '-I/usr/lib/x86_64-linux-gnu/glib-2.0/include' '-I/usr/include/uuid' '-I/usr/include/freetype2' '-I/usr/include/libpng16' 'preferences.c' 
# cc: /root/oss-experiment/data/sane-frontends-1.0.14/sparrow/src/preferences.o.i: preprocessed preferences.c
cd '/root/oss-experiment/data/sane-frontends-1.0.14/src' 
'gcc' '-c' '-DHAVE_CONFIG_H' '-I.' '-I.' '-I../include' '-I../include' '-I/usr/local/include' '-pthread' '-I/usr/include/gtk-2.0' '-I/usr/lib/x86_64-linux-gnu/gtk-2.0/include' '-I/usr/include/pango-1.0' '-I/usr/include/atk-1.0' '-I/usr/include/gdk-pixbuf-2.0' '-I/usr/include/x86_64-linux-gnu' '-I/usr/include/pango-1.0' '-I/usr/include/harfbuzz' '-I/usr/include/pango-1.0' '-I/usr/include/libmount' '-I/usr/include/blkid' '-I/usr/include/fribidi' '-I/usr/include/cairo' '-I/usr/include/pixman-1' '-I/usr/include/harfbuzz' '-I/usr/include/glib-2.0' '-I/usr/lib/x86_64-linux-gnu/glib-2.0/include' '-I/usr/include/uuid' '-I/usr/include/freetype2' '-I/usr/include/libpng16' '-pthread' '-I/usr/include/gimp-2.0' '-I/usr/include/gegl-0.4' '-I/usr/include/gio-unix-2.0' '-I/usr/include/json-glib-1.0' '-I/usr/include/babl-0.1' '-I/usr/include/gtk-2.0' '-I/usr/lib/x86_64-linux-gnu/gtk-2.0/include' '-I/usr/include/pango-1.0' '-I/usr/include/atk-1.0' '-I/usr/include/gdk-pixbuf-2.0' '-I/usr/include/x86_64-linux-gnu' '-I/usr/include/pango-1.0' '-I/usr/include/harfbuzz' '-I/usr/include/pango-1.0' '-I/usr/include/libmount' '-I/usr/include/blkid' '-I/usr/include/fribidi' '-I/usr/include/cairo' '-I/usr/include/pixman-1' '-I/usr/include/harfbuzz' '-I/usr/include/glib-2.0' '-I/usr/lib/x86_64-linux-gnu/glib-2.0/include' '-I/usr/include/uuid' '-I/usr/include/freetype2' '-I/usr/include/libpng16' '-D_GNU_SOURCE' '-DPATH_SANE_DATA_DIR=/usr/local/share/sane' '-DV_MAJOR=1' '-DV_MINOR=0' '-DV_BUILD=14' '-DSANE_V_MAJOR=1' '-g' '-O2' '-Wall' '-pthread' '-I/usr/include/gtk-2.0' '-I/usr/lib/x86_64-linux-gnu/gtk-2.0/include' '-I/usr/include/pango-1.0' '-I/usr/include/atk-1.0' '-I/usr/include/gdk-pixbuf-2.0' '-I/usr/include/x86_64-linux-gnu' '-I/usr/include/pango-1.0' '-I/usr/include/harfbuzz' '-I/usr/include/pango-1.0' '-I/usr/include/libmount' '-I/usr/include/blkid' '-I/usr/include/fribidi' '-I/usr/include/cairo' '-I/usr/include/pixman-1' '-I/usr/include/harfbuzz' '-I/usr/include/glib-2.0' '-I/usr/lib/x86_64-linux-gnu/glib-2.0/include' '-I/usr/include/uuid' '-I/usr/include/freetype2' '-I/usr/include/libpng16' 'progress.c' 
# cc: /root/oss-experiment/data/sane-frontends-1.0.14/sparrow/src/progress.o.i: preprocessed progress.c
cd '/root/oss-experiment/data/sane-frontends-1.0.14/src' 
'gcc' '-c' '-DHAVE_CONFIG_H' '-I.' '-I.' '-I../include' '-I../include' '-I/usr/local/include' '-pthread' '-I/usr/include/gtk-2.0' '-I/usr/lib/x86_64-linux-gnu/gtk-2.0/include' '-I/usr/include/pango-1.0' '-I/usr/include/atk-1.0' '-I/usr/include/gdk-pixbuf-2.0' '-I/usr/include/x86_64-linux-gnu' '-I/usr/include/pango-1.0' '-I/usr/include/harfbuzz' '-I/usr/include/pango-1.0' '-I/usr/include/libmount' '-I/usr/include/blkid' '-I/usr/include/fribidi' '-I/usr/include/cairo' '-I/usr/include/pixman-1' '-I/usr/include/harfbuzz' '-I/usr/include/glib-2.0' '-I/usr/lib/x86_64-linux-gnu/glib-2.0/include' '-I/usr/include/uuid' '-I/usr/include/freetype2' '-I/usr/include/libpng16' '-pthread' '-I/usr/include/gimp-2.0' '-I/usr/include/gegl-0.4' '-I/usr/include/gio-unix-2.0' '-I/usr/include/json-glib-1.0' '-I/usr/include/babl-0.1' '-I/usr/include/gtk-2.0' '-I/usr/lib/x86_64-linux-gnu/gtk-2.0/include' '-I/usr/include/pango-1.0' '-I/usr/include/atk-1.0' '-I/usr/include/gdk-pixbuf-2.0' '-I/usr/include/x86_64-linux-gnu' '-I/usr/include/pango-1.0' '-I/usr/include/harfbuzz' '-I/usr/include/pango-1.0' '-I/usr/include/libmount' '-I/usr/include/blkid' '-I/usr/include/fribidi' '-I/usr/include/cairo' '-I/usr/include/pixman-1' '-I/usr/include/harfbuzz' '-I/usr/include/glib-2.0' '-I/usr/lib/x86_64-linux-gnu/glib-2.0/include' '-I/usr/include/uuid' '-I/usr/include/freetype2' '-I/usr/include/libpng16' '-D_GNU_SOURCE' '-DPATH_SANE_DATA_DIR=/usr/local/share/sane' '-DV_MAJOR=1' '-DV_MINOR=0' '-DV_BUILD=14' '-DSANE_V_MAJOR=1' '-g' '-O2' '-Wall' '-pthread' '-I/usr/include/gtk-2.0' '-I/usr/lib/x86_64-linux-gnu/gtk-2.0/include' '-I/usr/include/pango-1.0' '-I/usr/include/atk-1.0' '-I/usr/include/gdk-pixbuf-2.0' '-I/usr/include/x86_64-linux-gnu' '-I/usr/include/pango-1.0' '-I/usr/include/harfbuzz' '-I/usr/include/pango-1.0' '-I/usr/include/libmount' '-I/usr/include/blkid' '-I/usr/include/fribidi' '-I/usr/include/cairo' '-I/usr/include/pixman-1' '-I/usr/include/harfbuzz' '-I/usr/include/glib-2.0' '-I/usr/lib/x86_64-linux-gnu/glib-2.0/include' '-I/usr/include/uuid' '-I/usr/include/freetype2' '-I/usr/include/libpng16' 'scanadf.c' 
# cc: /root/oss-experiment/data/sane-frontends-1.0.14/sparrow/src/scanadf.o.i: preprocessed scanadf.c
cd '/root/oss-experiment/data/sane-frontends-1.0.14/src' 
'gcc' '-o' 'scanadf' 'scanadf.o' '../lib/liblib.a' '-lm' '-lsane' 
# cc: scanadf: linking 'none:scanadf.o' 'none:../lib/liblib.a' 'none:-lm' 'none:-lsane' 
# XXX: scanadf: -lm: library not found
# XXX: scanadf: -lsane: library not found
cd '/root/oss-experiment/data/sane-frontends-1.0.14/src' 
'gcc' '-c' '-DHAVE_CONFIG_H' '-I.' '-I.' '-I../include' '-I../include' '-I/usr/local/include' '-pthread' '-I/usr/include/gtk-2.0' '-I/usr/lib/x86_64-linux-gnu/gtk-2.0/include' '-I/usr/include/pango-1.0' '-I/usr/include/atk-1.0' '-I/usr/include/gdk-pixbuf-2.0' '-I/usr/include/x86_64-linux-gnu' '-I/usr/include/pango-1.0' '-I/usr/include/harfbuzz' '-I/usr/include/pango-1.0' '-I/usr/include/libmount' '-I/usr/include/blkid' '-I/usr/include/fribidi' '-I/usr/include/cairo' '-I/usr/include/pixman-1' '-I/usr/include/harfbuzz' '-I/usr/include/glib-2.0' '-I/usr/lib/x86_64-linux-gnu/glib-2.0/include' '-I/usr/include/uuid' '-I/usr/include/freetype2' '-I/usr/include/libpng16' '-pthread' '-I/usr/include/gimp-2.0' '-I/usr/include/gegl-0.4' '-I/usr/include/gio-unix-2.0' '-I/usr/include/json-glib-1.0' '-I/usr/include/babl-0.1' '-I/usr/include/gtk-2.0' '-I/usr/lib/x86_64-linux-gnu/gtk-2.0/include' '-I/usr/include/pango-1.0' '-I/usr/include/atk-1.0' '-I/usr/include/gdk-pixbuf-2.0' '-I/usr/include/x86_64-linux-gnu' '-I/usr/include/pango-1.0' '-I/usr/include/harfbuzz' '-I/usr/include/pango-1.0' '-I/usr/include/libmount' '-I/usr/include/blkid' '-I/usr/include/fribidi' '-I/usr/include/cairo' '-I/usr/include/pixman-1' '-I/usr/include/harfbuzz' '-I/usr/include/glib-2.0' '-I/usr/lib/x86_64-linux-gnu/glib-2.0/include' '-I/usr/include/uuid' '-I/usr/include/freetype2' '-I/usr/include/libpng16' '-D_GNU_SOURCE' '-DPATH_SANE_DATA_DIR=/usr/local/share/sane' '-DV_MAJOR=1' '-DV_MINOR=0' '-DV_BUILD=14' '-DSANE_V_MAJOR=1' '-g' '-O2' '-Wall' '-pthread' '-I/usr/include/gtk-2.0' '-I/usr/lib/x86_64-linux-gnu/gtk-2.0/include' '-I/usr/include/pango-1.0' '-I/usr/include/atk-1.0' '-I/usr/include/gdk-pixbuf-2.0' '-I/usr/include/x86_64-linux-gnu' '-I/usr/include/pango-1.0' '-I/usr/include/harfbuzz' '-I/usr/include/pango-1.0' '-I/usr/include/libmount' '-I/usr/include/blkid' '-I/usr/include/fribidi' '-I/usr/include/cairo' '-I/usr/include/pixman-1' '-I/usr/include/harfbuzz' '-I/usr/include/glib-2.0' '-I/usr/lib/x86_64-linux-gnu/glib-2.0/include' '-I/usr/include/uuid' '-I/usr/include/freetype2' '-I/usr/include/libpng16' 'preview.c' 
cd '/root/oss-experiment/data/sane-frontends-1.0.14/src' 
'gcc' '-c' '-DHAVE_CONFIG_H' '-I.' '-I.' '-I../include' '-I../include' '-I/usr/local/include' '-pthread' '-I/usr/include/gtk-2.0' '-I/usr/lib/x86_64-linux-gnu/gtk-2.0/include' '-I/usr/include/pango-1.0' '-I/usr/include/atk-1.0' '-I/usr/include/gdk-pixbuf-2.0' '-I/usr/include/x86_64-linux-gnu' '-I/usr/include/pango-1.0' '-I/usr/include/harfbuzz' '-I/usr/include/pango-1.0' '-I/usr/include/libmount' '-I/usr/include/blkid' '-I/usr/include/fribidi' '-I/usr/include/cairo' '-I/usr/include/pixman-1' '-I/usr/include/harfbuzz' '-I/usr/include/glib-2.0' '-I/usr/lib/x86_64-linux-gnu/glib-2.0/include' '-I/usr/include/uuid' '-I/usr/include/freetype2' '-I/usr/include/libpng16' '-pthread' '-I/usr/include/gimp-2.0' '-I/usr/include/gegl-0.4' '-I/usr/include/gio-unix-2.0' '-I/usr/include/json-glib-1.0' '-I/usr/include/babl-0.1' '-I/usr/include/gtk-2.0' '-I/usr/lib/x86_64-linux-gnu/gtk-2.0/include' '-I/usr/include/pango-1.0' '-I/usr/include/atk-1.0' '-I/usr/include/gdk-pixbuf-2.0' '-I/usr/include/x86_64-linux-gnu' '-I/usr/include/pango-1.0' '-I/usr/include/harfbuzz' '-I/usr/include/pango-1.0' '-I/usr/include/libmount' '-I/usr/include/blkid' '-I/usr/include/fribidi' '-I/usr/include/cairo' '-I/usr/include/pixman-1' '-I/usr/include/harfbuzz' '-I/usr/include/glib-2.0' '-I/usr/lib/x86_64-linux-gnu/glib-2.0/include' '-I/usr/include/uuid' '-I/usr/include/freetype2' '-I/usr/include/libpng16' '-D_GNU_SOURCE' '-DPATH_SANE_DATA_DIR=/usr/local/share/sane' '-DV_MAJOR=1' '-DV_MINOR=0' '-DV_BUILD=14' '-DSANE_V_MAJOR=1' '-g' '-O2' '-Wall' '-pthread' '-I/usr/include/gtk-2.0' '-I/usr/lib/x86_64-linux-gnu/gtk-2.0/include' '-I/usr/include/pango-1.0' '-I/usr/include/atk-1.0' '-I/usr/include/gdk-pixbuf-2.0' '-I/usr/include/x86_64-linux-gnu' '-I/usr/include/pango-1.0' '-I/usr/include/harfbuzz' '-I/usr/include/pango-1.0' '-I/usr/include/libmount' '-I/usr/include/blkid' '-I/usr/include/fribidi' '-I/usr/include/cairo' '-I/usr/include/pixman-1' '-I/usr/include/harfbuzz' '-I/usr/include/glib-2.0' '-I/usr/lib/x86_64-linux-gnu/glib-2.0/include' '-I/usr/include/uuid' '-I/usr/include/freetype2' '-I/usr/include/libpng16' 'xcam.c' 
cd '/root/oss-experiment/data/sane-frontends-1.0.14/src' 
'gcc' '-c' '-DHAVE_CONFIG_H' '-I.' '-I.' '-I../include' '-I../include' '-I/usr/local/include' '-pthread' '-I/usr/include/gtk-2.0' '-I/usr/lib/x86_64-linux-gnu/gtk-2.0/include' '-I/usr/include/pango-1.0' '-I/usr/include/atk-1.0' '-I/usr/include/gdk-pixbuf-2.0' '-I/usr/include/x86_64-linux-gnu' '-I/usr/include/pango-1.0' '-I/usr/include/harfbuzz' '-I/usr/include/pango-1.0' '-I/usr/include/libmount' '-I/usr/include/blkid' '-I/usr/include/fribidi' '-I/usr/include/cairo' '-I/usr/include/pixman-1' '-I/usr/include/harfbuzz' '-I/usr/include/glib-2.0' '-I/usr/lib/x86_64-linux-gnu/glib-2.0/include' '-I/usr/include/uuid' '-I/usr/include/freetype2' '-I/usr/include/libpng16' '-pthread' '-I/usr/include/gimp-2.0' '-I/usr/include/gegl-0.4' '-I/usr/include/gio-unix-2.0' '-I/usr/include/json-glib-1.0' '-I/usr/include/babl-0.1' '-I/usr/include/gtk-2.0' '-I/usr/lib/x86_64-linux-gnu/gtk-2.0/include' '-I/usr/include/pango-1.0' '-I/usr/include/atk-1.0' '-I/usr/include/gdk-pixbuf-2.0' '-I/usr/include/x86_64-linux-gnu' '-I/usr/include/pango-1.0' '-I/usr/include/harfbuzz' '-I/usr/include/pango-1.0' '-I/usr/include/libmount' '-I/usr/include/blkid' '-I/usr/include/fribidi' '-I/usr/include/cairo' '-I/usr/include/pixman-1' '-I/usr/include/harfbuzz' '-I/usr/include/glib-2.0' '-I/usr/lib/x86_64-linux-gnu/glib-2.0/include' '-I/usr/include/uuid' '-I/usr/include/freetype2' '-I/usr/include/libpng16' '-D_GNU_SOURCE' '-DPATH_SANE_DATA_DIR=/usr/local/share/sane' '-DV_MAJOR=1' '-DV_MINOR=0' '-DV_BUILD=14' '-DSANE_V_MAJOR=1' '-g' '-O2' '-Wall' '-pthread' '-I/usr/include/gtk-2.0' '-I/usr/lib/x86_64-linux-gnu/gtk-2.0/include' '-I/usr/include/pango-1.0' '-I/usr/include/atk-1.0' '-I/usr/include/gdk-pixbuf-2.0' '-I/usr/include/x86_64-linux-gnu' '-I/usr/include/pango-1.0' '-I/usr/include/harfbuzz' '-I/usr/include/pango-1.0' '-I/usr/include/libmount' '-I/usr/include/blkid' '-I/usr/include/fribidi' '-I/usr/include/cairo' '-I/usr/include/pixman-1' '-I/usr/include/harfbuzz' '-I/usr/include/glib-2.0' '-I/usr/lib/x86_64-linux-gnu/glib-2.0/include' '-I/usr/include/uuid' '-I/usr/include/freetype2' '-I/usr/include/libpng16' 'gtkglue.c' 
cd '/root/oss-experiment/data/sane-frontends-1.0.14/src' 
'gcc' '-c' '-DHAVE_CONFIG_H' '-I.' '-I.' '-I../include' '-I../include' '-I/usr/local/include' '-pthread' '-I/usr/include/gtk-2.0' '-I/usr/lib/x86_64-linux-gnu/gtk-2.0/include' '-I/usr/include/pango-1.0' '-I/usr/include/atk-1.0' '-I/usr/include/gdk-pixbuf-2.0' '-I/usr/include/x86_64-linux-gnu' '-I/usr/include/pango-1.0' '-I/usr/include/harfbuzz' '-I/usr/include/pango-1.0' '-I/usr/include/libmount' '-I/usr/include/blkid' '-I/usr/include/fribidi' '-I/usr/include/cairo' '-I/usr/include/pixman-1' '-I/usr/include/harfbuzz' '-I/usr/include/glib-2.0' '-I/usr/lib/x86_64-linux-gnu/glib-2.0/include' '-I/usr/include/uuid' '-I/usr/include/freetype2' '-I/usr/include/libpng16' '-pthread' '-I/usr/include/gimp-2.0' '-I/usr/include/gegl-0.4' '-I/usr/include/gio-unix-2.0' '-I/usr/include/json-glib-1.0' '-I/usr/include/babl-0.1' '-I/usr/include/gtk-2.0' '-I/usr/lib/x86_64-linux-gnu/gtk-2.0/include' '-I/usr/include/pango-1.0' '-I/usr/include/atk-1.0' '-I/usr/include/gdk-pixbuf-2.0' '-I/usr/include/x86_64-linux-gnu' '-I/usr/include/pango-1.0' '-I/usr/include/harfbuzz' '-I/usr/include/pango-1.0' '-I/usr/include/libmount' '-I/usr/include/blkid' '-I/usr/include/fribidi' '-I/usr/include/cairo' '-I/usr/include/pixman-1' '-I/usr/include/harfbuzz' '-I/usr/include/glib-2.0' '-I/usr/lib/x86_64-linux-gnu/glib-2.0/include' '-I/usr/include/uuid' '-I/usr/include/freetype2' '-I/usr/include/libpng16' '-D_GNU_SOURCE' '-DPATH_SANE_DATA_DIR=/usr/local/share/sane' '-DV_MAJOR=1' '-DV_MINOR=0' '-DV_BUILD=14' '-DSANE_V_MAJOR=1' '-g' '-O2' '-Wall' '-pthread' '-I/usr/include/gtk-2.0' '-I/usr/lib/x86_64-linux-gnu/gtk-2.0/include' '-I/usr/include/pango-1.0' '-I/usr/include/atk-1.0' '-I/usr/include/gdk-pixbuf-2.0' '-I/usr/include/x86_64-linux-gnu' '-I/usr/include/pango-1.0' '-I/usr/include/harfbuzz' '-I/usr/include/pango-1.0' '-I/usr/include/libmount' '-I/usr/include/blkid' '-I/usr/include/fribidi' '-I/usr/include/cairo' '-I/usr/include/pixman-1' '-I/usr/include/harfbuzz' '-I/usr/include/glib-2.0' '-I/usr/lib/x86_64-linux-gnu/glib-2.0/include' '-I/usr/include/uuid' '-I/usr/include/freetype2' '-I/usr/include/libpng16' 'xscanimage.c' 
# cc: /root/oss-experiment/data/sane-frontends-1.0.14/sparrow/src/preview.o.i: preprocessed preview.c
# cc: /root/oss-experiment/data/sane-frontends-1.0.14/sparrow/src/gtkglue.o.i: preprocessed gtkglue.c
# cc: /root/oss-experiment/data/sane-frontends-1.0.14/sparrow/src/xcam.o.i: preprocessed xcam.c
# cc: /root/oss-experiment/data/sane-frontends-1.0.14/sparrow/src/xscanimage.o.i: preprocessed xscanimage.c
cd '/root/oss-experiment/data/sane-frontends-1.0.14/src' 
'gcc' '-o' 'xcam' 'xcam.o' 'preferences.o' 'gtkglue.o' '../sanei/libsanei.a' '../lib/liblib.a' '-lgtk-x11-2.0' '-lgdk-x11-2.0' '-lpangocairo-1.0' '-latk-1.0' '-lcairo' '-lgdk_pixbuf-2.0' '-lgio-2.0' '-lpangoft2-1.0' '-lpango-1.0' '-lgobject-2.0' '-lglib-2.0' '-lharfbuzz' '-lfontconfig' '-lfreetype' '-lm' '-lsane' 
# cc: xcam: linking 'none:xcam.o' 'none:preferences.o' 'none:gtkglue.o' 'none:../sanei/libsanei.a' 'none:../lib/liblib.a' 'none:-lgtk-x11-2.0' 'none:-lgdk-x11-2.0' 'none:-lpangocairo-1.0' 'none:-latk-1.0' 'none:-lcairo' 'none:-lgdk_pixbuf-2.0' 'none:-lgio-2.0' 'none:-lpangoft2-1.0' 'none:-lpango-1.0' 'none:-lgobject-2.0' 'none:-lglib-2.0' 'none:-lharfbuzz' 'none:-lfontconfig' 'none:-lfreetype' 'none:-lm' 'none:-lsane' 
cd '/root/oss-experiment/data/sane-frontends-1.0.14/src' 
'gcc' '-o' 'xscanimage' 'xscanimage.o' 'progress.o' 'preview.o' 'preferences.o' 'gtkglue.o' '../sanei/libsanei.a' '../lib/liblib.a' '-lgimpui-2.0' '-lgimpwidgets-2.0' '-lgimpmodule-2.0' '-lgimp-2.0' '-lgimpmath-2.0' '-lgimpconfig-2.0' '-lgimpcolor-2.0' '-lgimpbase-2.0' '-lgegl-0.4' '-lgegl-npd-0.4' '-lm' '-Wl,--export-dynamic' '-lgmodule-2.0' '-pthread' '-ljson-glib-1.0' '-lbabl-0.1' '-lgtk-x11-2.0' '-lgdk-x11-2.0' '-lpangocairo-1.0' '-latk-1.0' '-lcairo' '-lgdk_pixbuf-2.0' '-lgio-2.0' '-lpangoft2-1.0' '-lpango-1.0' '-lgobject-2.0' '-lglib-2.0' '-lharfbuzz' '-lfontconfig' '-lfreetype' '-lgtk-x11-2.0' '-lgdk-x11-2.0' '-lpangocairo-1.0' '-latk-1.0' '-lcairo' '-lgdk_pixbuf-2.0' '-lgio-2.0' '-lpangoft2-1.0' '-lpango-1.0' '-lgobject-2.0' '-lglib-2.0' '-lharfbuzz' '-lfontconfig' '-lfreetype' '-lm' '-lsane' 
# XXX: xcam: -lgtk-x11-2.0: library not found
# XXX: xcam: -lgdk-x11-2.0: library not found
# XXX: xcam: -lpangocairo-1.0: library not found
# XXX: xcam: -latk-1.0: library not found
# XXX: xcam: -lcairo: library not found
# XXX: xcam: -lgdk_pixbuf-2.0: library not found
# XXX: xcam: -lgio-2.0: library not found
# XXX: xcam: -lpangoft2-1.0: library not found
# XXX: xcam: -lpango-1.0: library not found
# XXX: xcam: -lgobject-2.0: library not found
# XXX: xcam: -lglib-2.0: library not found
# XXX: xcam: -lharfbuzz: library not found
# XXX: xcam: -lfontconfig: library not found
# XXX: xcam: -lfreetype: library not found
# XXX: xcam: -lm: library not found
# XXX: xcam: -lsane: library not found
# cc: xscanimage: linking 'none:xscanimage.o' 'none:progress.o' 'none:preview.o' 'none:preferences.o' 'none:gtkglue.o' 'none:../sanei/libsanei.a' 'none:../lib/liblib.a' 'none:-lgimpui-2.0' 'none:-lgimpwidgets-2.0' 'none:-lgimpmodule-2.0' 'none:-lgimp-2.0' 'none:-lgimpmath-2.0' 'none:-lgimpconfig-2.0' 'none:-lgimpcolor-2.0' 'none:-lgimpbase-2.0' 'none:-lgegl-0.4' 'none:-lgegl-npd-0.4' 'none:-lm' 'none:-lgmodule-2.0' 'none:-ljson-glib-1.0' 'none:-lbabl-0.1' 'none:-lgtk-x11-2.0' 'none:-lgdk-x11-2.0' 'none:-lpangocairo-1.0' 'none:-latk-1.0' 'none:-lcairo' 'none:-lgdk_pixbuf-2.0' 'none:-lgio-2.0' 'none:-lpangoft2-1.0' 'none:-lpango-1.0' 'none:-lgobject-2.0' 'none:-lglib-2.0' 'none:-lharfbuzz' 'none:-lfontconfig' 'none:-lfreetype' 'none:-lgtk-x11-2.0' 'none:-lgdk-x11-2.0' 'none:-lpangocairo-1.0' 'none:-latk-1.0' 'none:-lcairo' 'none:-lgdk_pixbuf-2.0' 'none:-lgio-2.0' 'none:-lpangoft2-1.0' 'none:-lpango-1.0' 'none:-lgobject-2.0' 'none:-lglib-2.0' 'none:-lharfbuzz' 'none:-lfontconfig' 'none:-lfreetype' 'none:-lm' 'none:-lsane' 
# XXX: xscanimage: -lgimpui-2.0: library not found
# XXX: xscanimage: -lgimpwidgets-2.0: library not found
# XXX: xscanimage: -lgimpmodule-2.0: library not found
# XXX: xscanimage: -lgimp-2.0: library not found
# XXX: xscanimage: -lgimpmath-2.0: library not found
# XXX: xscanimage: -lgimpconfig-2.0: library not found
# XXX: xscanimage: -lgimpcolor-2.0: library not found
# XXX: xscanimage: -lgimpbase-2.0: library not found
# XXX: xscanimage: -lgegl-0.4: library not found
# XXX: xscanimage: -lgegl-npd-0.4: library not found
# XXX: xscanimage: -lm: library not found
# XXX: xscanimage: -lgmodule-2.0: library not found
# XXX: xscanimage: -ljson-glib-1.0: library not found
# XXX: xscanimage: -lbabl-0.1: library not found
# XXX: xscanimage: -lgtk-x11-2.0: library not found
# XXX: xscanimage: -lgdk-x11-2.0: library not found
# XXX: xscanimage: -lpangocairo-1.0: library not found
# XXX: xscanimage: -latk-1.0: library not found
# XXX: xscanimage: -lcairo: library not found
# XXX: xscanimage: -lgdk_pixbuf-2.0: library not found
# XXX: xscanimage: -lgio-2.0: library not found
# XXX: xscanimage: -lpangoft2-1.0: library not found
# XXX: xscanimage: -lpango-1.0: library not found
# XXX: xscanimage: -lgobject-2.0: library not found
# XXX: xscanimage: -lglib-2.0: library not found
# XXX: xscanimage: -lharfbuzz: library not found
# XXX: xscanimage: -lfontconfig: library not found
# XXX: xscanimage: -lfreetype: library not found
# XXX: xscanimage: -lgtk-x11-2.0: library not found
# XXX: xscanimage: -lgdk-x11-2.0: library not found
# XXX: xscanimage: -lpangocairo-1.0: library not found
# XXX: xscanimage: -latk-1.0: library not found
# XXX: xscanimage: -lcairo: library not found
# XXX: xscanimage: -lgdk_pixbuf-2.0: library not found
# XXX: xscanimage: -lgio-2.0: library not found
# XXX: xscanimage: -lpangoft2-1.0: library not found
# XXX: xscanimage: -lpango-1.0: library not found
# XXX: xscanimage: -lgobject-2.0: library not found
# XXX: xscanimage: -lglib-2.0: library not found
# XXX: xscanimage: -lharfbuzz: library not found
# XXX: xscanimage: -lfontconfig: library not found
# XXX: xscanimage: -lfreetype: library not found
# XXX: xscanimage: -lm: library not found
# XXX: xscanimage: -lsane: library not found
## Finished at Tue Apr  9 09:53:19 2024 +0900
