cd '/root/oss-experiment/data/normalize-audio-0.7.7' 
'rm' '-f' 'conf367696' 'conf367696.exe' 'conf367696.file' 
cd '/root/oss-experiment/data/normalize-audio-0.7.7' 
'rm' '-f' 'conf367696.dir' 
cd '/root/oss-experiment/data/normalize-audio-0.7.7' 
'ln' '-s' 'conf367696.file' 'conf367696' 
cd '/root/oss-experiment/data/normalize-audio-0.7.7' 
'ln' '-s' 'conf367696.file' 'conf367696.dir' 
cd '/root/oss-experiment/data/normalize-audio-0.7.7' 
'rm' '-f' 'conf367696' 'conf367696.exe' 'conf367696.dir/conf367696.file' 'conf367696.file' 
cd '/root/oss-experiment/data/normalize-audio-0.7.7' 
'rm' '-f' './conf729B9k/stdin' 
cd '/root/oss-experiment/data/normalize-audio-0.7.7' 
'rm' '-f' 'Makefile' 
cd '/root/oss-experiment/data/normalize-audio-0.7.7' 
'mv' './conf729B9k/out' 'Makefile' 
cd '/root/oss-experiment/data/normalize-audio-0.7.7' 
'rm' '-fr' './conf729B9k' 
cd '/root/oss-experiment/data/normalize-audio-0.7.7' 
'rm' '-f' 'conf368284' 'conf368284.exe' 'conf368284.file' 
cd '/root/oss-experiment/data/normalize-audio-0.7.7' 
'rm' '-f' 'conf368284.dir' 
cd '/root/oss-experiment/data/normalize-audio-0.7.7' 
'ln' '-s' 'conf368284.file' 'conf368284' 
cd '/root/oss-experiment/data/normalize-audio-0.7.7' 
'ln' '-s' 'conf368284.file' 'conf368284.dir' 
cd '/root/oss-experiment/data/normalize-audio-0.7.7' 
'rm' '-f' 'conf368284' 'conf368284.exe' 'conf368284.dir/conf368284.file' 'conf368284.file' 
cd '/root/oss-experiment/data/normalize-audio-0.7.7' 
'rm' '-f' './confUaNxu1/stdin' 
cd '/root/oss-experiment/data/normalize-audio-0.7.7' 
'rm' '-f' 'doc/Makefile' 
cd '/root/oss-experiment/data/normalize-audio-0.7.7' 
'mv' './confUaNxu1/out' 'doc/Makefile' 
cd '/root/oss-experiment/data/normalize-audio-0.7.7' 
'rm' '-fr' './confUaNxu1' 
cd '/root/oss-experiment/data/normalize-audio-0.7.7' 
'rm' '-f' 'conf368875' 'conf368875.exe' 'conf368875.file' 
cd '/root/oss-experiment/data/normalize-audio-0.7.7' 
'rm' '-f' 'conf368875.dir' 
cd '/root/oss-experiment/data/normalize-audio-0.7.7' 
'ln' '-s' 'conf368875.file' 'conf368875' 
cd '/root/oss-experiment/data/normalize-audio-0.7.7' 
'ln' '-s' 'conf368875.file' 'conf368875.dir' 
cd '/root/oss-experiment/data/normalize-audio-0.7.7' 
'rm' '-f' 'conf368875' 'conf368875.exe' 'conf368875.dir/conf368875.file' 'conf368875.file' 
cd '/root/oss-experiment/data/normalize-audio-0.7.7' 
'rm' '-f' './confVgJ20R/stdin' 
cd '/root/oss-experiment/data/normalize-audio-0.7.7' 
'rm' '-f' 'doc/fr/Makefile' 
cd '/root/oss-experiment/data/normalize-audio-0.7.7' 
'mv' './confVgJ20R/out' 'doc/fr/Makefile' 
cd '/root/oss-experiment/data/normalize-audio-0.7.7' 
'rm' '-fr' './confVgJ20R' 
cd '/root/oss-experiment/data/normalize-audio-0.7.7' 
'rm' '-f' 'conf369462' 'conf369462.exe' 'conf369462.file' 
cd '/root/oss-experiment/data/normalize-audio-0.7.7' 
'rm' '-f' 'conf369462.dir' 
cd '/root/oss-experiment/data/normalize-audio-0.7.7' 
'ln' '-s' 'conf369462.file' 'conf369462' 
cd '/root/oss-experiment/data/normalize-audio-0.7.7' 
'ln' '-s' 'conf369462.file' 'conf369462.dir' 
cd '/root/oss-experiment/data/normalize-audio-0.7.7' 
'rm' '-f' 'conf369462' 'conf369462.exe' 'conf369462.dir/conf369462.file' 'conf369462.file' 
cd '/root/oss-experiment/data/normalize-audio-0.7.7' 
'rm' '-f' './confD6UQR1/stdin' 
cd '/root/oss-experiment/data/normalize-audio-0.7.7' 
'rm' '-f' 'nid3lib/Makefile' 
cd '/root/oss-experiment/data/normalize-audio-0.7.7' 
'mv' './confD6UQR1/out' 'nid3lib/Makefile' 
cd '/root/oss-experiment/data/normalize-audio-0.7.7' 
'rm' '-f' 'conftest-deps.mk' 
cd '/root/oss-experiment/data/normalize-audio-0.7.7' 
'rm' '-fr' './confD6UQR1' 
cd '/root/oss-experiment/data/normalize-audio-0.7.7/nid3lib' 
cd '/root/oss-experiment/data/normalize-audio-0.7.7/nid3lib' 
'gcc' '-DHAVE_CONFIG_H' '-I.' '-I..' '-g' '-O2' '-MT' 'frame_desc.o' '-MD' '-MP' '-MF' '.deps/frame_desc.Tpo' '-c' '-o' 'frame_desc.o' 'frame_desc.c' 
'gcc' '-DHAVE_CONFIG_H' '-I.' '-I..' '-g' '-O2' '-MT' 'genre.o' '-MD' '-MP' '-MF' '.deps/genre.Tpo' '-c' '-o' 'genre.o' 'genre.c' 
cd '/root/oss-experiment/data/normalize-audio-0.7.7/nid3lib' 
'gcc' '-DHAVE_CONFIG_H' '-I.' '-I..' '-g' '-O2' '-MT' 'text.o' '-MD' '-MP' '-MF' '.deps/text.Tpo' '-c' '-o' 'text.o' 'text.c' 
cd '/root/oss-experiment/data/normalize-audio-0.7.7/nid3lib' 
'gcc' '-DHAVE_CONFIG_H' '-I.' '-I..' '-g' '-O2' '-MT' 'image.o' '-MD' '-MP' '-MF' '.deps/image.Tpo' '-c' '-o' 'image.o' 'image.c' 
cd '/root/oss-experiment/data/normalize-audio-0.7.7/nid3lib' 
'gcc' '-DHAVE_CONFIG_H' '-I.' '-I..' '-g' '-O2' '-MT' 'rva.o' '-MD' '-MP' '-MF' '.deps/rva.Tpo' '-c' '-o' 'rva.o' 'rva.c' 
cd '/root/oss-experiment/data/normalize-audio-0.7.7/nid3lib' 
'mv' '-f' '.deps/genre.Tpo' '.deps/genre.Po' 
cd '/root/oss-experiment/data/normalize-audio-0.7.7/nid3lib' 
cd '/root/oss-experiment/data/normalize-audio-0.7.7/nid3lib' 
'mv' '-f' '.deps/frame_desc.Tpo' '.deps/frame_desc.Po' 
'gcc' '-DHAVE_CONFIG_H' '-I.' '-I..' '-g' '-O2' '-MT' 'comment.o' '-MD' '-MP' '-MF' '.deps/comment.Tpo' '-c' '-o' 'comment.o' 'comment.c' 
cd '/root/oss-experiment/data/normalize-audio-0.7.7/nid3lib' 
'mv' '-f' '.deps/text.Tpo' '.deps/text.Po' 
cd '/root/oss-experiment/data/normalize-audio-0.7.7/nid3lib' 
'gcc' '-DHAVE_CONFIG_H' '-I.' '-I..' '-g' '-O2' '-MT' 'simple.o' '-MD' '-MP' '-MF' '.deps/simple.Tpo' '-c' '-o' 'simple.o' 'simple.c' 
cd '/root/oss-experiment/data/normalize-audio-0.7.7/nid3lib' 
'mv' '-f' '.deps/image.Tpo' '.deps/image.Po' 
cd '/root/oss-experiment/data/normalize-audio-0.7.7/nid3lib' 
'mv' '-f' '.deps/rva.Tpo' '.deps/rva.Po' 
cd '/root/oss-experiment/data/normalize-audio-0.7.7/nid3lib' 
'mv' '-f' '.deps/comment.Tpo' '.deps/comment.Po' 
cd '/root/oss-experiment/data/normalize-audio-0.7.7/nid3lib' 
'mv' '-f' '.deps/simple.Tpo' '.deps/simple.Po' 
cd '/root/oss-experiment/data/normalize-audio-0.7.7/nid3lib' 
'gcc' '-DHAVE_CONFIG_H' '-I.' '-I..' '-g' '-O2' '-MT' 'versions.o' '-MD' '-MP' '-MF' '.deps/versions.Tpo' '-c' '-o' 'versions.o' 'versions.c' 
cd '/root/oss-experiment/data/normalize-audio-0.7.7/nid3lib' 
'mv' '-f' '.deps/versions.Tpo' '.deps/versions.Po' 
cd '/root/oss-experiment/data/normalize-audio-0.7.7/nid3lib' 
'gcc' '-DHAVE_CONFIG_H' '-I.' '-I..' '-g' '-O2' '-MT' 'write.o' '-MD' '-MP' '-MF' '.deps/write.Tpo' '-c' '-o' 'write.o' 'write.c' 
cd '/root/oss-experiment/data/normalize-audio-0.7.7/nid3lib' 
'mv' '-f' '.deps/write.Tpo' '.deps/write.Po' 
cd '/root/oss-experiment/data/normalize-audio-0.7.7/nid3lib' 
'gcc' '-DHAVE_CONFIG_H' '-I.' '-I..' '-g' '-O2' '-MT' 'nid3.o' '-MD' '-MP' '-MF' '.deps/nid3.Tpo' '-c' '-o' 'nid3.o' 'nid3.c' 
cd '/root/oss-experiment/data/normalize-audio-0.7.7/nid3lib' 
'mv' '-f' '.deps/nid3.Tpo' '.deps/nid3.Po' 
cd '/root/oss-experiment/data/normalize-audio-0.7.7/nid3lib' 
'rm' '-f' 'libnid3.a' 
cd '/root/oss-experiment/data/normalize-audio-0.7.7/nid3lib' 
'ar' 'cru' 'libnid3.a' 'comment.o' 'frame_desc.o' 'genre.o' 'image.o' 'nid3.o' 'rva.o' 'simple.o' 'text.o' 'versions.o' 'write.o' 
cd '/root/oss-experiment/data/normalize-audio-0.7.7' 
'rm' '-f' 'conf370934' 'conf370934.exe' 'conf370934.file' 
cd '/root/oss-experiment/data/normalize-audio-0.7.7' 
'rm' '-f' 'conf370934.dir' 
cd '/root/oss-experiment/data/normalize-audio-0.7.7' 
'ln' '-s' 'conf370934.file' 'conf370934' 
cd '/root/oss-experiment/data/normalize-audio-0.7.7' 
'ln' '-s' 'conf370934.file' 'conf370934.dir' 
cd '/root/oss-experiment/data/normalize-audio-0.7.7' 
'rm' '-f' 'conf370934' 'conf370934.exe' 'conf370934.dir/conf370934.file' 'conf370934.file' 
cd '/root/oss-experiment/data/normalize-audio-0.7.7' 
'rm' '-f' './conflu7HEn/stdin' 
cd '/root/oss-experiment/data/normalize-audio-0.7.7' 
'rm' '-f' 'src/Makefile' 
cd '/root/oss-experiment/data/normalize-audio-0.7.7' 
'mv' './conflu7HEn/out' 'src/Makefile' 
cd '/root/oss-experiment/data/normalize-audio-0.7.7' 
'rm' '-f' 'conftest-deps.mk' 
cd '/root/oss-experiment/data/normalize-audio-0.7.7' 
'rm' '-fr' './conflu7HEn' 
cd '/root/oss-experiment/data/normalize-audio-0.7.7/src' 
'gcc' '-DHAVE_CONFIG_H' '-I.' '-I..' '-I../nid3lib' '-I../intl' '-DLOCALEDIR="/usr/local/share/locale"' '-g' '-O2' '-MT' 'normalize-version.o' '-MD' '-MP' '-MF' '.deps/normalize-version.Tpo' '-c' '-o' 'normalize-version.o' 'version.c' 
cd '/root/oss-experiment/data/normalize-audio-0.7.7/src' 
cd '/root/oss-experiment/data/normalize-audio-0.7.7/src' 
'gcc' '-DHAVE_CONFIG_H' '-I.' '-I..' '-I../nid3lib' '-I../intl' '-DLOCALEDIR="/usr/local/share/locale"' '-g' '-O2' '-MT' 'normalize-getopt1.o' '-MD' '-MP' '-MF' '.deps/normalize-getopt1.Tpo' '-c' '-o' 'normalize-getopt1.o' 'getopt1.c' 
'gcc' '-DHAVE_CONFIG_H' '-I.' '-I..' '-I../nid3lib' '-I../intl' '-DLOCALEDIR="/usr/local/share/locale"' '-g' '-O2' '-MT' 'normalize-getopt.o' '-MD' '-MP' '-MF' '.deps/normalize-getopt.Tpo' '-c' '-o' 'normalize-getopt.o' 'getopt.c' 
cd '/root/oss-experiment/data/normalize-audio-0.7.7/src' 
'mv' '-f' '.deps/normalize-version.Tpo' '.deps/normalize-version.Po' 
cd '/root/oss-experiment/data/normalize-audio-0.7.7/src' 
'gcc' '-DHAVE_CONFIG_H' '-I.' '-I..' '-I../nid3lib' '-I../intl' '-DLOCALEDIR="/usr/local/share/locale"' '-g' '-O2' '-MT' 'normalize-mpegadjust.o' '-MD' '-MP' '-MF' '.deps/normalize-mpegadjust.Tpo' '-c' '-o' 'normalize-mpegadjust.o' 'mpegadjust.c' 
cd '/root/oss-experiment/data/normalize-audio-0.7.7/src' 
'mv' '-f' '.deps/normalize-getopt.Tpo' '.deps/normalize-getopt.Po' 
cd '/root/oss-experiment/data/normalize-audio-0.7.7/src' 
'mv' '-f' '.deps/normalize-getopt1.Tpo' '.deps/normalize-getopt1.Po' 
cd '/root/oss-experiment/data/normalize-audio-0.7.7/src' 
'gcc' '-DHAVE_CONFIG_H' '-I.' '-I..' '-I../nid3lib' '-I../intl' '-DLOCALEDIR="/usr/local/share/locale"' '-g' '-O2' '-MT' 'normalize-mpegvolume.o' '-MD' '-MP' '-MF' '.deps/normalize-mpegvolume.Tpo' '-c' '-o' 'normalize-mpegvolume.o' 'mpegvolume.c' 
cd '/root/oss-experiment/data/normalize-audio-0.7.7/src' 
cd '/root/oss-experiment/data/normalize-audio-0.7.7/src' 
'mv' '-f' '.deps/normalize-mpegadjust.Tpo' '.deps/normalize-mpegadjust.Po' 
'gcc' '-DHAVE_CONFIG_H' '-I.' '-I..' '-I../nid3lib' '-I../intl' '-DLOCALEDIR="/usr/local/share/locale"' '-g' '-O2' '-MT' 'normalize-volume.o' '-MD' '-MP' '-MF' '.deps/normalize-volume.Tpo' '-c' '-o' 'normalize-volume.o' 'volume.c' 
cd '/root/oss-experiment/data/normalize-audio-0.7.7/src' 
'mv' '-f' '.deps/normalize-mpegvolume.Tpo' '.deps/normalize-mpegvolume.Po' 
cd '/root/oss-experiment/data/normalize-audio-0.7.7/src' 
'mv' '-f' '.deps/normalize-volume.Tpo' '.deps/normalize-volume.Po' 
cd '/root/oss-experiment/data/normalize-audio-0.7.7/src' 
'gcc' '-DHAVE_CONFIG_H' '-I.' '-I..' '-I../nid3lib' '-I../intl' '-DLOCALEDIR="/usr/local/share/locale"' '-g' '-O2' '-MT' 'normalize-adjust.o' '-MD' '-MP' '-MF' '.deps/normalize-adjust.Tpo' '-c' '-o' 'normalize-adjust.o' 'adjust.c' 
cd '/root/oss-experiment/data/normalize-audio-0.7.7/src' 
'mv' '-f' '.deps/normalize-adjust.Tpo' '.deps/normalize-adjust.Po' 
cd '/root/oss-experiment/data/normalize-audio-0.7.7/src' 
'gcc' '-DHAVE_CONFIG_H' '-I.' '-I..' '-I../nid3lib' '-I../intl' '-DLOCALEDIR="/usr/local/share/locale"' '-g' '-O2' '-MT' 'normalize-normalize.o' '-MD' '-MP' '-MF' '.deps/normalize-normalize.Tpo' '-c' '-o' 'normalize-normalize.o' 'normalize.c' 
cd '/root/oss-experiment/data/normalize-audio-0.7.7/src' 
'mv' '-f' '.deps/normalize-normalize.Tpo' '.deps/normalize-normalize.Po' 
cd '/root/oss-experiment/data/normalize-audio-0.7.7/src' 
'rm' '-f' 'normalize' 
cd '/root/oss-experiment/data/normalize-audio-0.7.7/src' 
'gcc' '-g' '-O2' '-o' 'normalize' 'normalize-normalize.o' 'normalize-volume.o' 'normalize-adjust.o' 'normalize-mpegadjust.o' 'normalize-version.o' 'normalize-getopt.o' 'normalize-getopt1.o' 'normalize-mpegvolume.o' '-L../nid3lib' '-lnid3' '-lmad' '-laudiofile' '-lm' 
cd '/root/oss-experiment/data/normalize-audio-0.7.7' 
'rm' '-f' 'conf372387' 'conf372387.exe' 'conf372387.file' 
cd '/root/oss-experiment/data/normalize-audio-0.7.7' 
'rm' '-f' 'conf372387.dir' 
cd '/root/oss-experiment/data/normalize-audio-0.7.7' 
'ln' '-s' 'conf372387.file' 'conf372387' 
cd '/root/oss-experiment/data/normalize-audio-0.7.7' 
'ln' '-s' 'conf372387.file' 'conf372387.dir' 
cd '/root/oss-experiment/data/normalize-audio-0.7.7' 
'rm' '-f' 'conf372387' 'conf372387.exe' 'conf372387.dir/conf372387.file' 'conf372387.file' 
cd '/root/oss-experiment/data/normalize-audio-0.7.7' 
'rm' '-f' './confwnC6Hy/stdin' 
cd '/root/oss-experiment/data/normalize-audio-0.7.7' 
'rm' '-f' 'config/Makefile' 
cd '/root/oss-experiment/data/normalize-audio-0.7.7' 
'mv' './confwnC6Hy/out' 'config/Makefile' 
cd '/root/oss-experiment/data/normalize-audio-0.7.7' 
'rm' '-fr' './confwnC6Hy' 
cd '/root/oss-experiment/data/normalize-audio-0.7.7' 
'rm' '-f' 'conf372987' 'conf372987.exe' 'conf372987.file' 
cd '/root/oss-experiment/data/normalize-audio-0.7.7' 
'rm' '-f' 'conf372987.dir' 
cd '/root/oss-experiment/data/normalize-audio-0.7.7' 
'ln' '-s' 'conf372987.file' 'conf372987' 
cd '/root/oss-experiment/data/normalize-audio-0.7.7' 
'ln' '-s' 'conf372987.file' 'conf372987.dir' 
cd '/root/oss-experiment/data/normalize-audio-0.7.7' 
'rm' '-f' 'conf372987' 'conf372987.exe' 'conf372987.dir/conf372987.file' 'conf372987.file' 
cd '/root/oss-experiment/data/normalize-audio-0.7.7' 
'rm' '-f' './confFHjcaC/stdin' 
cd '/root/oss-experiment/data/normalize-audio-0.7.7' 
'rm' '-f' 'test/Makefile' 
cd '/root/oss-experiment/data/normalize-audio-0.7.7' 
'mv' './confFHjcaC/out' 'test/Makefile' 
cd '/root/oss-experiment/data/normalize-audio-0.7.7' 
'rm' '-fr' './confFHjcaC' 
