### Generated by smake(r1045) --init 
###           at Tue Apr  9 14:05:38 2024 +0900

## Running make -j
## Started at Tue Apr  9 14:05:40 2024 +0900
## Aborted with exit code 2 at Tue Apr  9 14:05:40 2024 +0900

## Running make -j
## Started at Tue Apr  9 15:36:42 2024 +0900
cd '/root/oss-experiment/data/normalize-audio-0.7.7' 
'rm' '-f' 'conf367696' 'conf367696.exe' 'conf367696.file' 
cd '/root/oss-experiment/data/normalize-audio-0.7.7' 
'rm' '-f' 'conf367696.dir' 
cd '/root/oss-experiment/data/normalize-audio-0.7.7' 
'ln' '-s' 'conf367696.file' 'conf367696' 
cd '/root/oss-experiment/data/normalize-audio-0.7.7' 
'ln' '-s' 'conf367696.file' 'conf367696.dir' 
cd '/root/oss-experiment/data/normalize-audio-0.7.7' 
'rm' '-f' 'conf367696' 'conf367696.exe' 'conf367696.dir/conf367696.file' 'conf367696.file' 
cd '/root/oss-experiment/data/normalize-audio-0.7.7' 
'rm' '-f' './conf729B9k/stdin' 
cd '/root/oss-experiment/data/normalize-audio-0.7.7' 
'rm' '-f' 'Makefile' 
cd '/root/oss-experiment/data/normalize-audio-0.7.7' 
'mv' './conf729B9k/out' 'Makefile' 
cd '/root/oss-experiment/data/normalize-audio-0.7.7' 
'rm' '-fr' './conf729B9k' 
cd '/root/oss-experiment/data/normalize-audio-0.7.7' 
'rm' '-f' 'conf368284' 'conf368284.exe' 'conf368284.file' 
cd '/root/oss-experiment/data/normalize-audio-0.7.7' 
'rm' '-f' 'conf368284.dir' 
cd '/root/oss-experiment/data/normalize-audio-0.7.7' 
'ln' '-s' 'conf368284.file' 'conf368284' 
cd '/root/oss-experiment/data/normalize-audio-0.7.7' 
'ln' '-s' 'conf368284.file' 'conf368284.dir' 
cd '/root/oss-experiment/data/normalize-audio-0.7.7' 
'rm' '-f' 'conf368284' 'conf368284.exe' 'conf368284.dir/conf368284.file' 'conf368284.file' 
cd '/root/oss-experiment/data/normalize-audio-0.7.7' 
'rm' '-f' './confUaNxu1/stdin' 
cd '/root/oss-experiment/data/normalize-audio-0.7.7' 
'rm' '-f' 'doc/Makefile' 
cd '/root/oss-experiment/data/normalize-audio-0.7.7' 
'mv' './confUaNxu1/out' 'doc/Makefile' 
cd '/root/oss-experiment/data/normalize-audio-0.7.7' 
'rm' '-fr' './confUaNxu1' 
cd '/root/oss-experiment/data/normalize-audio-0.7.7' 
'rm' '-f' 'conf368875' 'conf368875.exe' 'conf368875.file' 
cd '/root/oss-experiment/data/normalize-audio-0.7.7' 
'rm' '-f' 'conf368875.dir' 
cd '/root/oss-experiment/data/normalize-audio-0.7.7' 
'ln' '-s' 'conf368875.file' 'conf368875' 
cd '/root/oss-experiment/data/normalize-audio-0.7.7' 
'ln' '-s' 'conf368875.file' 'conf368875.dir' 
cd '/root/oss-experiment/data/normalize-audio-0.7.7' 
'rm' '-f' 'conf368875' 'conf368875.exe' 'conf368875.dir/conf368875.file' 'conf368875.file' 
cd '/root/oss-experiment/data/normalize-audio-0.7.7' 
'rm' '-f' './confVgJ20R/stdin' 
cd '/root/oss-experiment/data/normalize-audio-0.7.7' 
'rm' '-f' 'doc/fr/Makefile' 
cd '/root/oss-experiment/data/normalize-audio-0.7.7' 
'mv' './confVgJ20R/out' 'doc/fr/Makefile' 
cd '/root/oss-experiment/data/normalize-audio-0.7.7' 
'rm' '-fr' './confVgJ20R' 
cd '/root/oss-experiment/data/normalize-audio-0.7.7' 
'rm' '-f' 'conf369462' 'conf369462.exe' 'conf369462.file' 
cd '/root/oss-experiment/data/normalize-audio-0.7.7' 
'rm' '-f' 'conf369462.dir' 
cd '/root/oss-experiment/data/normalize-audio-0.7.7' 
'ln' '-s' 'conf369462.file' 'conf369462' 
cd '/root/oss-experiment/data/normalize-audio-0.7.7' 
'ln' '-s' 'conf369462.file' 'conf369462.dir' 
cd '/root/oss-experiment/data/normalize-audio-0.7.7' 
'rm' '-f' 'conf369462' 'conf369462.exe' 'conf369462.dir/conf369462.file' 'conf369462.file' 
cd '/root/oss-experiment/data/normalize-audio-0.7.7' 
'rm' '-f' './confD6UQR1/stdin' 
cd '/root/oss-experiment/data/normalize-audio-0.7.7' 
'rm' '-f' 'nid3lib/Makefile' 
cd '/root/oss-experiment/data/normalize-audio-0.7.7' 
'mv' './confD6UQR1/out' 'nid3lib/Makefile' 
cd '/root/oss-experiment/data/normalize-audio-0.7.7' 
'rm' '-f' 'conftest-deps.mk' 
cd '/root/oss-experiment/data/normalize-audio-0.7.7' 
'rm' '-fr' './confD6UQR1' 
cd '/root/oss-experiment/data/normalize-audio-0.7.7/nid3lib' 
cd '/root/oss-experiment/data/normalize-audio-0.7.7/nid3lib' 
'gcc' '-DHAVE_CONFIG_H' '-I.' '-I..' '-g' '-O2' '-MT' 'frame_desc.o' '-MD' '-MP' '-MF' '.deps/frame_desc.Tpo' '-c' '-o' 'frame_desc.o' 'frame_desc.c' 
'gcc' '-DHAVE_CONFIG_H' '-I.' '-I..' '-g' '-O2' '-MT' 'genre.o' '-MD' '-MP' '-MF' '.deps/genre.Tpo' '-c' '-o' 'genre.o' 'genre.c' 
cd '/root/oss-experiment/data/normalize-audio-0.7.7/nid3lib' 
'gcc' '-DHAVE_CONFIG_H' '-I.' '-I..' '-g' '-O2' '-MT' 'text.o' '-MD' '-MP' '-MF' '.deps/text.Tpo' '-c' '-o' 'text.o' 'text.c' 
cd '/root/oss-experiment/data/normalize-audio-0.7.7/nid3lib' 
'gcc' '-DHAVE_CONFIG_H' '-I.' '-I..' '-g' '-O2' '-MT' 'image.o' '-MD' '-MP' '-MF' '.deps/image.Tpo' '-c' '-o' 'image.o' 'image.c' 
# cc: /root/oss-experiment/data/normalize-audio-0.7.7/sparrow/nid3lib/genre.o.i: preprocessed genre.c
cd '/root/oss-experiment/data/normalize-audio-0.7.7/nid3lib' 
'gcc' '-DHAVE_CONFIG_H' '-I.' '-I..' '-g' '-O2' '-MT' 'rva.o' '-MD' '-MP' '-MF' '.deps/rva.Tpo' '-c' '-o' 'rva.o' 'rva.c' 
# cc: /root/oss-experiment/data/normalize-audio-0.7.7/sparrow/nid3lib/frame_desc.o.i: preprocessed frame_desc.c
cd '/root/oss-experiment/data/normalize-audio-0.7.7/nid3lib' 
'mv' '-f' '.deps/genre.Tpo' '.deps/genre.Po' 
cd '/root/oss-experiment/data/normalize-audio-0.7.7/nid3lib' 
cd '/root/oss-experiment/data/normalize-audio-0.7.7/nid3lib' 
# cc: /root/oss-experiment/data/normalize-audio-0.7.7/sparrow/nid3lib/text.o.i: preprocessed text.c
'mv' '-f' '.deps/frame_desc.Tpo' '.deps/frame_desc.Po' 
'gcc' '-DHAVE_CONFIG_H' '-I.' '-I..' '-g' '-O2' '-MT' 'comment.o' '-MD' '-MP' '-MF' '.deps/comment.Tpo' '-c' '-o' 'comment.o' 'comment.c' 
cd '/root/oss-experiment/data/normalize-audio-0.7.7/nid3lib' 
'mv' '-f' '.deps/text.Tpo' '.deps/text.Po' 
# cc: /root/oss-experiment/data/normalize-audio-0.7.7/sparrow/nid3lib/image.o.i: preprocessed image.c
cd '/root/oss-experiment/data/normalize-audio-0.7.7/nid3lib' 
'gcc' '-DHAVE_CONFIG_H' '-I.' '-I..' '-g' '-O2' '-MT' 'simple.o' '-MD' '-MP' '-MF' '.deps/simple.Tpo' '-c' '-o' 'simple.o' 'simple.c' 
cd '/root/oss-experiment/data/normalize-audio-0.7.7/nid3lib' 
'mv' '-f' '.deps/image.Tpo' '.deps/image.Po' 
# cc: /root/oss-experiment/data/normalize-audio-0.7.7/sparrow/nid3lib/rva.o.i: preprocessed rva.c
cd '/root/oss-experiment/data/normalize-audio-0.7.7/nid3lib' 
'mv' '-f' '.deps/rva.Tpo' '.deps/rva.Po' 
# cc: /root/oss-experiment/data/normalize-audio-0.7.7/sparrow/nid3lib/comment.o.i: preprocessed comment.c
cd '/root/oss-experiment/data/normalize-audio-0.7.7/nid3lib' 
'mv' '-f' '.deps/comment.Tpo' '.deps/comment.Po' 
# cc: /root/oss-experiment/data/normalize-audio-0.7.7/sparrow/nid3lib/simple.o.i: preprocessed simple.c
cd '/root/oss-experiment/data/normalize-audio-0.7.7/nid3lib' 
'mv' '-f' '.deps/simple.Tpo' '.deps/simple.Po' 
cd '/root/oss-experiment/data/normalize-audio-0.7.7/nid3lib' 
'gcc' '-DHAVE_CONFIG_H' '-I.' '-I..' '-g' '-O2' '-MT' 'versions.o' '-MD' '-MP' '-MF' '.deps/versions.Tpo' '-c' '-o' 'versions.o' 'versions.c' 
# cc: /root/oss-experiment/data/normalize-audio-0.7.7/sparrow/nid3lib/versions.o.i: preprocessed versions.c
cd '/root/oss-experiment/data/normalize-audio-0.7.7/nid3lib' 
'mv' '-f' '.deps/versions.Tpo' '.deps/versions.Po' 
cd '/root/oss-experiment/data/normalize-audio-0.7.7/nid3lib' 
'gcc' '-DHAVE_CONFIG_H' '-I.' '-I..' '-g' '-O2' '-MT' 'write.o' '-MD' '-MP' '-MF' '.deps/write.Tpo' '-c' '-o' 'write.o' 'write.c' 
# cc: /root/oss-experiment/data/normalize-audio-0.7.7/sparrow/nid3lib/write.o.i: preprocessed write.c
cd '/root/oss-experiment/data/normalize-audio-0.7.7/nid3lib' 
'mv' '-f' '.deps/write.Tpo' '.deps/write.Po' 
cd '/root/oss-experiment/data/normalize-audio-0.7.7/nid3lib' 
'gcc' '-DHAVE_CONFIG_H' '-I.' '-I..' '-g' '-O2' '-MT' 'nid3.o' '-MD' '-MP' '-MF' '.deps/nid3.Tpo' '-c' '-o' 'nid3.o' 'nid3.c' 
# cc: /root/oss-experiment/data/normalize-audio-0.7.7/sparrow/nid3lib/nid3.o.i: preprocessed nid3.c
cd '/root/oss-experiment/data/normalize-audio-0.7.7/nid3lib' 
'mv' '-f' '.deps/nid3.Tpo' '.deps/nid3.Po' 
cd '/root/oss-experiment/data/normalize-audio-0.7.7/nid3lib' 
'rm' '-f' 'libnid3.a' 
cd '/root/oss-experiment/data/normalize-audio-0.7.7/nid3lib' 
'ar' 'cru' 'libnid3.a' 'comment.o' 'frame_desc.o' 'genre.o' 'image.o' 'nid3.o' 'rva.o' 'simple.o' 'text.o' 'versions.o' 'write.o' 
# ar: libnid3.a: adding comment.o
# ar: libnid3.a: adding frame_desc.o
# ar: libnid3.a: adding genre.o
# ar: libnid3.a: adding image.o
# ar: libnid3.a: adding nid3.o
# ar: libnid3.a: adding rva.o
# ar: libnid3.a: adding simple.o
# ar: libnid3.a: adding text.o
# ar: libnid3.a: adding versions.o
# ar: libnid3.a: adding write.o
cd '/root/oss-experiment/data/normalize-audio-0.7.7' 
'rm' '-f' 'conf370934' 'conf370934.exe' 'conf370934.file' 
cd '/root/oss-experiment/data/normalize-audio-0.7.7' 
'rm' '-f' 'conf370934.dir' 
cd '/root/oss-experiment/data/normalize-audio-0.7.7' 
'ln' '-s' 'conf370934.file' 'conf370934' 
cd '/root/oss-experiment/data/normalize-audio-0.7.7' 
'ln' '-s' 'conf370934.file' 'conf370934.dir' 
cd '/root/oss-experiment/data/normalize-audio-0.7.7' 
'rm' '-f' 'conf370934' 'conf370934.exe' 'conf370934.dir/conf370934.file' 'conf370934.file' 
cd '/root/oss-experiment/data/normalize-audio-0.7.7' 
'rm' '-f' './conflu7HEn/stdin' 
cd '/root/oss-experiment/data/normalize-audio-0.7.7' 
'rm' '-f' 'src/Makefile' 
cd '/root/oss-experiment/data/normalize-audio-0.7.7' 
'mv' './conflu7HEn/out' 'src/Makefile' 
cd '/root/oss-experiment/data/normalize-audio-0.7.7' 
'rm' '-f' 'conftest-deps.mk' 
cd '/root/oss-experiment/data/normalize-audio-0.7.7' 
'rm' '-fr' './conflu7HEn' 
cd '/root/oss-experiment/data/normalize-audio-0.7.7/src' 
'gcc' '-DHAVE_CONFIG_H' '-I.' '-I..' '-I../nid3lib' '-I../intl' '-DLOCALEDIR="/usr/local/share/locale"' '-g' '-O2' '-MT' 'normalize-version.o' '-MD' '-MP' '-MF' '.deps/normalize-version.Tpo' '-c' '-o' 'normalize-version.o' 'version.c' 
cd '/root/oss-experiment/data/normalize-audio-0.7.7/src' 
cd '/root/oss-experiment/data/normalize-audio-0.7.7/src' 
'gcc' '-DHAVE_CONFIG_H' '-I.' '-I..' '-I../nid3lib' '-I../intl' '-DLOCALEDIR="/usr/local/share/locale"' '-g' '-O2' '-MT' 'normalize-getopt1.o' '-MD' '-MP' '-MF' '.deps/normalize-getopt1.Tpo' '-c' '-o' 'normalize-getopt1.o' 'getopt1.c' 
'gcc' '-DHAVE_CONFIG_H' '-I.' '-I..' '-I../nid3lib' '-I../intl' '-DLOCALEDIR="/usr/local/share/locale"' '-g' '-O2' '-MT' 'normalize-getopt.o' '-MD' '-MP' '-MF' '.deps/normalize-getopt.Tpo' '-c' '-o' 'normalize-getopt.o' 'getopt.c' 
# cc: /root/oss-experiment/data/normalize-audio-0.7.7/sparrow/src/normalize-version.o.i: preprocessed version.c
# cc: /root/oss-experiment/data/normalize-audio-0.7.7/sparrow/src/normalize-getopt1.o.i: preprocessed getopt1.c
# cc: /root/oss-experiment/data/normalize-audio-0.7.7/sparrow/src/normalize-getopt.o.i: preprocessed getopt.c
cd '/root/oss-experiment/data/normalize-audio-0.7.7/src' 
'mv' '-f' '.deps/normalize-version.Tpo' '.deps/normalize-version.Po' 
cd '/root/oss-experiment/data/normalize-audio-0.7.7/src' 
'gcc' '-DHAVE_CONFIG_H' '-I.' '-I..' '-I../nid3lib' '-I../intl' '-DLOCALEDIR="/usr/local/share/locale"' '-g' '-O2' '-MT' 'normalize-mpegadjust.o' '-MD' '-MP' '-MF' '.deps/normalize-mpegadjust.Tpo' '-c' '-o' 'normalize-mpegadjust.o' 'mpegadjust.c' 
cd '/root/oss-experiment/data/normalize-audio-0.7.7/src' 
'mv' '-f' '.deps/normalize-getopt.Tpo' '.deps/normalize-getopt.Po' 
cd '/root/oss-experiment/data/normalize-audio-0.7.7/src' 
'mv' '-f' '.deps/normalize-getopt1.Tpo' '.deps/normalize-getopt1.Po' 
cd '/root/oss-experiment/data/normalize-audio-0.7.7/src' 
# cc: /root/oss-experiment/data/normalize-audio-0.7.7/sparrow/src/normalize-mpegadjust.o.i: preprocessed mpegadjust.c
'gcc' '-DHAVE_CONFIG_H' '-I.' '-I..' '-I../nid3lib' '-I../intl' '-DLOCALEDIR="/usr/local/share/locale"' '-g' '-O2' '-MT' 'normalize-mpegvolume.o' '-MD' '-MP' '-MF' '.deps/normalize-mpegvolume.Tpo' '-c' '-o' 'normalize-mpegvolume.o' 'mpegvolume.c' 
cd '/root/oss-experiment/data/normalize-audio-0.7.7/src' 
cd '/root/oss-experiment/data/normalize-audio-0.7.7/src' 
'mv' '-f' '.deps/normalize-mpegadjust.Tpo' '.deps/normalize-mpegadjust.Po' 
'gcc' '-DHAVE_CONFIG_H' '-I.' '-I..' '-I../nid3lib' '-I../intl' '-DLOCALEDIR="/usr/local/share/locale"' '-g' '-O2' '-MT' 'normalize-volume.o' '-MD' '-MP' '-MF' '.deps/normalize-volume.Tpo' '-c' '-o' 'normalize-volume.o' 'volume.c' 
# cc: /root/oss-experiment/data/normalize-audio-0.7.7/sparrow/src/normalize-mpegvolume.o.i: preprocessed mpegvolume.c
cd '/root/oss-experiment/data/normalize-audio-0.7.7/src' 
'mv' '-f' '.deps/normalize-mpegvolume.Tpo' '.deps/normalize-mpegvolume.Po' 
# cc: /root/oss-experiment/data/normalize-audio-0.7.7/sparrow/src/normalize-volume.o.i: preprocessed volume.c
cd '/root/oss-experiment/data/normalize-audio-0.7.7/src' 
'mv' '-f' '.deps/normalize-volume.Tpo' '.deps/normalize-volume.Po' 
cd '/root/oss-experiment/data/normalize-audio-0.7.7/src' 
'gcc' '-DHAVE_CONFIG_H' '-I.' '-I..' '-I../nid3lib' '-I../intl' '-DLOCALEDIR="/usr/local/share/locale"' '-g' '-O2' '-MT' 'normalize-adjust.o' '-MD' '-MP' '-MF' '.deps/normalize-adjust.Tpo' '-c' '-o' 'normalize-adjust.o' 'adjust.c' 
# cc: /root/oss-experiment/data/normalize-audio-0.7.7/sparrow/src/normalize-adjust.o.i: preprocessed adjust.c
cd '/root/oss-experiment/data/normalize-audio-0.7.7/src' 
'mv' '-f' '.deps/normalize-adjust.Tpo' '.deps/normalize-adjust.Po' 
cd '/root/oss-experiment/data/normalize-audio-0.7.7/src' 
'gcc' '-DHAVE_CONFIG_H' '-I.' '-I..' '-I../nid3lib' '-I../intl' '-DLOCALEDIR="/usr/local/share/locale"' '-g' '-O2' '-MT' 'normalize-normalize.o' '-MD' '-MP' '-MF' '.deps/normalize-normalize.Tpo' '-c' '-o' 'normalize-normalize.o' 'normalize.c' 
# cc: /root/oss-experiment/data/normalize-audio-0.7.7/sparrow/src/normalize-normalize.o.i: preprocessed normalize.c
cd '/root/oss-experiment/data/normalize-audio-0.7.7/src' 
'mv' '-f' '.deps/normalize-normalize.Tpo' '.deps/normalize-normalize.Po' 
cd '/root/oss-experiment/data/normalize-audio-0.7.7/src' 
'rm' '-f' 'normalize' 
cd '/root/oss-experiment/data/normalize-audio-0.7.7/src' 
'gcc' '-g' '-O2' '-o' 'normalize' 'normalize-normalize.o' 'normalize-volume.o' 'normalize-adjust.o' 'normalize-mpegadjust.o' 'normalize-version.o' 'normalize-getopt.o' 'normalize-getopt1.o' 'normalize-mpegvolume.o' '-L../nid3lib' '-lnid3' '-lmad' '-laudiofile' '-lm' 
# cc: normalize: linking 'none:normalize-normalize.o' 'none:normalize-volume.o' 'none:normalize-adjust.o' 'none:normalize-mpegadjust.o' 'none:normalize-version.o' 'none:normalize-getopt.o' 'none:normalize-getopt1.o' 'none:normalize-mpegvolume.o' 'none:-lnid3' 'none:-lmad' 'none:-laudiofile' 'none:-lm' 
# cc: -lnid3: found at ../nid3lib/libnid3.a
# XXX: normalize: -lmad: library not found
# XXX: normalize: -laudiofile: library not found
# XXX: normalize: -lm: library not found
cd '/root/oss-experiment/data/normalize-audio-0.7.7' 
'rm' '-f' 'conf372387' 'conf372387.exe' 'conf372387.file' 
cd '/root/oss-experiment/data/normalize-audio-0.7.7' 
'rm' '-f' 'conf372387.dir' 
cd '/root/oss-experiment/data/normalize-audio-0.7.7' 
'ln' '-s' 'conf372387.file' 'conf372387' 
cd '/root/oss-experiment/data/normalize-audio-0.7.7' 
'ln' '-s' 'conf372387.file' 'conf372387.dir' 
cd '/root/oss-experiment/data/normalize-audio-0.7.7' 
'rm' '-f' 'conf372387' 'conf372387.exe' 'conf372387.dir/conf372387.file' 'conf372387.file' 
cd '/root/oss-experiment/data/normalize-audio-0.7.7' 
'rm' '-f' './confwnC6Hy/stdin' 
cd '/root/oss-experiment/data/normalize-audio-0.7.7' 
'rm' '-f' 'config/Makefile' 
cd '/root/oss-experiment/data/normalize-audio-0.7.7' 
'mv' './confwnC6Hy/out' 'config/Makefile' 
cd '/root/oss-experiment/data/normalize-audio-0.7.7' 
'rm' '-fr' './confwnC6Hy' 
cd '/root/oss-experiment/data/normalize-audio-0.7.7' 
'rm' '-f' 'conf372987' 'conf372987.exe' 'conf372987.file' 
cd '/root/oss-experiment/data/normalize-audio-0.7.7' 
'rm' '-f' 'conf372987.dir' 
cd '/root/oss-experiment/data/normalize-audio-0.7.7' 
'ln' '-s' 'conf372987.file' 'conf372987' 
cd '/root/oss-experiment/data/normalize-audio-0.7.7' 
'ln' '-s' 'conf372987.file' 'conf372987.dir' 
cd '/root/oss-experiment/data/normalize-audio-0.7.7' 
'rm' '-f' 'conf372987' 'conf372987.exe' 'conf372987.dir/conf372987.file' 'conf372987.file' 
cd '/root/oss-experiment/data/normalize-audio-0.7.7' 
'rm' '-f' './confFHjcaC/stdin' 
cd '/root/oss-experiment/data/normalize-audio-0.7.7' 
'rm' '-f' 'test/Makefile' 
cd '/root/oss-experiment/data/normalize-audio-0.7.7' 
'mv' './confFHjcaC/out' 'test/Makefile' 
cd '/root/oss-experiment/data/normalize-audio-0.7.7' 
'rm' '-fr' './confFHjcaC' 
## Finished at Tue Apr  9 15:36:46 2024 +0900
