cd '/root/oss-experiment/data/dcraw-9.28' 
'gcc' '-DPACKAGE_NAME="dcraw"' '-DPACKAGE_TARNAME="dcraw"' '-DPACKAGE_VERSION="9.28"' '-DPACKAGE_STRING="dcraw 9.28"' '-DPACKAGE_BUGREPORT="hroch@physics.muni.cz"' '-DPACKAGE_URL=""' '-DPACKAGE="dcraw"' '-DVERSION="9.28"' '-DHAVE_LIBM=1' '-DHAVE_STDIO_H=1' '-DHAVE_STDLIB_H=1' '-DHAVE_STRING_H=1' '-DHAVE_INTTYPES_H=1' '-DHAVE_STDINT_H=1' '-DHAVE_STRINGS_H=1' '-DHAVE_SYS_STAT_H=1' '-DHAVE_SYS_TYPES_H=1' '-DHAVE_UNISTD_H=1' '-DSTDC_HEADERS=1' '-DHAVE_JPEGLIB_H=1' '-DHAVE_LIBJPEG=1' '-DHAVE_LCMS2_H=1' '-DHAVE_LIBLCMS2=1' '-I.' '-g' '-O2' '-MT' 'clean_crw.o' '-MD' '-MP' '-MF' '.deps/clean_crw.Tpo' '-c' '-o' 'clean_crw.o' 'clean_crw.c' 
cd '/root/oss-experiment/data/dcraw-9.28' 
'gcc' '-DPACKAGE_NAME="dcraw"' '-DPACKAGE_TARNAME="dcraw"' '-DPACKAGE_VERSION="9.28"' '-DPACKAGE_STRING="dcraw 9.28"' '-DPACKAGE_BUGREPORT="hroch@physics.muni.cz"' '-DPACKAGE_URL=""' '-DPACKAGE="dcraw"' '-DVERSION="9.28"' '-DHAVE_LIBM=1' '-DHAVE_STDIO_H=1' '-DHAVE_STDLIB_H=1' '-DHAVE_STRING_H=1' '-DHAVE_INTTYPES_H=1' '-DHAVE_STDINT_H=1' '-DHAVE_STRINGS_H=1' '-DHAVE_SYS_STAT_H=1' '-DHAVE_SYS_TYPES_H=1' '-DHAVE_UNISTD_H=1' '-DSTDC_HEADERS=1' '-DHAVE_JPEGLIB_H=1' '-DHAVE_LIBJPEG=1' '-DHAVE_LCMS2_H=1' '-DHAVE_LIBLCMS2=1' '-I.' '-g' '-O2' '-MT' 'fujiturn.o' '-MD' '-MP' '-MF' '.deps/fujiturn.Tpo' '-c' '-o' 'fujiturn.o' 'fujiturn.c' 
cd '/root/oss-experiment/data/dcraw-9.28' 
'gcc' '-DPACKAGE_NAME="dcraw"' '-DPACKAGE_TARNAME="dcraw"' '-DPACKAGE_VERSION="9.28"' '-DPACKAGE_STRING="dcraw 9.28"' '-DPACKAGE_BUGREPORT="hroch@physics.muni.cz"' '-DPACKAGE_URL=""' '-DPACKAGE="dcraw"' '-DVERSION="9.28"' '-DHAVE_LIBM=1' '-DHAVE_STDIO_H=1' '-DHAVE_STDLIB_H=1' '-DHAVE_STRING_H=1' '-DHAVE_INTTYPES_H=1' '-DHAVE_STDINT_H=1' '-DHAVE_STRINGS_H=1' '-DHAVE_SYS_STAT_H=1' '-DHAVE_SYS_TYPES_H=1' '-DHAVE_UNISTD_H=1' '-DSTDC_HEADERS=1' '-DHAVE_JPEGLIB_H=1' '-DHAVE_LIBJPEG=1' '-DHAVE_LCMS2_H=1' '-DHAVE_LIBLCMS2=1' '-I.' '-D_16BIT' '-g' '-O2' '-MT' 'dcfujiturn16-fujiturn.o' '-MD' '-MP' '-MF' '.deps/dcfujiturn16-fujiturn.Tpo' '-c' '-o' 'dcfujiturn16-fujiturn.o' 'fujiturn.c' 
cd '/root/oss-experiment/data/dcraw-9.28' 
'mv' '-f' '.deps/clean_crw.Tpo' '.deps/clean_crw.Po' 
cd '/root/oss-experiment/data/dcraw-9.28' 
cd '/root/oss-experiment/data/dcraw-9.28' 
'mv' '-f' '.deps/fujiturn.Tpo' '.deps/fujiturn.Po' 
'mv' '-f' '.deps/dcfujiturn16-fujiturn.Tpo' '.deps/dcfujiturn16-fujiturn.Po' 
cd '/root/oss-experiment/data/dcraw-9.28' 
'rm' '-f' 'dccleancrw' 
cd '/root/oss-experiment/data/dcraw-9.28' 
'rm' '-f' 'dcfujiturn16' 
cd '/root/oss-experiment/data/dcraw-9.28' 
'rm' '-f' 'dcfujiturn' 
cd '/root/oss-experiment/data/dcraw-9.28' 
'gcc' '-g' '-O2' '-o' 'dccleancrw' 'clean_crw.o' '-llcms2' '-ljpeg' '-lm' 
cd '/root/oss-experiment/data/dcraw-9.28' 
'gcc' '-DPACKAGE_NAME="dcraw"' '-DPACKAGE_TARNAME="dcraw"' '-DPACKAGE_VERSION="9.28"' '-DPACKAGE_STRING="dcraw 9.28"' '-DPACKAGE_BUGREPORT="hroch@physics.muni.cz"' '-DPACKAGE_URL=""' '-DPACKAGE="dcraw"' '-DVERSION="9.28"' '-DHAVE_LIBM=1' '-DHAVE_STDIO_H=1' '-DHAVE_STDLIB_H=1' '-DHAVE_STRING_H=1' '-DHAVE_INTTYPES_H=1' '-DHAVE_STDINT_H=1' '-DHAVE_STRINGS_H=1' '-DHAVE_SYS_STAT_H=1' '-DHAVE_SYS_TYPES_H=1' '-DHAVE_UNISTD_H=1' '-DSTDC_HEADERS=1' '-DHAVE_JPEGLIB_H=1' '-DHAVE_LIBJPEG=1' '-DHAVE_LCMS2_H=1' '-DHAVE_LIBLCMS2=1' '-I.' '-g' '-O2' '-MT' 'fuji_green.o' '-MD' '-MP' '-MF' '.deps/fuji_green.Tpo' '-c' '-o' 'fuji_green.o' 'fuji_green.c' 
cd '/root/oss-experiment/data/dcraw-9.28' 
'gcc' '-D_16BIT' '-g' '-O2' '-o' 'dcfujiturn16' 'dcfujiturn16-fujiturn.o' '-llcms2' '-ljpeg' '-lm' 
cd '/root/oss-experiment/data/dcraw-9.28' 
'gcc' '-g' '-O2' '-o' 'dcfujiturn' 'fujiturn.o' '-llcms2' '-ljpeg' '-lm' 
cd '/root/oss-experiment/data/dcraw-9.28' 
'mv' '-f' '.deps/fuji_green.Tpo' '.deps/fuji_green.Po' 
cd '/root/oss-experiment/data/dcraw-9.28' 
'rm' '-f' 'dcfujigreen' 
cd '/root/oss-experiment/data/dcraw-9.28' 
'gcc' '-g' '-O2' '-o' 'dcfujigreen' 'fuji_green.o' '-llcms2' '-ljpeg' '-lm' 
cd '/root/oss-experiment/data/dcraw-9.28' 
'gcc' '-DPACKAGE_NAME="dcraw"' '-DPACKAGE_TARNAME="dcraw"' '-DPACKAGE_VERSION="9.28"' '-DPACKAGE_STRING="dcraw 9.28"' '-DPACKAGE_BUGREPORT="hroch@physics.muni.cz"' '-DPACKAGE_URL=""' '-DPACKAGE="dcraw"' '-DVERSION="9.28"' '-DHAVE_LIBM=1' '-DHAVE_STDIO_H=1' '-DHAVE_STDLIB_H=1' '-DHAVE_STRING_H=1' '-DHAVE_INTTYPES_H=1' '-DHAVE_STDINT_H=1' '-DHAVE_STRINGS_H=1' '-DHAVE_SYS_STAT_H=1' '-DHAVE_SYS_TYPES_H=1' '-DHAVE_UNISTD_H=1' '-DSTDC_HEADERS=1' '-DHAVE_JPEGLIB_H=1' '-DHAVE_LIBJPEG=1' '-DHAVE_LCMS2_H=1' '-DHAVE_LIBLCMS2=1' '-I.' '-g' '-O2' '-MT' 'parse.o' '-MD' '-MP' '-MF' '.deps/parse.Tpo' '-c' '-o' 'parse.o' 'parse.c' 
cd '/root/oss-experiment/data/dcraw-9.28' 
'mv' '-f' '.deps/parse.Tpo' '.deps/parse.Po' 
cd '/root/oss-experiment/data/dcraw-9.28' 
'rm' '-f' 'dcparse' 
cd '/root/oss-experiment/data/dcraw-9.28' 
'gcc' '-g' '-O2' '-o' 'dcparse' 'parse.o' '-llcms2' '-ljpeg' '-lm' 
cd '/root/oss-experiment/data/dcraw-9.28' 
'gcc' '-DPACKAGE_NAME="dcraw"' '-DPACKAGE_TARNAME="dcraw"' '-DPACKAGE_VERSION="9.28"' '-DPACKAGE_STRING="dcraw 9.28"' '-DPACKAGE_BUGREPORT="hroch@physics.muni.cz"' '-DPACKAGE_URL=""' '-DPACKAGE="dcraw"' '-DVERSION="9.28"' '-DHAVE_LIBM=1' '-DHAVE_STDIO_H=1' '-DHAVE_STDLIB_H=1' '-DHAVE_STRING_H=1' '-DHAVE_INTTYPES_H=1' '-DHAVE_STDINT_H=1' '-DHAVE_STRINGS_H=1' '-DHAVE_SYS_STAT_H=1' '-DHAVE_SYS_TYPES_H=1' '-DHAVE_UNISTD_H=1' '-DSTDC_HEADERS=1' '-DHAVE_JPEGLIB_H=1' '-DHAVE_LIBJPEG=1' '-DHAVE_LCMS2_H=1' '-DHAVE_LIBLCMS2=1' '-I.' '-DNO_JASPER' '-g' '-O2' '-MT' 'dcraw-dcraw.o' '-MD' '-MP' '-MF' '.deps/dcraw-dcraw.Tpo' '-c' '-o' 'dcraw-dcraw.o' 'dcraw.c' 
cd '/root/oss-experiment/data/dcraw-9.28' 
'mv' '-f' '.deps/dcraw-dcraw.Tpo' '.deps/dcraw-dcraw.Po' 
cd '/root/oss-experiment/data/dcraw-9.28' 
'rm' '-f' 'dcraw' 
cd '/root/oss-experiment/data/dcraw-9.28' 
'gcc' '-DNO_JASPER' '-g' '-O2' '-ljpeg' '-llcms2' '-lm' '-o' 'dcraw' 'dcraw-dcraw.o' '-llcms2' '-ljpeg' '-lm' 
