### Generated by smake(r1045) --init 
###           at Tue Apr  9 12:49:05 2024 +0900

## Running make -j
## Started at Tue Apr  9 12:49:07 2024 +0900
cd '/root/oss-experiment/data/dcraw-9.28' 
'gcc' '-DPACKAGE_NAME="dcraw"' '-DPACKAGE_TARNAME="dcraw"' '-DPACKAGE_VERSION="9.28"' '-DPACKAGE_STRING="dcraw 9.28"' '-DPACKAGE_BUGREPORT="hroch@physics.muni.cz"' '-DPACKAGE_URL=""' '-DPACKAGE="dcraw"' '-DVERSION="9.28"' '-DHAVE_LIBM=1' '-DHAVE_STDIO_H=1' '-DHAVE_STDLIB_H=1' '-DHAVE_STRING_H=1' '-DHAVE_INTTYPES_H=1' '-DHAVE_STDINT_H=1' '-DHAVE_STRINGS_H=1' '-DHAVE_SYS_STAT_H=1' '-DHAVE_SYS_TYPES_H=1' '-DHAVE_UNISTD_H=1' '-DSTDC_HEADERS=1' '-DHAVE_JPEGLIB_H=1' '-DHAVE_LIBJPEG=1' '-DHAVE_LCMS2_H=1' '-DHAVE_LIBLCMS2=1' '-I.' '-g' '-O2' '-MT' 'clean_crw.o' '-MD' '-MP' '-MF' '.deps/clean_crw.Tpo' '-c' '-o' 'clean_crw.o' 'clean_crw.c' 
cd '/root/oss-experiment/data/dcraw-9.28' 
'gcc' '-DPACKAGE_NAME="dcraw"' '-DPACKAGE_TARNAME="dcraw"' '-DPACKAGE_VERSION="9.28"' '-DPACKAGE_STRING="dcraw 9.28"' '-DPACKAGE_BUGREPORT="hroch@physics.muni.cz"' '-DPACKAGE_URL=""' '-DPACKAGE="dcraw"' '-DVERSION="9.28"' '-DHAVE_LIBM=1' '-DHAVE_STDIO_H=1' '-DHAVE_STDLIB_H=1' '-DHAVE_STRING_H=1' '-DHAVE_INTTYPES_H=1' '-DHAVE_STDINT_H=1' '-DHAVE_STRINGS_H=1' '-DHAVE_SYS_STAT_H=1' '-DHAVE_SYS_TYPES_H=1' '-DHAVE_UNISTD_H=1' '-DSTDC_HEADERS=1' '-DHAVE_JPEGLIB_H=1' '-DHAVE_LIBJPEG=1' '-DHAVE_LCMS2_H=1' '-DHAVE_LIBLCMS2=1' '-I.' '-g' '-O2' '-MT' 'fujiturn.o' '-MD' '-MP' '-MF' '.deps/fujiturn.Tpo' '-c' '-o' 'fujiturn.o' 'fujiturn.c' 
cd '/root/oss-experiment/data/dcraw-9.28' 
'gcc' '-DPACKAGE_NAME="dcraw"' '-DPACKAGE_TARNAME="dcraw"' '-DPACKAGE_VERSION="9.28"' '-DPACKAGE_STRING="dcraw 9.28"' '-DPACKAGE_BUGREPORT="hroch@physics.muni.cz"' '-DPACKAGE_URL=""' '-DPACKAGE="dcraw"' '-DVERSION="9.28"' '-DHAVE_LIBM=1' '-DHAVE_STDIO_H=1' '-DHAVE_STDLIB_H=1' '-DHAVE_STRING_H=1' '-DHAVE_INTTYPES_H=1' '-DHAVE_STDINT_H=1' '-DHAVE_STRINGS_H=1' '-DHAVE_SYS_STAT_H=1' '-DHAVE_SYS_TYPES_H=1' '-DHAVE_UNISTD_H=1' '-DSTDC_HEADERS=1' '-DHAVE_JPEGLIB_H=1' '-DHAVE_LIBJPEG=1' '-DHAVE_LCMS2_H=1' '-DHAVE_LIBLCMS2=1' '-I.' '-D_16BIT' '-g' '-O2' '-MT' 'dcfujiturn16-fujiturn.o' '-MD' '-MP' '-MF' '.deps/dcfujiturn16-fujiturn.Tpo' '-c' '-o' 'dcfujiturn16-fujiturn.o' 'fujiturn.c' 
# cc: /root/oss-experiment/data/dcraw-9.28/sparrow/clean_crw.o.i: preprocessed clean_crw.c
cd '/root/oss-experiment/data/dcraw-9.28' 
'mv' '-f' '.deps/clean_crw.Tpo' '.deps/clean_crw.Po' 
# cc: /root/oss-experiment/data/dcraw-9.28/sparrow/fujiturn.o.i: preprocessed fujiturn.c
# cc: /root/oss-experiment/data/dcraw-9.28/sparrow/dcfujiturn16-fujiturn.o.i: preprocessed fujiturn.c
cd '/root/oss-experiment/data/dcraw-9.28' 
cd '/root/oss-experiment/data/dcraw-9.28' 
'mv' '-f' '.deps/fujiturn.Tpo' '.deps/fujiturn.Po' 
'mv' '-f' '.deps/dcfujiturn16-fujiturn.Tpo' '.deps/dcfujiturn16-fujiturn.Po' 
cd '/root/oss-experiment/data/dcraw-9.28' 
'rm' '-f' 'dccleancrw' 
cd '/root/oss-experiment/data/dcraw-9.28' 
'rm' '-f' 'dcfujiturn16' 
cd '/root/oss-experiment/data/dcraw-9.28' 
'rm' '-f' 'dcfujiturn' 
cd '/root/oss-experiment/data/dcraw-9.28' 
'gcc' '-g' '-O2' '-o' 'dccleancrw' 'clean_crw.o' '-llcms2' '-ljpeg' '-lm' 
cd '/root/oss-experiment/data/dcraw-9.28' 
'gcc' '-DPACKAGE_NAME="dcraw"' '-DPACKAGE_TARNAME="dcraw"' '-DPACKAGE_VERSION="9.28"' '-DPACKAGE_STRING="dcraw 9.28"' '-DPACKAGE_BUGREPORT="hroch@physics.muni.cz"' '-DPACKAGE_URL=""' '-DPACKAGE="dcraw"' '-DVERSION="9.28"' '-DHAVE_LIBM=1' '-DHAVE_STDIO_H=1' '-DHAVE_STDLIB_H=1' '-DHAVE_STRING_H=1' '-DHAVE_INTTYPES_H=1' '-DHAVE_STDINT_H=1' '-DHAVE_STRINGS_H=1' '-DHAVE_SYS_STAT_H=1' '-DHAVE_SYS_TYPES_H=1' '-DHAVE_UNISTD_H=1' '-DSTDC_HEADERS=1' '-DHAVE_JPEGLIB_H=1' '-DHAVE_LIBJPEG=1' '-DHAVE_LCMS2_H=1' '-DHAVE_LIBLCMS2=1' '-I.' '-g' '-O2' '-MT' 'fuji_green.o' '-MD' '-MP' '-MF' '.deps/fuji_green.Tpo' '-c' '-o' 'fuji_green.o' 'fuji_green.c' 
# cc: dccleancrw: linking 'none:clean_crw.o' 'none:-llcms2' 'none:-ljpeg' 'none:-lm' 
cd '/root/oss-experiment/data/dcraw-9.28' 
'gcc' '-D_16BIT' '-g' '-O2' '-o' 'dcfujiturn16' 'dcfujiturn16-fujiturn.o' '-llcms2' '-ljpeg' '-lm' 
# cc: dcfujiturn16: linking 'none:dcfujiturn16-fujiturn.o' 'none:-llcms2' 'none:-ljpeg' 'none:-lm' 
cd '/root/oss-experiment/data/dcraw-9.28' 
'gcc' '-g' '-O2' '-o' 'dcfujiturn' 'fujiturn.o' '-llcms2' '-ljpeg' '-lm' 
# XXX: dccleancrw: -llcms2: library not found
# XXX: dccleancrw: -ljpeg: library not found
# XXX: dccleancrw: -lm: library not found
# cc: dcfujiturn: linking 'none:fujiturn.o' 'none:-llcms2' 'none:-ljpeg' 'none:-lm' 
# cc: /root/oss-experiment/data/dcraw-9.28/sparrow/fuji_green.o.i: preprocessed fuji_green.c
# XXX: dcfujiturn16: -llcms2: library not found
# XXX: dcfujiturn16: -ljpeg: library not found
# XXX: dcfujiturn16: -lm: library not found
# XXX: dcfujiturn: -llcms2: library not found
# XXX: dcfujiturn: -ljpeg: library not found
# XXX: dcfujiturn: -lm: library not found
cd '/root/oss-experiment/data/dcraw-9.28' 
'mv' '-f' '.deps/fuji_green.Tpo' '.deps/fuji_green.Po' 
cd '/root/oss-experiment/data/dcraw-9.28' 
'rm' '-f' 'dcfujigreen' 
cd '/root/oss-experiment/data/dcraw-9.28' 
'gcc' '-g' '-O2' '-o' 'dcfujigreen' 'fuji_green.o' '-llcms2' '-ljpeg' '-lm' 
# cc: dcfujigreen: linking 'none:fuji_green.o' 'none:-llcms2' 'none:-ljpeg' 'none:-lm' 
# XXX: dcfujigreen: -llcms2: library not found
# XXX: dcfujigreen: -ljpeg: library not found
# XXX: dcfujigreen: -lm: library not found
cd '/root/oss-experiment/data/dcraw-9.28' 
'gcc' '-DPACKAGE_NAME="dcraw"' '-DPACKAGE_TARNAME="dcraw"' '-DPACKAGE_VERSION="9.28"' '-DPACKAGE_STRING="dcraw 9.28"' '-DPACKAGE_BUGREPORT="hroch@physics.muni.cz"' '-DPACKAGE_URL=""' '-DPACKAGE="dcraw"' '-DVERSION="9.28"' '-DHAVE_LIBM=1' '-DHAVE_STDIO_H=1' '-DHAVE_STDLIB_H=1' '-DHAVE_STRING_H=1' '-DHAVE_INTTYPES_H=1' '-DHAVE_STDINT_H=1' '-DHAVE_STRINGS_H=1' '-DHAVE_SYS_STAT_H=1' '-DHAVE_SYS_TYPES_H=1' '-DHAVE_UNISTD_H=1' '-DSTDC_HEADERS=1' '-DHAVE_JPEGLIB_H=1' '-DHAVE_LIBJPEG=1' '-DHAVE_LCMS2_H=1' '-DHAVE_LIBLCMS2=1' '-I.' '-g' '-O2' '-MT' 'parse.o' '-MD' '-MP' '-MF' '.deps/parse.Tpo' '-c' '-o' 'parse.o' 'parse.c' 
# cc: /root/oss-experiment/data/dcraw-9.28/sparrow/parse.o.i: preprocessed parse.c
cd '/root/oss-experiment/data/dcraw-9.28' 
'mv' '-f' '.deps/parse.Tpo' '.deps/parse.Po' 
cd '/root/oss-experiment/data/dcraw-9.28' 
'rm' '-f' 'dcparse' 
cd '/root/oss-experiment/data/dcraw-9.28' 
'gcc' '-g' '-O2' '-o' 'dcparse' 'parse.o' '-llcms2' '-ljpeg' '-lm' 
# cc: dcparse: linking 'none:parse.o' 'none:-llcms2' 'none:-ljpeg' 'none:-lm' 
# XXX: dcparse: -llcms2: library not found
# XXX: dcparse: -ljpeg: library not found
# XXX: dcparse: -lm: library not found
cd '/root/oss-experiment/data/dcraw-9.28' 
'gcc' '-DPACKAGE_NAME="dcraw"' '-DPACKAGE_TARNAME="dcraw"' '-DPACKAGE_VERSION="9.28"' '-DPACKAGE_STRING="dcraw 9.28"' '-DPACKAGE_BUGREPORT="hroch@physics.muni.cz"' '-DPACKAGE_URL=""' '-DPACKAGE="dcraw"' '-DVERSION="9.28"' '-DHAVE_LIBM=1' '-DHAVE_STDIO_H=1' '-DHAVE_STDLIB_H=1' '-DHAVE_STRING_H=1' '-DHAVE_INTTYPES_H=1' '-DHAVE_STDINT_H=1' '-DHAVE_STRINGS_H=1' '-DHAVE_SYS_STAT_H=1' '-DHAVE_SYS_TYPES_H=1' '-DHAVE_UNISTD_H=1' '-DSTDC_HEADERS=1' '-DHAVE_JPEGLIB_H=1' '-DHAVE_LIBJPEG=1' '-DHAVE_LCMS2_H=1' '-DHAVE_LIBLCMS2=1' '-I.' '-DNO_JASPER' '-g' '-O2' '-MT' 'dcraw-dcraw.o' '-MD' '-MP' '-MF' '.deps/dcraw-dcraw.Tpo' '-c' '-o' 'dcraw-dcraw.o' 'dcraw.c' 
# cc: /root/oss-experiment/data/dcraw-9.28/sparrow/dcraw-dcraw.o.i: preprocessed dcraw.c
cd '/root/oss-experiment/data/dcraw-9.28' 
'mv' '-f' '.deps/dcraw-dcraw.Tpo' '.deps/dcraw-dcraw.Po' 
cd '/root/oss-experiment/data/dcraw-9.28' 
'rm' '-f' 'dcraw' 
cd '/root/oss-experiment/data/dcraw-9.28' 
'gcc' '-DNO_JASPER' '-g' '-O2' '-ljpeg' '-llcms2' '-lm' '-o' 'dcraw' 'dcraw-dcraw.o' '-llcms2' '-ljpeg' '-lm' 
# cc: dcraw: linking 'none:-ljpeg' 'none:-llcms2' 'none:-lm' 'none:dcraw-dcraw.o' 'none:-llcms2' 'none:-ljpeg' 'none:-lm' 
# XXX: dcraw: -ljpeg: library not found
# XXX: dcraw: -llcms2: library not found
# XXX: dcraw: -lm: library not found
# XXX: dcraw: -llcms2: library not found
# XXX: dcraw: -ljpeg: library not found
# XXX: dcraw: -lm: library not found
## Finished at Tue Apr  9 12:49:12 2024 +0900
