This file contains any messages produced by compilers while
running configure, to aid debugging if configure makes a mistake.

It was created by normalize configure 0.7.7, which was
generated by GNU Autoconf 2.71.  Invocation command line was

  $ ./configure --disable-xmms

## --------- ##
## Platform. ##
## --------- ##

hostname = faf737f6cdd7
uname -m = x86_64
uname -r = 5.15.0-101-generic
uname -s = Linux
uname -v = #111-Ubuntu SMP Tue Mar 5 20:16:58 UTC 2024

/usr/bin/uname -p = x86_64
/bin/uname -X     = unknown

/bin/arch              = x86_64
/usr/bin/arch -k       = unknown
/usr/convex/getsysinfo = unknown
/usr/bin/hostinfo      = unknown
/bin/machine           = unknown
/usr/bin/oslevel       = unknown
/bin/universe          = unknown

PATH: /usr/local/sbin/
PATH: /usr/local/bin/
PATH: /usr/sbin/
PATH: /usr/bin/
PATH: /sbin/
PATH: /bin/
PATH: /root/patron-experiment/sparrow/bin/


## ----------- ##
## Core tests. ##
## ----------- ##

configure:2733: looking for aux files: config.rpath mkinstalldirs ltmain.sh compile config.guess config.sub missing install-sh
configure:2746:  trying ./config/
configure:2775:   ./config/config.rpath found
configure:2775:   ./config/mkinstalldirs found
configure:2775:   ./config/ltmain.sh found
configure:2775:   ./config/compile found
configure:2775:   ./config/config.guess found
configure:2775:   ./config/config.sub found
configure:2775:   ./config/missing found
configure:2757:   ./config/install-sh found
configure:2910: checking for a BSD-compatible install
configure:2983: result: /usr/bin/install -c
configure:2994: checking whether build environment is sane
configure:3049: result: yes
configure:3084: WARNING: 'missing' script is too old or missing
configure:3208: checking for a race-free mkdir -p
configure:3252: result: /usr/bin/mkdir -p
configure:3259: checking for gawk
configure:3294: result: no
configure:3259: checking for mawk
configure:3280: found /usr/bin/mawk
configure:3291: result: mawk
configure:3302: checking whether make sets $(MAKE)
configure:3325: result: yes
configure:3355: checking whether make supports nested variables
configure:3373: result: yes
configure:3518: checking build system type
configure:3533: result: x86_64-unknown-linux-gnu
configure:3553: checking host system type
configure:3567: result: x86_64-unknown-linux-gnu
configure:3649: checking for gcc
configure:3670: found /usr/bin/gcc
configure:3681: result: gcc
configure:4034: checking for C compiler version
configure:4043: gcc --version >&5
gcc (Ubuntu 11.4.0-1ubuntu1~22.04) 11.4.0
Copyright (C) 2021 Free Software Foundation, Inc.
This is free software; see the source for copying conditions.  There is NO
warranty; not even for MERCHANTABILITY or FITNESS FOR A PARTICULAR PURPOSE.

configure:4054: $? = 0
configure:4043: gcc -v >&5
Using built-in specs.
COLLECT_GCC=gcc
COLLECT_LTO_WRAPPER=/usr/lib/gcc/x86_64-linux-gnu/11/lto-wrapper
OFFLOAD_TARGET_NAMES=nvptx-none:amdgcn-amdhsa
OFFLOAD_TARGET_DEFAULT=1
Target: x86_64-linux-gnu
Configured with: ../src/configure -v --with-pkgversion='Ubuntu 11.4.0-1ubuntu1~22.04' --with-bugurl=file:///usr/share/doc/gcc-11/README.Bugs --enable-languages=c,ada,c++,go,brig,d,fortran,objc,obj-c++,m2 --prefix=/usr --with-gcc-major-version-only --program-suffix=-11 --program-prefix=x86_64-linux-gnu- --enable-shared --enable-linker-build-id --libexecdir=/usr/lib --without-included-gettext --enable-threads=posix --libdir=/usr/lib --enable-nls --enable-bootstrap --enable-clocale=gnu --enable-libstdcxx-debug --enable-libstdcxx-time=yes --with-default-libstdcxx-abi=new --enable-gnu-unique-object --disable-vtable-verify --enable-plugin --enable-default-pie --with-system-zlib --enable-libphobos-checking=release --with-target-system-zlib=auto --enable-objc-gc=auto --enable-multiarch --disable-werror --enable-cet --with-arch-32=i686 --with-abi=m64 --with-multilib-list=m32,m64,mx32 --enable-multilib --with-tune=generic --enable-offload-targets=nvptx-none=/build/gcc-11-XeT9lY/gcc-11-11.4.0/debian/tmp-nvptx/usr,amdgcn-amdhsa=/build/gcc-11-XeT9lY/gcc-11-11.4.0/debian/tmp-gcn/usr --without-cuda-driver --enable-checking=release --build=x86_64-linux-gnu --host=x86_64-linux-gnu --target=x86_64-linux-gnu --with-build-config=bootstrap-lto-lean --enable-link-serialization=2
Thread model: posix
Supported LTO compression algorithms: zlib zstd
gcc version 11.4.0 (Ubuntu 11.4.0-1ubuntu1~22.04) 
... rest of stderr output deleted ...
configure:4054: $? = 0
configure:4043: gcc -V >&5
gcc: error: unrecognized command-line option '-V'
gcc: fatal error: no input files
compilation terminated.
configure:4054: $? = 1
configure:4043: gcc -qversion >&5
gcc: error: unrecognized command-line option '-qversion'; did you mean '--version'?
gcc: fatal error: no input files
compilation terminated.
configure:4054: $? = 1
configure:4043: gcc -version >&5
gcc: error: unrecognized command-line option '-version'
gcc: fatal error: no input files
compilation terminated.
configure:4054: $? = 1
configure:4074: checking whether the C compiler works
configure:4096: gcc    conftest.c  >&5
configure:4100: $? = 0
configure:4150: result: yes
configure:4153: checking for C compiler default output file name
configure:4155: result: a.out
configure:4161: checking for suffix of executables
configure:4168: gcc -o conftest    conftest.c  >&5
configure:4172: $? = 0
configure:4195: result: 
configure:4217: checking whether we are cross compiling
configure:4225: gcc -o conftest    conftest.c  >&5
configure:4229: $? = 0
configure:4236: ./conftest
configure:4240: $? = 0
configure:4255: result: no
configure:4260: checking for suffix of object files
configure:4283: gcc -c   conftest.c >&5
configure:4287: $? = 0
configure:4309: result: o
configure:4313: checking whether the compiler supports GNU C
configure:4333: gcc -c   conftest.c >&5
configure:4333: $? = 0
configure:4343: result: yes
configure:4354: checking whether gcc accepts -g
configure:4375: gcc -c -g  conftest.c >&5
configure:4375: $? = 0
configure:4419: result: yes
configure:4439: checking for gcc option to enable C11 features
configure:4454: gcc  -c -g -O2  conftest.c >&5
configure:4454: $? = 0
configure:4472: result: none needed
configure:4588: checking whether gcc understands -c and -o together
configure:4611: gcc -c conftest.c -o conftest2.o
configure:4614: $? = 0
configure:4611: gcc -c conftest.c -o conftest2.o
configure:4614: $? = 0
configure:4626: result: yes
configure:4646: checking whether make supports the include directive
configure:4661: make -f confmf.GNU && cat confinc.out
this is the am__doit target
configure:4664: $? = 0
configure:4683: result: yes (GNU style)
configure:4709: checking dependency style of gcc
configure:4821: result: gcc3
configure:4838: checking for library containing strerror
configure:4868: gcc -o conftest -g -O2   conftest.c  >&5
configure:4868: $? = 0
configure:4888: result: none required
configure:4898: checking whether ln -s works
configure:4902: result: yes
configure:4911: checking for dos file convention
configure:4924: result: no
configure:4941: checking for stdio.h
configure:4941: gcc -c -g -O2  conftest.c >&5
configure:4941: $? = 0
configure:4941: result: yes
configure:4941: checking for stdlib.h
configure:4941: gcc -c -g -O2  conftest.c >&5
configure:4941: $? = 0
configure:4941: result: yes
configure:4941: checking for string.h
configure:4941: gcc -c -g -O2  conftest.c >&5
configure:4941: $? = 0
configure:4941: result: yes
configure:4941: checking for inttypes.h
configure:4941: gcc -c -g -O2  conftest.c >&5
configure:4941: $? = 0
configure:4941: result: yes
configure:4941: checking for stdint.h
configure:4941: gcc -c -g -O2  conftest.c >&5
configure:4941: $? = 0
configure:4941: result: yes
configure:4941: checking for strings.h
configure:4941: gcc -c -g -O2  conftest.c >&5
configure:4941: $? = 0
configure:4941: result: yes
configure:4941: checking for sys/stat.h
configure:4941: gcc -c -g -O2  conftest.c >&5
configure:4941: $? = 0
configure:4941: result: yes
configure:4941: checking for sys/types.h
configure:4941: gcc -c -g -O2  conftest.c >&5
configure:4941: $? = 0
configure:4941: result: yes
configure:4941: checking for unistd.h
configure:4941: gcc -c -g -O2  conftest.c >&5
configure:4941: $? = 0
configure:4941: result: yes
configure:4966: checking for grep that handles long lines and -e
configure:5030: result: /usr/bin/grep
configure:5038: checking for egrep
configure:5106: result: /usr/bin/grep -E
configure:5112: checking for string.h
configure:5112: result: yes
configure:5118: checking for math.h
configure:5118: gcc -c -g -O2  conftest.c >&5
configure:5118: $? = 0
configure:5118: result: yes
configure:5124: checking for ctype.h
configure:5124: gcc -c -g -O2  conftest.c >&5
configure:5124: $? = 0
configure:5124: result: yes
configure:5130: checking for fcntl.h
configure:5130: gcc -c -g -O2  conftest.c >&5
configure:5130: $? = 0
configure:5130: result: yes
configure:5136: checking for unistd.h
configure:5136: result: yes
configure:5142: checking for byteswap.h
configure:5142: gcc -c -g -O2  conftest.c >&5
configure:5142: $? = 0
configure:5142: result: yes
configure:5148: checking for sys/types.h
configure:5148: result: yes
configure:5154: checking for sys/stat.h
configure:5154: result: yes
configure:5160: checking for sys/mman.h
configure:5160: gcc -c -g -O2  conftest.c >&5
configure:5160: $? = 0
configure:5160: result: yes
configure:5166: checking for locale.h
configure:5166: gcc -c -g -O2  conftest.c >&5
configure:5166: $? = 0
configure:5166: result: yes
configure:5172: checking for stdint.h
configure:5172: result: yes
configure:5178: checking for inttypes.h
configure:5178: result: yes
configure:5184: checking for errno.h
configure:5184: gcc -c -g -O2  conftest.c >&5
configure:5184: $? = 0
configure:5184: result: yes
configure:5192: checking for an ANSI C-conforming const
configure:5259: gcc -c -g -O2  conftest.c >&5
configure:5259: $? = 0
configure:5267: result: yes
configure:5275: checking for inline
configure:5292: gcc -c -g -O2  conftest.c >&5
configure:5292: $? = 0
configure:5301: result: inline
configure:5319: checking for off_t
configure:5319: gcc -c -g -O2  conftest.c >&5
configure:5319: $? = 0
configure:5319: gcc -c -g -O2  conftest.c >&5
conftest.c: In function 'main':
conftest.c:65:20: error: expected expression before ')' token
   65 | if (sizeof ((off_t)))
      |                    ^
configure:5319: $? = 1
configure: failed program was:
| /* confdefs.h */
| #define PACKAGE_NAME "normalize"
| #define PACKAGE_TARNAME "normalize"
| #define PACKAGE_VERSION "0.7.7"
| #define PACKAGE_STRING "normalize 0.7.7"
| #define PACKAGE_BUGREPORT ""
| #define PACKAGE_URL ""
| #define PACKAGE "normalize"
| #define VERSION "0.7.7"
| #define HAVE_STDIO_H 1
| #define HAVE_STDLIB_H 1
| #define HAVE_STRING_H 1
| #define HAVE_INTTYPES_H 1
| #define HAVE_STDINT_H 1
| #define HAVE_STRINGS_H 1
| #define HAVE_SYS_STAT_H 1
| #define HAVE_SYS_TYPES_H 1
| #define HAVE_UNISTD_H 1
| #define STDC_HEADERS 1
| #define HAVE_STRING_H 1
| #define HAVE_MATH_H 1
| #define HAVE_CTYPE_H 1
| #define HAVE_FCNTL_H 1
| #define HAVE_UNISTD_H 1
| #define HAVE_BYTESWAP_H 1
| #define HAVE_SYS_TYPES_H 1
| #define HAVE_SYS_STAT_H 1
| #define HAVE_SYS_MMAN_H 1
| #define HAVE_LOCALE_H 1
| #define HAVE_STDINT_H 1
| #define HAVE_INTTYPES_H 1
| #define HAVE_ERRNO_H 1
| /* end confdefs.h.  */
| #include <stddef.h>
| #ifdef HAVE_STDIO_H
| # include <stdio.h>
| #endif
| #ifdef HAVE_STDLIB_H
| # include <stdlib.h>
| #endif
| #ifdef HAVE_STRING_H
| # include <string.h>
| #endif
| #ifdef HAVE_INTTYPES_H
| # include <inttypes.h>
| #endif
| #ifdef HAVE_STDINT_H
| # include <stdint.h>
| #endif
| #ifdef HAVE_STRINGS_H
| # include <strings.h>
| #endif
| #ifdef HAVE_SYS_TYPES_H
| # include <sys/types.h>
| #endif
| #ifdef HAVE_SYS_STAT_H
| # include <sys/stat.h>
| #endif
| #ifdef HAVE_UNISTD_H
| # include <unistd.h>
| #endif
| int
| main (void)
| {
| if (sizeof ((off_t)))
| 	    return 0;
|   ;
|   return 0;
| }
configure:5319: result: yes
configure:5329: checking for size_t
configure:5329: gcc -c -g -O2  conftest.c >&5
configure:5329: $? = 0
configure:5329: gcc -c -g -O2  conftest.c >&5
conftest.c: In function 'main':
conftest.c:65:21: error: expected expression before ')' token
   65 | if (sizeof ((size_t)))
      |                     ^
configure:5329: $? = 1
configure: failed program was:
| /* confdefs.h */
| #define PACKAGE_NAME "normalize"
| #define PACKAGE_TARNAME "normalize"
| #define PACKAGE_VERSION "0.7.7"
| #define PACKAGE_STRING "normalize 0.7.7"
| #define PACKAGE_BUGREPORT ""
| #define PACKAGE_URL ""
| #define PACKAGE "normalize"
| #define VERSION "0.7.7"
| #define HAVE_STDIO_H 1
| #define HAVE_STDLIB_H 1
| #define HAVE_STRING_H 1
| #define HAVE_INTTYPES_H 1
| #define HAVE_STDINT_H 1
| #define HAVE_STRINGS_H 1
| #define HAVE_SYS_STAT_H 1
| #define HAVE_SYS_TYPES_H 1
| #define HAVE_UNISTD_H 1
| #define STDC_HEADERS 1
| #define HAVE_STRING_H 1
| #define HAVE_MATH_H 1
| #define HAVE_CTYPE_H 1
| #define HAVE_FCNTL_H 1
| #define HAVE_UNISTD_H 1
| #define HAVE_BYTESWAP_H 1
| #define HAVE_SYS_TYPES_H 1
| #define HAVE_SYS_STAT_H 1
| #define HAVE_SYS_MMAN_H 1
| #define HAVE_LOCALE_H 1
| #define HAVE_STDINT_H 1
| #define HAVE_INTTYPES_H 1
| #define HAVE_ERRNO_H 1
| /* end confdefs.h.  */
| #include <stddef.h>
| #ifdef HAVE_STDIO_H
| # include <stdio.h>
| #endif
| #ifdef HAVE_STDLIB_H
| # include <stdlib.h>
| #endif
| #ifdef HAVE_STRING_H
| # include <string.h>
| #endif
| #ifdef HAVE_INTTYPES_H
| # include <inttypes.h>
| #endif
| #ifdef HAVE_STDINT_H
| # include <stdint.h>
| #endif
| #ifdef HAVE_STRINGS_H
| # include <strings.h>
| #endif
| #ifdef HAVE_SYS_TYPES_H
| # include <sys/types.h>
| #endif
| #ifdef HAVE_SYS_STAT_H
| # include <sys/stat.h>
| #endif
| #ifdef HAVE_UNISTD_H
| # include <unistd.h>
| #endif
| int
| main (void)
| {
| if (sizeof ((size_t)))
| 	    return 0;
|   ;
|   return 0;
| }
configure:5329: result: yes
configure:5348: checking whether byte ordering is bigendian
configure:5364: gcc -c -g -O2  conftest.c >&5
conftest.c:35:16: error: unknown type name 'not'
   35 |                not a universal capable compiler
      |                ^~~
conftest.c:35:22: error: expected '=', ',', ';', 'asm' or '__attribute__' before 'universal'
   35 |                not a universal capable compiler
      |                      ^~~~~~~~~
conftest.c:35:22: error: unknown type name 'universal'
configure:5364: $? = 1
configure: failed program was:
| /* confdefs.h */
| #define PACKAGE_NAME "normalize"
| #define PACKAGE_TARNAME "normalize"
| #define PACKAGE_VERSION "0.7.7"
| #define PACKAGE_STRING "normalize 0.7.7"
| #define PACKAGE_BUGREPORT ""
| #define PACKAGE_URL ""
| #define PACKAGE "normalize"
| #define VERSION "0.7.7"
| #define HAVE_STDIO_H 1
| #define HAVE_STDLIB_H 1
| #define HAVE_STRING_H 1
| #define HAVE_INTTYPES_H 1
| #define HAVE_STDINT_H 1
| #define HAVE_STRINGS_H 1
| #define HAVE_SYS_STAT_H 1
| #define HAVE_SYS_TYPES_H 1
| #define HAVE_UNISTD_H 1
| #define STDC_HEADERS 1
| #define HAVE_STRING_H 1
| #define HAVE_MATH_H 1
| #define HAVE_CTYPE_H 1
| #define HAVE_FCNTL_H 1
| #define HAVE_UNISTD_H 1
| #define HAVE_BYTESWAP_H 1
| #define HAVE_SYS_TYPES_H 1
| #define HAVE_SYS_STAT_H 1
| #define HAVE_SYS_MMAN_H 1
| #define HAVE_LOCALE_H 1
| #define HAVE_STDINT_H 1
| #define HAVE_INTTYPES_H 1
| #define HAVE_ERRNO_H 1
| /* end confdefs.h.  */
| #ifndef __APPLE_CC__
| 	       not a universal capable compiler
| 	     #endif
| 	     typedef int dummy;
| 
configure:5410: gcc -c -g -O2  conftest.c >&5
configure:5410: $? = 0
configure:5429: gcc -c -g -O2  conftest.c >&5
conftest.c: In function 'main':
conftest.c:41:18: error: unknown type name 'not'; did you mean 'ino_t'?
   41 |                  not big endian
      |                  ^~~
      |                  ino_t
conftest.c:41:26: error: expected '=', ',', ';', 'asm' or '__attribute__' before 'endian'
   41 |                  not big endian
      |                          ^~~~~~
configure:5429: $? = 1
configure: failed program was:
| /* confdefs.h */
| #define PACKAGE_NAME "normalize"
| #define PACKAGE_TARNAME "normalize"
| #define PACKAGE_VERSION "0.7.7"
| #define PACKAGE_STRING "normalize 0.7.7"
| #define PACKAGE_BUGREPORT ""
| #define PACKAGE_URL ""
| #define PACKAGE "normalize"
| #define VERSION "0.7.7"
| #define HAVE_STDIO_H 1
| #define HAVE_STDLIB_H 1
| #define HAVE_STRING_H 1
| #define HAVE_INTTYPES_H 1
| #define HAVE_STDINT_H 1
| #define HAVE_STRINGS_H 1
| #define HAVE_SYS_STAT_H 1
| #define HAVE_SYS_TYPES_H 1
| #define HAVE_UNISTD_H 1
| #define STDC_HEADERS 1
| #define HAVE_STRING_H 1
| #define HAVE_MATH_H 1
| #define HAVE_CTYPE_H 1
| #define HAVE_FCNTL_H 1
| #define HAVE_UNISTD_H 1
| #define HAVE_BYTESWAP_H 1
| #define HAVE_SYS_TYPES_H 1
| #define HAVE_SYS_STAT_H 1
| #define HAVE_SYS_MMAN_H 1
| #define HAVE_LOCALE_H 1
| #define HAVE_STDINT_H 1
| #define HAVE_INTTYPES_H 1
| #define HAVE_ERRNO_H 1
| /* end confdefs.h.  */
| #include <sys/types.h>
| 		#include <sys/param.h>
| 
| int
| main (void)
| {
| #if BYTE_ORDER != BIG_ENDIAN
| 		 not big endian
| 		#endif
| 
|   ;
|   return 0;
| }
configure:5563: result: no
configure:5583: checking for sqrt in -lm
configure:5606: gcc -o conftest -g -O2   conftest.c -lm   >&5
conftest.c:38:6: warning: conflicting types for built-in function 'sqrt'; expected 'double(double)' [-Wbuiltin-declaration-mismatch]
   38 | char sqrt ();
      |      ^~~~
conftest.c:1:1: note: 'sqrt' is declared in header '<math.h>'
    1 | /* confdefs.h */
configure:5606: $? = 0
configure:5616: result: yes
configure:5628: checking for strerror
configure:5628: gcc -o conftest -g -O2   conftest.c -lm  >&5
configure:5628: $? = 0
configure:5628: result: yes
configure:5634: checking for strtod
configure:5634: gcc -o conftest -g -O2   conftest.c -lm  >&5
configure:5634: $? = 0
configure:5634: result: yes
configure:5640: checking for strchr
configure:5640: gcc -o conftest -g -O2   conftest.c -lm  >&5
conftest.c:53:6: warning: conflicting types for built-in function 'strchr'; expected 'char *(const char *, int)' [-Wbuiltin-declaration-mismatch]
   53 | char strchr ();
      |      ^~~~~~
conftest.c:45:1: note: 'strchr' is declared in header '<string.h>'
   44 | #include <limits.h>
   45 | #undef strchr
configure:5640: $? = 0
configure:5640: result: yes
configure:5646: checking for memcpy
configure:5646: gcc -o conftest -g -O2   conftest.c -lm  >&5
conftest.c:54:6: warning: conflicting types for built-in function 'memcpy'; expected 'void *(void *, const void *, long unsigned int)' [-Wbuiltin-declaration-mismatch]
   54 | char memcpy ();
      |      ^~~~~~
conftest.c:46:1: note: 'memcpy' is declared in header '<string.h>'
   45 | #include <limits.h>
   46 | #undef memcpy
configure:5646: $? = 0
configure:5646: result: yes
configure:5652: checking for ftruncate
configure:5652: gcc -o conftest -g -O2   conftest.c -lm  >&5
configure:5652: $? = 0
configure:5652: result: yes
configure:5673: checking size of char
configure:5679: gcc -o conftest -g -O2   conftest.c -lm  >&5
configure:5679: $? = 0
configure:5679: ./conftest
configure:5679: $? = 0
configure:5694: result: 1
configure:5706: checking size of short
configure:5712: gcc -o conftest -g -O2   conftest.c -lm  >&5
configure:5712: $? = 0
configure:5712: ./conftest
configure:5712: $? = 0
configure:5727: result: 2
configure:5739: checking size of int
configure:5745: gcc -o conftest -g -O2   conftest.c -lm  >&5
configure:5745: $? = 0
configure:5745: ./conftest
configure:5745: $? = 0
configure:5760: result: 4
configure:5772: checking size of long
configure:5778: gcc -o conftest -g -O2   conftest.c -lm  >&5
configure:5778: $? = 0
configure:5778: ./conftest
configure:5778: $? = 0
configure:5793: result: 8
configure:5810: checking for an 8-bit type
configure:5833: result: char
configure:5836: checking for a 16-bit type
configure:5859: result: short
configure:5862: checking for a 32-bit type
configure:5885: result: int
configure:5888: checking for int8_t
configure:5888: gcc -c -g -O2  conftest.c >&5
configure:5888: $? = 0
configure:5888: gcc -c -g -O2  conftest.c >&5
conftest.c: In function 'main':
conftest.c:61:21: error: expected expression before ')' token
   61 | if (sizeof ((int8_t)))
      |                     ^
configure:5888: $? = 1
configure: failed program was:
| /* confdefs.h */
| #define PACKAGE_NAME "normalize"
| #define PACKAGE_TARNAME "normalize"
| #define PACKAGE_VERSION "0.7.7"
| #define PACKAGE_STRING "normalize 0.7.7"
| #define PACKAGE_BUGREPORT ""
| #define PACKAGE_URL ""
| #define PACKAGE "normalize"
| #define VERSION "0.7.7"
| #define HAVE_STDIO_H 1
| #define HAVE_STDLIB_H 1
| #define HAVE_STRING_H 1
| #define HAVE_INTTYPES_H 1
| #define HAVE_STDINT_H 1
| #define HAVE_STRINGS_H 1
| #define HAVE_SYS_STAT_H 1
| #define HAVE_SYS_TYPES_H 1
| #define HAVE_UNISTD_H 1
| #define STDC_HEADERS 1
| #define HAVE_STRING_H 1
| #define HAVE_MATH_H 1
| #define HAVE_CTYPE_H 1
| #define HAVE_FCNTL_H 1
| #define HAVE_UNISTD_H 1
| #define HAVE_BYTESWAP_H 1
| #define HAVE_SYS_TYPES_H 1
| #define HAVE_SYS_STAT_H 1
| #define HAVE_SYS_MMAN_H 1
| #define HAVE_LOCALE_H 1
| #define HAVE_STDINT_H 1
| #define HAVE_INTTYPES_H 1
| #define HAVE_ERRNO_H 1
| #define HAVE_LIBM 1
| #define HAVE_STRERROR 1
| #define HAVE_STRTOD 1
| #define HAVE_STRCHR 1
| #define HAVE_MEMCPY 1
| #define HAVE_FTRUNCATE 1
| #define SIZEOF_CHAR 1
| #define SIZEOF_SHORT 2
| #define SIZEOF_INT 4
| #define SIZEOF_LONG 8
| #define __TYPE8__ char
| #define __TYPE16__ short
| #define __TYPE32__ int
| /* end confdefs.h.  */
| #if HAVE_STDINT_H
| # include <stdint.h>
| #endif
| #if HAVE_INTTYPES_H
| # include <inttypes.h>
| #endif
| #if HAVE_SYS_TYPES_H
| # include <sys/types.h>
| #endif
| 
| 
| int
| main (void)
| {
| if (sizeof ((int8_t)))
| 	    return 0;
|   ;
|   return 0;
| }
configure:5888: result: yes
configure:5906: checking for int16_t
configure:5906: gcc -c -g -O2  conftest.c >&5
configure:5906: $? = 0
configure:5906: gcc -c -g -O2  conftest.c >&5
conftest.c: In function 'main':
conftest.c:62:22: error: expected expression before ')' token
   62 | if (sizeof ((int16_t)))
      |                      ^
configure:5906: $? = 1
configure: failed program was:
| /* confdefs.h */
| #define PACKAGE_NAME "normalize"
| #define PACKAGE_TARNAME "normalize"
| #define PACKAGE_VERSION "0.7.7"
| #define PACKAGE_STRING "normalize 0.7.7"
| #define PACKAGE_BUGREPORT ""
| #define PACKAGE_URL ""
| #define PACKAGE "normalize"
| #define VERSION "0.7.7"
| #define HAVE_STDIO_H 1
| #define HAVE_STDLIB_H 1
| #define HAVE_STRING_H 1
| #define HAVE_INTTYPES_H 1
| #define HAVE_STDINT_H 1
| #define HAVE_STRINGS_H 1
| #define HAVE_SYS_STAT_H 1
| #define HAVE_SYS_TYPES_H 1
| #define HAVE_UNISTD_H 1
| #define STDC_HEADERS 1
| #define HAVE_STRING_H 1
| #define HAVE_MATH_H 1
| #define HAVE_CTYPE_H 1
| #define HAVE_FCNTL_H 1
| #define HAVE_UNISTD_H 1
| #define HAVE_BYTESWAP_H 1
| #define HAVE_SYS_TYPES_H 1
| #define HAVE_SYS_STAT_H 1
| #define HAVE_SYS_MMAN_H 1
| #define HAVE_LOCALE_H 1
| #define HAVE_STDINT_H 1
| #define HAVE_INTTYPES_H 1
| #define HAVE_ERRNO_H 1
| #define HAVE_LIBM 1
| #define HAVE_STRERROR 1
| #define HAVE_STRTOD 1
| #define HAVE_STRCHR 1
| #define HAVE_MEMCPY 1
| #define HAVE_FTRUNCATE 1
| #define SIZEOF_CHAR 1
| #define SIZEOF_SHORT 2
| #define SIZEOF_INT 4
| #define SIZEOF_LONG 8
| #define __TYPE8__ char
| #define __TYPE16__ short
| #define __TYPE32__ int
| #define HAVE_INT8_T 1
| /* end confdefs.h.  */
| #if HAVE_STDINT_H
| # include <stdint.h>
| #endif
| #if HAVE_INTTYPES_H
| # include <inttypes.h>
| #endif
| #if HAVE_SYS_TYPES_H
| # include <sys/types.h>
| #endif
| 
| 
| int
| main (void)
| {
| if (sizeof ((int16_t)))
| 	    return 0;
|   ;
|   return 0;
| }
configure:5906: result: yes
configure:5924: checking for int32_t
configure:5924: gcc -c -g -O2  conftest.c >&5
configure:5924: $? = 0
configure:5924: gcc -c -g -O2  conftest.c >&5
conftest.c: In function 'main':
conftest.c:63:22: error: expected expression before ')' token
   63 | if (sizeof ((int32_t)))
      |                      ^
configure:5924: $? = 1
configure: failed program was:
| /* confdefs.h */
| #define PACKAGE_NAME "normalize"
| #define PACKAGE_TARNAME "normalize"
| #define PACKAGE_VERSION "0.7.7"
| #define PACKAGE_STRING "normalize 0.7.7"
| #define PACKAGE_BUGREPORT ""
| #define PACKAGE_URL ""
| #define PACKAGE "normalize"
| #define VERSION "0.7.7"
| #define HAVE_STDIO_H 1
| #define HAVE_STDLIB_H 1
| #define HAVE_STRING_H 1
| #define HAVE_INTTYPES_H 1
| #define HAVE_STDINT_H 1
| #define HAVE_STRINGS_H 1
| #define HAVE_SYS_STAT_H 1
| #define HAVE_SYS_TYPES_H 1
| #define HAVE_UNISTD_H 1
| #define STDC_HEADERS 1
| #define HAVE_STRING_H 1
| #define HAVE_MATH_H 1
| #define HAVE_CTYPE_H 1
| #define HAVE_FCNTL_H 1
| #define HAVE_UNISTD_H 1
| #define HAVE_BYTESWAP_H 1
| #define HAVE_SYS_TYPES_H 1
| #define HAVE_SYS_STAT_H 1
| #define HAVE_SYS_MMAN_H 1
| #define HAVE_LOCALE_H 1
| #define HAVE_STDINT_H 1
| #define HAVE_INTTYPES_H 1
| #define HAVE_ERRNO_H 1
| #define HAVE_LIBM 1
| #define HAVE_STRERROR 1
| #define HAVE_STRTOD 1
| #define HAVE_STRCHR 1
| #define HAVE_MEMCPY 1
| #define HAVE_FTRUNCATE 1
| #define SIZEOF_CHAR 1
| #define SIZEOF_SHORT 2
| #define SIZEOF_INT 4
| #define SIZEOF_LONG 8
| #define __TYPE8__ char
| #define __TYPE16__ short
| #define __TYPE32__ int
| #define HAVE_INT8_T 1
| #define HAVE_INT16_T 1
| /* end confdefs.h.  */
| #if HAVE_STDINT_H
| # include <stdint.h>
| #endif
| #if HAVE_INTTYPES_H
| # include <inttypes.h>
| #endif
| #if HAVE_SYS_TYPES_H
| # include <sys/types.h>
| #endif
| 
| 
| int
| main (void)
| {
| if (sizeof ((int32_t)))
| 	    return 0;
|   ;
|   return 0;
| }
configure:5924: result: yes
configure:5942: checking for uint8_t
configure:5942: gcc -c -g -O2  conftest.c >&5
configure:5942: $? = 0
configure:5942: gcc -c -g -O2  conftest.c >&5
conftest.c: In function 'main':
conftest.c:64:22: error: expected expression before ')' token
   64 | if (sizeof ((uint8_t)))
      |                      ^
configure:5942: $? = 1
configure: failed program was:
| /* confdefs.h */
| #define PACKAGE_NAME "normalize"
| #define PACKAGE_TARNAME "normalize"
| #define PACKAGE_VERSION "0.7.7"
| #define PACKAGE_STRING "normalize 0.7.7"
| #define PACKAGE_BUGREPORT ""
| #define PACKAGE_URL ""
| #define PACKAGE "normalize"
| #define VERSION "0.7.7"
| #define HAVE_STDIO_H 1
| #define HAVE_STDLIB_H 1
| #define HAVE_STRING_H 1
| #define HAVE_INTTYPES_H 1
| #define HAVE_STDINT_H 1
| #define HAVE_STRINGS_H 1
| #define HAVE_SYS_STAT_H 1
| #define HAVE_SYS_TYPES_H 1
| #define HAVE_UNISTD_H 1
| #define STDC_HEADERS 1
| #define HAVE_STRING_H 1
| #define HAVE_MATH_H 1
| #define HAVE_CTYPE_H 1
| #define HAVE_FCNTL_H 1
| #define HAVE_UNISTD_H 1
| #define HAVE_BYTESWAP_H 1
| #define HAVE_SYS_TYPES_H 1
| #define HAVE_SYS_STAT_H 1
| #define HAVE_SYS_MMAN_H 1
| #define HAVE_LOCALE_H 1
| #define HAVE_STDINT_H 1
| #define HAVE_INTTYPES_H 1
| #define HAVE_ERRNO_H 1
| #define HAVE_LIBM 1
| #define HAVE_STRERROR 1
| #define HAVE_STRTOD 1
| #define HAVE_STRCHR 1
| #define HAVE_MEMCPY 1
| #define HAVE_FTRUNCATE 1
| #define SIZEOF_CHAR 1
| #define SIZEOF_SHORT 2
| #define SIZEOF_INT 4
| #define SIZEOF_LONG 8
| #define __TYPE8__ char
| #define __TYPE16__ short
| #define __TYPE32__ int
| #define HAVE_INT8_T 1
| #define HAVE_INT16_T 1
| #define HAVE_INT32_T 1
| /* end confdefs.h.  */
| #if HAVE_STDINT_H
| # include <stdint.h>
| #endif
| #if HAVE_INTTYPES_H
| # include <inttypes.h>
| #endif
| #if HAVE_SYS_TYPES_H
| # include <sys/types.h>
| #endif
| 
| 
| int
| main (void)
| {
| if (sizeof ((uint8_t)))
| 	    return 0;
|   ;
|   return 0;
| }
configure:5942: result: yes
configure:5960: checking for uint16_t
configure:5960: gcc -c -g -O2  conftest.c >&5
configure:5960: $? = 0
configure:5960: gcc -c -g -O2  conftest.c >&5
conftest.c: In function 'main':
conftest.c:65:23: error: expected expression before ')' token
   65 | if (sizeof ((uint16_t)))
      |                       ^
configure:5960: $? = 1
configure: failed program was:
| /* confdefs.h */
| #define PACKAGE_NAME "normalize"
| #define PACKAGE_TARNAME "normalize"
| #define PACKAGE_VERSION "0.7.7"
| #define PACKAGE_STRING "normalize 0.7.7"
| #define PACKAGE_BUGREPORT ""
| #define PACKAGE_URL ""
| #define PACKAGE "normalize"
| #define VERSION "0.7.7"
| #define HAVE_STDIO_H 1
| #define HAVE_STDLIB_H 1
| #define HAVE_STRING_H 1
| #define HAVE_INTTYPES_H 1
| #define HAVE_STDINT_H 1
| #define HAVE_STRINGS_H 1
| #define HAVE_SYS_STAT_H 1
| #define HAVE_SYS_TYPES_H 1
| #define HAVE_UNISTD_H 1
| #define STDC_HEADERS 1
| #define HAVE_STRING_H 1
| #define HAVE_MATH_H 1
| #define HAVE_CTYPE_H 1
| #define HAVE_FCNTL_H 1
| #define HAVE_UNISTD_H 1
| #define HAVE_BYTESWAP_H 1
| #define HAVE_SYS_TYPES_H 1
| #define HAVE_SYS_STAT_H 1
| #define HAVE_SYS_MMAN_H 1
| #define HAVE_LOCALE_H 1
| #define HAVE_STDINT_H 1
| #define HAVE_INTTYPES_H 1
| #define HAVE_ERRNO_H 1
| #define HAVE_LIBM 1
| #define HAVE_STRERROR 1
| #define HAVE_STRTOD 1
| #define HAVE_STRCHR 1
| #define HAVE_MEMCPY 1
| #define HAVE_FTRUNCATE 1
| #define SIZEOF_CHAR 1
| #define SIZEOF_SHORT 2
| #define SIZEOF_INT 4
| #define SIZEOF_LONG 8
| #define __TYPE8__ char
| #define __TYPE16__ short
| #define __TYPE32__ int
| #define HAVE_INT8_T 1
| #define HAVE_INT16_T 1
| #define HAVE_INT32_T 1
| #define HAVE_UINT8_T 1
| /* end confdefs.h.  */
| #if HAVE_STDINT_H
| # include <stdint.h>
| #endif
| #if HAVE_INTTYPES_H
| # include <inttypes.h>
| #endif
| #if HAVE_SYS_TYPES_H
| # include <sys/types.h>
| #endif
| 
| 
| int
| main (void)
| {
| if (sizeof ((uint16_t)))
| 	    return 0;
|   ;
|   return 0;
| }
configure:5960: result: yes
configure:5978: checking for uint32_t
configure:5978: gcc -c -g -O2  conftest.c >&5
configure:5978: $? = 0
configure:5978: gcc -c -g -O2  conftest.c >&5
conftest.c: In function 'main':
conftest.c:66:23: error: expected expression before ')' token
   66 | if (sizeof ((uint32_t)))
      |                       ^
configure:5978: $? = 1
configure: failed program was:
| /* confdefs.h */
| #define PACKAGE_NAME "normalize"
| #define PACKAGE_TARNAME "normalize"
| #define PACKAGE_VERSION "0.7.7"
| #define PACKAGE_STRING "normalize 0.7.7"
| #define PACKAGE_BUGREPORT ""
| #define PACKAGE_URL ""
| #define PACKAGE "normalize"
| #define VERSION "0.7.7"
| #define HAVE_STDIO_H 1
| #define HAVE_STDLIB_H 1
| #define HAVE_STRING_H 1
| #define HAVE_INTTYPES_H 1
| #define HAVE_STDINT_H 1
| #define HAVE_STRINGS_H 1
| #define HAVE_SYS_STAT_H 1
| #define HAVE_SYS_TYPES_H 1
| #define HAVE_UNISTD_H 1
| #define STDC_HEADERS 1
| #define HAVE_STRING_H 1
| #define HAVE_MATH_H 1
| #define HAVE_CTYPE_H 1
| #define HAVE_FCNTL_H 1
| #define HAVE_UNISTD_H 1
| #define HAVE_BYTESWAP_H 1
| #define HAVE_SYS_TYPES_H 1
| #define HAVE_SYS_STAT_H 1
| #define HAVE_SYS_MMAN_H 1
| #define HAVE_LOCALE_H 1
| #define HAVE_STDINT_H 1
| #define HAVE_INTTYPES_H 1
| #define HAVE_ERRNO_H 1
| #define HAVE_LIBM 1
| #define HAVE_STRERROR 1
| #define HAVE_STRTOD 1
| #define HAVE_STRCHR 1
| #define HAVE_MEMCPY 1
| #define HAVE_FTRUNCATE 1
| #define SIZEOF_CHAR 1
| #define SIZEOF_SHORT 2
| #define SIZEOF_INT 4
| #define SIZEOF_LONG 8
| #define __TYPE8__ char
| #define __TYPE16__ short
| #define __TYPE32__ int
| #define HAVE_INT8_T 1
| #define HAVE_INT16_T 1
| #define HAVE_INT32_T 1
| #define HAVE_UINT8_T 1
| #define HAVE_UINT16_T 1
| /* end confdefs.h.  */
| #if HAVE_STDINT_H
| # include <stdint.h>
| #endif
| #if HAVE_INTTYPES_H
| # include <inttypes.h>
| #endif
| #if HAVE_SYS_TYPES_H
| # include <sys/types.h>
| #endif
| 
| 
| int
| main (void)
| {
| if (sizeof ((uint32_t)))
| 	    return 0;
|   ;
|   return 0;
| }
configure:5978: result: yes
configure:6093: checking for perl
configure:6116: found /usr/bin/perl
configure:6129: result: /usr/bin/perl
configure:6142: checking for madplay
configure:6177: result: no
configure:6142: checking for mpg123
configure:6177: result: no
configure:6189: checking for lame
configure:6224: result: no
configure:6189: checking for notlame
configure:6224: result: no
configure:6189: checking for bladeenc
configure:6224: result: no
configure:6236: checking for oggdec
configure:6271: result: no
configure:6236: checking for ogg123
configure:6271: result: no
configure:6283: checking for oggenc
configure:6318: result: no
configure:6330: checking for vorbiscomment
configure:6365: result: no
configure:6377: checking for flac
configure:6412: result: no
configure:6424: checking for flac
configure:6459: result: no
configure:6471: checking for metaflac
configure:6506: result: no
configure:6616: checking for pkg-config
configure:6639: found /usr/bin/pkg-config
configure:6651: result: /usr/bin/pkg-config
configure:6676: checking pkg-config is at least version 0.9.0
configure:6679: result: yes
configure:6689: checking for glib-2.0
configure:6696: $PKG_CONFIG --exists --print-errors "glib-2.0"
configure:6699: $? = 0
configure:6713: $PKG_CONFIG --exists --print-errors "glib-2.0"
configure:6716: $? = 0
configure:6754: result: yes
configure:6760: checking for gtk-2.0
configure:6767: $PKG_CONFIG --exists --print-errors "gtk-2.0"
Package gtk-2.0 was not found in the pkg-config search path.
Perhaps you should add the directory containing `gtk-2.0.pc'
to the PKG_CONFIG_PATH environment variable
No package 'gtk-2.0' found
configure:6770: $? = 1
configure:6784: $PKG_CONFIG --exists --print-errors "gtk-2.0"
Package gtk-2.0 was not found in the pkg-config search path.
Perhaps you should add the directory containing `gtk-2.0.pc'
to the PKG_CONFIG_PATH environment variable
No package 'gtk-2.0' found
configure:6787: $? = 1
configure:6801: result: no
No package 'gtk-2.0' found
configure:6831: checking for xmms2-client
configure:6838: $PKG_CONFIG --exists --print-errors "xmms2-client"
Package xmms2-client was not found in the pkg-config search path.
Perhaps you should add the directory containing `xmms2-client.pc'
to the PKG_CONFIG_PATH environment variable
No package 'xmms2-client' found
configure:6841: $? = 1
configure:6855: $PKG_CONFIG --exists --print-errors "xmms2-client"
Package xmms2-client was not found in the pkg-config search path.
Perhaps you should add the directory containing `xmms2-client.pc'
to the PKG_CONFIG_PATH environment variable
No package 'xmms2-client' found
configure:6858: $? = 1
configure:6872: result: no
No package 'xmms2-client' found
configure:6979: checking how to print strings
configure:7006: result: printf
configure:7027: checking for a sed that does not truncate output
configure:7097: result: /usr/bin/sed
configure:7115: checking for fgrep
configure:7183: result: /usr/bin/grep -F
configure:7219: checking for ld used by gcc
configure:7287: result: /usr/bin/ld
configure:7294: checking if the linker (/usr/bin/ld) is GNU ld
configure:7310: result: yes
configure:7322: checking for BSD- or MS-compatible name lister (nm)
configure:7377: result: /usr/bin/nm -B
configure:7517: checking the name lister (/usr/bin/nm -B) interface
configure:7525: gcc -c -g -O2  conftest.c >&5
configure:7528: /usr/bin/nm -B "conftest.o"
configure:7531: output
0000000000000000 B some_variable
configure:7538: result: BSD nm
configure:7542: checking the maximum length of command line arguments
configure:7674: result: 1572864
configure:7722: checking how to convert x86_64-unknown-linux-gnu file names to x86_64-unknown-linux-gnu format
configure:7763: result: func_convert_file_noop
configure:7770: checking how to convert x86_64-unknown-linux-gnu file names to toolchain format
configure:7791: result: func_convert_file_noop
configure:7798: checking for /usr/bin/ld option to reload object files
configure:7806: result: -r
configure:7885: checking for objdump
configure:7906: found /usr/bin/objdump
configure:7917: result: objdump
configure:7949: checking how to recognize dependent libraries
configure:8150: result: pass_all
configure:8240: checking for dlltool
configure:8275: result: no
configure:8305: checking how to associate runtime and link libraries
configure:8333: result: printf %s\n
configure:8398: checking for ar
configure:8419: found /usr/bin/ar
configure:8430: result: ar
configure:8467: checking for archiver @FILE support
configure:8485: gcc -c -g -O2  conftest.c >&5
configure:8485: $? = 0
configure:8489: ar cr libconftest.a @conftest.lst >&5
configure:8492: $? = 0
configure:8497: ar cr libconftest.a @conftest.lst >&5
ar: conftest.o: No such file or directory
configure:8500: $? = 1
configure:8512: result: @
configure:8575: checking for strip
configure:8596: found /usr/bin/strip
configure:8607: result: strip
configure:8684: checking for ranlib
configure:8705: found /usr/bin/ranlib
configure:8716: result: ranlib
configure:8818: checking command to parse /usr/bin/nm -B output from gcc object
configure:8972: gcc -c -g -O2  conftest.c >&5
configure:8975: $? = 0
configure:8979: /usr/bin/nm -B conftest.o | sed -n -e 's/^.*[	 ]\([ABCDGIRSTW][ABCDGIRSTW]*\)[	 ][	 ]*\([_A-Za-z][_A-Za-z0-9]*\)$/\1 \2 \2/p' | sed '/ __gnu_lto/d' > conftest.nm
configure:9045: gcc -o conftest -g -O2   conftest.c conftstm.o >&5
configure:9048: $? = 0
configure:9086: result: ok
configure:9133: checking for sysroot
configure:9164: result: no
configure:9171: checking for a working dd
configure:9215: result: /usr/bin/dd
configure:9219: checking how to truncate binary pipes
configure:9235: result: /usr/bin/dd bs=4096 count=1
configure:9372: gcc -c -g -O2  conftest.c >&5
configure:9375: $? = 0
configure:9572: checking for mt
configure:9607: result: no
configure:9627: checking if : is a manifest tool
configure:9634: : '-?'
configure:9642: result: no
configure:10368: checking for dlfcn.h
configure:10368: gcc -c -g -O2  conftest.c >&5
configure:10368: $? = 0
configure:10368: result: yes
configure:10596: checking for objdir
configure:10612: result: .libs
configure:10876: checking if gcc supports -fno-rtti -fno-exceptions
configure:10895: gcc -c -g -O2  -fno-rtti -fno-exceptions conftest.c >&5
cc1: warning: command-line option '-fno-rtti' is valid for C++/D/ObjC++ but not for C
configure:10899: $? = 0
configure:10912: result: no
configure:11276: checking for gcc option to produce PIC
configure:11284: result: -fPIC -DPIC
configure:11292: checking if gcc PIC flag -fPIC -DPIC works
configure:11311: gcc -c -g -O2  -fPIC -DPIC -DPIC conftest.c >&5
configure:11315: $? = 0
configure:11328: result: yes
configure:11357: checking if gcc static flag -static works
configure:11386: result: yes
configure:11401: checking if gcc supports -c -o file.o
configure:11423: gcc -c -g -O2  -o out/conftest2.o conftest.c >&5
configure:11427: $? = 0
configure:11449: result: yes
configure:11457: checking if gcc supports -c -o file.o
configure:11505: result: yes
configure:11538: checking whether the gcc linker (/usr/bin/ld -m elf_x86_64) supports shared libraries
configure:12808: result: yes
configure:12845: checking whether -lc should be explicitly linked in
configure:12854: gcc -c -g -O2  conftest.c >&5
configure:12857: $? = 0
configure:12872: gcc -shared  -fPIC -DPIC conftest.o  -v -Wl,-soname -Wl,conftest -o conftest 2\>\&1 \| /usr/bin/grep  -lc  \>/dev/null 2\>\&1
configure:12875: $? = 0
configure:12889: result: no
configure:13049: checking dynamic linker characteristics
configure:13631: gcc -o conftest -g -O2   -Wl,-rpath -Wl,/foo conftest.c -lm  >&5
configure:13631: $? = 0
configure:13882: result: GNU/Linux ld.so
configure:14004: checking how to hardcode library paths into programs
configure:14029: result: immediate
configure:14581: checking whether stripping libraries is possible
configure:14586: result: yes
configure:14621: checking if libtool supports shared libraries
configure:14623: result: yes
configure:14626: checking whether to build shared libraries
configure:14651: result: yes
configure:14654: checking whether to build static libraries
configure:14658: result: no
configure:14720: checking for audiofile >= 0.2.2
configure:14727: $PKG_CONFIG --exists --print-errors "audiofile >= 0.2.2"
configure:14730: $? = 0
configure:14744: $PKG_CONFIG --exists --print-errors "audiofile >= 0.2.2"
configure:14747: $? = 0
configure:14805: result: yes
configure:14863: checking for mad_decoder_init in -lmad
configure:14886: gcc -o conftest -g -O2   conftest.c -lmad  -lm  >&5
configure:14886: $? = 0
configure:14896: result: yes
configure:14955: checking whether NLS is requested
configure:14965: result: yes
configure:15003: checking for msgfmt
configure: trying /usr/bin/msgfmt...
0 translated messages.
configure:15036: result: /usr/bin/msgfmt
configure:15045: checking for gmsgfmt
configure:15081: result: /usr/bin/msgfmt
configure:15121: checking for xgettext
configure: trying /usr/bin/xgettext...
/usr/bin/xgettext: warning: file '/dev/null' extension '' is unknown; will try C
configure:15154: result: /usr/bin/xgettext
configure:15194: checking for msgmerge
configure: trying /usr/bin/msgmerge...
configure:15226: result: /usr/bin/msgmerge
configure:15302: checking for ld used by GCC
configure:15367: result: /usr/bin/ld -m elf_x86_64
configure:15374: checking if the linker (/usr/bin/ld -m elf_x86_64) is GNU ld
configure:15388: result: yes
configure:15396: checking for shared library run path origin
configure:15410: result: done
configure:15828: checking for CFPreferencesCopyAppValue
configure:15849: gcc -o conftest -g -O2  -I/System/Library/Frameworks/CoreFoundation.framework/Headers  conftest.c -lm  -framework CoreFoundation >&5
gcc: error: unrecognized command-line option '-framework'
configure:15849: $? = 1
configure: failed program was:
| /* confdefs.h */
| #define PACKAGE_NAME "normalize"
| #define PACKAGE_TARNAME "normalize"
| #define PACKAGE_VERSION "0.7.7"
| #define PACKAGE_STRING "normalize 0.7.7"
| #define PACKAGE_BUGREPORT ""
| #define PACKAGE_URL ""
| #define PACKAGE "normalize"
| #define VERSION "0.7.7"
| #define HAVE_STDIO_H 1
| #define HAVE_STDLIB_H 1
| #define HAVE_STRING_H 1
| #define HAVE_INTTYPES_H 1
| #define HAVE_STDINT_H 1
| #define HAVE_STRINGS_H 1
| #define HAVE_SYS_STAT_H 1
| #define HAVE_SYS_TYPES_H 1
| #define HAVE_UNISTD_H 1
| #define STDC_HEADERS 1
| #define HAVE_STRING_H 1
| #define HAVE_MATH_H 1
| #define HAVE_CTYPE_H 1
| #define HAVE_FCNTL_H 1
| #define HAVE_UNISTD_H 1
| #define HAVE_BYTESWAP_H 1
| #define HAVE_SYS_TYPES_H 1
| #define HAVE_SYS_STAT_H 1
| #define HAVE_SYS_MMAN_H 1
| #define HAVE_LOCALE_H 1
| #define HAVE_STDINT_H 1
| #define HAVE_INTTYPES_H 1
| #define HAVE_ERRNO_H 1
| #define HAVE_LIBM 1
| #define HAVE_STRERROR 1
| #define HAVE_STRTOD 1
| #define HAVE_STRCHR 1
| #define HAVE_MEMCPY 1
| #define HAVE_FTRUNCATE 1
| #define SIZEOF_CHAR 1
| #define SIZEOF_SHORT 2
| #define SIZEOF_INT 4
| #define SIZEOF_LONG 8
| #define __TYPE8__ char
| #define __TYPE16__ short
| #define __TYPE32__ int
| #define HAVE_INT8_T 1
| #define HAVE_INT16_T 1
| #define HAVE_INT32_T 1
| #define HAVE_UINT8_T 1
| #define HAVE_UINT16_T 1
| #define HAVE_UINT32_T 1
| #define USE_LOOKUPTABLE 1
| #define HAVE_DLFCN_H 1
| #define LT_OBJDIR ".libs/"
| #define USE_AUDIOFILE 1
| #define USE_MAD 1
| /* end confdefs.h.  */
| #include <CFPreferences.h>
| int
| main (void)
| {
| CFPreferencesCopyAppValue(NULL, NULL)
|   ;
|   return 0;
| }
configure:15860: result: no
configure:15867: checking for CFLocaleCopyCurrent
configure:15888: gcc -o conftest -g -O2  -I/System/Library/Frameworks/CoreFoundation.framework/Headers  conftest.c -lm  -framework CoreFoundation >&5
gcc: error: unrecognized command-line option '-framework'
configure:15888: $? = 1
configure: failed program was:
| /* confdefs.h */
| #define PACKAGE_NAME "normalize"
| #define PACKAGE_TARNAME "normalize"
| #define PACKAGE_VERSION "0.7.7"
| #define PACKAGE_STRING "normalize 0.7.7"
| #define PACKAGE_BUGREPORT ""
| #define PACKAGE_URL ""
| #define PACKAGE "normalize"
| #define VERSION "0.7.7"
| #define HAVE_STDIO_H 1
| #define HAVE_STDLIB_H 1
| #define HAVE_STRING_H 1
| #define HAVE_INTTYPES_H 1
| #define HAVE_STDINT_H 1
| #define HAVE_STRINGS_H 1
| #define HAVE_SYS_STAT_H 1
| #define HAVE_SYS_TYPES_H 1
| #define HAVE_UNISTD_H 1
| #define STDC_HEADERS 1
| #define HAVE_STRING_H 1
| #define HAVE_MATH_H 1
| #define HAVE_CTYPE_H 1
| #define HAVE_FCNTL_H 1
| #define HAVE_UNISTD_H 1
| #define HAVE_BYTESWAP_H 1
| #define HAVE_SYS_TYPES_H 1
| #define HAVE_SYS_STAT_H 1
| #define HAVE_SYS_MMAN_H 1
| #define HAVE_LOCALE_H 1
| #define HAVE_STDINT_H 1
| #define HAVE_INTTYPES_H 1
| #define HAVE_ERRNO_H 1
| #define HAVE_LIBM 1
| #define HAVE_STRERROR 1
| #define HAVE_STRTOD 1
| #define HAVE_STRCHR 1
| #define HAVE_MEMCPY 1
| #define HAVE_FTRUNCATE 1
| #define SIZEOF_CHAR 1
| #define SIZEOF_SHORT 2
| #define SIZEOF_INT 4
| #define SIZEOF_LONG 8
| #define __TYPE8__ char
| #define __TYPE16__ short
| #define __TYPE32__ int
| #define HAVE_INT8_T 1
| #define HAVE_INT16_T 1
| #define HAVE_INT32_T 1
| #define HAVE_UINT8_T 1
| #define HAVE_UINT16_T 1
| #define HAVE_UINT32_T 1
| #define USE_LOOKUPTABLE 1
| #define HAVE_DLFCN_H 1
| #define LT_OBJDIR ".libs/"
| #define USE_AUDIOFILE 1
| #define USE_MAD 1
| /* end confdefs.h.  */
| #include <CFLocale.h>
| int
| main (void)
| {
| CFLocaleCopyCurrent();
|   ;
|   return 0;
| }
configure:15899: result: no
configure:15914: checking whether NLS is requested
configure:15924: result: yes
configure:15942: checking for GNU gettext in libc
configure:15962: gcc -o conftest -g -O2   conftest.c -lm  >&5
configure:15962: $? = 0
configure:15971: result: yes
configure:16566: checking whether to use NLS
configure:16568: result: yes
configure:16571: checking where the gettext function comes from
configure:16582: result: libc
configure:16744: checking that generated files are newer than configure
configure:16750: result: done
configure:16782: creating ./config.status

## ---------------------- ##
## Running config.status. ##
## ---------------------- ##

This file was extended by normalize config.status 0.7.7, which was
generated by GNU Autoconf 2.71.  Invocation command line was

  CONFIG_FILES    = 
  CONFIG_HEADERS  = 
  CONFIG_LINKS    = 
  CONFIG_COMMANDS = 
  $ ./config.status 

on faf737f6cdd7

config.status:1174: creating config/Makefile
config.status:1282: WARNING:  'config/Makefile.in' seems to ignore the --datarootdir setting
config.status:1174: creating src/normalize-mp3
config.status:1174: creating Makefile
config.status:1282: WARNING:  'Makefile.in' seems to ignore the --datarootdir setting
config.status:1174: creating doc/Makefile
config.status:1282: WARNING:  'doc/Makefile.in' seems to ignore the --datarootdir setting
config.status:1174: creating doc/fr/Makefile
config.status:1282: WARNING:  'doc/fr/Makefile.in' seems to ignore the --datarootdir setting
config.status:1174: creating po/Makefile.in
config.status:1282: WARNING:  'po/Makefile.in.in' seems to ignore the --datarootdir setting
config.status:1174: creating src/Makefile
config.status:1282: WARNING:  'src/Makefile.in' seems to ignore the --datarootdir setting
config.status:1174: creating nid3lib/Makefile
config.status:1282: WARNING:  'nid3lib/Makefile.in' seems to ignore the --datarootdir setting
config.status:1174: creating xmms-rva/Makefile
config.status:1282: WARNING:  'xmms-rva/Makefile.in' seems to ignore the --datarootdir setting
config.status:1174: creating test/Makefile
config.status:1282: WARNING:  'test/Makefile.in' seems to ignore the --datarootdir setting
config.status:1174: creating config.h
config.status:1355: config.h is unchanged
config.status:1403: executing depfiles commands
config.status:1403: executing libtool commands
config.status:1403: executing default-1 commands

## ---------------- ##
## Cache variables. ##
## ---------------- ##

ac_cv_build=x86_64-unknown-linux-gnu
ac_cv_c_bigendian=no
ac_cv_c_compiler_gnu=yes
ac_cv_c_const=yes
ac_cv_c_inline=inline
ac_cv_dosfile=no
ac_cv_env_AUDIOFILE_CFLAGS_set=
ac_cv_env_AUDIOFILE_CFLAGS_value=
ac_cv_env_AUDIOFILE_LIBS_set=
ac_cv_env_AUDIOFILE_LIBS_value=
ac_cv_env_CC_set=
ac_cv_env_CC_value=
ac_cv_env_CFLAGS_set=
ac_cv_env_CFLAGS_value=
ac_cv_env_CPPFLAGS_set=
ac_cv_env_CPPFLAGS_value=
ac_cv_env_GLIB_CFLAGS_set=
ac_cv_env_GLIB_CFLAGS_value=
ac_cv_env_GLIB_LIBS_set=
ac_cv_env_GLIB_LIBS_value=
ac_cv_env_GTK_CFLAGS_set=
ac_cv_env_GTK_CFLAGS_value=
ac_cv_env_GTK_LIBS_set=
ac_cv_env_GTK_LIBS_value=
ac_cv_env_LDFLAGS_set=
ac_cv_env_LDFLAGS_value=
ac_cv_env_LIBS_set=
ac_cv_env_LIBS_value=
ac_cv_env_LT_SYS_LIBRARY_PATH_set=
ac_cv_env_LT_SYS_LIBRARY_PATH_value=
ac_cv_env_PKG_CONFIG_LIBDIR_set=
ac_cv_env_PKG_CONFIG_LIBDIR_value=
ac_cv_env_PKG_CONFIG_PATH_set=
ac_cv_env_PKG_CONFIG_PATH_value=
ac_cv_env_PKG_CONFIG_set=
ac_cv_env_PKG_CONFIG_value=
ac_cv_env_XMMS_CFLAGS_set=
ac_cv_env_XMMS_CFLAGS_value=
ac_cv_env_XMMS_LIBS_set=
ac_cv_env_XMMS_LIBS_value=
ac_cv_env_build_alias_set=
ac_cv_env_build_alias_value=
ac_cv_env_host_alias_set=
ac_cv_env_host_alias_value=
ac_cv_env_target_alias_set=
ac_cv_env_target_alias_value=
ac_cv_func_ftruncate=yes
ac_cv_func_memcpy=yes
ac_cv_func_strchr=yes
ac_cv_func_strerror=yes
ac_cv_func_strtod=yes
ac_cv_header_byteswap_h=yes
ac_cv_header_ctype_h=yes
ac_cv_header_dlfcn_h=yes
ac_cv_header_errno_h=yes
ac_cv_header_fcntl_h=yes
ac_cv_header_inttypes_h=yes
ac_cv_header_locale_h=yes
ac_cv_header_math_h=yes
ac_cv_header_stdint_h=yes
ac_cv_header_stdio_h=yes
ac_cv_header_stdlib_h=yes
ac_cv_header_string_h=yes
ac_cv_header_strings_h=yes
ac_cv_header_sys_mman_h=yes
ac_cv_header_sys_stat_h=yes
ac_cv_header_sys_types_h=yes
ac_cv_header_unistd_h=yes
ac_cv_host=x86_64-unknown-linux-gnu
ac_cv_lib_m_sqrt=yes
ac_cv_lib_mad_mad_decoder_init=yes
ac_cv_objext=o
ac_cv_path_EGREP='/usr/bin/grep -E'
ac_cv_path_FGREP='/usr/bin/grep -F'
ac_cv_path_GMSGFMT=/usr/bin/msgfmt
ac_cv_path_GREP=/usr/bin/grep
ac_cv_path_MSGFMT=/usr/bin/msgfmt
ac_cv_path_MSGMERGE=/usr/bin/msgmerge
ac_cv_path_PERL=/usr/bin/perl
ac_cv_path_SED=/usr/bin/sed
ac_cv_path_XGETTEXT=/usr/bin/xgettext
ac_cv_path_ac_pt_PKG_CONFIG=/usr/bin/pkg-config
ac_cv_path_install='/usr/bin/install -c'
ac_cv_path_lt_DD=/usr/bin/dd
ac_cv_path_mkdir=/usr/bin/mkdir
ac_cv_prog_AWK=mawk
ac_cv_prog_ac_ct_AR=ar
ac_cv_prog_ac_ct_CC=gcc
ac_cv_prog_ac_ct_OBJDUMP=objdump
ac_cv_prog_ac_ct_RANLIB=ranlib
ac_cv_prog_ac_ct_STRIP=strip
ac_cv_prog_cc_c11=
ac_cv_prog_cc_g=yes
ac_cv_prog_cc_stdc=
ac_cv_prog_make_make_set=yes
ac_cv_search_strerror='none required'
ac_cv_sizeof_char=1
ac_cv_sizeof_int=4
ac_cv_sizeof_long=8
ac_cv_sizeof_short=2
ac_cv_type_int16_t=yes
ac_cv_type_int32_t=yes
ac_cv_type_int8_t=yes
ac_cv_type_off_t=yes
ac_cv_type_size_t=yes
ac_cv_type_uint16_t=yes
ac_cv_type_uint32_t=yes
ac_cv_type_uint8_t=yes
acl_cv_hardcode_direct=no
acl_cv_hardcode_libdir_flag_spec='${wl}-rpath ${wl}$libdir'
acl_cv_hardcode_libdir_separator=
acl_cv_hardcode_minus_L=no
acl_cv_libext=a
acl_cv_path_LD='/usr/bin/ld -m elf_x86_64'
acl_cv_prog_gnu_ld=yes
acl_cv_rpath=done
acl_cv_shlibext=so
acl_cv_wl=-Wl,
am_cv_CC_dependencies_compiler_type=gcc3
am_cv_make_support_nested_variables=yes
am_cv_prog_cc_c_o=yes
gt_cv_func_CFLocaleCopyCurrent=no
gt_cv_func_CFPreferencesCopyAppValue=no
gt_cv_func_gnugettext1_libc=yes
lt_cv_ar_at_file=@
lt_cv_archive_cmds_need_lc=no
lt_cv_deplibs_check_method=pass_all
lt_cv_file_magic_cmd='$MAGIC_CMD'
lt_cv_file_magic_test_file=
lt_cv_ld_reload_flag=-r
lt_cv_nm_interface='BSD nm'
lt_cv_objdir=.libs
lt_cv_path_LD=/usr/bin/ld
lt_cv_path_NM='/usr/bin/nm -B'
lt_cv_path_mainfest_tool=no
lt_cv_prog_compiler_c_o=yes
lt_cv_prog_compiler_pic='-fPIC -DPIC'
lt_cv_prog_compiler_pic_works=yes
lt_cv_prog_compiler_rtti_exceptions=no
lt_cv_prog_compiler_static_works=yes
lt_cv_prog_gnu_ld=yes
lt_cv_sharedlib_from_linklib_cmd='printf %s\n'
lt_cv_shlibpath_overrides_runpath=yes
lt_cv_sys_global_symbol_pipe='sed -n -e '\''s/^.*[	 ]\([ABCDGIRSTW][ABCDGIRSTW]*\)[	 ][	 ]*\([_A-Za-z][_A-Za-z0-9]*\)$/\1 \2 \2/p'\'' | sed '\''/ __gnu_lto/d'\'''
lt_cv_sys_global_symbol_to_c_name_address='sed -n -e '\''s/^: \(.*\) .*$/  {"\1", (void *) 0},/p'\'' -e '\''s/^[ABCDGIRSTW][ABCDGIRSTW]* .* \(.*\)$/  {"\1", (void *) \&\1},/p'\'''
lt_cv_sys_global_symbol_to_c_name_address_lib_prefix='sed -n -e '\''s/^: \(.*\) .*$/  {"\1", (void *) 0},/p'\'' -e '\''s/^[ABCDGIRSTW][ABCDGIRSTW]* .* \(lib.*\)$/  {"\1", (void *) \&\1},/p'\'' -e '\''s/^[ABCDGIRSTW][ABCDGIRSTW]* .* \(.*\)$/  {"lib\1", (void *) \&\1},/p'\'''
lt_cv_sys_global_symbol_to_cdecl='sed -n -e '\''s/^T .* \(.*\)$/extern int \1();/p'\'' -e '\''s/^[ABCDGIRSTW][ABCDGIRSTW]* .* \(.*\)$/extern char \1;/p'\'''
lt_cv_sys_global_symbol_to_import=
lt_cv_sys_max_cmd_len=1572864
lt_cv_to_host_file_cmd=func_convert_file_noop
lt_cv_to_tool_file_cmd=func_convert_file_noop
lt_cv_truncate_bin='/usr/bin/dd bs=4096 count=1'
pkg_cv_AUDIOFILE_CFLAGS=
pkg_cv_AUDIOFILE_LIBS=-laudiofile
pkg_cv_GLIB_CFLAGS='-I/usr/include/glib-2.0 -I/usr/lib/x86_64-linux-gnu/glib-2.0/include'
pkg_cv_GLIB_LIBS=-lglib-2.0

## ----------------- ##
## Output variables. ##
## ----------------- ##

ACLOCAL='aclocal-1.16'
AMDEPBACKSLASH='\'
AMDEP_FALSE='#'
AMDEP_TRUE=''
AMTAR='$${TAR-tar}'
AM_BACKSLASH='\'
AM_DEFAULT_V='$(AM_DEFAULT_VERBOSITY)'
AM_DEFAULT_VERBOSITY='1'
AM_V='$(V)'
AR='ar'
AUDIOFILE_CFLAGS=''
AUDIOFILE_FALSE='#'
AUDIOFILE_LIBS='-laudiofile'
AUDIOFILE_TRUE=''
AUTOCONF='autoconf'
AUTOHEADER='autoheader'
AUTOMAKE='automake-1.16'
AWK='mawk'
CC='gcc'
CCDEPMODE='depmode=gcc3'
CFLAGS='-g -O2'
CPPFLAGS=''
CSCOPE='cscope'
CTAGS='ctags'
CYGPATH_W='echo'
DEFS='-DHAVE_CONFIG_H'
DEPDIR='.deps'
DLLTOOL='false'
DSYMUTIL=''
DUMPBIN=''
ECHO_C=''
ECHO_N='-n'
ECHO_T=''
EGREP='/usr/bin/grep -E'
ETAGS='etags'
EXEEXT=''
FGREP='/usr/bin/grep -F'
FLACDECODE=''
FLACENCODE=''
GLIB_CFLAGS='-I/usr/include/glib-2.0 -I/usr/lib/x86_64-linux-gnu/glib-2.0/include'
GLIB_LIBS='-lglib-2.0'
GMSGFMT='/usr/bin/msgfmt'
GREP='/usr/bin/grep'
GTK_CFLAGS=''
GTK_LIBS=''
INSTALL_DATA='${INSTALL} -m 644'
INSTALL_PROGRAM='${INSTALL}'
INSTALL_SCRIPT='${INSTALL}'
INSTALL_STRIP_PROGRAM='$(install_sh) -c -s'
INTLLIBS=''
INTL_MACOSX_LIBS=''
LD='/usr/bin/ld -m elf_x86_64'
LDFLAGS=''
LIBICONV='-liconv'
LIBINTL=''
LIBOBJS=''
LIBS='-lm '
LIBTOOL='$(SHELL) $(top_builddir)/libtool'
LIPO=''
LN_S='ln -s'
LTLIBICONV='-liconv'
LTLIBINTL=''
LTLIBOBJS=''
LT_SYS_LIBRARY_PATH=''
MADLIBS='-lmad'
MAD_FALSE='#'
MAD_TRUE=''
MAKEINFO='makeinfo'
MANIFEST_TOOL=':'
METAFLAC=''
MKDIR_P='/usr/bin/mkdir -p'
MKINSTALLDIRS='$(top_builddir)/./config//mkinstalldirs'
MP3DECODE=' -q -o %w %m'
MP3ENCODE=' -quiet %w %m'
MSGFMT='/usr/bin/msgfmt'
MSGMERGE='/usr/bin/msgmerge'
NM='/usr/bin/nm -B'
NMEDIT=''
NORMALIZE_BIN='normalize'
OBJDUMP='objdump'
OBJEXT='o'
OGGDECODE=' -q -d wav -f %w %m'
OGGENCODE=''
OTOOL64=''
OTOOL=''
PACKAGE='normalize'
PACKAGE_BUGREPORT=''
PACKAGE_NAME='normalize'
PACKAGE_STRING='normalize 0.7.7'
PACKAGE_TARNAME='normalize'
PACKAGE_URL=''
PACKAGE_VERSION='0.7.7'
PATH_SEPARATOR=':'
PERL='/usr/bin/perl'
PKG_CONFIG='/usr/bin/pkg-config'
PKG_CONFIG_LIBDIR=''
PKG_CONFIG_PATH=''
PLUGINS=''
POSUB='po'
RANLIB='ranlib'
SED='/usr/bin/sed'
SET_MAKE=''
SHELL='/bin/bash'
STRIP='strip'
USE_NLS='yes'
VERSION='0.7.7'
VORBISCOMMENT=''
XGETTEXT='/usr/bin/xgettext'
XMMS_CFLAGS=''
XMMS_LIBS=''
ac_ct_AR='ar'
ac_ct_CC='gcc'
ac_ct_DUMPBIN=''
am__EXEEXT_FALSE=''
am__EXEEXT_TRUE='#'
am__fastdepCC_FALSE='#'
am__fastdepCC_TRUE=''
am__include='include'
am__isrc=''
am__leading_dot='.'
am__nodep='_no'
am__quote=''
am__tar='$${TAR-tar} chof - "$$tardir"'
am__untar='$${TAR-tar} xf -'
bindir='${exec_prefix}/bin'
build='x86_64-unknown-linux-gnu'
build_alias=''
build_cpu='x86_64'
build_os='linux-gnu'
build_vendor='unknown'
datadir='${datarootdir}'
datarootdir='${prefix}/share'
docdir='${datarootdir}/doc/${PACKAGE_TARNAME}'
dvidir='${docdir}'
exec_prefix='${prefix}'
host='x86_64-unknown-linux-gnu'
host_alias=''
host_cpu='x86_64'
host_os='linux-gnu'
host_vendor='unknown'
htmldir='${docdir}'
includedir='${prefix}/include'
infodir='${datarootdir}/info'
install_sh='${SHELL} /root/oss-experiment/data/normalize-audio-0.7.7/config/install-sh'
libdir='${exec_prefix}/lib'
libexecdir='${exec_prefix}/libexec'
localedir='${datarootdir}/locale'
localstatedir='${prefix}/var'
mandir='${datarootdir}/man'
mkdir_p='$(MKDIR_P)'
oldincludedir='/usr/include'
pdfdir='${docdir}'
prefix='/usr/local'
program_transform_name='s,x,x,'
psdir='${docdir}'
runstatedir='${localstatedir}/run'
sbindir='${exec_prefix}/sbin'
sharedstatedir='${prefix}/com'
sysconfdir='${prefix}/etc'
target_alias=''

## ----------- ##
## confdefs.h. ##
## ----------- ##

/* confdefs.h */
#define PACKAGE_NAME "normalize"
#define PACKAGE_TARNAME "normalize"
#define PACKAGE_VERSION "0.7.7"
#define PACKAGE_STRING "normalize 0.7.7"
#define PACKAGE_BUGREPORT ""
#define PACKAGE_URL ""
#define PACKAGE "normalize"
#define VERSION "0.7.7"
#define HAVE_STDIO_H 1
#define HAVE_STDLIB_H 1
#define HAVE_STRING_H 1
#define HAVE_INTTYPES_H 1
#define HAVE_STDINT_H 1
#define HAVE_STRINGS_H 1
#define HAVE_SYS_STAT_H 1
#define HAVE_SYS_TYPES_H 1
#define HAVE_UNISTD_H 1
#define STDC_HEADERS 1
#define HAVE_STRING_H 1
#define HAVE_MATH_H 1
#define HAVE_CTYPE_H 1
#define HAVE_FCNTL_H 1
#define HAVE_UNISTD_H 1
#define HAVE_BYTESWAP_H 1
#define HAVE_SYS_TYPES_H 1
#define HAVE_SYS_STAT_H 1
#define HAVE_SYS_MMAN_H 1
#define HAVE_LOCALE_H 1
#define HAVE_STDINT_H 1
#define HAVE_INTTYPES_H 1
#define HAVE_ERRNO_H 1
#define HAVE_LIBM 1
#define HAVE_STRERROR 1
#define HAVE_STRTOD 1
#define HAVE_STRCHR 1
#define HAVE_MEMCPY 1
#define HAVE_FTRUNCATE 1
#define SIZEOF_CHAR 1
#define SIZEOF_SHORT 2
#define SIZEOF_INT 4
#define SIZEOF_LONG 8
#define __TYPE8__ char
#define __TYPE16__ short
#define __TYPE32__ int
#define HAVE_INT8_T 1
#define HAVE_INT16_T 1
#define HAVE_INT32_T 1
#define HAVE_UINT8_T 1
#define HAVE_UINT16_T 1
#define HAVE_UINT32_T 1
#define USE_LOOKUPTABLE 1
#define HAVE_DLFCN_H 1
#define LT_OBJDIR ".libs/"
#define USE_AUDIOFILE 1
#define USE_MAD 1
#define ENABLE_NLS 1
#define HAVE_GETTEXT 1
#define HAVE_DCGETTEXT 1

configure: exit 0

## ---------------------- ##
## Running config.status. ##
## ---------------------- ##

This file was extended by normalize config.status 0.7.7, which was
generated by GNU Autoconf 2.71.  Invocation command line was

  CONFIG_FILES    = 
  CONFIG_HEADERS  = 
  CONFIG_LINKS    = 
  CONFIG_COMMANDS = 
  $ ./config.status Makefile

on faf737f6cdd7

config.status:1174: creating Makefile

## ---------------------- ##
## Running config.status. ##
## ---------------------- ##

This file was extended by normalize config.status 0.7.7, which was
generated by GNU Autoconf 2.71.  Invocation command line was

  CONFIG_FILES    = 
  CONFIG_HEADERS  = 
  CONFIG_LINKS    = 
  CONFIG_COMMANDS = 
  $ ./config.status doc/Makefile

on faf737f6cdd7

config.status:1174: creating doc/Makefile

## ---------------------- ##
## Running config.status. ##
## ---------------------- ##

This file was extended by normalize config.status 0.7.7, which was
generated by GNU Autoconf 2.71.  Invocation command line was

  CONFIG_FILES    = 
  CONFIG_HEADERS  = 
  CONFIG_LINKS    = 
  CONFIG_COMMANDS = 
  $ ./config.status doc/fr/Makefile

on faf737f6cdd7

config.status:1174: creating doc/fr/Makefile

## ---------------------- ##
## Running config.status. ##
## ---------------------- ##

This file was extended by normalize config.status 0.7.7, which was
generated by GNU Autoconf 2.71.  Invocation command line was

  CONFIG_FILES    = 
  CONFIG_HEADERS  = 
  CONFIG_LINKS    = 
  CONFIG_COMMANDS = 
  $ ./config.status nid3lib/Makefile depfiles

on faf737f6cdd7

config.status:1174: creating nid3lib/Makefile
config.status:1403: executing depfiles commands
config.status:1480: cd nid3lib       && sed -e '/# am--include-marker/d' Makefile         | make -f - am--depfiles
make[3]: Entering directory '/root/oss-experiment/data/normalize-audio-0.7.7/nid3lib'
make[3]: Nothing to be done for 'am--depfiles'.
make[3]: Leaving directory '/root/oss-experiment/data/normalize-audio-0.7.7/nid3lib'
config.status:1485: $? = 0

## ---------------------- ##
## Running config.status. ##
## ---------------------- ##

This file was extended by normalize config.status 0.7.7, which was
generated by GNU Autoconf 2.71.  Invocation command line was

  CONFIG_FILES    = 
  CONFIG_HEADERS  = 
  CONFIG_LINKS    = 
  CONFIG_COMMANDS = 
  $ ./config.status src/Makefile depfiles

on faf737f6cdd7

config.status:1174: creating src/Makefile
config.status:1403: executing depfiles commands
config.status:1480: cd src       && sed -e '/# am--include-marker/d' Makefile         | make -f - am--depfiles
make[3]: Entering directory '/root/oss-experiment/data/normalize-audio-0.7.7/src'
make[3]: Nothing to be done for 'am--depfiles'.
make[3]: Leaving directory '/root/oss-experiment/data/normalize-audio-0.7.7/src'
config.status:1485: $? = 0

## ---------------------- ##
## Running config.status. ##
## ---------------------- ##

This file was extended by normalize config.status 0.7.7, which was
generated by GNU Autoconf 2.71.  Invocation command line was

  CONFIG_FILES    = 
  CONFIG_HEADERS  = 
  CONFIG_LINKS    = 
  CONFIG_COMMANDS = 
  $ ./config.status config/Makefile

on faf737f6cdd7

config.status:1174: creating config/Makefile

## ---------------------- ##
## Running config.status. ##
## ---------------------- ##

This file was extended by normalize config.status 0.7.7, which was
generated by GNU Autoconf 2.71.  Invocation command line was

  CONFIG_FILES    = 
  CONFIG_HEADERS  = 
  CONFIG_LINKS    = 
  CONFIG_COMMANDS = 
  $ ./config.status test/Makefile

on faf737f6cdd7

config.status:1174: creating test/Makefile
