This file contains any messages produced by compilers while
running configure, to aid debugging if configure makes a mistake.

It was created by alsa-utils configure 1.2.6, which was
generated by GNU Autoconf 2.71.  Invocation command line was

  $ ./configure --no-create --no-recursion

## --------- ##
## Platform. ##
## --------- ##

hostname = faf737f6cdd7
uname -m = x86_64
uname -r = 5.15.0-101-generic
uname -s = Linux
uname -v = #111-Ubuntu SMP Tue Mar 5 20:16:58 UTC 2024

/usr/bin/uname -p = x86_64
/bin/uname -X     = unknown

/bin/arch              = x86_64
/usr/bin/arch -k       = unknown
/usr/convex/getsysinfo = unknown
/usr/bin/hostinfo      = unknown
/bin/machine           = unknown
/usr/bin/oslevel       = unknown
/bin/universe          = unknown

PATH: /root/oss-experiment/data/alsa-utils-1.2.6/sparrow/.bin/
PATH: /usr/local/sbin/
PATH: /usr/local/bin/
PATH: /usr/sbin/
PATH: /usr/bin/
PATH: /sbin/
PATH: /bin/
PATH: /root/patron-experiment/sparrow/bin/


## ----------- ##
## Core tests. ##
## ----------- ##

configure:2577: looking for aux files: config.guess config.sub compile config.rpath missing install-sh
configure:2590:  trying ./
configure:2619:   ./config.guess found
configure:2619:   ./config.sub found
configure:2619:   ./compile found
configure:2619:   ./config.rpath found
configure:2619:   ./missing found
configure:2601:   ./install-sh found
configure:2750: checking for a BSD-compatible install
configure:2823: result: /usr/bin/install -c
configure:2834: checking whether build environment is sane
configure:2889: result: yes
configure:3048: checking for a race-free mkdir -p
configure:3092: result: /usr/bin/mkdir -p
configure:3099: checking for gawk
configure:3134: result: no
configure:3099: checking for mawk
configure:3120: found /usr/bin/mawk
configure:3131: result: mawk
configure:3142: checking whether make sets $(MAKE)
configure:3165: result: yes
configure:3195: checking whether make supports nested variables
configure:3213: result: yes
configure:3351: checking whether to enable maintainer-specific portions of Makefiles
configure:3361: result: yes
configure:3375: checking for a sed that does not truncate output
configure:3445: result: /usr/bin/sed
configure:3451: checking whether NLS is requested
configure:3461: result: yes
configure:3501: checking for msgfmt
configure: trying /usr/bin/msgfmt...
0 translated messages.
configure:3534: result: /usr/bin/msgfmt
configure:3543: checking for gmsgfmt
configure:3579: result: /usr/bin/msgfmt
configure:3624: checking for xgettext
configure: trying /usr/bin/xgettext...
/usr/bin/xgettext: warning: file '/dev/null' extension '' is unknown; will try C
configure:3657: result: /usr/bin/xgettext
configure:3702: checking for msgmerge
configure: trying /usr/bin/msgmerge...
configure:3734: result: /usr/bin/msgmerge
configure:3788: checking whether make supports the include directive
configure:3803: make -f confmf.GNU && cat confinc.out
make[1]: Entering directory '/root/oss-experiment/data/alsa-utils-1.2.6'
make[1]: Leaving directory '/root/oss-experiment/data/alsa-utils-1.2.6'
this is the am__doit target
configure:3806: $? = 0
configure:3825: result: yes (GNU style)
configure:3901: checking for gcc
configure:3922: found /root/oss-experiment/data/alsa-utils-1.2.6/sparrow/.bin/gcc
configure:3933: result: gcc
configure:4286: checking for C compiler version
configure:4295: gcc --version >&5
gcc (Ubuntu 11.4.0-1ubuntu1~22.04) 11.4.0
Copyright (C) 2021 Free Software Foundation, Inc.
This is free software; see the source for copying conditions.  There is NO
warranty; not even for MERCHANTABILITY or FITNESS FOR A PARTICULAR PURPOSE.

configure:4306: $? = 0
configure:4295: gcc -v >&5
Using built-in specs.
COLLECT_GCC=gcc
COLLECT_LTO_WRAPPER=/usr/lib/gcc/x86_64-linux-gnu/11/lto-wrapper
OFFLOAD_TARGET_NAMES=nvptx-none:amdgcn-amdhsa
OFFLOAD_TARGET_DEFAULT=1
Target: x86_64-linux-gnu
Configured with: ../src/configure -v --with-pkgversion='Ubuntu 11.4.0-1ubuntu1~22.04' --with-bugurl=file:///usr/share/doc/gcc-11/README.Bugs --enable-languages=c,ada,c++,go,brig,d,fortran,objc,obj-c++,m2 --prefix=/usr --with-gcc-major-version-only --program-suffix=-11 --program-prefix=x86_64-linux-gnu- --enable-shared --enable-linker-build-id --libexecdir=/usr/lib --without-included-gettext --enable-threads=posix --libdir=/usr/lib --enable-nls --enable-bootstrap --enable-clocale=gnu --enable-libstdcxx-debug --enable-libstdcxx-time=yes --with-default-libstdcxx-abi=new --enable-gnu-unique-object --disable-vtable-verify --enable-plugin --enable-default-pie --with-system-zlib --enable-libphobos-checking=release --with-target-system-zlib=auto --enable-objc-gc=auto --enable-multiarch --disable-werror --enable-cet --with-arch-32=i686 --with-abi=m64 --with-multilib-list=m32,m64,mx32 --enable-multilib --with-tune=generic --enable-offload-targets=nvptx-none=/build/gcc-11-XeT9lY/gcc-11-11.4.0/debian/tmp-nvptx/usr,amdgcn-amdhsa=/build/gcc-11-XeT9lY/gcc-11-11.4.0/debian/tmp-gcn/usr --without-cuda-driver --enable-checking=release --build=x86_64-linux-gnu --host=x86_64-linux-gnu --target=x86_64-linux-gnu --with-build-config=bootstrap-lto-lean --enable-link-serialization=2
Thread model: posix
Supported LTO compression algorithms: zlib zstd
gcc version 11.4.0 (Ubuntu 11.4.0-1ubuntu1~22.04) 
... rest of stderr output deleted ...
configure:4306: $? = 0
configure:4295: gcc -V >&5
gcc: error: unrecognized command-line option '-V'
gcc: fatal error: no input files
compilation terminated.
configure:4306: $? = 1
configure:4295: gcc -qversion >&5
gcc: error: unrecognized command-line option '-qversion'; did you mean '--version'?
gcc: fatal error: no input files
compilation terminated.
configure:4306: $? = 1
configure:4295: gcc -version >&5
gcc: error: unrecognized command-line option '-version'
gcc: fatal error: no input files
compilation terminated.
configure:4306: $? = 1
configure:4326: checking whether the C compiler works
configure:4348: gcc    conftest.c  >&5
configure:4352: $? = 0
configure:4402: result: yes
configure:4405: checking for C compiler default output file name
configure:4407: result: a.out
configure:4413: checking for suffix of executables
configure:4420: gcc -o conftest    conftest.c  >&5
configure:4424: $? = 0
configure:4447: result: 
configure:4469: checking whether we are cross compiling
configure:4477: gcc -o conftest    conftest.c  >&5
configure:4481: $? = 0
configure:4488: ./conftest
configure:4492: $? = 0
configure:4507: result: no
configure:4512: checking for suffix of object files
configure:4535: gcc -c   conftest.c >&5
configure:4539: $? = 0
configure:4561: result: o
configure:4565: checking whether the compiler supports GNU C
configure:4585: gcc -c   conftest.c >&5
configure:4585: $? = 0
configure:4595: result: yes
configure:4606: checking whether gcc accepts -g
configure:4627: gcc -c -g  conftest.c >&5
configure:4627: $? = 0
configure:4671: result: yes
configure:4691: checking for gcc option to enable C11 features
configure:4706: gcc  -c -g -O2  conftest.c >&5
configure:4706: $? = 0
configure:4724: result: none needed
configure:4840: checking whether gcc understands -c and -o together
configure:4863: gcc -c conftest.c -o conftest2.o
configure:4866: $? = 0
configure:4863: gcc -c conftest.c -o conftest2.o
configure:4866: $? = 0
configure:4878: result: yes
configure:4897: checking dependency style of gcc
configure:5009: result: gcc3
configure:5030: checking build system type
configure:5045: result: x86_64-pc-linux-gnu
configure:5065: checking host system type
configure:5079: result: x86_64-pc-linux-gnu
configure:5127: checking for ld used by gcc
configure:5255: result: /root/oss-experiment/data/alsa-utils-1.2.6/sparrow/.bin/ld
configure:5262: checking if the linker (/root/oss-experiment/data/alsa-utils-1.2.6/sparrow/.bin/ld) is GNU ld
configure:5278: result: yes
configure:5286: checking for shared library run path origin
configure:5300: result: done
configure:5322: checking 32-bit host C ABI
configure:5389: gcc -c -g -O2  conftest.c >&5
configure:5389: $? = 0
configure:5585: result: no
configure:5595: checking how to run the C preprocessor
configure:5621: gcc -E  conftest.c
configure:5621: $? = 0
configure:5636: gcc -E  conftest.c
conftest.c:11:10: fatal error: ac_nonexistent.h: No such file or directory
   11 | #include <ac_nonexistent.h>
      |          ^~~~~~~~~~~~~~~~~~
compilation terminated.
configure:5636: $? = 1
configure: failed program was:
| /* confdefs.h */
| #define PACKAGE_NAME "alsa-utils"
| #define PACKAGE_TARNAME "alsa-utils"
| #define PACKAGE_VERSION "1.2.6"
| #define PACKAGE_STRING "alsa-utils 1.2.6"
| #define PACKAGE_BUGREPORT ""
| #define PACKAGE_URL ""
| #define PACKAGE "alsa-utils"
| #define VERSION "1.2.6"
| /* end confdefs.h.  */
| #include <ac_nonexistent.h>
configure:5663: result: gcc -E
configure:5677: gcc -E  conftest.c
configure:5677: $? = 0
configure:5692: gcc -E  conftest.c
conftest.c:11:10: fatal error: ac_nonexistent.h: No such file or directory
   11 | #include <ac_nonexistent.h>
      |          ^~~~~~~~~~~~~~~~~~
compilation terminated.
configure:5692: $? = 1
configure: failed program was:
| /* confdefs.h */
| #define PACKAGE_NAME "alsa-utils"
| #define PACKAGE_TARNAME "alsa-utils"
| #define PACKAGE_VERSION "1.2.6"
| #define PACKAGE_STRING "alsa-utils 1.2.6"
| #define PACKAGE_BUGREPORT ""
| #define PACKAGE_URL ""
| #define PACKAGE "alsa-utils"
| #define VERSION "1.2.6"
| /* end confdefs.h.  */
| #include <ac_nonexistent.h>
configure:5723: checking for grep that handles long lines and -e
configure:5787: result: /usr/bin/grep
configure:5792: checking for egrep
configure:5860: result: /usr/bin/grep -E
configure:5869: checking for ELF binary format
configure:5893: result: yes
configure:5942: checking for the common suffixes of directories in the library search path
configure:6011: result: lib,lib,lib64
configure:6529: checking for CFPreferencesCopyAppValue
configure:6548: gcc -o conftest -g -O2   conftest.c  -Wl,-framework -Wl,CoreFoundation >&5
conftest.c:11:10: fatal error: CoreFoundation/CFPreferences.h: No such file or directory
   11 | #include <CoreFoundation/CFPreferences.h>
      |          ^~~~~~~~~~~~~~~~~~~~~~~~~~~~~~~~
compilation terminated.
configure:6548: $? = 1
configure: failed program was:
| /* confdefs.h */
| #define PACKAGE_NAME "alsa-utils"
| #define PACKAGE_TARNAME "alsa-utils"
| #define PACKAGE_VERSION "1.2.6"
| #define PACKAGE_STRING "alsa-utils 1.2.6"
| #define PACKAGE_BUGREPORT ""
| #define PACKAGE_URL ""
| #define PACKAGE "alsa-utils"
| #define VERSION "1.2.6"
| /* end confdefs.h.  */
| #include <CoreFoundation/CFPreferences.h>
| int
| main (void)
| {
| CFPreferencesCopyAppValue(NULL, NULL)
|   ;
|   return 0;
| }
configure:6558: result: no
configure:6565: checking for CFLocaleCopyPreferredLanguages
configure:6584: gcc -o conftest -g -O2   conftest.c  -Wl,-framework -Wl,CoreFoundation >&5
conftest.c:11:10: fatal error: CoreFoundation/CFLocale.h: No such file or directory
   11 | #include <CoreFoundation/CFLocale.h>
      |          ^~~~~~~~~~~~~~~~~~~~~~~~~~~
compilation terminated.
configure:6584: $? = 1
configure: failed program was:
| /* confdefs.h */
| #define PACKAGE_NAME "alsa-utils"
| #define PACKAGE_TARNAME "alsa-utils"
| #define PACKAGE_VERSION "1.2.6"
| #define PACKAGE_STRING "alsa-utils 1.2.6"
| #define PACKAGE_BUGREPORT ""
| #define PACKAGE_URL ""
| #define PACKAGE "alsa-utils"
| #define VERSION "1.2.6"
| /* end confdefs.h.  */
| #include <CoreFoundation/CFLocale.h>
| int
| main (void)
| {
| CFLocaleCopyPreferredLanguages();
|   ;
|   return 0;
| }
configure:6594: result: no
configure:6644: checking for GNU gettext in libc
configure:6674: gcc -o conftest -g -O2   conftest.c  >&5
configure:6674: $? = 0
configure:6684: result: yes
configure:7575: checking whether to use NLS
configure:7577: result: yes
configure:7580: checking where the gettext function comes from
configure:7591: result: libc
configure:7704: checking for gcc
configure:7736: result: gcc
configure:8089: checking for C compiler version
configure:8098: gcc --version >&5
gcc (Ubuntu 11.4.0-1ubuntu1~22.04) 11.4.0
Copyright (C) 2021 Free Software Foundation, Inc.
This is free software; see the source for copying conditions.  There is NO
warranty; not even for MERCHANTABILITY or FITNESS FOR A PARTICULAR PURPOSE.

configure:8109: $? = 0
configure:8098: gcc -v >&5
Using built-in specs.
COLLECT_GCC=gcc
COLLECT_LTO_WRAPPER=/usr/lib/gcc/x86_64-linux-gnu/11/lto-wrapper
OFFLOAD_TARGET_NAMES=nvptx-none:amdgcn-amdhsa
OFFLOAD_TARGET_DEFAULT=1
Target: x86_64-linux-gnu
Configured with: ../src/configure -v --with-pkgversion='Ubuntu 11.4.0-1ubuntu1~22.04' --with-bugurl=file:///usr/share/doc/gcc-11/README.Bugs --enable-languages=c,ada,c++,go,brig,d,fortran,objc,obj-c++,m2 --prefix=/usr --with-gcc-major-version-only --program-suffix=-11 --program-prefix=x86_64-linux-gnu- --enable-shared --enable-linker-build-id --libexecdir=/usr/lib --without-included-gettext --enable-threads=posix --libdir=/usr/lib --enable-nls --enable-bootstrap --enable-clocale=gnu --enable-libstdcxx-debug --enable-libstdcxx-time=yes --with-default-libstdcxx-abi=new --enable-gnu-unique-object --disable-vtable-verify --enable-plugin --enable-default-pie --with-system-zlib --enable-libphobos-checking=release --with-target-system-zlib=auto --enable-objc-gc=auto --enable-multiarch --disable-werror --enable-cet --with-arch-32=i686 --with-abi=m64 --with-multilib-list=m32,m64,mx32 --enable-multilib --with-tune=generic --enable-offload-targets=nvptx-none=/build/gcc-11-XeT9lY/gcc-11-11.4.0/debian/tmp-nvptx/usr,amdgcn-amdhsa=/build/gcc-11-XeT9lY/gcc-11-11.4.0/debian/tmp-gcn/usr --without-cuda-driver --enable-checking=release --build=x86_64-linux-gnu --host=x86_64-linux-gnu --target=x86_64-linux-gnu --with-build-config=bootstrap-lto-lean --enable-link-serialization=2
Thread model: posix
Supported LTO compression algorithms: zlib zstd
gcc version 11.4.0 (Ubuntu 11.4.0-1ubuntu1~22.04) 
... rest of stderr output deleted ...
configure:8109: $? = 0
configure:8098: gcc -V >&5
gcc: error: unrecognized command-line option '-V'
gcc: fatal error: no input files
compilation terminated.
configure:8109: $? = 1
configure:8098: gcc -qversion >&5
gcc: error: unrecognized command-line option '-qversion'; did you mean '--version'?
gcc: fatal error: no input files
compilation terminated.
configure:8109: $? = 1
configure:8098: gcc -version >&5
gcc: error: unrecognized command-line option '-version'
gcc: fatal error: no input files
compilation terminated.
configure:8109: $? = 1
configure:8113: checking whether the compiler supports GNU C
configure:8143: result: yes
configure:8154: checking whether gcc accepts -g
configure:8219: result: yes
configure:8239: checking for gcc option to enable C11 features
configure:8272: result: none needed
configure:8388: checking whether gcc understands -c and -o together
configure:8426: result: yes
configure:8445: checking dependency style of gcc
configure:8557: result: gcc3
configure:8574: checking whether ln -s works
configure:8578: result: yes
configure:8585: checking for a sed that does not truncate output
configure:8655: result: /usr/bin/sed
configure:8719: checking for pkg-config
configure:8742: found /usr/bin/pkg-config
configure:8754: result: /usr/bin/pkg-config
configure:8779: checking pkg-config is at least version 0.9.0
configure:8782: result: yes
configure:8834: checking for ALSA CFLAGS
configure:8840: result: 
configure:8843: checking for dlopen in -lc
configure:8866: gcc -o conftest -g -O2   conftest.c -lc   >&5
configure:8866: $? = 0
configure:8876: result: yes
configure:8925: checking for ALSA LDFLAGS
configure:8934: result:  -lasound -lm  -lpthread
configure:8939: checking required libasound headers version
configure:8949: result: 1.2.5
configure:8958: checking for libasound headers version >= 1.2.5 (1.2.5)
configure:9005: gcc -c -g -O2  conftest.c >&5
configure:9005: $? = 0
configure:9007: result: found.
configure:9030: checking for libatopology (sound headers version > 1.1.9)
configure:9057: gcc -c -g -O2  conftest.c >&5
conftest.c:16:10: fatal error: alsa/topology.h: No such file or directory
   16 | #include <alsa/topology.h>
      |          ^~~~~~~~~~~~~~~~~
compilation terminated.
configure:9057: $? = 1
configure: failed program was:
| /* confdefs.h */
| #define PACKAGE_NAME "alsa-utils"
| #define PACKAGE_TARNAME "alsa-utils"
| #define PACKAGE_VERSION "1.2.6"
| #define PACKAGE_STRING "alsa-utils 1.2.6"
| #define PACKAGE_BUGREPORT ""
| #define PACKAGE_URL ""
| #define PACKAGE "alsa-utils"
| #define VERSION "1.2.6"
| #define ENABLE_NLS 1
| #define HAVE_GETTEXT 1
| #define HAVE_DCGETTEXT 1
| /* end confdefs.h.  */
| 
| #include <alsa/asoundlib.h>
| #include <alsa/topology.h>
| 
| int
| main (void)
| {
| 
| /* ensure backward compatibility */
| #if !defined(SND_LIB_VERSION)
| #define SND_LIB_VERSION 0
| #endif
| #if SND_LIB_VERSION > 0x00010109
|   exit(0);
| #else
| # error not present
| #endif
| exit(0);
| 
|   ;
|   return 0;
| }
configure:9063: result: no
configure:9077: checking for snd_ctl_open in -lasound
configure:9100: gcc -o conftest -g -O2   conftest.c -lasound   -lasound -lm  -lpthread  >&5
configure:9100: $? = 0
configure:9110: result: yes
configure:9199: checking for ALSA topology LDFLAGS
configure:9204: result: 
configure:9212: checking for snd_ctl_elem_add_enumerated
configure:9212: gcc -o conftest -g -O2   conftest.c -lasound -lm -lpthread >&5
configure:9212: $? = 0
configure:9212: result: yes
configure:9224: checking for alsa/pcm.h
configure:9224: gcc -c -g -O2  conftest.c >&5
configure:9224: $? = 0
configure:9224: result: yes
configure:9237: checking for alsa/mixer.h
configure:9237: gcc -c -g -O2  conftest.c >&5
configure:9237: $? = 0
configure:9237: result: yes
configure:9250: checking for alsa/rawmidi.h
configure:9250: gcc -c -g -O2  conftest.c >&5
configure:9250: $? = 0
configure:9250: result: yes
configure:9263: checking for alsa/seq.h
configure:9263: gcc -c -g -O2  conftest.c >&5
configure:9263: $? = 0
configure:9263: result: yes
configure:9276: checking for alsa/use-case.h
configure:9276: gcc -c -g -O2  conftest.c >&5
configure:9276: $? = 0
configure:9276: result: yes
configure:9289: checking for alsa/topology.h
configure:9289: gcc -c -g -O2  conftest.c >&5
conftest.c:22:10: fatal error: alsa/topology.h: No such file or directory
   22 | #include <alsa/topology.h>
      |          ^~~~~~~~~~~~~~~~~
compilation terminated.
configure:9289: $? = 1
configure: failed program was:
| /* confdefs.h */
| #define PACKAGE_NAME "alsa-utils"
| #define PACKAGE_TARNAME "alsa-utils"
| #define PACKAGE_VERSION "1.2.6"
| #define PACKAGE_STRING "alsa-utils 1.2.6"
| #define PACKAGE_BUGREPORT ""
| #define PACKAGE_URL ""
| #define PACKAGE "alsa-utils"
| #define VERSION "1.2.6"
| #define ENABLE_NLS 1
| #define HAVE_GETTEXT 1
| #define HAVE_DCGETTEXT 1
| #define HAVE_LIBASOUND 1
| #define HAVE_ALSA_PCM_H 1
| #define HAVE_ALSA_MIXER_H 1
| #define HAVE_ALSA_RAWMIDI_H 1
| #define HAVE_ALSA_SEQ_H 1
| #define HAVE_ALSA_USE_CASE_H 1
| /* end confdefs.h.  */
| #include <alsa/asoundlib.h>
| 
| #include <alsa/topology.h>
configure:9289: result: no
configure:9302: checking for samplerate.h
configure:9302: gcc -c -g -O2  conftest.c >&5
conftest.c:20:10: fatal error: samplerate.h: No such file or directory
   20 | #include <samplerate.h>
      |          ^~~~~~~~~~~~~~
compilation terminated.
configure:9302: $? = 1
configure: failed program was:
| /* confdefs.h */
| #define PACKAGE_NAME "alsa-utils"
| #define PACKAGE_TARNAME "alsa-utils"
| #define PACKAGE_VERSION "1.2.6"
| #define PACKAGE_STRING "alsa-utils 1.2.6"
| #define PACKAGE_BUGREPORT ""
| #define PACKAGE_URL ""
| #define PACKAGE "alsa-utils"
| #define VERSION "1.2.6"
| #define ENABLE_NLS 1
| #define HAVE_GETTEXT 1
| #define HAVE_DCGETTEXT 1
| #define HAVE_LIBASOUND 1
| #define HAVE_ALSA_PCM_H 1
| #define HAVE_ALSA_MIXER_H 1
| #define HAVE_ALSA_RAWMIDI_H 1
| #define HAVE_ALSA_SEQ_H 1
| #define HAVE_ALSA_USE_CASE_H 1
| /* end confdefs.h.  */
| #include <samplerate.h>
| 
| #include <samplerate.h>
configure:9302: result: no
configure:9314: checking for snd_seq_client_info_get_card in -lasound
configure:9337: gcc -o conftest -g -O2   conftest.c -lasound  -lasound -lm -lpthread >&5
configure:9337: $? = 0
configure:9347: result: yes
configure:9359: checking for snd_seq_client_info_get_pid in -lasound
configure:9382: gcc -o conftest -g -O2   conftest.c -lasound  -lasound -lm -lpthread >&5
configure:9382: $? = 0
configure:9392: result: yes
configure:9404: checking for snd_tplg_save in -latopology
configure:9427: gcc -o conftest -g -O2   conftest.c -latopology  -lasound -lm -lpthread >&5
/usr/bin/ld: cannot find -latopology: No such file or directory
collect2: error: ld returned 1 exit status
configure:9427: $? = 1
configure: failed program was:
| /* confdefs.h */
| #define PACKAGE_NAME "alsa-utils"
| #define PACKAGE_TARNAME "alsa-utils"
| #define PACKAGE_VERSION "1.2.6"
| #define PACKAGE_STRING "alsa-utils 1.2.6"
| #define PACKAGE_BUGREPORT ""
| #define PACKAGE_URL ""
| #define PACKAGE "alsa-utils"
| #define VERSION "1.2.6"
| #define ENABLE_NLS 1
| #define HAVE_GETTEXT 1
| #define HAVE_DCGETTEXT 1
| #define HAVE_LIBASOUND 1
| #define HAVE_ALSA_PCM_H 1
| #define HAVE_ALSA_MIXER_H 1
| #define HAVE_ALSA_RAWMIDI_H 1
| #define HAVE_ALSA_SEQ_H 1
| #define HAVE_ALSA_USE_CASE_H 1
| #define HAVE_SEQ_CLIENT_INFO_GET_CARD 1
| #define HAVE_SEQ_CLIENT_INFO_GET_PID 1
| /* end confdefs.h.  */
| 
| /* Override any GCC internal prototype to avoid an error.
|    Use char because int might match the return type of a GCC
|    builtin and then its argument prototype would still apply.  */
| char snd_tplg_save ();
| int
| main (void)
| {
| return snd_tplg_save ();
|   ;
|   return 0;
| }
configure:9437: result: no
configure:9454: checking for ffado_streaming_init in -lffado
configure:9477: gcc -o conftest -g -O2   conftest.c -lffado  -lasound -lm -lpthread >&5
/usr/bin/ld: cannot find -lffado: No such file or directory
collect2: error: ld returned 1 exit status
configure:9477: $? = 1
configure: failed program was:
| /* confdefs.h */
| #define PACKAGE_NAME "alsa-utils"
| #define PACKAGE_TARNAME "alsa-utils"
| #define PACKAGE_VERSION "1.2.6"
| #define PACKAGE_STRING "alsa-utils 1.2.6"
| #define PACKAGE_BUGREPORT ""
| #define PACKAGE_URL ""
| #define PACKAGE "alsa-utils"
| #define VERSION "1.2.6"
| #define ENABLE_NLS 1
| #define HAVE_GETTEXT 1
| #define HAVE_DCGETTEXT 1
| #define HAVE_LIBASOUND 1
| #define HAVE_ALSA_PCM_H 1
| #define HAVE_ALSA_MIXER_H 1
| #define HAVE_ALSA_RAWMIDI_H 1
| #define HAVE_ALSA_SEQ_H 1
| #define HAVE_ALSA_USE_CASE_H 1
| #define HAVE_SEQ_CLIENT_INFO_GET_CARD 1
| #define HAVE_SEQ_CLIENT_INFO_GET_PID 1
| /* end confdefs.h.  */
| 
| /* Override any GCC internal prototype to avoid an error.
|    Use char because int might match the return type of a GCC
|    builtin and then its argument prototype would still apply.  */
| char ffado_streaming_init ();
| int
| main (void)
| {
| return ffado_streaming_init ();
|   ;
|   return 0;
| }
configure:9487: result: no
configure:9504: checking for memfd_create
configure:9504: gcc -o conftest -g -O2   conftest.c -lasound -lm -lpthread >&5
configure:9504: $? = 0
configure:9504: result: yes
configure:9631: checking for fftwf_malloc in -lfftw3f
configure:9654: gcc -o conftest -g -O2   conftest.c -lfftw3f  -lasound -lm -lpthread >&5
configure:9654: $? = 0
configure:9664: result: yes
configure:9725: checking for sqrtf in -lm
configure:9748: gcc -o conftest -g -O2   conftest.c -lm  -lfftw3f -lasound -lm -lpthread >&5
conftest.c:28:6: warning: conflicting types for built-in function 'sqrtf'; expected 'float(float)' [-Wbuiltin-declaration-mismatch]
   28 | char sqrtf ();
      |      ^~~~~
conftest.c:1:1: note: 'sqrtf' is declared in header '<math.h>'
    1 | /* confdefs.h */
configure:9748: $? = 0
configure:9758: result: yes
configure:9770: checking for pthread_create in -lpthread
configure:9793: gcc -o conftest -g -O2   conftest.c -lpthread  -lm -lfftw3f -lasound -lm -lpthread >&5
configure:9793: $? = 0
configure:9803: result: yes
configure:9843: checking for librt
configure:9855: checking for clock_gettime in -lrt
configure:9878: gcc -o conftest -g -O2   conftest.c -lrt  -lasound -lm -lpthread >&5
configure:9878: $? = 0
configure:9888: result: yes
configure:9990: checking for xmlto
configure:10025: result: no
configure:10052: checking for rst2man
configure:10087: result: no
configure:10124: checking for stdio.h
configure:10124: gcc -c -g -O2  conftest.c >&5
configure:10124: $? = 0
configure:10124: result: yes
configure:10124: checking for stdlib.h
configure:10124: gcc -c -g -O2  conftest.c >&5
configure:10124: $? = 0
configure:10124: result: yes
configure:10124: checking for string.h
configure:10124: gcc -c -g -O2  conftest.c >&5
configure:10124: $? = 0
configure:10124: result: yes
configure:10124: checking for inttypes.h
configure:10124: gcc -c -g -O2  conftest.c >&5
configure:10124: $? = 0
configure:10124: result: yes
configure:10124: checking for stdint.h
configure:10124: gcc -c -g -O2  conftest.c >&5
configure:10124: $? = 0
configure:10124: result: yes
configure:10124: checking for strings.h
configure:10124: gcc -c -g -O2  conftest.c >&5
configure:10124: $? = 0
configure:10124: result: yes
configure:10124: checking for sys/stat.h
configure:10124: gcc -c -g -O2  conftest.c >&5
configure:10124: $? = 0
configure:10124: result: yes
configure:10124: checking for sys/types.h
configure:10124: gcc -c -g -O2  conftest.c >&5
configure:10124: $? = 0
configure:10124: result: yes
configure:10124: checking for unistd.h
configure:10124: gcc -c -g -O2  conftest.c >&5
configure:10124: $? = 0
configure:10124: result: yes
configure:10124: checking for sys/time.h
configure:10124: gcc -c -g -O2  conftest.c >&5
configure:10124: $? = 0
configure:10124: result: yes
configure:10149: checking for egrep
configure:10217: result: /usr/bin/grep -E
configure:10239: checking for ncursesw
configure:10246: $PKG_CONFIG --exists --print-errors "ncursesw"
configure:10249: $? = 0
configure:10263: $PKG_CONFIG --exists --print-errors "ncursesw"
configure:10266: $? = 0
configure:10486: result: yes
configure:10808: checking for curses library
configure:10810: result: ncursesw
configure:10812: checking for curses header name
configure:10814: result: <ncurses.h>
configure:10816: checking for curses compiler flags
configure:10818: result: -D_DEFAULT_SOURCE -D_XOPEN_SOURCE=600
configure:10847: gcc -o conftest -g -O2 -D_DEFAULT_SOURCE -D_XOPEN_SOURCE=600   conftest.c -lncursesw -ltinfo -lasound -lm -lpthread >&5
configure:10847: $? = 0
configure:10860: checking for curses NLS support
configure:10888: result: yes
configure:10900: checking for panel.h
configure:10900: gcc -c -g -O2 -D_DEFAULT_SOURCE -D_XOPEN_SOURCE=600  conftest.c >&5
configure:10900: $? = 0
configure:10900: result: yes
configure:10900: checking for menu.h
configure:10900: gcc -c -g -O2 -D_DEFAULT_SOURCE -D_XOPEN_SOURCE=600  conftest.c >&5
configure:10900: $? = 0
configure:10900: result: yes
configure:10900: checking for form.h
configure:10900: gcc -c -g -O2 -D_DEFAULT_SOURCE -D_XOPEN_SOURCE=600  conftest.c >&5
configure:10900: $? = 0
configure:10900: result: yes
configure:10913: checking for new_panel in -lpanelw
configure:10936: gcc -o conftest -g -O2 -D_DEFAULT_SOURCE -D_XOPEN_SOURCE=600   conftest.c -lpanelw  -lncursesw -ltinfo -lasound -lm -lpthread >&5
configure:10936: $? = 0
configure:10947: result: yes
configure:10957: checking for new_menu in -lmenuw
configure:10980: gcc -o conftest -g -O2 -D_DEFAULT_SOURCE -D_XOPEN_SOURCE=600   conftest.c -lmenuw  -lncursesw -ltinfo -lasound -lm -lpthread >&5
configure:10980: $? = 0
configure:10991: result: yes
configure:11001: checking for new_form in -lformw
configure:11024: gcc -o conftest -g -O2 -D_DEFAULT_SOURCE -D_XOPEN_SOURCE=600   conftest.c -lformw  -lncursesw -ltinfo -lasound -lm -lpthread >&5
configure:11024: $? = 0
configure:11035: result: yes
configure:11053: checking for curses linker flags
configure:11055: result: -lformw -lmenuw -lpanelw -lncursesw -ltinfo
configure:11096: checking for an ANSI C-conforming const
configure:11163: gcc -c -g -O2  conftest.c >&5
configure:11163: $? = 0
configure:11171: result: yes
configure:11179: checking for inline
configure:11196: gcc -c -g -O2  conftest.c >&5
configure:11196: $? = 0
configure:11205: result: inline
configure:11235: checking whether gcc needs -traditional
configure:11272: result: no
configure:11288: checking for special C compiler options needed for large files
configure:11336: result: no
configure:11342: checking for _FILE_OFFSET_BITS value needed for large files
configure:11368: gcc -c -g -O2  conftest.c >&5
configure:11368: $? = 0
configure:11402: result: no
configure:11504: checking for systemd >= 18
configure:11511: $PKG_CONFIG --exists --print-errors "systemd >= 18"
configure:11514: $? = 0
configure:11528: $PKG_CONFIG --exists --print-errors "systemd >= 18"
configure:11531: $? = 0
configure:11569: result: yes
configure:11765: checking that generated files are newer than configure
configure:11771: result: done
configure:11870: creating ./config.status

## ---------------- ##
## Cache variables. ##
## ---------------- ##

ac_cv_build=x86_64-pc-linux-gnu
ac_cv_c_compiler_gnu=yes
ac_cv_c_const=yes
ac_cv_c_inline=inline
ac_cv_env_CC_set=
ac_cv_env_CC_value=
ac_cv_env_CFLAGS_set=
ac_cv_env_CFLAGS_value=
ac_cv_env_CPPFLAGS_set=
ac_cv_env_CPPFLAGS_value=
ac_cv_env_CPP_set=
ac_cv_env_CPP_value=
ac_cv_env_LDFLAGS_set=
ac_cv_env_LDFLAGS_value=
ac_cv_env_LIBS_set=
ac_cv_env_LIBS_value=
ac_cv_env_NCURSESW_CFLAGS_set=
ac_cv_env_NCURSESW_CFLAGS_value=
ac_cv_env_NCURSESW_LIBS_set=
ac_cv_env_NCURSESW_LIBS_value=
ac_cv_env_NCURSES_CFLAGS_set=
ac_cv_env_NCURSES_CFLAGS_value=
ac_cv_env_NCURSES_LIBS_set=
ac_cv_env_NCURSES_LIBS_value=
ac_cv_env_PKG_CONFIG_LIBDIR_set=
ac_cv_env_PKG_CONFIG_LIBDIR_value=
ac_cv_env_PKG_CONFIG_PATH_set=
ac_cv_env_PKG_CONFIG_PATH_value=
ac_cv_env_PKG_CONFIG_set=
ac_cv_env_PKG_CONFIG_value=
ac_cv_env_SYSTEMD_CFLAGS_set=
ac_cv_env_SYSTEMD_CFLAGS_value=
ac_cv_env_SYSTEMD_LIBS_set=
ac_cv_env_SYSTEMD_LIBS_value=
ac_cv_env_build_alias_set=
ac_cv_env_build_alias_value=
ac_cv_env_host_alias_set=
ac_cv_env_host_alias_value=
ac_cv_env_target_alias_set=
ac_cv_env_target_alias_value=
ac_cv_func_memfd_create=yes
ac_cv_func_snd_ctl_elem_add_enumerated=yes
ac_cv_header_alsa_mixer_h=yes
ac_cv_header_alsa_pcm_h=yes
ac_cv_header_alsa_rawmidi_h=yes
ac_cv_header_alsa_seq_h=yes
ac_cv_header_alsa_topology_h=no
ac_cv_header_alsa_use_case_h=yes
ac_cv_header_form_h=yes
ac_cv_header_inttypes_h=yes
ac_cv_header_menu_h=yes
ac_cv_header_panel_h=yes
ac_cv_header_samplerate_h=no
ac_cv_header_stdint_h=yes
ac_cv_header_stdio_h=yes
ac_cv_header_stdlib_h=yes
ac_cv_header_string_h=yes
ac_cv_header_strings_h=yes
ac_cv_header_sys_stat_h=yes
ac_cv_header_sys_time_h=yes
ac_cv_header_sys_types_h=yes
ac_cv_header_unistd_h=yes
ac_cv_host=x86_64-pc-linux-gnu
ac_cv_lib_asound_snd_ctl_open=yes
ac_cv_lib_asound_snd_seq_client_info_get_card=yes
ac_cv_lib_asound_snd_seq_client_info_get_pid=yes
ac_cv_lib_atopology_snd_tplg_save=no
ac_cv_lib_c_dlopen=yes
ac_cv_lib_ffado_ffado_streaming_init=no
ac_cv_lib_fftw3f_fftwf_malloc=yes
ac_cv_lib_formw_new_form=yes
ac_cv_lib_m_sqrtf=yes
ac_cv_lib_menuw_new_menu=yes
ac_cv_lib_panelw_new_panel=yes
ac_cv_lib_pthread_pthread_create=yes
ac_cv_lib_rt_clock_gettime=yes
ac_cv_objext=o
ac_cv_path_EGREP='/usr/bin/grep -E'
ac_cv_path_GMSGFMT=/usr/bin/msgfmt
ac_cv_path_GREP=/usr/bin/grep
ac_cv_path_MSGFMT=/usr/bin/msgfmt
ac_cv_path_MSGMERGE=/usr/bin/msgmerge
ac_cv_path_SED=/usr/bin/sed
ac_cv_path_XGETTEXT=/usr/bin/xgettext
ac_cv_path_ac_pt_PKG_CONFIG=/usr/bin/pkg-config
ac_cv_path_install='/usr/bin/install -c'
ac_cv_path_mkdir=/usr/bin/mkdir
ac_cv_prog_AWK=mawk
ac_cv_prog_CPP='gcc -E'
ac_cv_prog_ac_ct_CC=gcc
ac_cv_prog_cc_c11=
ac_cv_prog_cc_g=yes
ac_cv_prog_cc_stdc=
ac_cv_prog_gcc_traditional=no
ac_cv_prog_make_make_set=yes
ac_cv_sys_file_offset_bits=no
ac_cv_sys_largefile_CC=no
acl_cv_hardcode_direct=no
acl_cv_hardcode_libdir_flag_spec='${wl}-rpath ${wl}$libdir'
acl_cv_hardcode_libdir_separator=
acl_cv_hardcode_minus_L=no
acl_cv_libdirstems=lib,lib,lib64
acl_cv_libext=a
acl_cv_libname_spec='lib$name'
acl_cv_library_names_spec='$libname$shrext'
acl_cv_path_LD=/root/oss-experiment/data/alsa-utils-1.2.6/sparrow/.bin/ld
acl_cv_prog_gnu_ld=yes
acl_cv_rpath=done
acl_cv_shlibext=so
acl_cv_wl=-Wl,
am_cv_CC_dependencies_compiler_type=gcc3
am_cv_make_support_nested_variables=yes
am_cv_prog_cc_c_o=yes
gl_cv_elf=yes
gl_cv_host_cpu_c_abi_32bit=no
gt_cv_func_CFLocaleCopyPreferredLanguages=no
gt_cv_func_CFPreferencesCopyAppValue=no
gt_cv_func_gnugettext1_libc=yes
pkg_cv_NCURSESW_CFLAGS='-D_DEFAULT_SOURCE -D_XOPEN_SOURCE=600'
pkg_cv_NCURSESW_LIBS='-lncursesw -ltinfo'
pkg_cv_SYSTEMD_CFLAGS=
pkg_cv_SYSTEMD_LIBS=

## ----------------- ##
## Output variables. ##
## ----------------- ##

ACLOCAL='${SHELL} '\''/root/oss-experiment/data/alsa-utils-1.2.6/missing'\'' aclocal-1.16'
ALSACONF_FALSE='#'
ALSACONF_TRUE=''
ALSACTL_DAEMONSWITCH='/etc/alsa/state-daemon.conf'
ALSACTL_HOME_DIR='/var/run/alsa'
ALSACTL_PIDFILE_DIR='/var/run'
ALSACTL_RUNTIME_DIR='/var/run/alsa/runtime'
ALSALOOP_FALSE='#'
ALSALOOP_TRUE=''
ALSAMIXER_FALSE='#'
ALSAMIXER_TRUE=''
ALSA_CFLAGS=''
ALSA_LIBS=' -lasound -lm  -lpthread'
ALSA_TOPOLOGY_LIBS=''
AMDEPBACKSLASH='\'
AMDEP_FALSE='#'
AMDEP_TRUE=''
AMTAR='$${TAR-tar}'
AM_BACKSLASH='\'
AM_DEFAULT_V='$(AM_DEFAULT_VERBOSITY)'
AM_DEFAULT_VERBOSITY='1'
AM_V='$(V)'
ASOUND_LOCK_DIR='/var/lock'
ASOUND_STATE_DIR='/var/lib/alsa'
AUTOCONF='${SHELL} '\''/root/oss-experiment/data/alsa-utils-1.2.6/missing'\'' autoconf'
AUTOHEADER='${SHELL} '\''/root/oss-experiment/data/alsa-utils-1.2.6/missing'\'' autoheader'
AUTOMAKE='${SHELL} '\''/root/oss-experiment/data/alsa-utils-1.2.6/missing'\'' automake-1.16'
AWK='mawk'
BAT_FALSE='#'
BAT_TRUE=''
CC='gcc'
CCDEPMODE='depmode=gcc3'
CFLAGS='-g -O2'
CPP='gcc -E'
CPPFLAGS=''
CSCOPE='cscope'
CTAGS='ctags'
CURSESINC='<ncurses.h>'
CURSESLIB='-lformw -lmenuw -lpanelw -lncursesw -ltinfo'
CURSES_CFLAGS='-D_DEFAULT_SOURCE -D_XOPEN_SOURCE=600'
CYGPATH_W='echo'
DEFS='-DHAVE_CONFIG_H'
DEPDIR='.deps'
ECHO_C=''
ECHO_N='-n'
ECHO_T=''
EGREP='/usr/bin/grep -E'
ETAGS='etags'
EXEEXT=''
FFTW_CFLAGS='-g -O2'
FFTW_INC=''
FFTW_LIB='-lpthread -lm -lfftw3f -lasound -lm -lpthread'
GETTEXT_MACRO_VERSION='0.20'
GMSGFMT='/usr/bin/msgfmt'
GMSGFMT_015='/usr/bin/msgfmt'
GREP='/usr/bin/grep'
HAVE_FFADO_FALSE=''
HAVE_FFADO_TRUE='#'
HAVE_LIBFFTW3_FALSE='#'
HAVE_LIBFFTW3_TRUE=''
HAVE_LIBTINYALSA_FALSE=''
HAVE_LIBTINYALSA_TRUE='#'
HAVE_MIXER_FALSE='#'
HAVE_MIXER_TRUE=''
HAVE_PCM_FALSE='#'
HAVE_PCM_TRUE=''
HAVE_RAWMIDI_FALSE='#'
HAVE_RAWMIDI_TRUE=''
HAVE_SAMPLERATE_FALSE=''
HAVE_SAMPLERATE_TRUE='#'
HAVE_SEQ_FALSE='#'
HAVE_SEQ_TRUE=''
HAVE_SYSTEMD_FALSE='#'
HAVE_SYSTEMD_TRUE=''
HAVE_TOPOLOGY_FALSE=''
HAVE_TOPOLOGY_TRUE='#'
HAVE_UCM_FALSE='#'
HAVE_UCM_TRUE=''
INSTALL_DATA='${INSTALL} -m 644'
INSTALL_PROGRAM='${INSTALL}'
INSTALL_SCRIPT='${INSTALL}'
INSTALL_STRIP_PROGRAM='$(install_sh) -c -s'
INTLLIBS=''
INTL_MACOSX_LIBS=''
LDFLAGS=''
LIBICONV='-liconv'
LIBINTL=''
LIBOBJS=''
LIBRT='-lrt'
LIBS='-lasound -lm -lpthread'
LN_S='ln -s'
LTLIBICONV='-liconv'
LTLIBINTL=''
LTLIBOBJS=''
MAINT=''
MAINTAINER_MODE_FALSE='#'
MAINTAINER_MODE_TRUE=''
MAKEINFO='${SHELL} '\''/root/oss-experiment/data/alsa-utils-1.2.6/missing'\'' makeinfo'
MKDIR_P='/usr/bin/mkdir -p'
MSGFMT='/usr/bin/msgfmt'
MSGMERGE='/usr/bin/msgmerge'
MSGMERGE_FOR_MSGFMT_OPTION='--for-msgfmt'
NCURSESW_CFLAGS='-D_DEFAULT_SOURCE -D_XOPEN_SOURCE=600'
NCURSESW_LIBS='-lncursesw -ltinfo'
NCURSES_CFLAGS=''
NCURSES_LIBS=''
OBJEXT='o'
PACKAGE='alsa-utils'
PACKAGE_BUGREPORT=''
PACKAGE_NAME='alsa-utils'
PACKAGE_STRING='alsa-utils 1.2.6'
PACKAGE_TARNAME='alsa-utils'
PACKAGE_URL=''
PACKAGE_VERSION='1.2.6'
PATH_SEPARATOR=':'
PKG_CONFIG='/usr/bin/pkg-config'
PKG_CONFIG_LIBDIR=''
PKG_CONFIG_PATH=''
POSUB='po'
SED='/usr/bin/sed'
SET_MAKE=''
SHELL='/bin/bash'
SND_UTIL_MAJOR='1'
SND_UTIL_MINOR='2'
SND_UTIL_SUBMINOR='6'
SND_UTIL_VERSION='1.2.6'
STRIP=''
SYSTEMD_CFLAGS=''
SYSTEMD_LIBS=''
TESTSOUND='/usr/share/test.wav'
USE_NLS='yes'
USE_RST2MAN_FALSE=''
USE_RST2MAN_TRUE='#'
USE_XMLTO_FALSE=''
USE_XMLTO_TRUE='#'
VERSION='1.2.6'
XGETTEXT='/usr/bin/xgettext'
XGETTEXT_015='/usr/bin/xgettext'
XGETTEXT_EXTRA_OPTIONS=''
ac_ct_CC='gcc'
am__EXEEXT_FALSE=''
am__EXEEXT_TRUE='#'
am__fastdepCC_FALSE='#'
am__fastdepCC_TRUE=''
am__include='include'
am__isrc=''
am__leading_dot='.'
am__nodep='_no'
am__quote=''
am__tar='$${TAR-tar} chof - "$$tardir"'
am__untar='$${TAR-tar} xf -'
bindir='${exec_prefix}/bin'
build='x86_64-pc-linux-gnu'
build_alias=''
build_cpu='x86_64'
build_os='linux-gnu'
build_vendor='pc'
datadir='${datarootdir}'
datarootdir='${prefix}/share'
docdir='${datarootdir}/doc/${PACKAGE_TARNAME}'
dvidir='${docdir}'
exec_prefix='${prefix}'
host='x86_64-pc-linux-gnu'
host_alias=''
host_cpu='x86_64'
host_os='linux-gnu'
host_vendor='pc'
htmldir='${docdir}'
includedir='${prefix}/include'
infodir='${datarootdir}/info'
install_sh='${SHELL} /root/oss-experiment/data/alsa-utils-1.2.6/install-sh'
libdir='${exec_prefix}/lib'
libexecdir='${exec_prefix}/libexec'
localedir='${datarootdir}/locale'
localstatedir='${prefix}/var'
mandir='${datarootdir}/man'
mkdir_p='$(MKDIR_P)'
mydatadir='/usr/share/alsa'
ncurses5_config=''
ncursesw5_config=''
oldincludedir='/usr/include'
pdfdir='${docdir}'
prefix='/usr'
program_transform_name='s,x,x,'
psdir='${docdir}'
rst2man_available=''
runstatedir='${localstatedir}/run'
sbindir='${exec_prefix}/sbin'
sharedstatedir='${prefix}/com'
sysconfdir='${prefix}/etc'
systemdsystemunitdir='/lib/systemd/system'
target_alias=''
udevrulesdir='/lib/udev/rules.d'
xmlto_available=''

## ----------- ##
## confdefs.h. ##
## ----------- ##

/* confdefs.h */
#define PACKAGE_NAME "alsa-utils"
#define PACKAGE_TARNAME "alsa-utils"
#define PACKAGE_VERSION "1.2.6"
#define PACKAGE_STRING "alsa-utils 1.2.6"
#define PACKAGE_BUGREPORT ""
#define PACKAGE_URL ""
#define PACKAGE "alsa-utils"
#define VERSION "1.2.6"
#define ENABLE_NLS 1
#define HAVE_GETTEXT 1
#define HAVE_DCGETTEXT 1
#define HAVE_LIBASOUND 1
#define HAVE_ALSA_PCM_H 1
#define HAVE_ALSA_MIXER_H 1
#define HAVE_ALSA_RAWMIDI_H 1
#define HAVE_ALSA_SEQ_H 1
#define HAVE_ALSA_USE_CASE_H 1
#define HAVE_SEQ_CLIENT_INFO_GET_CARD 1
#define HAVE_SEQ_CLIENT_INFO_GET_PID 1
#define HAVE_MEMFD_CREATE 1
#define HAVE_LIBFFTW3F 1
#define HAVE_LIBM 1
#define HAVE_LIBPTHREAD 1
#define HAVE_LIBRT 1
#define HAVE_CLOCK_GETTIME 1
#define HAVE_STDIO_H 1
#define HAVE_STDLIB_H 1
#define HAVE_STRING_H 1
#define HAVE_INTTYPES_H 1
#define HAVE_STDINT_H 1
#define HAVE_STRINGS_H 1
#define HAVE_SYS_STAT_H 1
#define HAVE_SYS_TYPES_H 1
#define HAVE_UNISTD_H 1
#define HAVE_SYS_TIME_H 1
#define STDC_HEADERS 1
#define HAVE_CURSES_ESCDELAY 1
#define ENABLE_NLS_IN_CURSES 1
#define HAVE_PANEL_H 1
#define HAVE_MENU_H 1
#define HAVE_FORM_H 1
#define SOUNDSDIR "/usr/share/sounds/alsa"
#define DATADIR "/usr/share/alsa"
#define TIME_WITH_SYS_TIME 1
#define VERSION "1.2.6"

configure: exit 0

## ---------------------- ##
## Running config.status. ##
## ---------------------- ##

This file was extended by alsa-utils config.status 1.2.6, which was
generated by GNU Autoconf 2.71.  Invocation command line was

  CONFIG_FILES    = 
  CONFIG_HEADERS  = 
  CONFIG_LINKS    = 
  CONFIG_COMMANDS = 
  $ ./config.status 

on faf737f6cdd7

config.status:1015: creating Makefile
config.status:1015: creating alsactl/Makefile
config.status:1015: creating alsactl/init/Makefile
config.status:1015: creating alsamixer/Makefile
config.status:1015: creating amidi/Makefile
config.status:1015: creating amixer/Makefile
config.status:1015: creating m4/Makefile
config.status:1015: creating po/Makefile.in
config.status:1015: creating alsaconf/alsaconf
config.status:1015: creating alsaconf/Makefile
config.status:1015: creating alsaconf/po/Makefile
config.status:1123: WARNING:  'alsaconf/po/Makefile.in' seems to ignore the --datarootdir setting
config.status:1015: creating alsaucm/Makefile
config.status:1015: creating topology/Makefile
config.status:1015: creating bat/Makefile
config.status:1015: creating bat/tests/Makefile
config.status:1015: creating bat/tests/asound_state/Makefile
config.status:1015: creating aplay/Makefile
config.status:1015: creating include/Makefile
config.status:1015: creating iecset/Makefile
config.status:1015: creating utils/Makefile
config.status:1015: creating utils/alsa-utils.spec
config.status:1015: creating seq/Makefile
config.status:1015: creating seq/aconnect/Makefile
config.status:1015: creating seq/aplaymidi/Makefile
config.status:1015: creating seq/aseqdump/Makefile
config.status:1015: creating seq/aseqnet/Makefile
config.status:1015: creating speaker-test/Makefile
config.status:1015: creating speaker-test/samples/Makefile
config.status:1015: creating alsaloop/Makefile
config.status:1015: creating alsa-info/Makefile
config.status:1015: creating axfer/Makefile
config.status:1015: creating axfer/test/Makefile
config.status:1015: creating include/aconfig.h
config.status:1196: include/aconfig.h is unchanged
config.status:1244: executing po-directories commands
config.status:1244: executing depfiles commands
config.status:1432: cd alsactl       && sed -e '/# am--include-marker/d' Makefile         | make -f - am--depfiles
make[1]: Entering directory '/root/oss-experiment/data/alsa-utils-1.2.6/alsactl'
make[1]: Nothing to be done for 'am--depfiles'.
make[1]: Leaving directory '/root/oss-experiment/data/alsa-utils-1.2.6/alsactl'
config.status:1437: $? = 0
config.status:1432: cd alsamixer       && sed -e '/# am--include-marker/d' Makefile         | make -f - am--depfiles
make[1]: Entering directory '/root/oss-experiment/data/alsa-utils-1.2.6/alsamixer'
make[1]: Nothing to be done for 'am--depfiles'.
make[1]: Leaving directory '/root/oss-experiment/data/alsa-utils-1.2.6/alsamixer'
config.status:1437: $? = 0
config.status:1432: cd amidi       && sed -e '/# am--include-marker/d' Makefile         | make -f - am--depfiles
make[1]: Entering directory '/root/oss-experiment/data/alsa-utils-1.2.6/amidi'
make[1]: Nothing to be done for 'am--depfiles'.
make[1]: Leaving directory '/root/oss-experiment/data/alsa-utils-1.2.6/amidi'
config.status:1437: $? = 0
config.status:1432: cd amixer       && sed -e '/# am--include-marker/d' Makefile         | make -f - am--depfiles
make[1]: Entering directory '/root/oss-experiment/data/alsa-utils-1.2.6/amixer'
make[1]: Nothing to be done for 'am--depfiles'.
make[1]: Leaving directory '/root/oss-experiment/data/alsa-utils-1.2.6/amixer'
config.status:1437: $? = 0
config.status:1432: cd alsaucm       && sed -e '/# am--include-marker/d' Makefile         | make -f - am--depfiles
make[1]: Entering directory '/root/oss-experiment/data/alsa-utils-1.2.6/alsaucm'
make[1]: Nothing to be done for 'am--depfiles'.
make[1]: Leaving directory '/root/oss-experiment/data/alsa-utils-1.2.6/alsaucm'
config.status:1437: $? = 0
config.status:1432: cd topology       && sed -e '/# am--include-marker/d' Makefile         | make -f - am--depfiles
make[1]: Entering directory '/root/oss-experiment/data/alsa-utils-1.2.6/topology'
make[1]: Nothing to be done for 'am--depfiles'.
make[1]: Leaving directory '/root/oss-experiment/data/alsa-utils-1.2.6/topology'
config.status:1437: $? = 0
config.status:1432: cd bat       && sed -e '/# am--include-marker/d' Makefile         | make -f - am--depfiles
make[1]: Entering directory '/root/oss-experiment/data/alsa-utils-1.2.6/bat'
make[1]: Nothing to be done for 'am--depfiles'.
make[1]: Leaving directory '/root/oss-experiment/data/alsa-utils-1.2.6/bat'
config.status:1437: $? = 0
config.status:1432: cd aplay       && sed -e '/# am--include-marker/d' Makefile         | make -f - am--depfiles
make[1]: Entering directory '/root/oss-experiment/data/alsa-utils-1.2.6/aplay'
make[1]: Nothing to be done for 'am--depfiles'.
make[1]: Leaving directory '/root/oss-experiment/data/alsa-utils-1.2.6/aplay'
config.status:1437: $? = 0
config.status:1432: cd iecset       && sed -e '/# am--include-marker/d' Makefile         | make -f - am--depfiles
make[1]: Entering directory '/root/oss-experiment/data/alsa-utils-1.2.6/iecset'
make[1]: Nothing to be done for 'am--depfiles'.
make[1]: Leaving directory '/root/oss-experiment/data/alsa-utils-1.2.6/iecset'
config.status:1437: $? = 0
config.status:1432: cd seq/aconnect       && sed -e '/# am--include-marker/d' Makefile         | make -f - am--depfiles
make[1]: Entering directory '/root/oss-experiment/data/alsa-utils-1.2.6/seq/aconnect'
make[1]: Nothing to be done for 'am--depfiles'.
make[1]: Leaving directory '/root/oss-experiment/data/alsa-utils-1.2.6/seq/aconnect'
config.status:1437: $? = 0
config.status:1432: cd seq/aplaymidi       && sed -e '/# am--include-marker/d' Makefile         | make -f - am--depfiles
make[1]: Entering directory '/root/oss-experiment/data/alsa-utils-1.2.6/seq/aplaymidi'
make[1]: Nothing to be done for 'am--depfiles'.
make[1]: Leaving directory '/root/oss-experiment/data/alsa-utils-1.2.6/seq/aplaymidi'
config.status:1437: $? = 0
config.status:1432: cd seq/aseqdump       && sed -e '/# am--include-marker/d' Makefile         | make -f - am--depfiles
make[1]: Entering directory '/root/oss-experiment/data/alsa-utils-1.2.6/seq/aseqdump'
make[1]: Nothing to be done for 'am--depfiles'.
make[1]: Leaving directory '/root/oss-experiment/data/alsa-utils-1.2.6/seq/aseqdump'
config.status:1437: $? = 0
config.status:1432: cd seq/aseqnet       && sed -e '/# am--include-marker/d' Makefile         | make -f - am--depfiles
make[1]: Entering directory '/root/oss-experiment/data/alsa-utils-1.2.6/seq/aseqnet'
make[1]: Nothing to be done for 'am--depfiles'.
make[1]: Leaving directory '/root/oss-experiment/data/alsa-utils-1.2.6/seq/aseqnet'
config.status:1437: $? = 0
config.status:1432: cd speaker-test       && sed -e '/# am--include-marker/d' Makefile         | make -f - am--depfiles
make[1]: Entering directory '/root/oss-experiment/data/alsa-utils-1.2.6/speaker-test'
make[1]: Nothing to be done for 'am--depfiles'.
make[1]: Leaving directory '/root/oss-experiment/data/alsa-utils-1.2.6/speaker-test'
config.status:1437: $? = 0
config.status:1432: cd alsaloop       && sed -e '/# am--include-marker/d' Makefile         | make -f - am--depfiles
make[1]: Entering directory '/root/oss-experiment/data/alsa-utils-1.2.6/alsaloop'
make[1]: Nothing to be done for 'am--depfiles'.
make[1]: Leaving directory '/root/oss-experiment/data/alsa-utils-1.2.6/alsaloop'
config.status:1437: $? = 0
config.status:1432: cd axfer       && sed -e '/# am--include-marker/d' Makefile         | make -f - am--depfiles
make[1]: Entering directory '/root/oss-experiment/data/alsa-utils-1.2.6/axfer'
make[1]: Nothing to be done for 'am--depfiles'.
make[1]: Leaving directory '/root/oss-experiment/data/alsa-utils-1.2.6/axfer'
config.status:1437: $? = 0
config.status:1432: cd axfer/test       && sed -e '/# am--include-marker/d' Makefile         | make -f - am--depfiles
make[1]: Entering directory '/root/oss-experiment/data/alsa-utils-1.2.6/axfer/test'
make[1]: Nothing to be done for 'am--depfiles'.
make[1]: Leaving directory '/root/oss-experiment/data/alsa-utils-1.2.6/axfer/test'
config.status:1437: $? = 0

## ---------------------- ##
## Running config.status. ##
## ---------------------- ##

This file was extended by alsa-utils config.status 1.2.6, which was
generated by GNU Autoconf 2.71.  Invocation command line was

  CONFIG_FILES    = 
  CONFIG_HEADERS  = 
  CONFIG_LINKS    = 
  CONFIG_COMMANDS = 
  $ ./config.status include/aconfig.h

on faf737f6cdd7

config.status:1015: creating include/aconfig.h
config.status:1196: include/aconfig.h is unchanged
