### Generated by smake(r1045) --init 
###           at Tue Apr  9 15:39:29 2024 +0900

## Running make -j
## Started at Tue Apr  9 15:39:30 2024 +0900
cd '/root/oss-experiment/data/cccd-0.3beta4' 
'gcc' '-c' '-pthread' '-I/usr/include/gtk-2.0' '-I/usr/lib/x86_64-linux-gnu/gtk-2.0/include' '-I/usr/include/pango-1.0' '-I/usr/include/atk-1.0' '-I/usr/include/gdk-pixbuf-2.0' '-I/usr/include/x86_64-linux-gnu' '-I/usr/include/pango-1.0' '-I/usr/include/harfbuzz' '-I/usr/include/pango-1.0' '-I/usr/include/libmount' '-I/usr/include/blkid' '-I/usr/include/fribidi' '-I/usr/include/cairo' '-I/usr/include/pixman-1' '-I/usr/include/harfbuzz' '-I/usr/include/glib-2.0' '-I/usr/lib/x86_64-linux-gnu/glib-2.0/include' '-I/usr/include/uuid' '-I/usr/include/freetype2' '-I/usr/include/libpng16' '-DMAILPROG="/usr/bin/mail -i"' 'options.c' 
cd '/root/oss-experiment/data/cccd-0.3beta4' 
'gcc' '-c' '-pthread' '-I/usr/include/gtk-2.0' '-I/usr/lib/x86_64-linux-gnu/gtk-2.0/include' '-I/usr/include/pango-1.0' '-I/usr/include/atk-1.0' '-I/usr/include/gdk-pixbuf-2.0' '-I/usr/include/x86_64-linux-gnu' '-I/usr/include/pango-1.0' '-I/usr/include/harfbuzz' '-I/usr/include/pango-1.0' '-I/usr/include/libmount' '-I/usr/include/blkid' '-I/usr/include/fribidi' '-I/usr/include/cairo' '-I/usr/include/pixman-1' '-I/usr/include/harfbuzz' '-I/usr/include/glib-2.0' '-I/usr/lib/x86_64-linux-gnu/glib-2.0/include' '-I/usr/include/uuid' '-I/usr/include/freetype2' '-I/usr/include/libpng16' '-DMAILPROG="/usr/bin/mail -i"' 'misc.c' 
cd '/root/oss-experiment/data/cccd-0.3beta4' 
'gcc' '-c' '-pthread' '-I/usr/include/gtk-2.0' '-I/usr/lib/x86_64-linux-gnu/gtk-2.0/include' '-I/usr/include/pango-1.0' '-I/usr/include/atk-1.0' '-I/usr/include/gdk-pixbuf-2.0' '-I/usr/include/x86_64-linux-gnu' '-I/usr/include/pango-1.0' '-I/usr/include/harfbuzz' '-I/usr/include/pango-1.0' '-I/usr/include/libmount' '-I/usr/include/blkid' '-I/usr/include/fribidi' '-I/usr/include/cairo' '-I/usr/include/pixman-1' '-I/usr/include/harfbuzz' '-I/usr/include/glib-2.0' '-I/usr/lib/x86_64-linux-gnu/glib-2.0/include' '-I/usr/include/uuid' '-I/usr/include/freetype2' '-I/usr/include/libpng16' '-DMAILPROG="/usr/bin/mail -i"' 'cddbp.c' 
cd '/root/oss-experiment/data/cccd-0.3beta4' 
'gcc' '-c' '-pthread' '-I/usr/include/gtk-2.0' '-I/usr/lib/x86_64-linux-gnu/gtk-2.0/include' '-I/usr/include/pango-1.0' '-I/usr/include/atk-1.0' '-I/usr/include/gdk-pixbuf-2.0' '-I/usr/include/x86_64-linux-gnu' '-I/usr/include/pango-1.0' '-I/usr/include/harfbuzz' '-I/usr/include/pango-1.0' '-I/usr/include/libmount' '-I/usr/include/blkid' '-I/usr/include/fribidi' '-I/usr/include/cairo' '-I/usr/include/pixman-1' '-I/usr/include/harfbuzz' '-I/usr/include/glib-2.0' '-I/usr/lib/x86_64-linux-gnu/glib-2.0/include' '-I/usr/include/uuid' '-I/usr/include/freetype2' '-I/usr/include/libpng16' '-DMAILPROG="/usr/bin/mail -i"' 'cd.c' 
# cc: /root/oss-experiment/data/cccd-0.3beta4/sparrow/options.o.i: preprocessed options.c
# cc: /root/oss-experiment/data/cccd-0.3beta4/sparrow/misc.o.i: preprocessed misc.c
# cc: /root/oss-experiment/data/cccd-0.3beta4/sparrow/cddbp.o.i: preprocessed cddbp.c
# cc: /root/oss-experiment/data/cccd-0.3beta4/sparrow/cd.o.i: preprocessed cd.c
cd '/root/oss-experiment/data/cccd-0.3beta4' 
'gcc' '-c' '-pthread' '-I/usr/include/gtk-2.0' '-I/usr/lib/x86_64-linux-gnu/gtk-2.0/include' '-I/usr/include/pango-1.0' '-I/usr/include/atk-1.0' '-I/usr/include/gdk-pixbuf-2.0' '-I/usr/include/x86_64-linux-gnu' '-I/usr/include/pango-1.0' '-I/usr/include/harfbuzz' '-I/usr/include/pango-1.0' '-I/usr/include/libmount' '-I/usr/include/blkid' '-I/usr/include/fribidi' '-I/usr/include/cairo' '-I/usr/include/pixman-1' '-I/usr/include/harfbuzz' '-I/usr/include/glib-2.0' '-I/usr/lib/x86_64-linux-gnu/glib-2.0/include' '-I/usr/include/uuid' '-I/usr/include/freetype2' '-I/usr/include/libpng16' '-DMAILPROG="/usr/bin/mail -i"' 'cddb.c' 
cd '/root/oss-experiment/data/cccd-0.3beta4' 
'gcc' '-c' '-pthread' '-I/usr/include/gtk-2.0' '-I/usr/lib/x86_64-linux-gnu/gtk-2.0/include' '-I/usr/include/pango-1.0' '-I/usr/include/atk-1.0' '-I/usr/include/gdk-pixbuf-2.0' '-I/usr/include/x86_64-linux-gnu' '-I/usr/include/pango-1.0' '-I/usr/include/harfbuzz' '-I/usr/include/pango-1.0' '-I/usr/include/libmount' '-I/usr/include/blkid' '-I/usr/include/fribidi' '-I/usr/include/cairo' '-I/usr/include/pixman-1' '-I/usr/include/harfbuzz' '-I/usr/include/glib-2.0' '-I/usr/lib/x86_64-linux-gnu/glib-2.0/include' '-I/usr/include/uuid' '-I/usr/include/freetype2' '-I/usr/include/libpng16' '-DMAILPROG="/usr/bin/mail -i"' 'cccd.c' 
cd '/root/oss-experiment/data/cccd-0.3beta4' 
'gcc' '-c' '-pthread' '-I/usr/include/gtk-2.0' '-I/usr/lib/x86_64-linux-gnu/gtk-2.0/include' '-I/usr/include/pango-1.0' '-I/usr/include/atk-1.0' '-I/usr/include/gdk-pixbuf-2.0' '-I/usr/include/x86_64-linux-gnu' '-I/usr/include/pango-1.0' '-I/usr/include/harfbuzz' '-I/usr/include/pango-1.0' '-I/usr/include/libmount' '-I/usr/include/blkid' '-I/usr/include/fribidi' '-I/usr/include/cairo' '-I/usr/include/pixman-1' '-I/usr/include/harfbuzz' '-I/usr/include/glib-2.0' '-I/usr/lib/x86_64-linux-gnu/glib-2.0/include' '-I/usr/include/uuid' '-I/usr/include/freetype2' '-I/usr/include/libpng16' '-DMAILPROG="/usr/bin/mail -i"' 'info.c' 
# cc: /root/oss-experiment/data/cccd-0.3beta4/sparrow/cddb.o.i: preprocessed cddb.c
# cc: /root/oss-experiment/data/cccd-0.3beta4/sparrow/cccd.o.i: preprocessed cccd.c
# cc: /root/oss-experiment/data/cccd-0.3beta4/sparrow/info.o.i: preprocessed info.c
cd '/root/oss-experiment/data/cccd-0.3beta4' 
'gcc' '-o' 'cccd' 'cccd.o' 'cd.o' 'cddb.o' 'cddbp.o' 'info.o' 'options.o' 'misc.o' '-pthread' '-I/usr/include/gtk-2.0' '-I/usr/lib/x86_64-linux-gnu/gtk-2.0/include' '-I/usr/include/pango-1.0' '-I/usr/include/atk-1.0' '-I/usr/include/gdk-pixbuf-2.0' '-I/usr/include/x86_64-linux-gnu' '-I/usr/include/pango-1.0' '-I/usr/include/harfbuzz' '-I/usr/include/pango-1.0' '-I/usr/include/libmount' '-I/usr/include/blkid' '-I/usr/include/fribidi' '-I/usr/include/cairo' '-I/usr/include/pixman-1' '-I/usr/include/harfbuzz' '-I/usr/include/glib-2.0' '-I/usr/lib/x86_64-linux-gnu/glib-2.0/include' '-I/usr/include/uuid' '-I/usr/include/freetype2' '-I/usr/include/libpng16' '-DMAILPROG="/usr/bin/mail -i"' '-L/usr/lib' '-lgtk-x11-2.0' '-lgdk-x11-2.0' '-lpangocairo-1.0' '-latk-1.0' '-lcairo' '-lgdk_pixbuf-2.0' '-lgio-2.0' '-lpangoft2-1.0' '-lpango-1.0' '-lgobject-2.0' '-lglib-2.0' '-lharfbuzz' '-lfontconfig' '-lfreetype' 
# cc: cccd: linking 'none:cccd.o' 'none:cd.o' 'none:cddb.o' 'none:cddbp.o' 'none:info.o' 'none:options.o' 'none:misc.o' 'none:-lgtk-x11-2.0' 'none:-lgdk-x11-2.0' 'none:-lpangocairo-1.0' 'none:-latk-1.0' 'none:-lcairo' 'none:-lgdk_pixbuf-2.0' 'none:-lgio-2.0' 'none:-lpangoft2-1.0' 'none:-lpango-1.0' 'none:-lgobject-2.0' 'none:-lglib-2.0' 'none:-lharfbuzz' 'none:-lfontconfig' 'none:-lfreetype' 
# XXX: cccd: -lgtk-x11-2.0: library not found
# XXX: cccd: -lgdk-x11-2.0: library not found
# XXX: cccd: -lpangocairo-1.0: library not found
# XXX: cccd: -latk-1.0: library not found
# XXX: cccd: -lcairo: library not found
# XXX: cccd: -lgdk_pixbuf-2.0: library not found
# XXX: cccd: -lgio-2.0: library not found
# XXX: cccd: -lpangoft2-1.0: library not found
# XXX: cccd: -lpango-1.0: library not found
# XXX: cccd: -lgobject-2.0: library not found
# XXX: cccd: -lglib-2.0: library not found
# XXX: cccd: -lharfbuzz: library not found
# XXX: cccd: -lfontconfig: library not found
# XXX: cccd: -lfreetype: library not found
## Finished at Tue Apr  9 15:39:30 2024 +0900
