### Generated by smake(r1045) --init 
###           at Tue Apr  9 13:48:12 2024 +0900

## Running make -j
## Started at Tue Apr  9 13:48:13 2024 +0900
cd '/root/oss-experiment/data/stk-4.6.1+dfsg/src' 
'g++' '-O3' '-g' '-O2' '-Wall' '-I../include' '-Iinclude' '-fPIC' '-DHAVE_GETTIMEOFDAY' '-D__LINUX_ALSA__' '-D__LITTLE_ENDIAN__' '-DRAWWAVE_PATH="../../rawwaves/"' '-c' 'FileWvOut.cpp' '-o' 'Release/FileWvOut.o' 
cd '/root/oss-experiment/data/stk-4.6.1+dfsg/src' 
'g++' '-O3' '-g' '-O2' '-Wall' '-I../include' '-Iinclude' '-fPIC' '-DHAVE_GETTIMEOFDAY' '-D__LINUX_ALSA__' '-D__LITTLE_ENDIAN__' '-DRAWWAVE_PATH="../../rawwaves/"' '-c' 'RtWvOut.cpp' '-o' 'Release/RtWvOut.o' 
cd '/root/oss-experiment/data/stk-4.6.1+dfsg/src' 
cd '/root/oss-experiment/data/stk-4.6.1+dfsg/src' 
'g++' '-O3' '-g' '-O2' '-Wall' '-I../include' '-Iinclude' '-fPIC' '-DHAVE_GETTIMEOFDAY' '-D__LINUX_ALSA__' '-D__LITTLE_ENDIAN__' '-DRAWWAVE_PATH="../../rawwaves/"' '-c' 'Thread.cpp' '-o' 'Release/Thread.o' 
'g++' '-O3' '-g' '-O2' '-Wall' '-I../include' '-Iinclude' '-fPIC' '-DHAVE_GETTIMEOFDAY' '-D__LINUX_ALSA__' '-D__LITTLE_ENDIAN__' '-DRAWWAVE_PATH="../../rawwaves/"' '-c' 'BlitSaw.cpp' '-o' 'Release/BlitSaw.o' 
cd '/root/oss-experiment/data/stk-4.6.1+dfsg/src' 
cd '/root/oss-experiment/data/stk-4.6.1+dfsg/src' 
'g++' '-O3' '-g' '-O2' '-Wall' '-I../include' '-Iinclude' '-fPIC' '-DHAVE_GETTIMEOFDAY' '-D__LINUX_ALSA__' '-D__LITTLE_ENDIAN__' '-DRAWWAVE_PATH="../../rawwaves/"' '-c' 'Modulate.cpp' '-o' 'Release/Modulate.o' 
'g++' '-O3' '-g' '-O2' '-Wall' '-I../include' '-Iinclude' '-fPIC' '-DHAVE_GETTIMEOFDAY' '-D__LINUX_ALSA__' '-D__LITTLE_ENDIAN__' '-DRAWWAVE_PATH="../../rawwaves/"' '-c' 'LentPitShift.cpp' '-o' 'Release/LentPitShift.o' 
cd '/root/oss-experiment/data/stk-4.6.1+dfsg/src' 
'g++' '-O3' '-g' '-O2' '-Wall' '-I../include' '-Iinclude' '-fPIC' '-DHAVE_GETTIMEOFDAY' '-D__LINUX_ALSA__' '-D__LITTLE_ENDIAN__' '-DRAWWAVE_PATH="../../rawwaves/"' '-c' 'Envelope.cpp' '-o' 'Release/Envelope.o' 
cd '/root/oss-experiment/data/stk-4.6.1+dfsg/src' 
'g++' '-O3' '-g' '-O2' '-Wall' '-I../include' '-Iinclude' '-fPIC' '-DHAVE_GETTIMEOFDAY' '-D__LINUX_ALSA__' '-D__LITTLE_ENDIAN__' '-DRAWWAVE_PATH="../../rawwaves/"' '-c' 'OneZero.cpp' '-o' 'Release/OneZero.o' 
cd '/root/oss-experiment/data/stk-4.6.1+dfsg/src' 
'g++' '-O3' '-g' '-O2' '-Wall' '-I../include' '-Iinclude' '-fPIC' '-DHAVE_GETTIMEOFDAY' '-D__LINUX_ALSA__' '-D__LITTLE_ENDIAN__' '-DRAWWAVE_PATH="../../rawwaves/"' '-c' 'DelayA.cpp' '-o' 'Release/DelayA.o' 
cd '/root/oss-experiment/data/stk-4.6.1+dfsg/src' 
cd '/root/oss-experiment/data/stk-4.6.1+dfsg/src' 
'g++' '-O3' '-g' '-O2' '-Wall' '-I../include' '-Iinclude' '-fPIC' '-DHAVE_GETTIMEOFDAY' '-D__LINUX_ALSA__' '-D__LITTLE_ENDIAN__' '-DRAWWAVE_PATH="../../rawwaves/"' '-c' 'OnePole.cpp' '-o' 'Release/OnePole.o' 
'g++' '-O3' '-g' '-O2' '-Wall' '-I../include' '-Iinclude' '-fPIC' '-DHAVE_GETTIMEOFDAY' '-D__LINUX_ALSA__' '-D__LITTLE_ENDIAN__' '-DRAWWAVE_PATH="../../rawwaves/"' '-c' 'DelayL.cpp' '-o' 'Release/DelayL.o' 
cd '/root/oss-experiment/data/stk-4.6.1+dfsg/src' 
cd '/root/oss-experiment/data/stk-4.6.1+dfsg/src' 
'g++' '-O3' '-g' '-O2' '-Wall' '-I../include' '-Iinclude' '-fPIC' '-DHAVE_GETTIMEOFDAY' '-D__LINUX_ALSA__' '-D__LITTLE_ENDIAN__' '-DRAWWAVE_PATH="../../rawwaves/"' '-c' 'Stk.cpp' '-o' 'Release/Stk.o' 
cd '/root/oss-experiment/data/stk-4.6.1+dfsg/src' 
'g++' '-O3' '-g' '-O2' '-Wall' '-I../include' '-Iinclude' '-fPIC' '-DHAVE_GETTIMEOFDAY' '-D__LINUX_ALSA__' '-D__LITTLE_ENDIAN__' '-DRAWWAVE_PATH="../../rawwaves/"' '-c' 'BlowBotl.cpp' '-o' 'Release/BlowBotl.o' 
cd '/root/oss-experiment/data/stk-4.6.1+dfsg/src' 
cd '/root/oss-experiment/data/stk-4.6.1+dfsg/src' 
cd '/root/oss-experiment/data/stk-4.6.1+dfsg/src' 
'g++' '-O3' '-g' '-O2' '-Wall' '-I../include' '-Iinclude' '-fPIC' '-DHAVE_GETTIMEOFDAY' '-D__LINUX_ALSA__' '-D__LITTLE_ENDIAN__' '-DRAWWAVE_PATH="../../rawwaves/"' '-c' 'Sitar.cpp' '-o' 'Release/Sitar.o' 
'g++' '-O3' '-g' '-O2' '-Wall' '-I../include' '-Iinclude' '-fPIC' '-DHAVE_GETTIMEOFDAY' '-D__LINUX_ALSA__' '-D__LITTLE_ENDIAN__' '-DRAWWAVE_PATH="../../rawwaves/"' '-c' 'Twang.cpp' '-o' 'Release/Twang.o' 
cd '/root/oss-experiment/data/stk-4.6.1+dfsg/src' 
'g++' '-O3' '-g' '-O2' '-Wall' '-I../include' '-Iinclude' '-fPIC' '-DHAVE_GETTIMEOFDAY' '-D__LINUX_ALSA__' '-D__LITTLE_ENDIAN__' '-DRAWWAVE_PATH="../../rawwaves/"' '-c' 'FileWvIn.cpp' '-o' 'Release/FileWvIn.o' 
'g++' '-O3' '-g' '-O2' '-Wall' '-I../include' '-Iinclude' '-fPIC' '-DHAVE_GETTIMEOFDAY' '-D__LINUX_ALSA__' '-D__LITTLE_ENDIAN__' '-DRAWWAVE_PATH="../../rawwaves/"' '-c' 'SineWave.cpp' '-o' 'Release/SineWave.o' 
'g++' '-O3' '-g' '-O2' '-Wall' '-I../include' '-Iinclude' '-fPIC' '-DHAVE_GETTIMEOFDAY' '-D__LINUX_ALSA__' '-D__LITTLE_ENDIAN__' '-DRAWWAVE_PATH="../../rawwaves/"' '-c' 'TwoPole.cpp' '-o' 'Release/TwoPole.o' 
cd '/root/oss-experiment/data/stk-4.6.1+dfsg/src' 
cd '/root/oss-experiment/data/stk-4.6.1+dfsg/src' 
cd '/root/oss-experiment/data/stk-4.6.1+dfsg/src' 
'g++' '-O3' '-g' '-O2' '-Wall' '-I../include' '-Iinclude' '-fPIC' '-DHAVE_GETTIMEOFDAY' '-D__LINUX_ALSA__' '-D__LITTLE_ENDIAN__' '-DRAWWAVE_PATH="../../rawwaves/"' '-c' 'Resonate.cpp' '-o' 'Release/Resonate.o' 
'g++' '-O3' '-g' '-O2' '-Wall' '-I../include' '-Iinclude' '-fPIC' '-DHAVE_GETTIMEOFDAY' '-D__LINUX_ALSA__' '-D__LITTLE_ENDIAN__' '-DRAWWAVE_PATH="../../rawwaves/"' '-c' 'Noise.cpp' '-o' 'Release/Noise.o' 
'g++' '-O3' '-g' '-O2' '-Wall' '-I../include' '-Iinclude' '-fPIC' '-DHAVE_GETTIMEOFDAY' '-D__LINUX_ALSA__' '-D__LITTLE_ENDIAN__' '-DRAWWAVE_PATH="../../rawwaves/"' '-c' 'UdpSocket.cpp' '-o' 'Release/UdpSocket.o' 
cd '/root/oss-experiment/data/stk-4.6.1+dfsg/src' 
cd '/root/oss-experiment/data/stk-4.6.1+dfsg/src' 
cd '/root/oss-experiment/data/stk-4.6.1+dfsg/src' 
'g++' '-O3' '-g' '-O2' '-Wall' '-I../include' '-Iinclude' '-fPIC' '-DHAVE_GETTIMEOFDAY' '-D__LINUX_ALSA__' '-D__LITTLE_ENDIAN__' '-DRAWWAVE_PATH="../../rawwaves/"' '-c' 'InetWvOut.cpp' '-o' 'Release/InetWvOut.o' 
'g++' '-O3' '-g' '-O2' '-Wall' '-I../include' '-Iinclude' '-fPIC' '-DHAVE_GETTIMEOFDAY' '-D__LINUX_ALSA__' '-D__LITTLE_ENDIAN__' '-DRAWWAVE_PATH="../../rawwaves/"' '-c' 'Blit.cpp' '-o' 'Release/Blit.o' 
cd '/root/oss-experiment/data/stk-4.6.1+dfsg/src' 
'g++' '-O3' '-g' '-O2' '-Wall' '-I../include' '-Iinclude' '-fPIC' '-DHAVE_GETTIMEOFDAY' '-D__LINUX_ALSA__' '-D__LITTLE_ENDIAN__' '-DRAWWAVE_PATH="../../rawwaves/"' '-c' 'Clarinet.cpp' '-o' 'Release/Clarinet.o' 
cd '/root/oss-experiment/data/stk-4.6.1+dfsg/src' 
'g++' '-O3' '-g' '-O2' '-Wall' '-I../include' '-Iinclude' '-fPIC' '-DHAVE_GETTIMEOFDAY' '-D__LINUX_ALSA__' '-D__LITTLE_ENDIAN__' '-DRAWWAVE_PATH="../../rawwaves/"' '-c' 'ADSR.cpp' '-o' 'Release/ADSR.o' 
cd '/root/oss-experiment/data/stk-4.6.1+dfsg/src' 
'g++' '-O3' '-g' '-O2' '-Wall' '-I../include' '-Iinclude' '-fPIC' '-DHAVE_GETTIMEOFDAY' '-D__LINUX_ALSA__' '-D__LITTLE_ENDIAN__' '-DRAWWAVE_PATH="../../rawwaves/"' '-c' 'RtWvIn.cpp' '-o' 'Release/RtWvIn.o' 
'g++' '-O3' '-g' '-O2' '-Wall' '-I../include' '-Iinclude' '-fPIC' '-DHAVE_GETTIMEOFDAY' '-D__LINUX_ALSA__' '-D__LITTLE_ENDIAN__' '-DRAWWAVE_PATH="../../rawwaves/"' '-c' 'Whistle.cpp' '-o' 'Release/Whistle.o' 
cd '/root/oss-experiment/data/stk-4.6.1+dfsg/src' 
cd '/root/oss-experiment/data/stk-4.6.1+dfsg/src' 
'g++' '-O3' '-g' '-O2' '-Wall' '-I../include' '-Iinclude' '-fPIC' '-DHAVE_GETTIMEOFDAY' '-D__LINUX_ALSA__' '-D__LITTLE_ENDIAN__' '-DRAWWAVE_PATH="../../rawwaves/"' '-c' 'Wurley.cpp' '-o' 'Release/Wurley.o' 
'g++' '-O3' '-g' '-O2' '-Wall' '-I../include' '-Iinclude' '-fPIC' '-DHAVE_GETTIMEOFDAY' '-D__LINUX_ALSA__' '-D__LITTLE_ENDIAN__' '-DRAWWAVE_PATH="../../rawwaves/"' '-c' 'Iir.cpp' '-o' 'Release/Iir.o' 
cd '/root/oss-experiment/data/stk-4.6.1+dfsg/src' 
'g++' '-O3' '-g' '-O2' '-Wall' '-I../include' '-Iinclude' '-fPIC' '-DHAVE_GETTIMEOFDAY' '-D__LINUX_ALSA__' '-D__LITTLE_ENDIAN__' '-DRAWWAVE_PATH="../../rawwaves/"' '-c' 'Phonemes.cpp' '-o' 'Release/Phonemes.o' 
cd '/root/oss-experiment/data/stk-4.6.1+dfsg/src' 
'g++' '-O3' '-g' '-O2' '-Wall' '-I../include' '-Iinclude' '-fPIC' '-DHAVE_GETTIMEOFDAY' '-D__LINUX_ALSA__' '-D__LITTLE_ENDIAN__' '-DRAWWAVE_PATH="../../rawwaves/"' '-c' 'Mutex.cpp' '-o' 'Release/Mutex.o' 
cd '/root/oss-experiment/data/stk-4.6.1+dfsg/src' 
cd '/root/oss-experiment/data/stk-4.6.1+dfsg/src' 
cd '/root/oss-experiment/data/stk-4.6.1+dfsg/src' 
'g++' '-O3' '-g' '-O2' '-Wall' '-I../include' '-Iinclude' '-fPIC' '-DHAVE_GETTIMEOFDAY' '-D__LINUX_ALSA__' '-D__LITTLE_ENDIAN__' '-DRAWWAVE_PATH="../../rawwaves/"' '-c' 'TcpClient.cpp' '-o' 'Release/TcpClient.o' 
'g++' '-O3' '-g' '-O2' '-Wall' '-I../include' '-Iinclude' '-fPIC' '-DHAVE_GETTIMEOFDAY' '-D__LINUX_ALSA__' '-D__LITTLE_ENDIAN__' '-DRAWWAVE_PATH="../../rawwaves/"' '-c' 'Drummer.cpp' '-o' 'Release/Drummer.o' 
'g++' '-O3' '-g' '-O2' '-Wall' '-I../include' '-Iinclude' '-fPIC' '-DHAVE_GETTIMEOFDAY' '-D__LINUX_ALSA__' '-D__LITTLE_ENDIAN__' '-DRAWWAVE_PATH="../../rawwaves/"' '-c' 'BeeThree.cpp' '-o' 'Release/BeeThree.o' 
# cc: /root/oss-experiment/data/stk-4.6.1+dfsg/sparrow/src/Release/RtWvOut.o.ii: preprocessed RtWvOut.cpp
cd '/root/oss-experiment/data/stk-4.6.1+dfsg/src' 
'g++' '-O3' '-g' '-O2' '-Wall' '-I../include' '-Iinclude' '-fPIC' '-DHAVE_GETTIMEOFDAY' '-D__LINUX_ALSA__' '-D__LITTLE_ENDIAN__' '-DRAWWAVE_PATH="../../rawwaves/"' '-c' 'HevyMetl.cpp' '-o' 'Release/HevyMetl.o' 
cd '/root/oss-experiment/data/stk-4.6.1+dfsg/src' 
# cc: /root/oss-experiment/data/stk-4.6.1+dfsg/sparrow/src/Release/FileWvOut.o.ii: preprocessed FileWvOut.cpp
'g++' '-O3' '-g' '-O2' '-Wall' '-I../include' '-Iinclude' '-fPIC' '-DHAVE_GETTIMEOFDAY' '-D__LINUX_ALSA__' '-D__LITTLE_ENDIAN__' '-DRAWWAVE_PATH="../../rawwaves/"' '-c' 'Socket.cpp' '-o' 'Release/Socket.o' 
cd '/root/oss-experiment/data/stk-4.6.1+dfsg/src' 
cd '/root/oss-experiment/data/stk-4.6.1+dfsg/src' 
'g++' '-O3' '-g' '-O2' '-Wall' '-I../include' '-Iinclude' '-fPIC' '-DHAVE_GETTIMEOFDAY' '-D__LINUX_ALSA__' '-D__LITTLE_ENDIAN__' '-DRAWWAVE_PATH="../../rawwaves/"' '-c' 'Echo.cpp' '-o' 'Release/Echo.o' 
'g++' '-O3' '-g' '-O2' '-Wall' '-I../include' '-Iinclude' '-fPIC' '-DHAVE_GETTIMEOFDAY' '-D__LINUX_ALSA__' '-D__LITTLE_ENDIAN__' '-DRAWWAVE_PATH="../../rawwaves/"' '-c' 'TcpServer.cpp' '-o' 'Release/TcpServer.o' 
cd '/root/oss-experiment/data/stk-4.6.1+dfsg/src' 
'g++' '-O3' '-g' '-O2' '-Wall' '-I../include' '-Iinclude' '-fPIC' '-DHAVE_GETTIMEOFDAY' '-D__LINUX_ALSA__' '-D__LITTLE_ENDIAN__' '-DRAWWAVE_PATH="../../rawwaves/"' '-c' 'Sphere.cpp' '-o' 'Release/Sphere.o' 
# cc: /root/oss-experiment/data/stk-4.6.1+dfsg/sparrow/src/Release/BlitSaw.o.ii: preprocessed BlitSaw.cpp
# cc: /root/oss-experiment/data/stk-4.6.1+dfsg/sparrow/src/Release/Thread.o.ii: preprocessed Thread.cpp
cd '/root/oss-experiment/data/stk-4.6.1+dfsg/src' 
'g++' '-O3' '-g' '-O2' '-Wall' '-I../include' '-Iinclude' '-fPIC' '-DHAVE_GETTIMEOFDAY' '-D__LINUX_ALSA__' '-D__LITTLE_ENDIAN__' '-DRAWWAVE_PATH="../../rawwaves/"' '-c' 'Chorus.cpp' '-o' 'Release/Chorus.o' 
cd '/root/oss-experiment/data/stk-4.6.1+dfsg/src' 
'g++' '-O3' '-g' '-O2' '-Wall' '-I../include' '-Iinclude' '-fPIC' '-DHAVE_GETTIMEOFDAY' '-D__LINUX_ALSA__' '-D__LITTLE_ENDIAN__' '-DRAWWAVE_PATH="../../rawwaves/"' '-c' 'Sampler.cpp' '-o' 'Release/Sampler.o' 
cd '/root/oss-experiment/data/stk-4.6.1+dfsg/src' 
# cc: /root/oss-experiment/data/stk-4.6.1+dfsg/sparrow/src/Release/Envelope.o.ii: preprocessed Envelope.cpp
cd '/root/oss-experiment/data/stk-4.6.1+dfsg/src' 
'g++' '-O3' '-g' '-O2' '-Wall' '-I../include' '-Iinclude' '-fPIC' '-DHAVE_GETTIMEOFDAY' '-D__LINUX_ALSA__' '-D__LITTLE_ENDIAN__' '-DRAWWAVE_PATH="../../rawwaves/"' '-c' 'FileLoop.cpp' '-o' 'Release/FileLoop.o' 
cd '/root/oss-experiment/data/stk-4.6.1+dfsg/src' 
'g++' '-O3' '-g' '-O2' '-Wall' '-I../include' '-Iinclude' '-fPIC' '-DHAVE_GETTIMEOFDAY' '-D__LINUX_ALSA__' '-D__LITTLE_ENDIAN__' '-DRAWWAVE_PATH="../../rawwaves/"' '-c' 'TwoZero.cpp' '-o' 'Release/TwoZero.o' 
cd '/root/oss-experiment/data/stk-4.6.1+dfsg/src' 
'g++' '-O3' '-g' '-O2' '-Wall' '-I../include' '-Iinclude' '-fPIC' '-DHAVE_GETTIMEOFDAY' '-D__LINUX_ALSA__' '-D__LITTLE_ENDIAN__' '-DRAWWAVE_PATH="../../rawwaves/"' '-c' 'BandedWG.cpp' '-o' 'Release/BandedWG.o' 
'g++' '-O3' '-g' '-O2' '-Wall' '-I../include' '-Iinclude' '-fPIC' '-DHAVE_GETTIMEOFDAY' '-D__LINUX_ALSA__' '-D__LITTLE_ENDIAN__' '-DRAWWAVE_PATH="../../rawwaves/"' '-c' 'SingWave.cpp' '-o' 'Release/SingWave.o' 
cd '/root/oss-experiment/data/stk-4.6.1+dfsg/src' 
# cc: /root/oss-experiment/data/stk-4.6.1+dfsg/sparrow/src/Release/LentPitShift.o.ii: preprocessed LentPitShift.cpp
cd '/root/oss-experiment/data/stk-4.6.1+dfsg/src' 
cd '/root/oss-experiment/data/stk-4.6.1+dfsg/src' 
'g++' '-O3' '-g' '-O2' '-Wall' '-I../include' '-Iinclude' '-fPIC' '-DHAVE_GETTIMEOFDAY' '-D__LINUX_ALSA__' '-D__LITTLE_ENDIAN__' '-DRAWWAVE_PATH="../../rawwaves/"' '-c' 'PitShift.cpp' '-o' 'Release/PitShift.o' 
'g++' '-O3' '-g' '-O2' '-Wall' '-I../include' '-Iinclude' '-fPIC' '-DHAVE_GETTIMEOFDAY' '-D__LINUX_ALSA__' '-D__LITTLE_ENDIAN__' '-DRAWWAVE_PATH="../../rawwaves/"' '-c' 'InetWvIn.cpp' '-o' 'Release/InetWvIn.o' 
cd '/root/oss-experiment/data/stk-4.6.1+dfsg/src' 
'g++' '-O3' '-g' '-O2' '-Wall' '-I../include' '-Iinclude' '-fPIC' '-DHAVE_GETTIMEOFDAY' '-D__LINUX_ALSA__' '-D__LITTLE_ENDIAN__' '-DRAWWAVE_PATH="../../rawwaves/"' '-c' 'BiQuad.cpp' '-o' 'Release/BiQuad.o' 
# cc: /root/oss-experiment/data/stk-4.6.1+dfsg/sparrow/src/Release/Stk.o.ii: preprocessed Stk.cpp
# cc: /root/oss-experiment/data/stk-4.6.1+dfsg/sparrow/src/Release/Phonemes.o.ii: preprocessed Phonemes.cpp
'g++' '-O3' '-g' '-O2' '-Wall' '-I../include' '-Iinclude' '-fPIC' '-DHAVE_GETTIMEOFDAY' '-D__LINUX_ALSA__' '-D__LITTLE_ENDIAN__' '-DRAWWAVE_PATH="../../rawwaves/"' '-c' 'StifKarp.cpp' '-o' 'Release/StifKarp.o' 
# cc: /root/oss-experiment/data/stk-4.6.1+dfsg/sparrow/src/Release/TwoPole.o.ii: preprocessed TwoPole.cpp
cd '/root/oss-experiment/data/stk-4.6.1+dfsg/src' 
cd '/root/oss-experiment/data/stk-4.6.1+dfsg/src' 
# cc: /root/oss-experiment/data/stk-4.6.1+dfsg/sparrow/src/Release/UdpSocket.o.ii: preprocessed UdpSocket.cpp
# cc: /root/oss-experiment/data/stk-4.6.1+dfsg/sparrow/src/Release/OneZero.o.ii: preprocessed OneZero.cpp
'g++' '-O3' '-g' '-O2' '-Wall' '-I../include' '-Iinclude' '-fPIC' '-DHAVE_GETTIMEOFDAY' '-D__LINUX_ALSA__' '-D__LITTLE_ENDIAN__' '-DRAWWAVE_PATH="../../rawwaves/"' '-c' 'BlitSquare.cpp' '-o' 'Release/BlitSquare.o' 
# cc: /root/oss-experiment/data/stk-4.6.1+dfsg/sparrow/src/Release/SineWave.o.ii: preprocessed SineWave.cpp
'g++' '-O3' '-g' '-O2' '-Wall' '-I../include' '-Iinclude' '-fPIC' '-DHAVE_GETTIMEOFDAY' '-D__LINUX_ALSA__' '-D__LITTLE_ENDIAN__' '-DRAWWAVE_PATH="../../rawwaves/"' '-c' 'PoleZero.cpp' '-o' 'Release/PoleZero.o' 
# cc: /root/oss-experiment/data/stk-4.6.1+dfsg/sparrow/src/Release/RtWvIn.o.ii: preprocessed RtWvIn.cpp
cd '/root/oss-experiment/data/stk-4.6.1+dfsg/src' 
# cc: /root/oss-experiment/data/stk-4.6.1+dfsg/sparrow/src/Release/OnePole.o.ii: preprocessed OnePole.cpp
'g++' '-O3' '-g' '-O2' '-Wall' '-I../include' '-Iinclude' '-fPIC' '-DHAVE_GETTIMEOFDAY' '-D__LINUX_ALSA__' '-D__LITTLE_ENDIAN__' '-DRAWWAVE_PATH="../../rawwaves/"' '-c' 'Plucked.cpp' '-o' 'Release/Plucked.o' 
# cc: /root/oss-experiment/data/stk-4.6.1+dfsg/sparrow/src/Release/Mutex.o.ii: preprocessed Mutex.cpp
# cc: /root/oss-experiment/data/stk-4.6.1+dfsg/sparrow/src/Release/InetWvOut.o.ii: preprocessed InetWvOut.cpp
cd '/root/oss-experiment/data/stk-4.6.1+dfsg/src' 
# cc: /root/oss-experiment/data/stk-4.6.1+dfsg/sparrow/src/Release/FileWvIn.o.ii: preprocessed FileWvIn.cpp
cd '/root/oss-experiment/data/stk-4.6.1+dfsg/src' 
'g++' '-O3' '-g' '-O2' '-Wall' '-I../include' '-Iinclude' '-fPIC' '-DHAVE_GETTIMEOFDAY' '-D__LINUX_ALSA__' '-D__LITTLE_ENDIAN__' '-DRAWWAVE_PATH="../../rawwaves/"' '-c' 'Moog.cpp' '-o' 'Release/Moog.o' 
'g++' '-O3' '-g' '-O2' '-Wall' '-I../include' '-Iinclude' '-fPIC' '-DHAVE_GETTIMEOFDAY' '-D__LINUX_ALSA__' '-D__LITTLE_ENDIAN__' '-DRAWWAVE_PATH="../../rawwaves/"' '-c' 'Asymp.cpp' '-o' 'Release/Asymp.o' 
# cc: /root/oss-experiment/data/stk-4.6.1+dfsg/sparrow/src/Release/BlowBotl.o.ii: preprocessed BlowBotl.cpp
# cc: /root/oss-experiment/data/stk-4.6.1+dfsg/sparrow/src/Release/Modulate.o.ii: preprocessed Modulate.cpp
# cc: /root/oss-experiment/data/stk-4.6.1+dfsg/sparrow/src/Release/Whistle.o.ii: preprocessed Whistle.cpp
# cc: /root/oss-experiment/data/stk-4.6.1+dfsg/sparrow/src/Release/Sitar.o.ii: preprocessed Sitar.cpp
cd '/root/oss-experiment/data/stk-4.6.1+dfsg/src' 
'g++' '-O3' '-g' '-O2' '-Wall' '-I../include' '-Iinclude' '-fPIC' '-DHAVE_GETTIMEOFDAY' '-D__LINUX_ALSA__' '-D__LITTLE_ENDIAN__' '-DRAWWAVE_PATH="../../rawwaves/"' '-c' 'FreeVerb.cpp' '-o' 'Release/FreeVerb.o' 
# cc: /root/oss-experiment/data/stk-4.6.1+dfsg/sparrow/src/Release/Noise.o.ii: preprocessed Noise.cpp
cd '/root/oss-experiment/data/stk-4.6.1+dfsg/src' 
# cc: /root/oss-experiment/data/stk-4.6.1+dfsg/sparrow/src/Release/TcpServer.o.ii: preprocessed TcpServer.cpp
# cc: /root/oss-experiment/data/stk-4.6.1+dfsg/sparrow/src/Release/HevyMetl.o.ii: preprocessed HevyMetl.cpp
'g++' '-O3' '-g' '-O2' '-Wall' '-I../include' '-Iinclude' '-fPIC' '-DHAVE_GETTIMEOFDAY' '-D__LINUX_ALSA__' '-D__LITTLE_ENDIAN__' '-DRAWWAVE_PATH="../../rawwaves/"' '-c' 'ModalBar.cpp' '-o' 'Release/ModalBar.o' 
# cc: /root/oss-experiment/data/stk-4.6.1+dfsg/sparrow/src/Release/Echo.o.ii: preprocessed Echo.cpp
cd '/root/oss-experiment/data/stk-4.6.1+dfsg/src' 
cd '/root/oss-experiment/data/stk-4.6.1+dfsg/src' 
'g++' '-O3' '-g' '-O2' '-Wall' '-I../include' '-Iinclude' '-fPIC' '-DHAVE_GETTIMEOFDAY' '-D__LINUX_ALSA__' '-D__LITTLE_ENDIAN__' '-DRAWWAVE_PATH="../../rawwaves/"' '-c' 'Granulate.cpp' '-o' 'Release/Granulate.o' 
'g++' '-O3' '-g' '-O2' '-Wall' '-I../include' '-Iinclude' '-fPIC' '-DHAVE_GETTIMEOFDAY' '-D__LINUX_ALSA__' '-D__LITTLE_ENDIAN__' '-DRAWWAVE_PATH="../../rawwaves/"' '-c' 'Delay.cpp' '-o' 'Release/Delay.o' 
cd '/root/oss-experiment/data/stk-4.6.1+dfsg/src' 
'g++' '-O3' '-g' '-O2' '-Wall' '-I../include' '-Iinclude' '-fPIC' '-DHAVE_GETTIMEOFDAY' '-D__LINUX_ALSA__' '-D__LITTLE_ENDIAN__' '-DRAWWAVE_PATH="../../rawwaves/"' '-c' 'PRCRev.cpp' '-o' 'Release/PRCRev.o' 
# cc: /root/oss-experiment/data/stk-4.6.1+dfsg/sparrow/src/Release/Twang.o.ii: preprocessed Twang.cpp
cd '/root/oss-experiment/data/stk-4.6.1+dfsg/src' 
'g++' '-O3' '-g' '-O2' '-Wall' '-I../include' '-Iinclude' '-fPIC' '-DHAVE_GETTIMEOFDAY' '-D__LINUX_ALSA__' '-D__LITTLE_ENDIAN__' '-DRAWWAVE_PATH="../../rawwaves/"' '-c' 'Brass.cpp' '-o' 'Release/Brass.o' 
cd '/root/oss-experiment/data/stk-4.6.1+dfsg/src' 
'g++' '-O3' '-g' '-O2' '-Wall' '-I../include' '-Iinclude' '-fPIC' '-DHAVE_GETTIMEOFDAY' '-D__LINUX_ALSA__' '-D__LITTLE_ENDIAN__' '-DRAWWAVE_PATH="../../rawwaves/"' '-c' 'Rhodey.cpp' '-o' 'Release/Rhodey.o' 
# cc: /root/oss-experiment/data/stk-4.6.1+dfsg/sparrow/src/Release/TcpClient.o.ii: preprocessed TcpClient.cpp
cd '/root/oss-experiment/data/stk-4.6.1+dfsg/src' 
'g++' '-O3' '-g' '-O2' '-Wall' '-I../include' '-Iinclude' '-fPIC' '-DHAVE_GETTIMEOFDAY' '-D__LINUX_ALSA__' '-D__LITTLE_ENDIAN__' '-DRAWWAVE_PATH="../../rawwaves/"' '-c' 'Skini.cpp' '-o' 'Release/Skini.o' 
# cc: /root/oss-experiment/data/stk-4.6.1+dfsg/sparrow/src/Release/ADSR.o.ii: preprocessed ADSR.cpp
cd '/root/oss-experiment/data/stk-4.6.1+dfsg/src' 
# cc: /root/oss-experiment/data/stk-4.6.1+dfsg/sparrow/src/Release/Wurley.o.ii: preprocessed Wurley.cpp
'g++' '-O3' '-g' '-O2' '-Wall' '-I../include' '-Iinclude' '-fPIC' '-DHAVE_GETTIMEOFDAY' '-D__LINUX_ALSA__' '-D__LITTLE_ENDIAN__' '-DRAWWAVE_PATH="../../rawwaves/"' '-c' 'TubeBell.cpp' '-o' 'Release/TubeBell.o' 
cd '/root/oss-experiment/data/stk-4.6.1+dfsg/src' 
# cc: /root/oss-experiment/data/stk-4.6.1+dfsg/sparrow/src/Release/Clarinet.o.ii: preprocessed Clarinet.cpp
cd '/root/oss-experiment/data/stk-4.6.1+dfsg/src' 
'g++' '-O3' '-g' '-O2' '-Wall' '-I../include' '-Iinclude' '-fPIC' '-DHAVE_GETTIMEOFDAY' '-D__LINUX_ALSA__' '-D__LITTLE_ENDIAN__' '-DRAWWAVE_PATH="../../rawwaves/"' '-c' 'Fir.cpp' '-o' 'Release/Fir.o' 
'g++' '-O3' '-g' '-O2' '-Wall' '-I../include' '-Iinclude' '-fPIC' '-DHAVE_GETTIMEOFDAY' '-D__LINUX_ALSA__' '-D__LITTLE_ENDIAN__' '-DRAWWAVE_PATH="../../rawwaves/"' '-c' 'Voicer.cpp' '-o' 'Release/Voicer.o' 
# cc: /root/oss-experiment/data/stk-4.6.1+dfsg/sparrow/src/Release/Socket.o.ii: preprocessed Socket.cpp
# cc: /root/oss-experiment/data/stk-4.6.1+dfsg/sparrow/src/Release/DelayA.o.ii: preprocessed DelayA.cpp
# cc: /root/oss-experiment/data/stk-4.6.1+dfsg/sparrow/src/Release/Iir.o.ii: preprocessed Iir.cpp
# cc: /root/oss-experiment/data/stk-4.6.1+dfsg/sparrow/src/Release/Blit.o.ii: preprocessed Blit.cpp
# cc: /root/oss-experiment/data/stk-4.6.1+dfsg/sparrow/src/Release/DelayL.o.ii: preprocessed DelayL.cpp
cd '/root/oss-experiment/data/stk-4.6.1+dfsg/src' 
'g++' '-O3' '-g' '-O2' '-Wall' '-I../include' '-Iinclude' '-fPIC' '-DHAVE_GETTIMEOFDAY' '-D__LINUX_ALSA__' '-D__LITTLE_ENDIAN__' '-DRAWWAVE_PATH="../../rawwaves/"' '-c' 'NRev.cpp' '-o' 'Release/NRev.o' 
cd '/root/oss-experiment/data/stk-4.6.1+dfsg/src' 
'g++' '-O3' '-g' '-O2' '-Wall' '-I../include' '-Iinclude' '-fPIC' '-DHAVE_GETTIMEOFDAY' '-D__LINUX_ALSA__' '-D__LITTLE_ENDIAN__' '-DRAWWAVE_PATH="../../rawwaves/"' '-c' 'Saxofony.cpp' '-o' 'Release/Saxofony.o' 
# cc: /root/oss-experiment/data/stk-4.6.1+dfsg/sparrow/src/Release/Resonate.o.ii: preprocessed Resonate.cpp
cd '/root/oss-experiment/data/stk-4.6.1+dfsg/src' 
'g++' '-O3' '-g' '-O2' '-Wall' '-I../include' '-Iinclude' '-fPIC' '-DHAVE_GETTIMEOFDAY' '-D__LINUX_ALSA__' '-D__LITTLE_ENDIAN__' '-DRAWWAVE_PATH="../../rawwaves/"' '-c' 'FMVoices.cpp' '-o' 'Release/FMVoices.o' 
cd '/root/oss-experiment/data/stk-4.6.1+dfsg/src' 
'g++' '-O3' '-g' '-O2' '-Wall' '-I../include' '-Iinclude' '-fPIC' '-DHAVE_GETTIMEOFDAY' '-D__LINUX_ALSA__' '-D__LITTLE_ENDIAN__' '-DRAWWAVE_PATH="../../rawwaves/"' '-c' 'BlowHole.cpp' '-o' 'Release/BlowHole.o' 
# cc: /root/oss-experiment/data/stk-4.6.1+dfsg/sparrow/src/Release/Drummer.o.ii: preprocessed Drummer.cpp
cd '/root/oss-experiment/data/stk-4.6.1+dfsg/src' 
'g++' '-O3' '-g' '-O2' '-Wall' '-I../include' '-Iinclude' '-fPIC' '-DHAVE_GETTIMEOFDAY' '-D__LINUX_ALSA__' '-D__LITTLE_ENDIAN__' '-DRAWWAVE_PATH="../../rawwaves/"' '-c' 'FormSwep.cpp' '-o' 'Release/FormSwep.o' 
cd '/root/oss-experiment/data/stk-4.6.1+dfsg/src' 
# cc: /root/oss-experiment/data/stk-4.6.1+dfsg/sparrow/src/Release/FileLoop.o.ii: preprocessed FileLoop.cpp
'g++' '-O3' '-g' '-O2' '-Wall' '-I../include' '-Iinclude' '-fPIC' '-DHAVE_GETTIMEOFDAY' '-D__LINUX_ALSA__' '-D__LITTLE_ENDIAN__' '-DRAWWAVE_PATH="../../rawwaves/"' '-c' 'PercFlut.cpp' '-o' 'Release/PercFlut.o' 
cd '/root/oss-experiment/data/stk-4.6.1+dfsg/src' 
'g++' '-O3' '-g' '-O2' '-Wall' '-I../include' '-Iinclude' '-fPIC' '-DHAVE_GETTIMEOFDAY' '-D__LINUX_ALSA__' '-D__LITTLE_ENDIAN__' '-DRAWWAVE_PATH="../../rawwaves/"' '-c' 'Recorder.cpp' '-o' 'Release/Recorder.o' 
# cc: /root/oss-experiment/data/stk-4.6.1+dfsg/sparrow/src/Release/Sphere.o.ii: preprocessed Sphere.cpp
# cc: /root/oss-experiment/data/stk-4.6.1+dfsg/sparrow/src/Release/Chorus.o.ii: preprocessed Chorus.cpp
# cc: /root/oss-experiment/data/stk-4.6.1+dfsg/sparrow/src/Release/InetWvIn.o.ii: preprocessed InetWvIn.cpp
cd '/root/oss-experiment/data/stk-4.6.1+dfsg/src' 
'g++' '-O3' '-g' '-O2' '-Wall' '-I../include' '-Iinclude' '-fPIC' '-DHAVE_GETTIMEOFDAY' '-D__LINUX_ALSA__' '-D__LITTLE_ENDIAN__' '-DRAWWAVE_PATH="../../rawwaves/"' '-c' 'JCRev.cpp' '-o' 'Release/JCRev.o' 
# cc: /root/oss-experiment/data/stk-4.6.1+dfsg/sparrow/src/Release/BandedWG.o.ii: preprocessed BandedWG.cpp
cd '/root/oss-experiment/data/stk-4.6.1+dfsg/src' 
'g++' '-O3' '-g' '-O2' '-Wall' '-I../include' '-Iinclude' '-fPIC' '-DHAVE_GETTIMEOFDAY' '-D__LINUX_ALSA__' '-D__LITTLE_ENDIAN__' '-DRAWWAVE_PATH="../../rawwaves/"' '-c' 'Simple.cpp' '-o' 'Release/Simple.o' 
# cc: /root/oss-experiment/data/stk-4.6.1+dfsg/sparrow/src/Release/PitShift.o.ii: preprocessed PitShift.cpp
# cc: /root/oss-experiment/data/stk-4.6.1+dfsg/sparrow/src/Release/BeeThree.o.ii: preprocessed BeeThree.cpp
# cc: /root/oss-experiment/data/stk-4.6.1+dfsg/sparrow/src/Release/SingWave.o.ii: preprocessed SingWave.cpp
# cc: /root/oss-experiment/data/stk-4.6.1+dfsg/sparrow/src/Release/BiQuad.o.ii: preprocessed BiQuad.cpp
cd '/root/oss-experiment/data/stk-4.6.1+dfsg/src' 
cd '/root/oss-experiment/data/stk-4.6.1+dfsg/src' 
'g++' '-O3' '-g' '-O2' '-Wall' '-I../include' '-Iinclude' '-fPIC' '-DHAVE_GETTIMEOFDAY' '-D__LINUX_ALSA__' '-D__LITTLE_ENDIAN__' '-DRAWWAVE_PATH="../../rawwaves/"' '-c' 'Modal.cpp' '-o' 'Release/Modal.o' 
cd '/root/oss-experiment/data/stk-4.6.1+dfsg/src' 
'g++' '-O3' '-g' '-O2' '-Wall' '-I../include' '-Iinclude' '-fPIC' '-DHAVE_GETTIMEOFDAY' '-D__LINUX_ALSA__' '-D__LITTLE_ENDIAN__' '-DRAWWAVE_PATH="../../rawwaves/"' '-c' 'Bowed.cpp' '-o' 'Release/Bowed.o' 
'g++' '-O3' '-g' '-O2' '-Wall' '-I../include' '-Iinclude' '-fPIC' '-DHAVE_GETTIMEOFDAY' '-D__LINUX_ALSA__' '-D__LITTLE_ENDIAN__' '-DRAWWAVE_PATH="../../rawwaves/"' '-c' 'Mesh2D.cpp' '-o' 'Release/Mesh2D.o' 
cd '/root/oss-experiment/data/stk-4.6.1+dfsg/src' 
'g++' '-O3' '-g' '-O2' '-Wall' '-I../include' '-Iinclude' '-fPIC' '-DHAVE_GETTIMEOFDAY' '-D__LINUX_ALSA__' '-D__LITTLE_ENDIAN__' '-DRAWWAVE_PATH="../../rawwaves/"' '-c' 'FileWrite.cpp' '-o' 'Release/FileWrite.o' 
# cc: /root/oss-experiment/data/stk-4.6.1+dfsg/sparrow/src/Release/Sampler.o.ii: preprocessed Sampler.cpp
# cc: /root/oss-experiment/data/stk-4.6.1+dfsg/sparrow/src/Release/Brass.o.ii: preprocessed Brass.cpp
# cc: /root/oss-experiment/data/stk-4.6.1+dfsg/sparrow/src/Release/StifKarp.o.ii: preprocessed StifKarp.cpp
# cc: /root/oss-experiment/data/stk-4.6.1+dfsg/sparrow/src/Release/BlitSquare.o.ii: preprocessed BlitSquare.cpp
# cc: /root/oss-experiment/data/stk-4.6.1+dfsg/sparrow/src/Release/TwoZero.o.ii: preprocessed TwoZero.cpp
# cc: /root/oss-experiment/data/stk-4.6.1+dfsg/sparrow/src/Release/PoleZero.o.ii: preprocessed PoleZero.cpp
# cc: /root/oss-experiment/data/stk-4.6.1+dfsg/sparrow/src/Release/Skini.o.ii: preprocessed Skini.cpp
# cc: /root/oss-experiment/data/stk-4.6.1+dfsg/sparrow/src/Release/TubeBell.o.ii: preprocessed TubeBell.cpp
cd '/root/oss-experiment/data/stk-4.6.1+dfsg/src' 
# cc: /root/oss-experiment/data/stk-4.6.1+dfsg/sparrow/src/Release/Plucked.o.ii: preprocessed Plucked.cpp
'g++' '-O3' '-g' '-O2' '-Wall' '-I../include' '-Iinclude' '-fPIC' '-DHAVE_GETTIMEOFDAY' '-D__LINUX_ALSA__' '-D__LITTLE_ENDIAN__' '-DRAWWAVE_PATH="../../rawwaves/"' '-c' 'VoicForm.cpp' '-o' 'Release/VoicForm.o' 
# cc: /root/oss-experiment/data/stk-4.6.1+dfsg/sparrow/src/Release/FreeVerb.o.ii: preprocessed FreeVerb.cpp
# cc: /root/oss-experiment/data/stk-4.6.1+dfsg/sparrow/src/Release/Fir.o.ii: preprocessed Fir.cpp
# cc: /root/oss-experiment/data/stk-4.6.1+dfsg/sparrow/src/Release/Asymp.o.ii: preprocessed Asymp.cpp
# cc: /root/oss-experiment/data/stk-4.6.1+dfsg/sparrow/src/Release/Moog.o.ii: preprocessed Moog.cpp
cd '/root/oss-experiment/data/stk-4.6.1+dfsg/src' 
# cc: /root/oss-experiment/data/stk-4.6.1+dfsg/sparrow/src/Release/ModalBar.o.ii: preprocessed ModalBar.cpp
'g++' '-O3' '-g' '-O2' '-Wall' '-I../include' '-Iinclude' '-fPIC' '-DHAVE_GETTIMEOFDAY' '-D__LINUX_ALSA__' '-D__LITTLE_ENDIAN__' '-DRAWWAVE_PATH="../../rawwaves/"' '-c' 'FM.cpp' '-o' 'Release/FM.o' 
# cc: /root/oss-experiment/data/stk-4.6.1+dfsg/sparrow/src/Release/Voicer.o.ii: preprocessed Voicer.cpp
# cc: /root/oss-experiment/data/stk-4.6.1+dfsg/sparrow/src/Release/PRCRev.o.ii: preprocessed PRCRev.cpp
# cc: /root/oss-experiment/data/stk-4.6.1+dfsg/sparrow/src/Release/Granulate.o.ii: preprocessed Granulate.cpp
# cc: /root/oss-experiment/data/stk-4.6.1+dfsg/sparrow/src/Release/Delay.o.ii: preprocessed Delay.cpp
# cc: /root/oss-experiment/data/stk-4.6.1+dfsg/sparrow/src/Release/NRev.o.ii: preprocessed NRev.cpp
cd '/root/oss-experiment/data/stk-4.6.1+dfsg/src' 
'g++' '-O3' '-g' '-O2' '-Wall' '-I../include' '-Iinclude' '-fPIC' '-DHAVE_GETTIMEOFDAY' '-D__LINUX_ALSA__' '-D__LITTLE_ENDIAN__' '-DRAWWAVE_PATH="../../rawwaves/"' '-c' 'FileRead.cpp' '-o' 'Release/FileRead.o' 
# cc: /root/oss-experiment/data/stk-4.6.1+dfsg/sparrow/src/Release/FMVoices.o.ii: preprocessed FMVoices.cpp
# cc: /root/oss-experiment/data/stk-4.6.1+dfsg/sparrow/src/Release/Saxofony.o.ii: preprocessed Saxofony.cpp
# cc: /root/oss-experiment/data/stk-4.6.1+dfsg/sparrow/src/Release/Rhodey.o.ii: preprocessed Rhodey.cpp
# cc: /root/oss-experiment/data/stk-4.6.1+dfsg/sparrow/src/Release/BlowHole.o.ii: preprocessed BlowHole.cpp
# cc: /root/oss-experiment/data/stk-4.6.1+dfsg/sparrow/src/Release/PercFlut.o.ii: preprocessed PercFlut.cpp
# cc: /root/oss-experiment/data/stk-4.6.1+dfsg/sparrow/src/Release/FormSwep.o.ii: preprocessed FormSwep.cpp
# cc: /root/oss-experiment/data/stk-4.6.1+dfsg/sparrow/src/Release/JCRev.o.ii: preprocessed JCRev.cpp
# cc: /root/oss-experiment/data/stk-4.6.1+dfsg/sparrow/src/Release/Simple.o.ii: preprocessed Simple.cpp
# cc: /root/oss-experiment/data/stk-4.6.1+dfsg/sparrow/src/Release/Mesh2D.o.ii: preprocessed Mesh2D.cpp
# cc: /root/oss-experiment/data/stk-4.6.1+dfsg/sparrow/src/Release/Bowed.o.ii: preprocessed Bowed.cpp
# cc: /root/oss-experiment/data/stk-4.6.1+dfsg/sparrow/src/Release/Modal.o.ii: preprocessed Modal.cpp
# cc: /root/oss-experiment/data/stk-4.6.1+dfsg/sparrow/src/Release/FileWrite.o.ii: preprocessed FileWrite.cpp
cd '/root/oss-experiment/data/stk-4.6.1+dfsg/src' 
'g++' '-O3' '-g' '-O2' '-Wall' '-I../include' '-Iinclude' '-fPIC' '-DHAVE_GETTIMEOFDAY' '-D__LINUX_ALSA__' '-D__LITTLE_ENDIAN__' '-DRAWWAVE_PATH="../../rawwaves/"' '-c' 'Flute.cpp' '-o' 'Release/Flute.o' 
# cc: /root/oss-experiment/data/stk-4.6.1+dfsg/sparrow/src/Release/VoicForm.o.ii: preprocessed VoicForm.cpp
# cc: /root/oss-experiment/data/stk-4.6.1+dfsg/sparrow/src/Release/Recorder.o.ii: preprocessed Recorder.cpp
# cc: /root/oss-experiment/data/stk-4.6.1+dfsg/sparrow/src/Release/FM.o.ii: preprocessed FM.cpp
# cc: /root/oss-experiment/data/stk-4.6.1+dfsg/sparrow/src/Release/FileRead.o.ii: preprocessed FileRead.cpp
# cc: /root/oss-experiment/data/stk-4.6.1+dfsg/sparrow/src/Release/Flute.o.ii: preprocessed Flute.cpp
cd '/root/oss-experiment/data/stk-4.6.1+dfsg/src' 
'g++' '-O3' '-g' '-O2' '-Wall' '-I../include' '-Iinclude' '-fPIC' '-DHAVE_GETTIMEOFDAY' '-D__LINUX_ALSA__' '-D__LITTLE_ENDIAN__' '-DRAWWAVE_PATH="../../rawwaves/"' '-c' 'MidiFileIn.cpp' '-o' 'Release/MidiFileIn.o' 
cd '/root/oss-experiment/data/stk-4.6.1+dfsg/src' 
'g++' '-O3' '-g' '-O2' '-Wall' '-I../include' '-Iinclude' '-fPIC' '-DHAVE_GETTIMEOFDAY' '-D__LINUX_ALSA__' '-D__LITTLE_ENDIAN__' '-DRAWWAVE_PATH="../../rawwaves/"' '-c' 'Mandolin.cpp' '-o' 'Release/Mandolin.o' 
cd '/root/oss-experiment/data/stk-4.6.1+dfsg/src' 
'g++' '-O3' '-g' '-O2' '-Wall' '-I../include' '-Iinclude' '-fPIC' '-DHAVE_GETTIMEOFDAY' '-D__LINUX_ALSA__' '-D__LITTLE_ENDIAN__' '-DRAWWAVE_PATH="../../rawwaves/"' '-c' 'Guitar.cpp' '-o' 'Release/Guitar.o' 
# cc: /root/oss-experiment/data/stk-4.6.1+dfsg/sparrow/src/Release/MidiFileIn.o.ii: preprocessed MidiFileIn.cpp
# cc: /root/oss-experiment/data/stk-4.6.1+dfsg/sparrow/src/Release/Mandolin.o.ii: preprocessed Mandolin.cpp
# cc: /root/oss-experiment/data/stk-4.6.1+dfsg/sparrow/src/Release/Guitar.o.ii: preprocessed Guitar.cpp
cd '/root/oss-experiment/data/stk-4.6.1+dfsg/src' 
'g++' '-O3' '-g' '-O2' '-Wall' '-I../include' '-Iinclude' '-fPIC' '-DHAVE_GETTIMEOFDAY' '-D__LINUX_ALSA__' '-D__LITTLE_ENDIAN__' '-DRAWWAVE_PATH="../../rawwaves/"' '-c' 'Messager.cpp' '-o' 'Release/Messager.o' 
# cc: /root/oss-experiment/data/stk-4.6.1+dfsg/sparrow/src/Release/Messager.o.ii: preprocessed Messager.cpp
cd '/root/oss-experiment/data/stk-4.6.1+dfsg/src' 
'g++' '-O3' '-g' '-O2' '-Wall' '-I../include' '-Iinclude' '-fPIC' '-DHAVE_GETTIMEOFDAY' '-D__LINUX_ALSA__' '-D__LITTLE_ENDIAN__' '-DRAWWAVE_PATH="../../rawwaves/"' '-c' 'Shakers.cpp' '-o' 'Release/Shakers.o' 
# cc: /root/oss-experiment/data/stk-4.6.1+dfsg/sparrow/src/Release/Shakers.o.ii: preprocessed Shakers.cpp
cd '/root/oss-experiment/data/stk-4.6.1+dfsg/src' 
'ar' '-rsc' 'libstk.a' 'Release/ADSR.o' 'Release/Asymp.o' 'Release/BandedWG.o' 'Release/BeeThree.o' 'Release/BiQuad.o' 'Release/Blit.o' 'Release/BlitSaw.o' 'Release/BlitSquare.o' 'Release/BlowBotl.o' 'Release/BlowHole.o' 'Release/Bowed.o' 'Release/Brass.o' 'Release/Chorus.o' 'Release/Clarinet.o' 'Release/Delay.o' 'Release/DelayA.o' 'Release/DelayL.o' 'Release/Drummer.o' 'Release/Echo.o' 'Release/Envelope.o' 'Release/FM.o' 'Release/FMVoices.o' 'Release/FileLoop.o' 'Release/FileRead.o' 'Release/FileWrite.o' 'Release/FileWvIn.o' 'Release/FileWvOut.o' 'Release/Fir.o' 'Release/Flute.o' 'Release/FormSwep.o' 'Release/FreeVerb.o' 'Release/Granulate.o' 'Release/Guitar.o' 'Release/HevyMetl.o' 'Release/Iir.o' 'Release/InetWvIn.o' 'Release/InetWvOut.o' 'Release/JCRev.o' 'Release/LentPitShift.o' 'Release/Mandolin.o' 'Release/Mesh2D.o' 'Release/Messager.o' 'Release/MidiFileIn.o' 'Release/Modal.o' 'Release/ModalBar.o' 'Release/Modulate.o' 'Release/Moog.o' 'Release/Mutex.o' 'Release/NRev.o' 'Release/Noise.o' 'Release/OnePole.o' 'Release/OneZero.o' 'Release/PRCRev.o' 'Release/PercFlut.o' 'Release/Phonemes.o' 'Release/PitShift.o' 'Release/Plucked.o' 'Release/PoleZero.o' 'Release/Recorder.o' 'Release/Resonate.o' 'Release/Rhodey.o' 'Release/RtWvIn.o' 'Release/RtWvOut.o' 'Release/Sampler.o' 'Release/Saxofony.o' 'Release/Shakers.o' 'Release/Simple.o' 'Release/SineWave.o' 'Release/SingWave.o' 'Release/Sitar.o' 'Release/Skini.o' 'Release/Socket.o' 'Release/Sphere.o' 'Release/StifKarp.o' 'Release/Stk.o' 'Release/TcpClient.o' 'Release/TcpServer.o' 'Release/Thread.o' 'Release/TubeBell.o' 'Release/Twang.o' 'Release/TwoPole.o' 'Release/TwoZero.o' 'Release/UdpSocket.o' 'Release/VoicForm.o' 'Release/Voicer.o' 'Release/Whistle.o' 'Release/Wurley.o' 
# ar: libstk.a: adding Release/ADSR.o
# ar: libstk.a: adding Release/Asymp.o
# ar: libstk.a: adding Release/BandedWG.o
# ar: libstk.a: adding Release/BeeThree.o
# ar: libstk.a: adding Release/BiQuad.o
# ar: libstk.a: adding Release/Blit.o
# ar: libstk.a: adding Release/BlitSaw.o
# ar: libstk.a: adding Release/BlitSquare.o
# ar: libstk.a: adding Release/BlowBotl.o
# ar: libstk.a: adding Release/BlowHole.o
# ar: libstk.a: adding Release/Bowed.o
# ar: libstk.a: adding Release/Brass.o
# ar: libstk.a: adding Release/Chorus.o
# ar: libstk.a: adding Release/Clarinet.o
# ar: libstk.a: adding Release/Delay.o
# ar: libstk.a: adding Release/DelayA.o
# ar: libstk.a: adding Release/DelayL.o
# ar: libstk.a: adding Release/Drummer.o
# ar: libstk.a: adding Release/Echo.o
# ar: libstk.a: adding Release/Envelope.o
# ar: libstk.a: adding Release/FM.o
# ar: libstk.a: adding Release/FMVoices.o
# ar: libstk.a: adding Release/FileLoop.o
# ar: libstk.a: adding Release/FileRead.o
# ar: libstk.a: adding Release/FileWrite.o
# ar: libstk.a: adding Release/FileWvIn.o
# ar: libstk.a: adding Release/FileWvOut.o
# ar: libstk.a: adding Release/Fir.o
# ar: libstk.a: adding Release/Flute.o
# ar: libstk.a: adding Release/FormSwep.o
# ar: libstk.a: adding Release/FreeVerb.o
# ar: libstk.a: adding Release/Granulate.o
# ar: libstk.a: adding Release/Guitar.o
# ar: libstk.a: adding Release/HevyMetl.o
# ar: libstk.a: adding Release/Iir.o
# ar: libstk.a: adding Release/InetWvIn.o
# ar: libstk.a: adding Release/InetWvOut.o
# ar: libstk.a: adding Release/JCRev.o
# ar: libstk.a: adding Release/LentPitShift.o
# ar: libstk.a: adding Release/Mandolin.o
# ar: libstk.a: adding Release/Mesh2D.o
# ar: libstk.a: adding Release/Messager.o
# ar: libstk.a: adding Release/MidiFileIn.o
# ar: libstk.a: adding Release/Modal.o
# ar: libstk.a: adding Release/ModalBar.o
# ar: libstk.a: adding Release/Modulate.o
# ar: libstk.a: adding Release/Moog.o
# ar: libstk.a: adding Release/Mutex.o
# ar: libstk.a: adding Release/NRev.o
# ar: libstk.a: adding Release/Noise.o
# ar: libstk.a: adding Release/OnePole.o
# ar: libstk.a: adding Release/OneZero.o
# ar: libstk.a: adding Release/PRCRev.o
# ar: libstk.a: adding Release/PercFlut.o
# ar: libstk.a: adding Release/Phonemes.o
# ar: libstk.a: adding Release/PitShift.o
# ar: libstk.a: adding Release/Plucked.o
# ar: libstk.a: adding Release/PoleZero.o
# ar: libstk.a: adding Release/Recorder.o
# ar: libstk.a: adding Release/Resonate.o
# ar: libstk.a: adding Release/Rhodey.o
# ar: libstk.a: adding Release/RtWvIn.o
# ar: libstk.a: adding Release/RtWvOut.o
# ar: libstk.a: adding Release/Sampler.o
# ar: libstk.a: adding Release/Saxofony.o
# ar: libstk.a: adding Release/Shakers.o
# ar: libstk.a: adding Release/Simple.o
# ar: libstk.a: adding Release/SineWave.o
# ar: libstk.a: adding Release/SingWave.o
# ar: libstk.a: adding Release/Sitar.o
# ar: libstk.a: adding Release/Skini.o
# ar: libstk.a: adding Release/Socket.o
# ar: libstk.a: adding Release/Sphere.o
# ar: libstk.a: adding Release/StifKarp.o
# ar: libstk.a: adding Release/Stk.o
# ar: libstk.a: adding Release/TcpClient.o
# ar: libstk.a: adding Release/TcpServer.o
# ar: libstk.a: adding Release/Thread.o
# ar: libstk.a: adding Release/TubeBell.o
# ar: libstk.a: adding Release/Twang.o
# ar: libstk.a: adding Release/TwoPole.o
# ar: libstk.a: adding Release/TwoZero.o
# ar: libstk.a: adding Release/UdpSocket.o
# ar: libstk.a: adding Release/VoicForm.o
# ar: libstk.a: adding Release/Voicer.o
# ar: libstk.a: adding Release/Whistle.o
# ar: libstk.a: adding Release/Wurley.o
cd '/root/oss-experiment/data/stk-4.6.1+dfsg/projects/demo' 
'g++' '-O3' '-g' '-O2' '-Wall' '-I../../include' '-I../../include/../src/include' '-DHAVE_GETTIMEOFDAY' '-D__LINUX_ALSA__' '-D__LITTLE_ENDIAN__' '-DRAWWAVE_PATH="../../rawwaves/"' '-c' '../../src/Mutex.cpp' '-o' 'Release/Mutex.o' 
cd '/root/oss-experiment/data/stk-4.6.1+dfsg/projects/demo' 
'g++' '-O3' '-g' '-O2' '-Wall' '-I../../include' '-I../../include/../src/include' '-DHAVE_GETTIMEOFDAY' '-D__LINUX_ALSA__' '-D__LITTLE_ENDIAN__' '-DRAWWAVE_PATH="../../rawwaves/"' '-c' '../../src/Thread.cpp' '-o' 'Release/Thread.o' 
cd '/root/oss-experiment/data/stk-4.6.1+dfsg/projects/demo' 
'g++' '-O3' '-g' '-O2' '-Wall' '-I../../include' '-I../../include/../src/include' '-DHAVE_GETTIMEOFDAY' '-D__LINUX_ALSA__' '-D__LITTLE_ENDIAN__' '-DRAWWAVE_PATH="../../rawwaves/"' '-c' '../../src/Noise.cpp' '-o' 'Release/Noise.o' 
cd '/root/oss-experiment/data/stk-4.6.1+dfsg/projects/demo' 
'g++' '-O3' '-g' '-O2' '-Wall' '-I../../include' '-I../../include/../src/include' '-DHAVE_GETTIMEOFDAY' '-D__LINUX_ALSA__' '-D__LITTLE_ENDIAN__' '-DRAWWAVE_PATH="../../rawwaves/"' '-c' '../../src/Socket.cpp' '-o' 'Release/Socket.o' 
cd '/root/oss-experiment/data/stk-4.6.1+dfsg/projects/demo' 
'g++' '-O3' '-g' '-O2' '-Wall' '-I../../include' '-I../../include/../src/include' '-DHAVE_GETTIMEOFDAY' '-D__LINUX_ALSA__' '-D__LITTLE_ENDIAN__' '-DRAWWAVE_PATH="../../rawwaves/"' '-c' '../../src/Envelope.cpp' '-o' 'Release/Envelope.o' 
# cc: /root/oss-experiment/data/stk-4.6.1+dfsg/sparrow/projects/demo/Release/Mutex.o.ii: preprocessed ../../src/Mutex.cpp
cd '/root/oss-experiment/data/stk-4.6.1+dfsg/projects/demo' 
'g++' '-O3' '-g' '-O2' '-Wall' '-I../../include' '-I../../include/../src/include' '-DHAVE_GETTIMEOFDAY' '-D__LINUX_ALSA__' '-D__LITTLE_ENDIAN__' '-DRAWWAVE_PATH="../../rawwaves/"' '-c' '../../src/FileWvOut.cpp' '-o' 'Release/FileWvOut.o' 
# cc: /root/oss-experiment/data/stk-4.6.1+dfsg/sparrow/projects/demo/Release/Noise.o.ii: preprocessed ../../src/Noise.cpp
# cc: /root/oss-experiment/data/stk-4.6.1+dfsg/sparrow/projects/demo/Release/Thread.o.ii: preprocessed ../../src/Thread.cpp
cd '/root/oss-experiment/data/stk-4.6.1+dfsg/projects/demo' 
'g++' '-O3' '-g' '-O2' '-Wall' '-I../../include' '-I../../include/../src/include' '-DHAVE_GETTIMEOFDAY' '-D__LINUX_ALSA__' '-D__LITTLE_ENDIAN__' '-DRAWWAVE_PATH="../../rawwaves/"' '-c' '../../src/SineWave.cpp' '-o' 'Release/SineWave.o' 
cd '/root/oss-experiment/data/stk-4.6.1+dfsg/projects/demo' 
'g++' '-O3' '-g' '-O2' '-Wall' '-I../../include' '-I../../include/../src/include' '-DHAVE_GETTIMEOFDAY' '-D__LINUX_ALSA__' '-D__LITTLE_ENDIAN__' '-DRAWWAVE_PATH="../../rawwaves/"' '-c' '../../src/Phonemes.cpp' '-o' 'Release/Phonemes.o' 
# cc: /root/oss-experiment/data/stk-4.6.1+dfsg/sparrow/projects/demo/Release/Socket.o.ii: preprocessed ../../src/Socket.cpp
cd '/root/oss-experiment/data/stk-4.6.1+dfsg/projects/demo' 
'g++' '-O3' '-g' '-O2' '-Wall' '-I../../include' '-I../../include/../src/include' '-DHAVE_GETTIMEOFDAY' '-D__LINUX_ALSA__' '-D__LITTLE_ENDIAN__' '-DRAWWAVE_PATH="../../rawwaves/"' '-c' '../../src/TcpServer.cpp' '-o' 'Release/TcpServer.o' 
cd '/root/oss-experiment/data/stk-4.6.1+dfsg/projects/demo' 
'g++' '-O3' '-g' '-O2' '-Wall' '-I../../include' '-I../../include/../src/include' '-DHAVE_GETTIMEOFDAY' '-D__LINUX_ALSA__' '-D__LITTLE_ENDIAN__' '-DRAWWAVE_PATH="../../rawwaves/"' '-c' '../../src/Modulate.cpp' '-o' 'Release/Modulate.o' 
cd '/root/oss-experiment/data/stk-4.6.1+dfsg/projects/demo' 
'g++' '-O3' '-g' '-O2' '-Wall' '-I../../include' '-I../../include/../src/include' '-DHAVE_GETTIMEOFDAY' '-D__LINUX_ALSA__' '-D__LITTLE_ENDIAN__' '-DRAWWAVE_PATH="../../rawwaves/"' '-c' '../../src/Sampler.cpp' '-o' 'Release/Sampler.o' 
cd '/root/oss-experiment/data/stk-4.6.1+dfsg/projects/demo' 
'g++' '-O3' '-g' '-O2' '-Wall' '-I../../include' '-I../../include/../src/include' '-DHAVE_GETTIMEOFDAY' '-D__LINUX_ALSA__' '-D__LITTLE_ENDIAN__' '-DRAWWAVE_PATH="../../rawwaves/"' '-c' '../../src/OneZero.cpp' '-o' 'Release/OneZero.o' 
cd '/root/oss-experiment/data/stk-4.6.1+dfsg/projects/demo' 
# cc: /root/oss-experiment/data/stk-4.6.1+dfsg/sparrow/projects/demo/Release/FileWvOut.o.ii: preprocessed ../../src/FileWvOut.cpp
'g++' '-O3' '-g' '-O2' '-Wall' '-I../../include' '-I../../include/../src/include' '-DHAVE_GETTIMEOFDAY' '-D__LINUX_ALSA__' '-D__LITTLE_ENDIAN__' '-DRAWWAVE_PATH="../../rawwaves/"' '-c' '../../src/DelayL.cpp' '-o' 'Release/DelayL.o' 
cd '/root/oss-experiment/data/stk-4.6.1+dfsg/projects/demo' 
# cc: /root/oss-experiment/data/stk-4.6.1+dfsg/sparrow/projects/demo/Release/Envelope.o.ii: preprocessed ../../src/Envelope.cpp
'g++' '-O3' '-g' '-O2' '-Wall' '-I../../include' '-I../../include/../src/include' '-DHAVE_GETTIMEOFDAY' '-D__LINUX_ALSA__' '-D__LITTLE_ENDIAN__' '-DRAWWAVE_PATH="../../rawwaves/"' '-c' '../../src/Resonate.cpp' '-o' 'Release/Resonate.o' 
cd '/root/oss-experiment/data/stk-4.6.1+dfsg/projects/demo' 
cd '/root/oss-experiment/data/stk-4.6.1+dfsg/projects/demo' 
'g++' '-O3' '-g' '-O2' '-Wall' '-I../../include' '-I../../include/../src/include' '-DHAVE_GETTIMEOFDAY' '-D__LINUX_ALSA__' '-D__LITTLE_ENDIAN__' '-DRAWWAVE_PATH="../../rawwaves/"' '-c' '../../src/DelayA.cpp' '-o' 'Release/DelayA.o' 
'g++' '-O3' '-g' '-O2' '-Wall' '-I../../include' '-I../../include/../src/include' '-DHAVE_GETTIMEOFDAY' '-D__LINUX_ALSA__' '-D__LITTLE_ENDIAN__' '-DRAWWAVE_PATH="../../rawwaves/"' '-c' '../../src/OnePole.cpp' '-o' 'Release/OnePole.o' 
cd '/root/oss-experiment/data/stk-4.6.1+dfsg/projects/demo' 
'g++' '-O3' '-g' '-O2' '-Wall' '-I../../include' '-I../../include/../src/include' '-DHAVE_GETTIMEOFDAY' '-D__LINUX_ALSA__' '-D__LITTLE_ENDIAN__' '-DRAWWAVE_PATH="../../rawwaves/"' '-c' '../../src/SingWave.cpp' '-o' 'Release/SingWave.o' 
cd '/root/oss-experiment/data/stk-4.6.1+dfsg/projects/demo' 
'g++' '-O3' '-g' '-O2' '-Wall' '-I../../include' '-I../../include/../src/include' '-DHAVE_GETTIMEOFDAY' '-D__LINUX_ALSA__' '-D__LITTLE_ENDIAN__' '-DRAWWAVE_PATH="../../rawwaves/"' '-c' '../../src/FileLoop.cpp' '-o' 'Release/FileLoop.o' 
cd '/root/oss-experiment/data/stk-4.6.1+dfsg/projects/demo' 
# cc: /root/oss-experiment/data/stk-4.6.1+dfsg/sparrow/projects/demo/Release/Phonemes.o.ii: preprocessed ../../src/Phonemes.cpp
cd '/root/oss-experiment/data/stk-4.6.1+dfsg/projects/demo' 
'g++' '-O3' '-g' '-O2' '-Wall' '-I../../include' '-I../../include/../src/include' '-DHAVE_GETTIMEOFDAY' '-D__LINUX_ALSA__' '-D__LITTLE_ENDIAN__' '-DRAWWAVE_PATH="../../rawwaves/"' '-c' '../../src/Delay.cpp' '-o' 'Release/Delay.o' 
'g++' '-O3' '-g' '-O2' '-Wall' '-I../../include' '-I../../include/../src/include' '-DHAVE_GETTIMEOFDAY' '-D__LINUX_ALSA__' '-D__LITTLE_ENDIAN__' '-DRAWWAVE_PATH="../../rawwaves/"' '-c' '../../src/Sitar.cpp' '-o' 'Release/Sitar.o' 
cd '/root/oss-experiment/data/stk-4.6.1+dfsg/projects/demo' 
cd '/root/oss-experiment/data/stk-4.6.1+dfsg/projects/demo' 
'g++' '-O3' '-g' '-O2' '-Wall' '-I../../include' '-I../../include/../src/include' '-DHAVE_GETTIMEOFDAY' '-D__LINUX_ALSA__' '-D__LITTLE_ENDIAN__' '-DRAWWAVE_PATH="../../rawwaves/"' '-c' '../../src/ADSR.cpp' '-o' 'Release/ADSR.o' 
'g++' '-O3' '-g' '-O2' '-Wall' '-I../../include' '-I../../include/../src/include' '-DHAVE_GETTIMEOFDAY' '-D__LINUX_ALSA__' '-D__LITTLE_ENDIAN__' '-DRAWWAVE_PATH="../../rawwaves/"' '-c' '../../src/Twang.cpp' '-o' 'Release/Twang.o' 
cd '/root/oss-experiment/data/stk-4.6.1+dfsg/projects/demo' 
'g++' '-O3' '-g' '-O2' '-Wall' '-I../../include' '-I../../include/../src/include' '-DHAVE_GETTIMEOFDAY' '-D__LINUX_ALSA__' '-D__LITTLE_ENDIAN__' '-DRAWWAVE_PATH="../../rawwaves/"' '-c' '../../src/TwoZero.cpp' '-o' 'Release/TwoZero.o' 
cd '/root/oss-experiment/data/stk-4.6.1+dfsg/projects/demo' 
'g++' '-O3' '-g' '-O2' '-Wall' '-I../../include' '-I../../include/../src/include' '-DHAVE_GETTIMEOFDAY' '-D__LINUX_ALSA__' '-D__LITTLE_ENDIAN__' '-DRAWWAVE_PATH="../../rawwaves/"' '-c' '../../src/Brass.cpp' '-o' 'Release/Brass.o' 
cd '/root/oss-experiment/data/stk-4.6.1+dfsg/projects/demo' 
'g++' '-O3' '-g' '-O2' '-Wall' '-I../../include' '-I../../include/../src/include' '-DHAVE_GETTIMEOFDAY' '-D__LINUX_ALSA__' '-D__LITTLE_ENDIAN__' '-DRAWWAVE_PATH="../../rawwaves/"' '-c' '../../src/PoleZero.cpp' '-o' 'Release/PoleZero.o' 
cd '/root/oss-experiment/data/stk-4.6.1+dfsg/projects/demo' 
'g++' '-O3' '-g' '-O2' '-Wall' '-I../../include' '-I../../include/../src/include' '-DHAVE_GETTIMEOFDAY' '-D__LINUX_ALSA__' '-D__LITTLE_ENDIAN__' '-DRAWWAVE_PATH="../../rawwaves/"' '-c' '../../src/Stk.cpp' '-o' 'Release/Stk.o' 
cd '/root/oss-experiment/data/stk-4.6.1+dfsg/projects/demo' 
'g++' '-O3' '-g' '-O2' '-Wall' '-I../../include' '-I../../include/../src/include' '-DHAVE_GETTIMEOFDAY' '-D__LINUX_ALSA__' '-D__LITTLE_ENDIAN__' '-DRAWWAVE_PATH="../../rawwaves/"' '-c' '../../src/FileWvIn.cpp' '-o' 'Release/FileWvIn.o' 
# cc: /root/oss-experiment/data/stk-4.6.1+dfsg/sparrow/projects/demo/Release/TcpServer.o.ii: preprocessed ../../src/TcpServer.cpp
# cc: /root/oss-experiment/data/stk-4.6.1+dfsg/sparrow/projects/demo/Release/SineWave.o.ii: preprocessed ../../src/SineWave.cpp
cd '/root/oss-experiment/data/stk-4.6.1+dfsg/projects/demo' 
'g++' '-O3' '-g' '-O2' '-Wall' '-I../../include' '-I../../include/../src/include' '-DHAVE_GETTIMEOFDAY' '-D__LINUX_ALSA__' '-D__LITTLE_ENDIAN__' '-DRAWWAVE_PATH="../../rawwaves/"' '-c' '../../src/Sphere.cpp' '-o' 'Release/Sphere.o' 
cd '/root/oss-experiment/data/stk-4.6.1+dfsg/projects/demo' 
'g++' '-O3' '-g' '-O2' '-Wall' '-I../../include' '-I../../include/../src/include' '-DHAVE_GETTIMEOFDAY' '-D__LINUX_ALSA__' '-D__LITTLE_ENDIAN__' '-DRAWWAVE_PATH="../../rawwaves/"' '-c' '../../src/BiQuad.cpp' '-o' 'Release/BiQuad.o' 
cd '/root/oss-experiment/data/stk-4.6.1+dfsg/projects/demo' 
'g++' '-O3' '-g' '-O2' '-Wall' '-I../../include' '-I../../include/../src/include' '-DHAVE_GETTIMEOFDAY' '-D__LINUX_ALSA__' '-D__LITTLE_ENDIAN__' '-DRAWWAVE_PATH="../../rawwaves/"' '-c' '../../src/Simple.cpp' '-o' 'Release/Simple.o' 
cd '/root/oss-experiment/data/stk-4.6.1+dfsg/projects/demo' 
'g++' '-O3' '-g' '-O2' '-Wall' '-I../../include' '-I../../include/../src/include' '-DHAVE_GETTIMEOFDAY' '-D__LINUX_ALSA__' '-D__LITTLE_ENDIAN__' '-DRAWWAVE_PATH="../../rawwaves/"' '-c' '../../src/Skini.cpp' '-o' 'Release/Skini.o' 
cd '/root/oss-experiment/data/stk-4.6.1+dfsg/projects/demo' 
'g++' '-O3' '-g' '-O2' '-Wall' '-I../../include' '-I../../include/../src/include' '-DHAVE_GETTIMEOFDAY' '-D__LINUX_ALSA__' '-D__LITTLE_ENDIAN__' '-DRAWWAVE_PATH="../../rawwaves/"' '-c' '../../src/Plucked.cpp' '-o' 'Release/Plucked.o' 
cd '/root/oss-experiment/data/stk-4.6.1+dfsg/projects/demo' 
'g++' '-O3' '-g' '-O2' '-Wall' '-I../../include' '-I../../include/../src/include' '-DHAVE_GETTIMEOFDAY' '-D__LINUX_ALSA__' '-D__LITTLE_ENDIAN__' '-DRAWWAVE_PATH="../../rawwaves/"' '-c' '../../src/StifKarp.cpp' '-o' 'Release/StifKarp.o' 
cd '/root/oss-experiment/data/stk-4.6.1+dfsg/projects/demo' 
'g++' '-O3' '-g' '-O2' '-Wall' '-I../../include' '-I../../include/../src/include' '-DHAVE_GETTIMEOFDAY' '-D__LINUX_ALSA__' '-D__LITTLE_ENDIAN__' '-DRAWWAVE_PATH="../../rawwaves/"' '-c' '../../src/Clarinet.cpp' '-o' 'Release/Clarinet.o' 
cd '/root/oss-experiment/data/stk-4.6.1+dfsg/projects/demo' 
cd '/root/oss-experiment/data/stk-4.6.1+dfsg/projects/demo' 
'g++' '-O3' '-g' '-O2' '-Wall' '-I../../include' '-I../../include/../src/include' '-DHAVE_GETTIMEOFDAY' '-D__LINUX_ALSA__' '-D__LITTLE_ENDIAN__' '-DRAWWAVE_PATH="../../rawwaves/"' '-c' '../../src/Whistle.cpp' '-o' 'Release/Whistle.o' 
'g++' '-O3' '-g' '-O2' '-Wall' '-I../../include' '-I../../include/../src/include' '-DHAVE_GETTIMEOFDAY' '-D__LINUX_ALSA__' '-D__LITTLE_ENDIAN__' '-DRAWWAVE_PATH="../../rawwaves/"' '-c' '../../src/Fir.cpp' '-o' 'Release/Fir.o' 
# cc: /root/oss-experiment/data/stk-4.6.1+dfsg/sparrow/projects/demo/Release/Modulate.o.ii: preprocessed ../../src/Modulate.cpp
cd '/root/oss-experiment/data/stk-4.6.1+dfsg/projects/demo' 
'g++' '-O3' '-g' '-O2' '-Wall' '-I../../include' '-I../../include/../src/include' '-DHAVE_GETTIMEOFDAY' '-D__LINUX_ALSA__' '-D__LITTLE_ENDIAN__' '-DRAWWAVE_PATH="../../rawwaves/"' '-c' '../../src/Rhodey.cpp' '-o' 'Release/Rhodey.o' 
# cc: /root/oss-experiment/data/stk-4.6.1+dfsg/sparrow/projects/demo/Release/Resonate.o.ii: preprocessed ../../src/Resonate.cpp
# cc: /root/oss-experiment/data/stk-4.6.1+dfsg/sparrow/projects/demo/Release/DelayA.o.ii: preprocessed ../../src/DelayA.cpp
cd '/root/oss-experiment/data/stk-4.6.1+dfsg/projects/demo' 
# cc: /root/oss-experiment/data/stk-4.6.1+dfsg/sparrow/projects/demo/Release/Sampler.o.ii: preprocessed ../../src/Sampler.cpp
'g++' '-O3' '-g' '-O2' '-Wall' '-I../../include' '-I../../include/../src/include' '-DHAVE_GETTIMEOFDAY' '-D__LINUX_ALSA__' '-D__LITTLE_ENDIAN__' '-DRAWWAVE_PATH="../../rawwaves/"' '-c' '../../src/PercFlut.cpp' '-o' 'Release/PercFlut.o' 
cd '/root/oss-experiment/data/stk-4.6.1+dfsg/projects/demo' 
'g++' '-O3' '-g' '-O2' '-Wall' '-I../../include' '-I../../include/../src/include' '-DHAVE_GETTIMEOFDAY' '-D__LINUX_ALSA__' '-D__LITTLE_ENDIAN__' '-DRAWWAVE_PATH="../../rawwaves/"' '-c' '../../src/Wurley.cpp' '-o' 'Release/Wurley.o' 
cd '/root/oss-experiment/data/stk-4.6.1+dfsg/projects/demo' 
'g++' '-O3' '-g' '-O2' '-Wall' '-I../../include' '-I../../include/../src/include' '-DHAVE_GETTIMEOFDAY' '-D__LINUX_ALSA__' '-D__LITTLE_ENDIAN__' '-DRAWWAVE_PATH="../../rawwaves/"' '-c' '../../src/TubeBell.cpp' '-o' 'Release/TubeBell.o' 
# cc: /root/oss-experiment/data/stk-4.6.1+dfsg/sparrow/projects/demo/Release/OneZero.o.ii: preprocessed ../../src/OneZero.cpp
cd '/root/oss-experiment/data/stk-4.6.1+dfsg/projects/demo' 
'g++' '-O3' '-g' '-O2' '-Wall' '-I../../include' '-I../../include/../src/include' '-DHAVE_GETTIMEOFDAY' '-D__LINUX_ALSA__' '-D__LITTLE_ENDIAN__' '-DRAWWAVE_PATH="../../rawwaves/"' '-c' '../../src/HevyMetl.cpp' '-o' 'Release/HevyMetl.o' 
cd '/root/oss-experiment/data/stk-4.6.1+dfsg/projects/demo' 
'g++' '-O3' '-g' '-O2' '-Wall' '-I../../include' '-I../../include/../src/include' '-DHAVE_GETTIMEOFDAY' '-D__LINUX_ALSA__' '-D__LITTLE_ENDIAN__' '-DRAWWAVE_PATH="../../rawwaves/"' '-c' '../../src/Voicer.cpp' '-o' 'Release/Voicer.o' 
# cc: /root/oss-experiment/data/stk-4.6.1+dfsg/sparrow/projects/demo/Release/ADSR.o.ii: preprocessed ../../src/ADSR.cpp
# cc: /root/oss-experiment/data/stk-4.6.1+dfsg/sparrow/projects/demo/Release/SingWave.o.ii: preprocessed ../../src/SingWave.cpp
# cc: /root/oss-experiment/data/stk-4.6.1+dfsg/sparrow/projects/demo/Release/Delay.o.ii: preprocessed ../../src/Delay.cpp
cd '/root/oss-experiment/data/stk-4.6.1+dfsg/projects/demo' 
# cc: /root/oss-experiment/data/stk-4.6.1+dfsg/sparrow/projects/demo/Release/DelayL.o.ii: preprocessed ../../src/DelayL.cpp
'g++' '-O3' '-g' '-O2' '-Wall' '-I../../include' '-I../../include/../src/include' '-DHAVE_GETTIMEOFDAY' '-D__LINUX_ALSA__' '-D__LITTLE_ENDIAN__' '-DRAWWAVE_PATH="../../rawwaves/"' '-c' '../../src/JCRev.cpp' '-o' 'Release/JCRev.o' 
cd '/root/oss-experiment/data/stk-4.6.1+dfsg/projects/demo' 
'g++' '-O3' '-g' '-O2' '-Wall' '-I../../include' '-I../../include/../src/include' '-DHAVE_GETTIMEOFDAY' '-D__LINUX_ALSA__' '-D__LITTLE_ENDIAN__' '-DRAWWAVE_PATH="../../rawwaves/"' '-c' '../../src/Iir.cpp' '-o' 'Release/Iir.o' 
# cc: /root/oss-experiment/data/stk-4.6.1+dfsg/sparrow/projects/demo/Release/Stk.o.ii: preprocessed ../../src/Stk.cpp
cd '/root/oss-experiment/data/stk-4.6.1+dfsg/projects/demo' 
cd '/root/oss-experiment/data/stk-4.6.1+dfsg/projects/demo' 
'g++' '-O3' '-g' '-O2' '-Wall' '-I../../include' '-I../../include/../src/include' '-DHAVE_GETTIMEOFDAY' '-D__LINUX_ALSA__' '-D__LITTLE_ENDIAN__' '-DRAWWAVE_PATH="../../rawwaves/"' '-c' '../../src/FMVoices.cpp' '-o' 'Release/FMVoices.o' 
'g++' '-O3' '-g' '-O2' '-Wall' '-I../../include' '-I../../include/../src/include' '-DHAVE_GETTIMEOFDAY' '-D__LINUX_ALSA__' '-D__LITTLE_ENDIAN__' '-DRAWWAVE_PATH="../../rawwaves/"' '-c' '../../src/BlowBotl.cpp' '-o' 'Release/BlowBotl.o' 
# cc: /root/oss-experiment/data/stk-4.6.1+dfsg/sparrow/projects/demo/Release/OnePole.o.ii: preprocessed ../../src/OnePole.cpp
cd '/root/oss-experiment/data/stk-4.6.1+dfsg/projects/demo' 
# cc: /root/oss-experiment/data/stk-4.6.1+dfsg/sparrow/projects/demo/Release/Sitar.o.ii: preprocessed ../../src/Sitar.cpp
'g++' '-O3' '-g' '-O2' '-Wall' '-I../../include' '-I../../include/../src/include' '-DHAVE_GETTIMEOFDAY' '-D__LINUX_ALSA__' '-D__LITTLE_ENDIAN__' '-DRAWWAVE_PATH="../../rawwaves/"' '-c' '../../src/FM.cpp' '-o' 'Release/FM.o' 
# cc: /root/oss-experiment/data/stk-4.6.1+dfsg/sparrow/projects/demo/Release/FileLoop.o.ii: preprocessed ../../src/FileLoop.cpp
# cc: /root/oss-experiment/data/stk-4.6.1+dfsg/sparrow/projects/demo/Release/Twang.o.ii: preprocessed ../../src/Twang.cpp
cd '/root/oss-experiment/data/stk-4.6.1+dfsg/projects/demo' 
cd '/root/oss-experiment/data/stk-4.6.1+dfsg/projects/demo' 
'g++' '-O3' '-g' '-O2' '-Wall' '-I../../include' '-I../../include/../src/include' '-DHAVE_GETTIMEOFDAY' '-D__LINUX_ALSA__' '-D__LITTLE_ENDIAN__' '-DRAWWAVE_PATH="../../rawwaves/"' '-c' '../../src/Drummer.cpp' '-o' 'Release/Drummer.o' 
'g++' '-O3' '-g' '-O2' '-Wall' '-I../../include' '-I../../include/../src/include' '-DHAVE_GETTIMEOFDAY' '-D__LINUX_ALSA__' '-D__LITTLE_ENDIAN__' '-DRAWWAVE_PATH="../../rawwaves/"' '-c' '../../src/Saxofony.cpp' '-o' 'Release/Saxofony.o' 
cd '/root/oss-experiment/data/stk-4.6.1+dfsg/projects/demo' 
'g++' '-O3' '-g' '-O2' '-Wall' '-I../../include' '-I../../include/../src/include' '-DHAVE_GETTIMEOFDAY' '-D__LINUX_ALSA__' '-D__LITTLE_ENDIAN__' '-DRAWWAVE_PATH="../../rawwaves/"' '-c' '../../src/BandedWG.cpp' '-o' 'Release/BandedWG.o' 
cd '/root/oss-experiment/data/stk-4.6.1+dfsg/projects/demo' 
# cc: /root/oss-experiment/data/stk-4.6.1+dfsg/sparrow/projects/demo/Release/TwoZero.o.ii: preprocessed ../../src/TwoZero.cpp
'g++' '-O3' '-g' '-O2' '-Wall' '-I../../include' '-I../../include/../src/include' '-DHAVE_GETTIMEOFDAY' '-D__LINUX_ALSA__' '-D__LITTLE_ENDIAN__' '-DRAWWAVE_PATH="../../rawwaves/"' '-c' '../../src/Mesh2D.cpp' '-o' 'Release/Mesh2D.o' 
# cc: /root/oss-experiment/data/stk-4.6.1+dfsg/sparrow/projects/demo/Release/FileWvIn.o.ii: preprocessed ../../src/FileWvIn.cpp
# cc: /root/oss-experiment/data/stk-4.6.1+dfsg/sparrow/projects/demo/Release/Skini.o.ii: preprocessed ../../src/Skini.cpp
cd '/root/oss-experiment/data/stk-4.6.1+dfsg/projects/demo' 
# cc: /root/oss-experiment/data/stk-4.6.1+dfsg/sparrow/projects/demo/Release/PoleZero.o.ii: preprocessed ../../src/PoleZero.cpp
'g++' '-O3' '-g' '-O2' '-Wall' '-I../../include' '-I../../include/../src/include' '-DHAVE_GETTIMEOFDAY' '-D__LINUX_ALSA__' '-D__LITTLE_ENDIAN__' '-DRAWWAVE_PATH="../../rawwaves/"' '-c' '../../src/BlowHole.cpp' '-o' 'Release/BlowHole.o' 
# cc: /root/oss-experiment/data/stk-4.6.1+dfsg/sparrow/projects/demo/Release/BiQuad.o.ii: preprocessed ../../src/BiQuad.cpp
# cc: /root/oss-experiment/data/stk-4.6.1+dfsg/sparrow/projects/demo/Release/Simple.o.ii: preprocessed ../../src/Simple.cpp
# cc: /root/oss-experiment/data/stk-4.6.1+dfsg/sparrow/projects/demo/Release/Brass.o.ii: preprocessed ../../src/Brass.cpp
cd '/root/oss-experiment/data/stk-4.6.1+dfsg/projects/demo' 
cd '/root/oss-experiment/data/stk-4.6.1+dfsg/projects/demo' 
cd '/root/oss-experiment/data/stk-4.6.1+dfsg/projects/demo' 
'g++' '-O3' '-g' '-O2' '-Wall' '-I../../include' '-I../../include/../src/include' '-DHAVE_GETTIMEOFDAY' '-D__LINUX_ALSA__' '-D__LITTLE_ENDIAN__' '-DRAWWAVE_PATH="../../rawwaves/"' '-c' '../../src/VoicForm.cpp' '-o' 'Release/VoicForm.o' 
'g++' '-O3' '-g' '-O2' '-Wall' '-I../../include' '-I../../include/../src/include' '-DHAVE_GETTIMEOFDAY' '-D__LINUX_ALSA__' '-D__LITTLE_ENDIAN__' '-DRAWWAVE_PATH="../../rawwaves/"' '-c' '../../src/Moog.cpp' '-o' 'Release/Moog.o' 
'g++' '-O3' '-g' '-O2' '-Wall' '-I../../include' '-I../../include/../src/include' '-DHAVE_GETTIMEOFDAY' '-D__LINUX_ALSA__' '-D__LITTLE_ENDIAN__' '-DRAWWAVE_PATH="../../rawwaves/"' '-c' '../../src/ModalBar.cpp' '-o' 'Release/ModalBar.o' 
# cc: /root/oss-experiment/data/stk-4.6.1+dfsg/sparrow/projects/demo/Release/Fir.o.ii: preprocessed ../../src/Fir.cpp
cd '/root/oss-experiment/data/stk-4.6.1+dfsg/projects/demo' 
'g++' '-O3' '-g' '-O2' '-Wall' '-I../../include' '-I../../include/../src/include' '-DHAVE_GETTIMEOFDAY' '-D__LINUX_ALSA__' '-D__LITTLE_ENDIAN__' '-DRAWWAVE_PATH="../../rawwaves/"' '-c' '../../src/Flute.cpp' '-o' 'Release/Flute.o' 
# cc: /root/oss-experiment/data/stk-4.6.1+dfsg/sparrow/projects/demo/Release/Sphere.o.ii: preprocessed ../../src/Sphere.cpp
# cc: /root/oss-experiment/data/stk-4.6.1+dfsg/sparrow/projects/demo/Release/Rhodey.o.ii: preprocessed ../../src/Rhodey.cpp
# cc: /root/oss-experiment/data/stk-4.6.1+dfsg/sparrow/projects/demo/Release/HevyMetl.o.ii: preprocessed ../../src/HevyMetl.cpp
cd '/root/oss-experiment/data/stk-4.6.1+dfsg/projects/demo' 
'g++' '-O3' '-g' '-O2' '-Wall' '-I../../include' '-I../../include/../src/include' '-DHAVE_GETTIMEOFDAY' '-D__LINUX_ALSA__' '-D__LITTLE_ENDIAN__' '-DRAWWAVE_PATH="../../rawwaves/"' '-c' '../../src/BeeThree.cpp' '-o' 'Release/BeeThree.o' 
cd '/root/oss-experiment/data/stk-4.6.1+dfsg/projects/demo' 
# cc: /root/oss-experiment/data/stk-4.6.1+dfsg/sparrow/projects/demo/Release/TubeBell.o.ii: preprocessed ../../src/TubeBell.cpp
'g++' '-O3' '-g' '-O2' '-Wall' '-I../../include' '-I../../include/../src/include' '-DHAVE_GETTIMEOFDAY' '-D__LINUX_ALSA__' '-D__LITTLE_ENDIAN__' '-DRAWWAVE_PATH="../../rawwaves/"' '-c' '../../src/FormSwep.cpp' '-o' 'Release/FormSwep.o' 
# cc: /root/oss-experiment/data/stk-4.6.1+dfsg/sparrow/projects/demo/Release/Plucked.o.ii: preprocessed ../../src/Plucked.cpp
# cc: /root/oss-experiment/data/stk-4.6.1+dfsg/sparrow/projects/demo/Release/Voicer.o.ii: preprocessed ../../src/Voicer.cpp
# cc: /root/oss-experiment/data/stk-4.6.1+dfsg/sparrow/projects/demo/Release/Clarinet.o.ii: preprocessed ../../src/Clarinet.cpp
# cc: /root/oss-experiment/data/stk-4.6.1+dfsg/sparrow/projects/demo/Release/StifKarp.o.ii: preprocessed ../../src/StifKarp.cpp
cd '/root/oss-experiment/data/stk-4.6.1+dfsg/projects/demo' 
'g++' '-O3' '-g' '-O2' '-Wall' '-I../../include' '-I../../include/../src/include' '-DHAVE_GETTIMEOFDAY' '-D__LINUX_ALSA__' '-D__LITTLE_ENDIAN__' '-DRAWWAVE_PATH="../../rawwaves/"' '-c' '../../src/FileWrite.cpp' '-o' 'Release/FileWrite.o' 
# cc: /root/oss-experiment/data/stk-4.6.1+dfsg/sparrow/projects/demo/Release/Whistle.o.ii: preprocessed ../../src/Whistle.cpp
# cc: /root/oss-experiment/data/stk-4.6.1+dfsg/sparrow/projects/demo/Release/JCRev.o.ii: preprocessed ../../src/JCRev.cpp
# cc: /root/oss-experiment/data/stk-4.6.1+dfsg/sparrow/projects/demo/Release/Iir.o.ii: preprocessed ../../src/Iir.cpp
cd '/root/oss-experiment/data/stk-4.6.1+dfsg/projects/demo' 
'g++' '-O3' '-g' '-O2' '-Wall' '-I../../include' '-I../../include/../src/include' '-DHAVE_GETTIMEOFDAY' '-D__LINUX_ALSA__' '-D__LITTLE_ENDIAN__' '-DRAWWAVE_PATH="../../rawwaves/"' '-c' '../../src/Bowed.cpp' '-o' 'Release/Bowed.o' 
# cc: /root/oss-experiment/data/stk-4.6.1+dfsg/sparrow/projects/demo/Release/BlowBotl.o.ii: preprocessed ../../src/BlowBotl.cpp
# cc: /root/oss-experiment/data/stk-4.6.1+dfsg/sparrow/projects/demo/Release/FM.o.ii: preprocessed ../../src/FM.cpp
# cc: /root/oss-experiment/data/stk-4.6.1+dfsg/sparrow/projects/demo/Release/Drummer.o.ii: preprocessed ../../src/Drummer.cpp
cd '/root/oss-experiment/data/stk-4.6.1+dfsg/projects/demo' 
'g++' '-O3' '-g' '-O2' '-Wall' '-I../../include' '-I../../include/../src/include' '-DHAVE_GETTIMEOFDAY' '-D__LINUX_ALSA__' '-D__LITTLE_ENDIAN__' '-DRAWWAVE_PATH="../../rawwaves/"' '-c' '../../src/Modal.cpp' '-o' 'Release/Modal.o' 
# cc: /root/oss-experiment/data/stk-4.6.1+dfsg/sparrow/projects/demo/Release/Mesh2D.o.ii: preprocessed ../../src/Mesh2D.cpp
# cc: /root/oss-experiment/data/stk-4.6.1+dfsg/sparrow/projects/demo/Release/BandedWG.o.ii: preprocessed ../../src/BandedWG.cpp
cd '/root/oss-experiment/data/stk-4.6.1+dfsg/projects/demo' 
'g++' '-O3' '-g' '-O2' '-Wall' '-I../../include' '-I../../include/../src/include' '-DHAVE_GETTIMEOFDAY' '-D__LINUX_ALSA__' '-D__LITTLE_ENDIAN__' '-DRAWWAVE_PATH="../../rawwaves/"' '-c' '../../src/FileRead.cpp' '-o' 'Release/FileRead.o' 
# cc: /root/oss-experiment/data/stk-4.6.1+dfsg/sparrow/projects/demo/Release/PercFlut.o.ii: preprocessed ../../src/PercFlut.cpp
# cc: /root/oss-experiment/data/stk-4.6.1+dfsg/sparrow/projects/demo/Release/Wurley.o.ii: preprocessed ../../src/Wurley.cpp
# cc: /root/oss-experiment/data/stk-4.6.1+dfsg/sparrow/projects/demo/Release/BlowHole.o.ii: preprocessed ../../src/BlowHole.cpp
# cc: /root/oss-experiment/data/stk-4.6.1+dfsg/sparrow/projects/demo/Release/FMVoices.o.ii: preprocessed ../../src/FMVoices.cpp
# cc: /root/oss-experiment/data/stk-4.6.1+dfsg/sparrow/projects/demo/Release/Moog.o.ii: preprocessed ../../src/Moog.cpp
# cc: /root/oss-experiment/data/stk-4.6.1+dfsg/sparrow/projects/demo/Release/VoicForm.o.ii: preprocessed ../../src/VoicForm.cpp
# cc: /root/oss-experiment/data/stk-4.6.1+dfsg/sparrow/projects/demo/Release/ModalBar.o.ii: preprocessed ../../src/ModalBar.cpp
# cc: /root/oss-experiment/data/stk-4.6.1+dfsg/sparrow/projects/demo/Release/Flute.o.ii: preprocessed ../../src/Flute.cpp
# cc: /root/oss-experiment/data/stk-4.6.1+dfsg/sparrow/projects/demo/Release/Saxofony.o.ii: preprocessed ../../src/Saxofony.cpp
# cc: /root/oss-experiment/data/stk-4.6.1+dfsg/sparrow/projects/demo/Release/BeeThree.o.ii: preprocessed ../../src/BeeThree.cpp
# cc: /root/oss-experiment/data/stk-4.6.1+dfsg/sparrow/projects/demo/Release/FormSwep.o.ii: preprocessed ../../src/FormSwep.cpp
# cc: /root/oss-experiment/data/stk-4.6.1+dfsg/sparrow/projects/demo/Release/FileWrite.o.ii: preprocessed ../../src/FileWrite.cpp
# cc: /root/oss-experiment/data/stk-4.6.1+dfsg/sparrow/projects/demo/Release/Bowed.o.ii: preprocessed ../../src/Bowed.cpp
cd '/root/oss-experiment/data/stk-4.6.1+dfsg/projects/demo' 
'g++' '-O3' '-g' '-O2' '-Wall' '-I../../include' '-I../../include/../src/include' '-DHAVE_GETTIMEOFDAY' '-D__LINUX_ALSA__' '-D__LITTLE_ENDIAN__' '-DRAWWAVE_PATH="../../rawwaves/"' '-c' 'utilities.cpp' '-o' 'Release/utilities.o' 
# cc: /root/oss-experiment/data/stk-4.6.1+dfsg/sparrow/projects/demo/Release/Modal.o.ii: preprocessed ../../src/Modal.cpp
# cc: /root/oss-experiment/data/stk-4.6.1+dfsg/sparrow/projects/demo/Release/FileRead.o.ii: preprocessed ../../src/FileRead.cpp
cd '/root/oss-experiment/data/stk-4.6.1+dfsg/projects/demo' 
'g++' '-O3' '-g' '-O2' '-Wall' '-I../../include' '-I../../include/../src/include' '-DHAVE_GETTIMEOFDAY' '-D__LINUX_ALSA__' '-D__LITTLE_ENDIAN__' '-DRAWWAVE_PATH="../../rawwaves/"' '-c' '../../src/Mandolin.cpp' '-o' 'Release/Mandolin.o' 
# cc: /root/oss-experiment/data/stk-4.6.1+dfsg/sparrow/projects/demo/Release/utilities.o.ii: preprocessed utilities.cpp
cd '/root/oss-experiment/data/stk-4.6.1+dfsg/projects/demo' 
'g++' '-O3' '-g' '-O2' '-Wall' '-I../../include' '-I../../include/../src/include' '-DHAVE_GETTIMEOFDAY' '-D__LINUX_ALSA__' '-D__LITTLE_ENDIAN__' '-DRAWWAVE_PATH="../../rawwaves/"' '-c' '../../src/Recorder.cpp' '-o' 'Release/Recorder.o' 
# cc: /root/oss-experiment/data/stk-4.6.1+dfsg/sparrow/projects/demo/Release/Mandolin.o.ii: preprocessed ../../src/Mandolin.cpp
# cc: /root/oss-experiment/data/stk-4.6.1+dfsg/sparrow/projects/demo/Release/Recorder.o.ii: preprocessed ../../src/Recorder.cpp
cd '/root/oss-experiment/data/stk-4.6.1+dfsg/projects/demo' 
'g++' '-O3' '-g' '-O2' '-Wall' '-I../../include' '-I../../include/../src/include' '-DHAVE_GETTIMEOFDAY' '-D__LINUX_ALSA__' '-D__LITTLE_ENDIAN__' '-DRAWWAVE_PATH="../../rawwaves/"' '-c' '../../src/Shakers.cpp' '-o' 'Release/Shakers.o' 
cd '/root/oss-experiment/data/stk-4.6.1+dfsg/projects/demo' 
'g++' '-O3' '-g' '-O2' '-Wall' '-I../../include' '-I../../include/../src/include' '-DHAVE_GETTIMEOFDAY' '-D__LINUX_ALSA__' '-D__LITTLE_ENDIAN__' '-DRAWWAVE_PATH="../../rawwaves/"' '-c' '../../src/Messager.cpp' '-o' 'Release/Messager.o' 
# cc: /root/oss-experiment/data/stk-4.6.1+dfsg/sparrow/projects/demo/Release/Shakers.o.ii: preprocessed ../../src/Shakers.cpp
# cc: /root/oss-experiment/data/stk-4.6.1+dfsg/sparrow/projects/demo/Release/Messager.o.ii: preprocessed ../../src/Messager.cpp
## Aborted with exit code 2 at Tue Apr  9 13:48:18 2024 +0900
