cd '/root/oss-experiment/data/stk-4.6.1+dfsg/src' 
'g++' '-O3' '-g' '-O2' '-Wall' '-I../include' '-Iinclude' '-fPIC' '-DHAVE_GETTIMEOFDAY' '-D__LINUX_ALSA__' '-D__LITTLE_ENDIAN__' '-DRAWWAVE_PATH="../../rawwaves/"' '-c' 'FileWvOut.cpp' '-o' 'Release/FileWvOut.o' 
cd '/root/oss-experiment/data/stk-4.6.1+dfsg/src' 
'g++' '-O3' '-g' '-O2' '-Wall' '-I../include' '-Iinclude' '-fPIC' '-DHAVE_GETTIMEOFDAY' '-D__LINUX_ALSA__' '-D__LITTLE_ENDIAN__' '-DRAWWAVE_PATH="../../rawwaves/"' '-c' 'RtWvOut.cpp' '-o' 'Release/RtWvOut.o' 
cd '/root/oss-experiment/data/stk-4.6.1+dfsg/src' 
cd '/root/oss-experiment/data/stk-4.6.1+dfsg/src' 
'g++' '-O3' '-g' '-O2' '-Wall' '-I../include' '-Iinclude' '-fPIC' '-DHAVE_GETTIMEOFDAY' '-D__LINUX_ALSA__' '-D__LITTLE_ENDIAN__' '-DRAWWAVE_PATH="../../rawwaves/"' '-c' 'Thread.cpp' '-o' 'Release/Thread.o' 
'g++' '-O3' '-g' '-O2' '-Wall' '-I../include' '-Iinclude' '-fPIC' '-DHAVE_GETTIMEOFDAY' '-D__LINUX_ALSA__' '-D__LITTLE_ENDIAN__' '-DRAWWAVE_PATH="../../rawwaves/"' '-c' 'BlitSaw.cpp' '-o' 'Release/BlitSaw.o' 
cd '/root/oss-experiment/data/stk-4.6.1+dfsg/src' 
cd '/root/oss-experiment/data/stk-4.6.1+dfsg/src' 
'g++' '-O3' '-g' '-O2' '-Wall' '-I../include' '-Iinclude' '-fPIC' '-DHAVE_GETTIMEOFDAY' '-D__LINUX_ALSA__' '-D__LITTLE_ENDIAN__' '-DRAWWAVE_PATH="../../rawwaves/"' '-c' 'Modulate.cpp' '-o' 'Release/Modulate.o' 
'g++' '-O3' '-g' '-O2' '-Wall' '-I../include' '-Iinclude' '-fPIC' '-DHAVE_GETTIMEOFDAY' '-D__LINUX_ALSA__' '-D__LITTLE_ENDIAN__' '-DRAWWAVE_PATH="../../rawwaves/"' '-c' 'LentPitShift.cpp' '-o' 'Release/LentPitShift.o' 
cd '/root/oss-experiment/data/stk-4.6.1+dfsg/src' 
'g++' '-O3' '-g' '-O2' '-Wall' '-I../include' '-Iinclude' '-fPIC' '-DHAVE_GETTIMEOFDAY' '-D__LINUX_ALSA__' '-D__LITTLE_ENDIAN__' '-DRAWWAVE_PATH="../../rawwaves/"' '-c' 'Envelope.cpp' '-o' 'Release/Envelope.o' 
cd '/root/oss-experiment/data/stk-4.6.1+dfsg/src' 
'g++' '-O3' '-g' '-O2' '-Wall' '-I../include' '-Iinclude' '-fPIC' '-DHAVE_GETTIMEOFDAY' '-D__LINUX_ALSA__' '-D__LITTLE_ENDIAN__' '-DRAWWAVE_PATH="../../rawwaves/"' '-c' 'OneZero.cpp' '-o' 'Release/OneZero.o' 
cd '/root/oss-experiment/data/stk-4.6.1+dfsg/src' 
cd '/root/oss-experiment/data/stk-4.6.1+dfsg/src' 
'g++' '-O3' '-g' '-O2' '-Wall' '-I../include' '-Iinclude' '-fPIC' '-DHAVE_GETTIMEOFDAY' '-D__LINUX_ALSA__' '-D__LITTLE_ENDIAN__' '-DRAWWAVE_PATH="../../rawwaves/"' '-c' 'DelayA.cpp' '-o' 'Release/DelayA.o' 
cd '/root/oss-experiment/data/stk-4.6.1+dfsg/src' 
'g++' '-O3' '-g' '-O2' '-Wall' '-I../include' '-Iinclude' '-fPIC' '-DHAVE_GETTIMEOFDAY' '-D__LINUX_ALSA__' '-D__LITTLE_ENDIAN__' '-DRAWWAVE_PATH="../../rawwaves/"' '-c' 'OnePole.cpp' '-o' 'Release/OnePole.o' 
'g++' '-O3' '-g' '-O2' '-Wall' '-I../include' '-Iinclude' '-fPIC' '-DHAVE_GETTIMEOFDAY' '-D__LINUX_ALSA__' '-D__LITTLE_ENDIAN__' '-DRAWWAVE_PATH="../../rawwaves/"' '-c' 'DelayL.cpp' '-o' 'Release/DelayL.o' 
cd '/root/oss-experiment/data/stk-4.6.1+dfsg/src' 
cd '/root/oss-experiment/data/stk-4.6.1+dfsg/src' 
'g++' '-O3' '-g' '-O2' '-Wall' '-I../include' '-Iinclude' '-fPIC' '-DHAVE_GETTIMEOFDAY' '-D__LINUX_ALSA__' '-D__LITTLE_ENDIAN__' '-DRAWWAVE_PATH="../../rawwaves/"' '-c' 'Stk.cpp' '-o' 'Release/Stk.o' 
cd '/root/oss-experiment/data/stk-4.6.1+dfsg/src' 
'g++' '-O3' '-g' '-O2' '-Wall' '-I../include' '-Iinclude' '-fPIC' '-DHAVE_GETTIMEOFDAY' '-D__LINUX_ALSA__' '-D__LITTLE_ENDIAN__' '-DRAWWAVE_PATH="../../rawwaves/"' '-c' 'BlowBotl.cpp' '-o' 'Release/BlowBotl.o' 
cd '/root/oss-experiment/data/stk-4.6.1+dfsg/src' 
cd '/root/oss-experiment/data/stk-4.6.1+dfsg/src' 
cd '/root/oss-experiment/data/stk-4.6.1+dfsg/src' 
'g++' '-O3' '-g' '-O2' '-Wall' '-I../include' '-Iinclude' '-fPIC' '-DHAVE_GETTIMEOFDAY' '-D__LINUX_ALSA__' '-D__LITTLE_ENDIAN__' '-DRAWWAVE_PATH="../../rawwaves/"' '-c' 'Sitar.cpp' '-o' 'Release/Sitar.o' 
'g++' '-O3' '-g' '-O2' '-Wall' '-I../include' '-Iinclude' '-fPIC' '-DHAVE_GETTIMEOFDAY' '-D__LINUX_ALSA__' '-D__LITTLE_ENDIAN__' '-DRAWWAVE_PATH="../../rawwaves/"' '-c' 'Twang.cpp' '-o' 'Release/Twang.o' 
cd '/root/oss-experiment/data/stk-4.6.1+dfsg/src' 
'g++' '-O3' '-g' '-O2' '-Wall' '-I../include' '-Iinclude' '-fPIC' '-DHAVE_GETTIMEOFDAY' '-D__LINUX_ALSA__' '-D__LITTLE_ENDIAN__' '-DRAWWAVE_PATH="../../rawwaves/"' '-c' 'FileWvIn.cpp' '-o' 'Release/FileWvIn.o' 
'g++' '-O3' '-g' '-O2' '-Wall' '-I../include' '-Iinclude' '-fPIC' '-DHAVE_GETTIMEOFDAY' '-D__LINUX_ALSA__' '-D__LITTLE_ENDIAN__' '-DRAWWAVE_PATH="../../rawwaves/"' '-c' 'SineWave.cpp' '-o' 'Release/SineWave.o' 
'g++' '-O3' '-g' '-O2' '-Wall' '-I../include' '-Iinclude' '-fPIC' '-DHAVE_GETTIMEOFDAY' '-D__LINUX_ALSA__' '-D__LITTLE_ENDIAN__' '-DRAWWAVE_PATH="../../rawwaves/"' '-c' 'TwoPole.cpp' '-o' 'Release/TwoPole.o' 
cd '/root/oss-experiment/data/stk-4.6.1+dfsg/src' 
cd '/root/oss-experiment/data/stk-4.6.1+dfsg/src' 
cd '/root/oss-experiment/data/stk-4.6.1+dfsg/src' 
'g++' '-O3' '-g' '-O2' '-Wall' '-I../include' '-Iinclude' '-fPIC' '-DHAVE_GETTIMEOFDAY' '-D__LINUX_ALSA__' '-D__LITTLE_ENDIAN__' '-DRAWWAVE_PATH="../../rawwaves/"' '-c' 'Resonate.cpp' '-o' 'Release/Resonate.o' 
'g++' '-O3' '-g' '-O2' '-Wall' '-I../include' '-Iinclude' '-fPIC' '-DHAVE_GETTIMEOFDAY' '-D__LINUX_ALSA__' '-D__LITTLE_ENDIAN__' '-DRAWWAVE_PATH="../../rawwaves/"' '-c' 'Noise.cpp' '-o' 'Release/Noise.o' 
'g++' '-O3' '-g' '-O2' '-Wall' '-I../include' '-Iinclude' '-fPIC' '-DHAVE_GETTIMEOFDAY' '-D__LINUX_ALSA__' '-D__LITTLE_ENDIAN__' '-DRAWWAVE_PATH="../../rawwaves/"' '-c' 'UdpSocket.cpp' '-o' 'Release/UdpSocket.o' 
cd '/root/oss-experiment/data/stk-4.6.1+dfsg/src' 
cd '/root/oss-experiment/data/stk-4.6.1+dfsg/src' 
cd '/root/oss-experiment/data/stk-4.6.1+dfsg/src' 
'g++' '-O3' '-g' '-O2' '-Wall' '-I../include' '-Iinclude' '-fPIC' '-DHAVE_GETTIMEOFDAY' '-D__LINUX_ALSA__' '-D__LITTLE_ENDIAN__' '-DRAWWAVE_PATH="../../rawwaves/"' '-c' 'InetWvOut.cpp' '-o' 'Release/InetWvOut.o' 
'g++' '-O3' '-g' '-O2' '-Wall' '-I../include' '-Iinclude' '-fPIC' '-DHAVE_GETTIMEOFDAY' '-D__LINUX_ALSA__' '-D__LITTLE_ENDIAN__' '-DRAWWAVE_PATH="../../rawwaves/"' '-c' 'Blit.cpp' '-o' 'Release/Blit.o' 
cd '/root/oss-experiment/data/stk-4.6.1+dfsg/src' 
'g++' '-O3' '-g' '-O2' '-Wall' '-I../include' '-Iinclude' '-fPIC' '-DHAVE_GETTIMEOFDAY' '-D__LINUX_ALSA__' '-D__LITTLE_ENDIAN__' '-DRAWWAVE_PATH="../../rawwaves/"' '-c' 'Clarinet.cpp' '-o' 'Release/Clarinet.o' 
cd '/root/oss-experiment/data/stk-4.6.1+dfsg/src' 
'g++' '-O3' '-g' '-O2' '-Wall' '-I../include' '-Iinclude' '-fPIC' '-DHAVE_GETTIMEOFDAY' '-D__LINUX_ALSA__' '-D__LITTLE_ENDIAN__' '-DRAWWAVE_PATH="../../rawwaves/"' '-c' 'ADSR.cpp' '-o' 'Release/ADSR.o' 
cd '/root/oss-experiment/data/stk-4.6.1+dfsg/src' 
'g++' '-O3' '-g' '-O2' '-Wall' '-I../include' '-Iinclude' '-fPIC' '-DHAVE_GETTIMEOFDAY' '-D__LINUX_ALSA__' '-D__LITTLE_ENDIAN__' '-DRAWWAVE_PATH="../../rawwaves/"' '-c' 'RtWvIn.cpp' '-o' 'Release/RtWvIn.o' 
'g++' '-O3' '-g' '-O2' '-Wall' '-I../include' '-Iinclude' '-fPIC' '-DHAVE_GETTIMEOFDAY' '-D__LINUX_ALSA__' '-D__LITTLE_ENDIAN__' '-DRAWWAVE_PATH="../../rawwaves/"' '-c' 'Whistle.cpp' '-o' 'Release/Whistle.o' 
cd '/root/oss-experiment/data/stk-4.6.1+dfsg/src' 
cd '/root/oss-experiment/data/stk-4.6.1+dfsg/src' 
'g++' '-O3' '-g' '-O2' '-Wall' '-I../include' '-Iinclude' '-fPIC' '-DHAVE_GETTIMEOFDAY' '-D__LINUX_ALSA__' '-D__LITTLE_ENDIAN__' '-DRAWWAVE_PATH="../../rawwaves/"' '-c' 'Wurley.cpp' '-o' 'Release/Wurley.o' 
'g++' '-O3' '-g' '-O2' '-Wall' '-I../include' '-Iinclude' '-fPIC' '-DHAVE_GETTIMEOFDAY' '-D__LINUX_ALSA__' '-D__LITTLE_ENDIAN__' '-DRAWWAVE_PATH="../../rawwaves/"' '-c' 'Iir.cpp' '-o' 'Release/Iir.o' 
cd '/root/oss-experiment/data/stk-4.6.1+dfsg/src' 
'g++' '-O3' '-g' '-O2' '-Wall' '-I../include' '-Iinclude' '-fPIC' '-DHAVE_GETTIMEOFDAY' '-D__LINUX_ALSA__' '-D__LITTLE_ENDIAN__' '-DRAWWAVE_PATH="../../rawwaves/"' '-c' 'Phonemes.cpp' '-o' 'Release/Phonemes.o' 
cd '/root/oss-experiment/data/stk-4.6.1+dfsg/src' 
'g++' '-O3' '-g' '-O2' '-Wall' '-I../include' '-Iinclude' '-fPIC' '-DHAVE_GETTIMEOFDAY' '-D__LINUX_ALSA__' '-D__LITTLE_ENDIAN__' '-DRAWWAVE_PATH="../../rawwaves/"' '-c' 'Mutex.cpp' '-o' 'Release/Mutex.o' 
cd '/root/oss-experiment/data/stk-4.6.1+dfsg/src' 
cd '/root/oss-experiment/data/stk-4.6.1+dfsg/src' 
cd '/root/oss-experiment/data/stk-4.6.1+dfsg/src' 
'g++' '-O3' '-g' '-O2' '-Wall' '-I../include' '-Iinclude' '-fPIC' '-DHAVE_GETTIMEOFDAY' '-D__LINUX_ALSA__' '-D__LITTLE_ENDIAN__' '-DRAWWAVE_PATH="../../rawwaves/"' '-c' 'TcpClient.cpp' '-o' 'Release/TcpClient.o' 
'g++' '-O3' '-g' '-O2' '-Wall' '-I../include' '-Iinclude' '-fPIC' '-DHAVE_GETTIMEOFDAY' '-D__LINUX_ALSA__' '-D__LITTLE_ENDIAN__' '-DRAWWAVE_PATH="../../rawwaves/"' '-c' 'Drummer.cpp' '-o' 'Release/Drummer.o' 
'g++' '-O3' '-g' '-O2' '-Wall' '-I../include' '-Iinclude' '-fPIC' '-DHAVE_GETTIMEOFDAY' '-D__LINUX_ALSA__' '-D__LITTLE_ENDIAN__' '-DRAWWAVE_PATH="../../rawwaves/"' '-c' 'BeeThree.cpp' '-o' 'Release/BeeThree.o' 
cd '/root/oss-experiment/data/stk-4.6.1+dfsg/src' 
'g++' '-O3' '-g' '-O2' '-Wall' '-I../include' '-Iinclude' '-fPIC' '-DHAVE_GETTIMEOFDAY' '-D__LINUX_ALSA__' '-D__LITTLE_ENDIAN__' '-DRAWWAVE_PATH="../../rawwaves/"' '-c' 'HevyMetl.cpp' '-o' 'Release/HevyMetl.o' 
cd '/root/oss-experiment/data/stk-4.6.1+dfsg/src' 
'g++' '-O3' '-g' '-O2' '-Wall' '-I../include' '-Iinclude' '-fPIC' '-DHAVE_GETTIMEOFDAY' '-D__LINUX_ALSA__' '-D__LITTLE_ENDIAN__' '-DRAWWAVE_PATH="../../rawwaves/"' '-c' 'Socket.cpp' '-o' 'Release/Socket.o' 
cd '/root/oss-experiment/data/stk-4.6.1+dfsg/src' 
cd '/root/oss-experiment/data/stk-4.6.1+dfsg/src' 
'g++' '-O3' '-g' '-O2' '-Wall' '-I../include' '-Iinclude' '-fPIC' '-DHAVE_GETTIMEOFDAY' '-D__LINUX_ALSA__' '-D__LITTLE_ENDIAN__' '-DRAWWAVE_PATH="../../rawwaves/"' '-c' 'Echo.cpp' '-o' 'Release/Echo.o' 
'g++' '-O3' '-g' '-O2' '-Wall' '-I../include' '-Iinclude' '-fPIC' '-DHAVE_GETTIMEOFDAY' '-D__LINUX_ALSA__' '-D__LITTLE_ENDIAN__' '-DRAWWAVE_PATH="../../rawwaves/"' '-c' 'TcpServer.cpp' '-o' 'Release/TcpServer.o' 
cd '/root/oss-experiment/data/stk-4.6.1+dfsg/src' 
'g++' '-O3' '-g' '-O2' '-Wall' '-I../include' '-Iinclude' '-fPIC' '-DHAVE_GETTIMEOFDAY' '-D__LINUX_ALSA__' '-D__LITTLE_ENDIAN__' '-DRAWWAVE_PATH="../../rawwaves/"' '-c' 'Sphere.cpp' '-o' 'Release/Sphere.o' 
cd '/root/oss-experiment/data/stk-4.6.1+dfsg/src' 
'g++' '-O3' '-g' '-O2' '-Wall' '-I../include' '-Iinclude' '-fPIC' '-DHAVE_GETTIMEOFDAY' '-D__LINUX_ALSA__' '-D__LITTLE_ENDIAN__' '-DRAWWAVE_PATH="../../rawwaves/"' '-c' 'Chorus.cpp' '-o' 'Release/Chorus.o' 
cd '/root/oss-experiment/data/stk-4.6.1+dfsg/src' 
'g++' '-O3' '-g' '-O2' '-Wall' '-I../include' '-Iinclude' '-fPIC' '-DHAVE_GETTIMEOFDAY' '-D__LINUX_ALSA__' '-D__LITTLE_ENDIAN__' '-DRAWWAVE_PATH="../../rawwaves/"' '-c' 'Sampler.cpp' '-o' 'Release/Sampler.o' 
cd '/root/oss-experiment/data/stk-4.6.1+dfsg/src' 
cd '/root/oss-experiment/data/stk-4.6.1+dfsg/src' 
cd '/root/oss-experiment/data/stk-4.6.1+dfsg/src' 
'g++' '-O3' '-g' '-O2' '-Wall' '-I../include' '-Iinclude' '-fPIC' '-DHAVE_GETTIMEOFDAY' '-D__LINUX_ALSA__' '-D__LITTLE_ENDIAN__' '-DRAWWAVE_PATH="../../rawwaves/"' '-c' 'FileLoop.cpp' '-o' 'Release/FileLoop.o' 
'g++' '-O3' '-g' '-O2' '-Wall' '-I../include' '-Iinclude' '-fPIC' '-DHAVE_GETTIMEOFDAY' '-D__LINUX_ALSA__' '-D__LITTLE_ENDIAN__' '-DRAWWAVE_PATH="../../rawwaves/"' '-c' 'TwoZero.cpp' '-o' 'Release/TwoZero.o' 
cd '/root/oss-experiment/data/stk-4.6.1+dfsg/src' 
'g++' '-O3' '-g' '-O2' '-Wall' '-I../include' '-Iinclude' '-fPIC' '-DHAVE_GETTIMEOFDAY' '-D__LINUX_ALSA__' '-D__LITTLE_ENDIAN__' '-DRAWWAVE_PATH="../../rawwaves/"' '-c' 'BandedWG.cpp' '-o' 'Release/BandedWG.o' 
'g++' '-O3' '-g' '-O2' '-Wall' '-I../include' '-Iinclude' '-fPIC' '-DHAVE_GETTIMEOFDAY' '-D__LINUX_ALSA__' '-D__LITTLE_ENDIAN__' '-DRAWWAVE_PATH="../../rawwaves/"' '-c' 'SingWave.cpp' '-o' 'Release/SingWave.o' 
cd '/root/oss-experiment/data/stk-4.6.1+dfsg/src' 
cd '/root/oss-experiment/data/stk-4.6.1+dfsg/src' 
cd '/root/oss-experiment/data/stk-4.6.1+dfsg/src' 
'g++' '-O3' '-g' '-O2' '-Wall' '-I../include' '-Iinclude' '-fPIC' '-DHAVE_GETTIMEOFDAY' '-D__LINUX_ALSA__' '-D__LITTLE_ENDIAN__' '-DRAWWAVE_PATH="../../rawwaves/"' '-c' 'PitShift.cpp' '-o' 'Release/PitShift.o' 
'g++' '-O3' '-g' '-O2' '-Wall' '-I../include' '-Iinclude' '-fPIC' '-DHAVE_GETTIMEOFDAY' '-D__LINUX_ALSA__' '-D__LITTLE_ENDIAN__' '-DRAWWAVE_PATH="../../rawwaves/"' '-c' 'InetWvIn.cpp' '-o' 'Release/InetWvIn.o' 
cd '/root/oss-experiment/data/stk-4.6.1+dfsg/src' 
'g++' '-O3' '-g' '-O2' '-Wall' '-I../include' '-Iinclude' '-fPIC' '-DHAVE_GETTIMEOFDAY' '-D__LINUX_ALSA__' '-D__LITTLE_ENDIAN__' '-DRAWWAVE_PATH="../../rawwaves/"' '-c' 'BiQuad.cpp' '-o' 'Release/BiQuad.o' 
'g++' '-O3' '-g' '-O2' '-Wall' '-I../include' '-Iinclude' '-fPIC' '-DHAVE_GETTIMEOFDAY' '-D__LINUX_ALSA__' '-D__LITTLE_ENDIAN__' '-DRAWWAVE_PATH="../../rawwaves/"' '-c' 'StifKarp.cpp' '-o' 'Release/StifKarp.o' 
cd '/root/oss-experiment/data/stk-4.6.1+dfsg/src' 
cd '/root/oss-experiment/data/stk-4.6.1+dfsg/src' 
'g++' '-O3' '-g' '-O2' '-Wall' '-I../include' '-Iinclude' '-fPIC' '-DHAVE_GETTIMEOFDAY' '-D__LINUX_ALSA__' '-D__LITTLE_ENDIAN__' '-DRAWWAVE_PATH="../../rawwaves/"' '-c' 'BlitSquare.cpp' '-o' 'Release/BlitSquare.o' 
'g++' '-O3' '-g' '-O2' '-Wall' '-I../include' '-Iinclude' '-fPIC' '-DHAVE_GETTIMEOFDAY' '-D__LINUX_ALSA__' '-D__LITTLE_ENDIAN__' '-DRAWWAVE_PATH="../../rawwaves/"' '-c' 'PoleZero.cpp' '-o' 'Release/PoleZero.o' 
cd '/root/oss-experiment/data/stk-4.6.1+dfsg/src' 
'g++' '-O3' '-g' '-O2' '-Wall' '-I../include' '-Iinclude' '-fPIC' '-DHAVE_GETTIMEOFDAY' '-D__LINUX_ALSA__' '-D__LITTLE_ENDIAN__' '-DRAWWAVE_PATH="../../rawwaves/"' '-c' 'Plucked.cpp' '-o' 'Release/Plucked.o' 
cd '/root/oss-experiment/data/stk-4.6.1+dfsg/src' 
'g++' '-O3' '-g' '-O2' '-Wall' '-I../include' '-Iinclude' '-fPIC' '-DHAVE_GETTIMEOFDAY' '-D__LINUX_ALSA__' '-D__LITTLE_ENDIAN__' '-DRAWWAVE_PATH="../../rawwaves/"' '-c' 'Moog.cpp' '-o' 'Release/Moog.o' 
cd '/root/oss-experiment/data/stk-4.6.1+dfsg/src' 
'g++' '-O3' '-g' '-O2' '-Wall' '-I../include' '-Iinclude' '-fPIC' '-DHAVE_GETTIMEOFDAY' '-D__LINUX_ALSA__' '-D__LITTLE_ENDIAN__' '-DRAWWAVE_PATH="../../rawwaves/"' '-c' 'Asymp.cpp' '-o' 'Release/Asymp.o' 
cd '/root/oss-experiment/data/stk-4.6.1+dfsg/src' 
'g++' '-O3' '-g' '-O2' '-Wall' '-I../include' '-Iinclude' '-fPIC' '-DHAVE_GETTIMEOFDAY' '-D__LINUX_ALSA__' '-D__LITTLE_ENDIAN__' '-DRAWWAVE_PATH="../../rawwaves/"' '-c' 'FreeVerb.cpp' '-o' 'Release/FreeVerb.o' 
cd '/root/oss-experiment/data/stk-4.6.1+dfsg/src' 
'g++' '-O3' '-g' '-O2' '-Wall' '-I../include' '-Iinclude' '-fPIC' '-DHAVE_GETTIMEOFDAY' '-D__LINUX_ALSA__' '-D__LITTLE_ENDIAN__' '-DRAWWAVE_PATH="../../rawwaves/"' '-c' 'ModalBar.cpp' '-o' 'Release/ModalBar.o' 
cd '/root/oss-experiment/data/stk-4.6.1+dfsg/src' 
cd '/root/oss-experiment/data/stk-4.6.1+dfsg/src' 
'g++' '-O3' '-g' '-O2' '-Wall' '-I../include' '-Iinclude' '-fPIC' '-DHAVE_GETTIMEOFDAY' '-D__LINUX_ALSA__' '-D__LITTLE_ENDIAN__' '-DRAWWAVE_PATH="../../rawwaves/"' '-c' 'Granulate.cpp' '-o' 'Release/Granulate.o' 
'g++' '-O3' '-g' '-O2' '-Wall' '-I../include' '-Iinclude' '-fPIC' '-DHAVE_GETTIMEOFDAY' '-D__LINUX_ALSA__' '-D__LITTLE_ENDIAN__' '-DRAWWAVE_PATH="../../rawwaves/"' '-c' 'Delay.cpp' '-o' 'Release/Delay.o' 
cd '/root/oss-experiment/data/stk-4.6.1+dfsg/src' 
'g++' '-O3' '-g' '-O2' '-Wall' '-I../include' '-Iinclude' '-fPIC' '-DHAVE_GETTIMEOFDAY' '-D__LINUX_ALSA__' '-D__LITTLE_ENDIAN__' '-DRAWWAVE_PATH="../../rawwaves/"' '-c' 'PRCRev.cpp' '-o' 'Release/PRCRev.o' 
cd '/root/oss-experiment/data/stk-4.6.1+dfsg/src' 
'g++' '-O3' '-g' '-O2' '-Wall' '-I../include' '-Iinclude' '-fPIC' '-DHAVE_GETTIMEOFDAY' '-D__LINUX_ALSA__' '-D__LITTLE_ENDIAN__' '-DRAWWAVE_PATH="../../rawwaves/"' '-c' 'Brass.cpp' '-o' 'Release/Brass.o' 
cd '/root/oss-experiment/data/stk-4.6.1+dfsg/src' 
'g++' '-O3' '-g' '-O2' '-Wall' '-I../include' '-Iinclude' '-fPIC' '-DHAVE_GETTIMEOFDAY' '-D__LINUX_ALSA__' '-D__LITTLE_ENDIAN__' '-DRAWWAVE_PATH="../../rawwaves/"' '-c' 'Rhodey.cpp' '-o' 'Release/Rhodey.o' 
cd '/root/oss-experiment/data/stk-4.6.1+dfsg/src' 
'g++' '-O3' '-g' '-O2' '-Wall' '-I../include' '-Iinclude' '-fPIC' '-DHAVE_GETTIMEOFDAY' '-D__LINUX_ALSA__' '-D__LITTLE_ENDIAN__' '-DRAWWAVE_PATH="../../rawwaves/"' '-c' 'Skini.cpp' '-o' 'Release/Skini.o' 
cd '/root/oss-experiment/data/stk-4.6.1+dfsg/src' 
'g++' '-O3' '-g' '-O2' '-Wall' '-I../include' '-Iinclude' '-fPIC' '-DHAVE_GETTIMEOFDAY' '-D__LINUX_ALSA__' '-D__LITTLE_ENDIAN__' '-DRAWWAVE_PATH="../../rawwaves/"' '-c' 'TubeBell.cpp' '-o' 'Release/TubeBell.o' 
cd '/root/oss-experiment/data/stk-4.6.1+dfsg/src' 
cd '/root/oss-experiment/data/stk-4.6.1+dfsg/src' 
'g++' '-O3' '-g' '-O2' '-Wall' '-I../include' '-Iinclude' '-fPIC' '-DHAVE_GETTIMEOFDAY' '-D__LINUX_ALSA__' '-D__LITTLE_ENDIAN__' '-DRAWWAVE_PATH="../../rawwaves/"' '-c' 'Fir.cpp' '-o' 'Release/Fir.o' 
'g++' '-O3' '-g' '-O2' '-Wall' '-I../include' '-Iinclude' '-fPIC' '-DHAVE_GETTIMEOFDAY' '-D__LINUX_ALSA__' '-D__LITTLE_ENDIAN__' '-DRAWWAVE_PATH="../../rawwaves/"' '-c' 'Voicer.cpp' '-o' 'Release/Voicer.o' 
cd '/root/oss-experiment/data/stk-4.6.1+dfsg/src' 
'g++' '-O3' '-g' '-O2' '-Wall' '-I../include' '-Iinclude' '-fPIC' '-DHAVE_GETTIMEOFDAY' '-D__LINUX_ALSA__' '-D__LITTLE_ENDIAN__' '-DRAWWAVE_PATH="../../rawwaves/"' '-c' 'NRev.cpp' '-o' 'Release/NRev.o' 
cd '/root/oss-experiment/data/stk-4.6.1+dfsg/src' 
'g++' '-O3' '-g' '-O2' '-Wall' '-I../include' '-Iinclude' '-fPIC' '-DHAVE_GETTIMEOFDAY' '-D__LINUX_ALSA__' '-D__LITTLE_ENDIAN__' '-DRAWWAVE_PATH="../../rawwaves/"' '-c' 'Saxofony.cpp' '-o' 'Release/Saxofony.o' 
cd '/root/oss-experiment/data/stk-4.6.1+dfsg/src' 
'g++' '-O3' '-g' '-O2' '-Wall' '-I../include' '-Iinclude' '-fPIC' '-DHAVE_GETTIMEOFDAY' '-D__LINUX_ALSA__' '-D__LITTLE_ENDIAN__' '-DRAWWAVE_PATH="../../rawwaves/"' '-c' 'FMVoices.cpp' '-o' 'Release/FMVoices.o' 
cd '/root/oss-experiment/data/stk-4.6.1+dfsg/src' 
'g++' '-O3' '-g' '-O2' '-Wall' '-I../include' '-Iinclude' '-fPIC' '-DHAVE_GETTIMEOFDAY' '-D__LINUX_ALSA__' '-D__LITTLE_ENDIAN__' '-DRAWWAVE_PATH="../../rawwaves/"' '-c' 'BlowHole.cpp' '-o' 'Release/BlowHole.o' 
cd '/root/oss-experiment/data/stk-4.6.1+dfsg/src' 
'g++' '-O3' '-g' '-O2' '-Wall' '-I../include' '-Iinclude' '-fPIC' '-DHAVE_GETTIMEOFDAY' '-D__LINUX_ALSA__' '-D__LITTLE_ENDIAN__' '-DRAWWAVE_PATH="../../rawwaves/"' '-c' 'FormSwep.cpp' '-o' 'Release/FormSwep.o' 
cd '/root/oss-experiment/data/stk-4.6.1+dfsg/src' 
'g++' '-O3' '-g' '-O2' '-Wall' '-I../include' '-Iinclude' '-fPIC' '-DHAVE_GETTIMEOFDAY' '-D__LINUX_ALSA__' '-D__LITTLE_ENDIAN__' '-DRAWWAVE_PATH="../../rawwaves/"' '-c' 'PercFlut.cpp' '-o' 'Release/PercFlut.o' 
cd '/root/oss-experiment/data/stk-4.6.1+dfsg/src' 
'g++' '-O3' '-g' '-O2' '-Wall' '-I../include' '-Iinclude' '-fPIC' '-DHAVE_GETTIMEOFDAY' '-D__LINUX_ALSA__' '-D__LITTLE_ENDIAN__' '-DRAWWAVE_PATH="../../rawwaves/"' '-c' 'Recorder.cpp' '-o' 'Release/Recorder.o' 
cd '/root/oss-experiment/data/stk-4.6.1+dfsg/src' 
'g++' '-O3' '-g' '-O2' '-Wall' '-I../include' '-Iinclude' '-fPIC' '-DHAVE_GETTIMEOFDAY' '-D__LINUX_ALSA__' '-D__LITTLE_ENDIAN__' '-DRAWWAVE_PATH="../../rawwaves/"' '-c' 'JCRev.cpp' '-o' 'Release/JCRev.o' 
cd '/root/oss-experiment/data/stk-4.6.1+dfsg/src' 
'g++' '-O3' '-g' '-O2' '-Wall' '-I../include' '-Iinclude' '-fPIC' '-DHAVE_GETTIMEOFDAY' '-D__LINUX_ALSA__' '-D__LITTLE_ENDIAN__' '-DRAWWAVE_PATH="../../rawwaves/"' '-c' 'Simple.cpp' '-o' 'Release/Simple.o' 
cd '/root/oss-experiment/data/stk-4.6.1+dfsg/src' 
cd '/root/oss-experiment/data/stk-4.6.1+dfsg/src' 
'g++' '-O3' '-g' '-O2' '-Wall' '-I../include' '-Iinclude' '-fPIC' '-DHAVE_GETTIMEOFDAY' '-D__LINUX_ALSA__' '-D__LITTLE_ENDIAN__' '-DRAWWAVE_PATH="../../rawwaves/"' '-c' 'Modal.cpp' '-o' 'Release/Modal.o' 
cd '/root/oss-experiment/data/stk-4.6.1+dfsg/src' 
'g++' '-O3' '-g' '-O2' '-Wall' '-I../include' '-Iinclude' '-fPIC' '-DHAVE_GETTIMEOFDAY' '-D__LINUX_ALSA__' '-D__LITTLE_ENDIAN__' '-DRAWWAVE_PATH="../../rawwaves/"' '-c' 'Bowed.cpp' '-o' 'Release/Bowed.o' 
'g++' '-O3' '-g' '-O2' '-Wall' '-I../include' '-Iinclude' '-fPIC' '-DHAVE_GETTIMEOFDAY' '-D__LINUX_ALSA__' '-D__LITTLE_ENDIAN__' '-DRAWWAVE_PATH="../../rawwaves/"' '-c' 'Mesh2D.cpp' '-o' 'Release/Mesh2D.o' 
cd '/root/oss-experiment/data/stk-4.6.1+dfsg/src' 
'g++' '-O3' '-g' '-O2' '-Wall' '-I../include' '-Iinclude' '-fPIC' '-DHAVE_GETTIMEOFDAY' '-D__LINUX_ALSA__' '-D__LITTLE_ENDIAN__' '-DRAWWAVE_PATH="../../rawwaves/"' '-c' 'FileWrite.cpp' '-o' 'Release/FileWrite.o' 
cd '/root/oss-experiment/data/stk-4.6.1+dfsg/src' 
'g++' '-O3' '-g' '-O2' '-Wall' '-I../include' '-Iinclude' '-fPIC' '-DHAVE_GETTIMEOFDAY' '-D__LINUX_ALSA__' '-D__LITTLE_ENDIAN__' '-DRAWWAVE_PATH="../../rawwaves/"' '-c' 'VoicForm.cpp' '-o' 'Release/VoicForm.o' 
cd '/root/oss-experiment/data/stk-4.6.1+dfsg/src' 
'g++' '-O3' '-g' '-O2' '-Wall' '-I../include' '-Iinclude' '-fPIC' '-DHAVE_GETTIMEOFDAY' '-D__LINUX_ALSA__' '-D__LITTLE_ENDIAN__' '-DRAWWAVE_PATH="../../rawwaves/"' '-c' 'FM.cpp' '-o' 'Release/FM.o' 
cd '/root/oss-experiment/data/stk-4.6.1+dfsg/src' 
'g++' '-O3' '-g' '-O2' '-Wall' '-I../include' '-Iinclude' '-fPIC' '-DHAVE_GETTIMEOFDAY' '-D__LINUX_ALSA__' '-D__LITTLE_ENDIAN__' '-DRAWWAVE_PATH="../../rawwaves/"' '-c' 'FileRead.cpp' '-o' 'Release/FileRead.o' 
cd '/root/oss-experiment/data/stk-4.6.1+dfsg/src' 
'g++' '-O3' '-g' '-O2' '-Wall' '-I../include' '-Iinclude' '-fPIC' '-DHAVE_GETTIMEOFDAY' '-D__LINUX_ALSA__' '-D__LITTLE_ENDIAN__' '-DRAWWAVE_PATH="../../rawwaves/"' '-c' 'Flute.cpp' '-o' 'Release/Flute.o' 
cd '/root/oss-experiment/data/stk-4.6.1+dfsg/src' 
'g++' '-O3' '-g' '-O2' '-Wall' '-I../include' '-Iinclude' '-fPIC' '-DHAVE_GETTIMEOFDAY' '-D__LINUX_ALSA__' '-D__LITTLE_ENDIAN__' '-DRAWWAVE_PATH="../../rawwaves/"' '-c' 'MidiFileIn.cpp' '-o' 'Release/MidiFileIn.o' 
cd '/root/oss-experiment/data/stk-4.6.1+dfsg/src' 
'g++' '-O3' '-g' '-O2' '-Wall' '-I../include' '-Iinclude' '-fPIC' '-DHAVE_GETTIMEOFDAY' '-D__LINUX_ALSA__' '-D__LITTLE_ENDIAN__' '-DRAWWAVE_PATH="../../rawwaves/"' '-c' 'Mandolin.cpp' '-o' 'Release/Mandolin.o' 
cd '/root/oss-experiment/data/stk-4.6.1+dfsg/src' 
'g++' '-O3' '-g' '-O2' '-Wall' '-I../include' '-Iinclude' '-fPIC' '-DHAVE_GETTIMEOFDAY' '-D__LINUX_ALSA__' '-D__LITTLE_ENDIAN__' '-DRAWWAVE_PATH="../../rawwaves/"' '-c' 'Guitar.cpp' '-o' 'Release/Guitar.o' 
cd '/root/oss-experiment/data/stk-4.6.1+dfsg/src' 
'g++' '-O3' '-g' '-O2' '-Wall' '-I../include' '-Iinclude' '-fPIC' '-DHAVE_GETTIMEOFDAY' '-D__LINUX_ALSA__' '-D__LITTLE_ENDIAN__' '-DRAWWAVE_PATH="../../rawwaves/"' '-c' 'Messager.cpp' '-o' 'Release/Messager.o' 
cd '/root/oss-experiment/data/stk-4.6.1+dfsg/src' 
'g++' '-O3' '-g' '-O2' '-Wall' '-I../include' '-Iinclude' '-fPIC' '-DHAVE_GETTIMEOFDAY' '-D__LINUX_ALSA__' '-D__LITTLE_ENDIAN__' '-DRAWWAVE_PATH="../../rawwaves/"' '-c' 'Shakers.cpp' '-o' 'Release/Shakers.o' 
cd '/root/oss-experiment/data/stk-4.6.1+dfsg/src' 
'ar' '-rsc' 'libstk.a' 'Release/ADSR.o' 'Release/Asymp.o' 'Release/BandedWG.o' 'Release/BeeThree.o' 'Release/BiQuad.o' 'Release/Blit.o' 'Release/BlitSaw.o' 'Release/BlitSquare.o' 'Release/BlowBotl.o' 'Release/BlowHole.o' 'Release/Bowed.o' 'Release/Brass.o' 'Release/Chorus.o' 'Release/Clarinet.o' 'Release/Delay.o' 'Release/DelayA.o' 'Release/DelayL.o' 'Release/Drummer.o' 'Release/Echo.o' 'Release/Envelope.o' 'Release/FM.o' 'Release/FMVoices.o' 'Release/FileLoop.o' 'Release/FileRead.o' 'Release/FileWrite.o' 'Release/FileWvIn.o' 'Release/FileWvOut.o' 'Release/Fir.o' 'Release/Flute.o' 'Release/FormSwep.o' 'Release/FreeVerb.o' 'Release/Granulate.o' 'Release/Guitar.o' 'Release/HevyMetl.o' 'Release/Iir.o' 'Release/InetWvIn.o' 'Release/InetWvOut.o' 'Release/JCRev.o' 'Release/LentPitShift.o' 'Release/Mandolin.o' 'Release/Mesh2D.o' 'Release/Messager.o' 'Release/MidiFileIn.o' 'Release/Modal.o' 'Release/ModalBar.o' 'Release/Modulate.o' 'Release/Moog.o' 'Release/Mutex.o' 'Release/NRev.o' 'Release/Noise.o' 'Release/OnePole.o' 'Release/OneZero.o' 'Release/PRCRev.o' 'Release/PercFlut.o' 'Release/Phonemes.o' 'Release/PitShift.o' 'Release/Plucked.o' 'Release/PoleZero.o' 'Release/Recorder.o' 'Release/Resonate.o' 'Release/Rhodey.o' 'Release/RtWvIn.o' 'Release/RtWvOut.o' 'Release/Sampler.o' 'Release/Saxofony.o' 'Release/Shakers.o' 'Release/Simple.o' 'Release/SineWave.o' 'Release/SingWave.o' 'Release/Sitar.o' 'Release/Skini.o' 'Release/Socket.o' 'Release/Sphere.o' 'Release/StifKarp.o' 'Release/Stk.o' 'Release/TcpClient.o' 'Release/TcpServer.o' 'Release/Thread.o' 'Release/TubeBell.o' 'Release/Twang.o' 'Release/TwoPole.o' 'Release/TwoZero.o' 'Release/UdpSocket.o' 'Release/VoicForm.o' 'Release/Voicer.o' 'Release/Whistle.o' 'Release/Wurley.o' 
cd '/root/oss-experiment/data/stk-4.6.1+dfsg/projects/demo' 
'g++' '-O3' '-g' '-O2' '-Wall' '-I../../include' '-I../../include/../src/include' '-DHAVE_GETTIMEOFDAY' '-D__LINUX_ALSA__' '-D__LITTLE_ENDIAN__' '-DRAWWAVE_PATH="../../rawwaves/"' '-c' '../../src/Mutex.cpp' '-o' 'Release/Mutex.o' 
cd '/root/oss-experiment/data/stk-4.6.1+dfsg/projects/demo' 
cd '/root/oss-experiment/data/stk-4.6.1+dfsg/projects/demo' 
'g++' '-O3' '-g' '-O2' '-Wall' '-I../../include' '-I../../include/../src/include' '-DHAVE_GETTIMEOFDAY' '-D__LINUX_ALSA__' '-D__LITTLE_ENDIAN__' '-DRAWWAVE_PATH="../../rawwaves/"' '-c' '../../src/Thread.cpp' '-o' 'Release/Thread.o' 
'g++' '-O3' '-g' '-O2' '-Wall' '-I../../include' '-I../../include/../src/include' '-DHAVE_GETTIMEOFDAY' '-D__LINUX_ALSA__' '-D__LITTLE_ENDIAN__' '-DRAWWAVE_PATH="../../rawwaves/"' '-c' '../../src/Noise.cpp' '-o' 'Release/Noise.o' 
cd '/root/oss-experiment/data/stk-4.6.1+dfsg/projects/demo' 
'g++' '-O3' '-g' '-O2' '-Wall' '-I../../include' '-I../../include/../src/include' '-DHAVE_GETTIMEOFDAY' '-D__LINUX_ALSA__' '-D__LITTLE_ENDIAN__' '-DRAWWAVE_PATH="../../rawwaves/"' '-c' '../../src/Socket.cpp' '-o' 'Release/Socket.o' 
cd '/root/oss-experiment/data/stk-4.6.1+dfsg/projects/demo' 
'g++' '-O3' '-g' '-O2' '-Wall' '-I../../include' '-I../../include/../src/include' '-DHAVE_GETTIMEOFDAY' '-D__LINUX_ALSA__' '-D__LITTLE_ENDIAN__' '-DRAWWAVE_PATH="../../rawwaves/"' '-c' '../../src/Envelope.cpp' '-o' 'Release/Envelope.o' 
cd '/root/oss-experiment/data/stk-4.6.1+dfsg/projects/demo' 
'g++' '-O3' '-g' '-O2' '-Wall' '-I../../include' '-I../../include/../src/include' '-DHAVE_GETTIMEOFDAY' '-D__LINUX_ALSA__' '-D__LITTLE_ENDIAN__' '-DRAWWAVE_PATH="../../rawwaves/"' '-c' '../../src/FileWvOut.cpp' '-o' 'Release/FileWvOut.o' 
cd '/root/oss-experiment/data/stk-4.6.1+dfsg/projects/demo' 
'g++' '-O3' '-g' '-O2' '-Wall' '-I../../include' '-I../../include/../src/include' '-DHAVE_GETTIMEOFDAY' '-D__LINUX_ALSA__' '-D__LITTLE_ENDIAN__' '-DRAWWAVE_PATH="../../rawwaves/"' '-c' '../../src/SineWave.cpp' '-o' 'Release/SineWave.o' 
cd '/root/oss-experiment/data/stk-4.6.1+dfsg/projects/demo' 
'g++' '-O3' '-g' '-O2' '-Wall' '-I../../include' '-I../../include/../src/include' '-DHAVE_GETTIMEOFDAY' '-D__LINUX_ALSA__' '-D__LITTLE_ENDIAN__' '-DRAWWAVE_PATH="../../rawwaves/"' '-c' '../../src/Phonemes.cpp' '-o' 'Release/Phonemes.o' 
cd '/root/oss-experiment/data/stk-4.6.1+dfsg/projects/demo' 
'g++' '-O3' '-g' '-O2' '-Wall' '-I../../include' '-I../../include/../src/include' '-DHAVE_GETTIMEOFDAY' '-D__LINUX_ALSA__' '-D__LITTLE_ENDIAN__' '-DRAWWAVE_PATH="../../rawwaves/"' '-c' '../../src/TcpServer.cpp' '-o' 'Release/TcpServer.o' 
cd '/root/oss-experiment/data/stk-4.6.1+dfsg/projects/demo' 
'g++' '-O3' '-g' '-O2' '-Wall' '-I../../include' '-I../../include/../src/include' '-DHAVE_GETTIMEOFDAY' '-D__LINUX_ALSA__' '-D__LITTLE_ENDIAN__' '-DRAWWAVE_PATH="../../rawwaves/"' '-c' '../../src/Modulate.cpp' '-o' 'Release/Modulate.o' 
cd '/root/oss-experiment/data/stk-4.6.1+dfsg/projects/demo' 
'g++' '-O3' '-g' '-O2' '-Wall' '-I../../include' '-I../../include/../src/include' '-DHAVE_GETTIMEOFDAY' '-D__LINUX_ALSA__' '-D__LITTLE_ENDIAN__' '-DRAWWAVE_PATH="../../rawwaves/"' '-c' '../../src/Sampler.cpp' '-o' 'Release/Sampler.o' 
cd '/root/oss-experiment/data/stk-4.6.1+dfsg/projects/demo' 
'g++' '-O3' '-g' '-O2' '-Wall' '-I../../include' '-I../../include/../src/include' '-DHAVE_GETTIMEOFDAY' '-D__LINUX_ALSA__' '-D__LITTLE_ENDIAN__' '-DRAWWAVE_PATH="../../rawwaves/"' '-c' '../../src/OneZero.cpp' '-o' 'Release/OneZero.o' 
cd '/root/oss-experiment/data/stk-4.6.1+dfsg/projects/demo' 
'g++' '-O3' '-g' '-O2' '-Wall' '-I../../include' '-I../../include/../src/include' '-DHAVE_GETTIMEOFDAY' '-D__LINUX_ALSA__' '-D__LITTLE_ENDIAN__' '-DRAWWAVE_PATH="../../rawwaves/"' '-c' '../../src/DelayL.cpp' '-o' 'Release/DelayL.o' 
cd '/root/oss-experiment/data/stk-4.6.1+dfsg/projects/demo' 
'g++' '-O3' '-g' '-O2' '-Wall' '-I../../include' '-I../../include/../src/include' '-DHAVE_GETTIMEOFDAY' '-D__LINUX_ALSA__' '-D__LITTLE_ENDIAN__' '-DRAWWAVE_PATH="../../rawwaves/"' '-c' '../../src/Resonate.cpp' '-o' 'Release/Resonate.o' 
cd '/root/oss-experiment/data/stk-4.6.1+dfsg/projects/demo' 
cd '/root/oss-experiment/data/stk-4.6.1+dfsg/projects/demo' 
'g++' '-O3' '-g' '-O2' '-Wall' '-I../../include' '-I../../include/../src/include' '-DHAVE_GETTIMEOFDAY' '-D__LINUX_ALSA__' '-D__LITTLE_ENDIAN__' '-DRAWWAVE_PATH="../../rawwaves/"' '-c' '../../src/DelayA.cpp' '-o' 'Release/DelayA.o' 
'g++' '-O3' '-g' '-O2' '-Wall' '-I../../include' '-I../../include/../src/include' '-DHAVE_GETTIMEOFDAY' '-D__LINUX_ALSA__' '-D__LITTLE_ENDIAN__' '-DRAWWAVE_PATH="../../rawwaves/"' '-c' '../../src/OnePole.cpp' '-o' 'Release/OnePole.o' 
cd '/root/oss-experiment/data/stk-4.6.1+dfsg/projects/demo' 
'g++' '-O3' '-g' '-O2' '-Wall' '-I../../include' '-I../../include/../src/include' '-DHAVE_GETTIMEOFDAY' '-D__LINUX_ALSA__' '-D__LITTLE_ENDIAN__' '-DRAWWAVE_PATH="../../rawwaves/"' '-c' '../../src/SingWave.cpp' '-o' 'Release/SingWave.o' 
cd '/root/oss-experiment/data/stk-4.6.1+dfsg/projects/demo' 
'g++' '-O3' '-g' '-O2' '-Wall' '-I../../include' '-I../../include/../src/include' '-DHAVE_GETTIMEOFDAY' '-D__LINUX_ALSA__' '-D__LITTLE_ENDIAN__' '-DRAWWAVE_PATH="../../rawwaves/"' '-c' '../../src/FileLoop.cpp' '-o' 'Release/FileLoop.o' 
cd '/root/oss-experiment/data/stk-4.6.1+dfsg/projects/demo' 
cd '/root/oss-experiment/data/stk-4.6.1+dfsg/projects/demo' 
'g++' '-O3' '-g' '-O2' '-Wall' '-I../../include' '-I../../include/../src/include' '-DHAVE_GETTIMEOFDAY' '-D__LINUX_ALSA__' '-D__LITTLE_ENDIAN__' '-DRAWWAVE_PATH="../../rawwaves/"' '-c' '../../src/Delay.cpp' '-o' 'Release/Delay.o' 
'g++' '-O3' '-g' '-O2' '-Wall' '-I../../include' '-I../../include/../src/include' '-DHAVE_GETTIMEOFDAY' '-D__LINUX_ALSA__' '-D__LITTLE_ENDIAN__' '-DRAWWAVE_PATH="../../rawwaves/"' '-c' '../../src/Sitar.cpp' '-o' 'Release/Sitar.o' 
cd '/root/oss-experiment/data/stk-4.6.1+dfsg/projects/demo' 
cd '/root/oss-experiment/data/stk-4.6.1+dfsg/projects/demo' 
'g++' '-O3' '-g' '-O2' '-Wall' '-I../../include' '-I../../include/../src/include' '-DHAVE_GETTIMEOFDAY' '-D__LINUX_ALSA__' '-D__LITTLE_ENDIAN__' '-DRAWWAVE_PATH="../../rawwaves/"' '-c' '../../src/ADSR.cpp' '-o' 'Release/ADSR.o' 
'g++' '-O3' '-g' '-O2' '-Wall' '-I../../include' '-I../../include/../src/include' '-DHAVE_GETTIMEOFDAY' '-D__LINUX_ALSA__' '-D__LITTLE_ENDIAN__' '-DRAWWAVE_PATH="../../rawwaves/"' '-c' '../../src/Twang.cpp' '-o' 'Release/Twang.o' 
cd '/root/oss-experiment/data/stk-4.6.1+dfsg/projects/demo' 
'g++' '-O3' '-g' '-O2' '-Wall' '-I../../include' '-I../../include/../src/include' '-DHAVE_GETTIMEOFDAY' '-D__LINUX_ALSA__' '-D__LITTLE_ENDIAN__' '-DRAWWAVE_PATH="../../rawwaves/"' '-c' '../../src/TwoZero.cpp' '-o' 'Release/TwoZero.o' 
cd '/root/oss-experiment/data/stk-4.6.1+dfsg/projects/demo' 
'g++' '-O3' '-g' '-O2' '-Wall' '-I../../include' '-I../../include/../src/include' '-DHAVE_GETTIMEOFDAY' '-D__LINUX_ALSA__' '-D__LITTLE_ENDIAN__' '-DRAWWAVE_PATH="../../rawwaves/"' '-c' '../../src/Brass.cpp' '-o' 'Release/Brass.o' 
cd '/root/oss-experiment/data/stk-4.6.1+dfsg/projects/demo' 
'g++' '-O3' '-g' '-O2' '-Wall' '-I../../include' '-I../../include/../src/include' '-DHAVE_GETTIMEOFDAY' '-D__LINUX_ALSA__' '-D__LITTLE_ENDIAN__' '-DRAWWAVE_PATH="../../rawwaves/"' '-c' '../../src/PoleZero.cpp' '-o' 'Release/PoleZero.o' 
cd '/root/oss-experiment/data/stk-4.6.1+dfsg/projects/demo' 
'g++' '-O3' '-g' '-O2' '-Wall' '-I../../include' '-I../../include/../src/include' '-DHAVE_GETTIMEOFDAY' '-D__LINUX_ALSA__' '-D__LITTLE_ENDIAN__' '-DRAWWAVE_PATH="../../rawwaves/"' '-c' '../../src/Stk.cpp' '-o' 'Release/Stk.o' 
cd '/root/oss-experiment/data/stk-4.6.1+dfsg/projects/demo' 
'g++' '-O3' '-g' '-O2' '-Wall' '-I../../include' '-I../../include/../src/include' '-DHAVE_GETTIMEOFDAY' '-D__LINUX_ALSA__' '-D__LITTLE_ENDIAN__' '-DRAWWAVE_PATH="../../rawwaves/"' '-c' '../../src/FileWvIn.cpp' '-o' 'Release/FileWvIn.o' 
cd '/root/oss-experiment/data/stk-4.6.1+dfsg/projects/demo' 
'g++' '-O3' '-g' '-O2' '-Wall' '-I../../include' '-I../../include/../src/include' '-DHAVE_GETTIMEOFDAY' '-D__LINUX_ALSA__' '-D__LITTLE_ENDIAN__' '-DRAWWAVE_PATH="../../rawwaves/"' '-c' '../../src/Sphere.cpp' '-o' 'Release/Sphere.o' 
cd '/root/oss-experiment/data/stk-4.6.1+dfsg/projects/demo' 
'g++' '-O3' '-g' '-O2' '-Wall' '-I../../include' '-I../../include/../src/include' '-DHAVE_GETTIMEOFDAY' '-D__LINUX_ALSA__' '-D__LITTLE_ENDIAN__' '-DRAWWAVE_PATH="../../rawwaves/"' '-c' '../../src/BiQuad.cpp' '-o' 'Release/BiQuad.o' 
cd '/root/oss-experiment/data/stk-4.6.1+dfsg/projects/demo' 
'g++' '-O3' '-g' '-O2' '-Wall' '-I../../include' '-I../../include/../src/include' '-DHAVE_GETTIMEOFDAY' '-D__LINUX_ALSA__' '-D__LITTLE_ENDIAN__' '-DRAWWAVE_PATH="../../rawwaves/"' '-c' '../../src/Simple.cpp' '-o' 'Release/Simple.o' 
cd '/root/oss-experiment/data/stk-4.6.1+dfsg/projects/demo' 
'g++' '-O3' '-g' '-O2' '-Wall' '-I../../include' '-I../../include/../src/include' '-DHAVE_GETTIMEOFDAY' '-D__LINUX_ALSA__' '-D__LITTLE_ENDIAN__' '-DRAWWAVE_PATH="../../rawwaves/"' '-c' '../../src/Skini.cpp' '-o' 'Release/Skini.o' 
cd '/root/oss-experiment/data/stk-4.6.1+dfsg/projects/demo' 
'g++' '-O3' '-g' '-O2' '-Wall' '-I../../include' '-I../../include/../src/include' '-DHAVE_GETTIMEOFDAY' '-D__LINUX_ALSA__' '-D__LITTLE_ENDIAN__' '-DRAWWAVE_PATH="../../rawwaves/"' '-c' '../../src/Plucked.cpp' '-o' 'Release/Plucked.o' 
cd '/root/oss-experiment/data/stk-4.6.1+dfsg/projects/demo' 
'g++' '-O3' '-g' '-O2' '-Wall' '-I../../include' '-I../../include/../src/include' '-DHAVE_GETTIMEOFDAY' '-D__LINUX_ALSA__' '-D__LITTLE_ENDIAN__' '-DRAWWAVE_PATH="../../rawwaves/"' '-c' '../../src/StifKarp.cpp' '-o' 'Release/StifKarp.o' 
cd '/root/oss-experiment/data/stk-4.6.1+dfsg/projects/demo' 
'g++' '-O3' '-g' '-O2' '-Wall' '-I../../include' '-I../../include/../src/include' '-DHAVE_GETTIMEOFDAY' '-D__LINUX_ALSA__' '-D__LITTLE_ENDIAN__' '-DRAWWAVE_PATH="../../rawwaves/"' '-c' '../../src/Clarinet.cpp' '-o' 'Release/Clarinet.o' 
cd '/root/oss-experiment/data/stk-4.6.1+dfsg/projects/demo' 
cd '/root/oss-experiment/data/stk-4.6.1+dfsg/projects/demo' 
'g++' '-O3' '-g' '-O2' '-Wall' '-I../../include' '-I../../include/../src/include' '-DHAVE_GETTIMEOFDAY' '-D__LINUX_ALSA__' '-D__LITTLE_ENDIAN__' '-DRAWWAVE_PATH="../../rawwaves/"' '-c' '../../src/Whistle.cpp' '-o' 'Release/Whistle.o' 
'g++' '-O3' '-g' '-O2' '-Wall' '-I../../include' '-I../../include/../src/include' '-DHAVE_GETTIMEOFDAY' '-D__LINUX_ALSA__' '-D__LITTLE_ENDIAN__' '-DRAWWAVE_PATH="../../rawwaves/"' '-c' '../../src/Fir.cpp' '-o' 'Release/Fir.o' 
cd '/root/oss-experiment/data/stk-4.6.1+dfsg/projects/demo' 
'g++' '-O3' '-g' '-O2' '-Wall' '-I../../include' '-I../../include/../src/include' '-DHAVE_GETTIMEOFDAY' '-D__LINUX_ALSA__' '-D__LITTLE_ENDIAN__' '-DRAWWAVE_PATH="../../rawwaves/"' '-c' '../../src/Rhodey.cpp' '-o' 'Release/Rhodey.o' 
cd '/root/oss-experiment/data/stk-4.6.1+dfsg/projects/demo' 
'g++' '-O3' '-g' '-O2' '-Wall' '-I../../include' '-I../../include/../src/include' '-DHAVE_GETTIMEOFDAY' '-D__LINUX_ALSA__' '-D__LITTLE_ENDIAN__' '-DRAWWAVE_PATH="../../rawwaves/"' '-c' '../../src/PercFlut.cpp' '-o' 'Release/PercFlut.o' 
cd '/root/oss-experiment/data/stk-4.6.1+dfsg/projects/demo' 
'g++' '-O3' '-g' '-O2' '-Wall' '-I../../include' '-I../../include/../src/include' '-DHAVE_GETTIMEOFDAY' '-D__LINUX_ALSA__' '-D__LITTLE_ENDIAN__' '-DRAWWAVE_PATH="../../rawwaves/"' '-c' '../../src/Wurley.cpp' '-o' 'Release/Wurley.o' 
cd '/root/oss-experiment/data/stk-4.6.1+dfsg/projects/demo' 
'g++' '-O3' '-g' '-O2' '-Wall' '-I../../include' '-I../../include/../src/include' '-DHAVE_GETTIMEOFDAY' '-D__LINUX_ALSA__' '-D__LITTLE_ENDIAN__' '-DRAWWAVE_PATH="../../rawwaves/"' '-c' '../../src/TubeBell.cpp' '-o' 'Release/TubeBell.o' 
cd '/root/oss-experiment/data/stk-4.6.1+dfsg/projects/demo' 
'g++' '-O3' '-g' '-O2' '-Wall' '-I../../include' '-I../../include/../src/include' '-DHAVE_GETTIMEOFDAY' '-D__LINUX_ALSA__' '-D__LITTLE_ENDIAN__' '-DRAWWAVE_PATH="../../rawwaves/"' '-c' '../../src/HevyMetl.cpp' '-o' 'Release/HevyMetl.o' 
cd '/root/oss-experiment/data/stk-4.6.1+dfsg/projects/demo' 
'g++' '-O3' '-g' '-O2' '-Wall' '-I../../include' '-I../../include/../src/include' '-DHAVE_GETTIMEOFDAY' '-D__LINUX_ALSA__' '-D__LITTLE_ENDIAN__' '-DRAWWAVE_PATH="../../rawwaves/"' '-c' '../../src/Voicer.cpp' '-o' 'Release/Voicer.o' 
cd '/root/oss-experiment/data/stk-4.6.1+dfsg/projects/demo' 
'g++' '-O3' '-g' '-O2' '-Wall' '-I../../include' '-I../../include/../src/include' '-DHAVE_GETTIMEOFDAY' '-D__LINUX_ALSA__' '-D__LITTLE_ENDIAN__' '-DRAWWAVE_PATH="../../rawwaves/"' '-c' '../../src/JCRev.cpp' '-o' 'Release/JCRev.o' 
cd '/root/oss-experiment/data/stk-4.6.1+dfsg/projects/demo' 
'g++' '-O3' '-g' '-O2' '-Wall' '-I../../include' '-I../../include/../src/include' '-DHAVE_GETTIMEOFDAY' '-D__LINUX_ALSA__' '-D__LITTLE_ENDIAN__' '-DRAWWAVE_PATH="../../rawwaves/"' '-c' '../../src/Iir.cpp' '-o' 'Release/Iir.o' 
cd '/root/oss-experiment/data/stk-4.6.1+dfsg/projects/demo' 
cd '/root/oss-experiment/data/stk-4.6.1+dfsg/projects/demo' 
'g++' '-O3' '-g' '-O2' '-Wall' '-I../../include' '-I../../include/../src/include' '-DHAVE_GETTIMEOFDAY' '-D__LINUX_ALSA__' '-D__LITTLE_ENDIAN__' '-DRAWWAVE_PATH="../../rawwaves/"' '-c' '../../src/FMVoices.cpp' '-o' 'Release/FMVoices.o' 
'g++' '-O3' '-g' '-O2' '-Wall' '-I../../include' '-I../../include/../src/include' '-DHAVE_GETTIMEOFDAY' '-D__LINUX_ALSA__' '-D__LITTLE_ENDIAN__' '-DRAWWAVE_PATH="../../rawwaves/"' '-c' '../../src/BlowBotl.cpp' '-o' 'Release/BlowBotl.o' 
cd '/root/oss-experiment/data/stk-4.6.1+dfsg/projects/demo' 
'g++' '-O3' '-g' '-O2' '-Wall' '-I../../include' '-I../../include/../src/include' '-DHAVE_GETTIMEOFDAY' '-D__LINUX_ALSA__' '-D__LITTLE_ENDIAN__' '-DRAWWAVE_PATH="../../rawwaves/"' '-c' '../../src/FM.cpp' '-o' 'Release/FM.o' 
cd '/root/oss-experiment/data/stk-4.6.1+dfsg/projects/demo' 
cd '/root/oss-experiment/data/stk-4.6.1+dfsg/projects/demo' 
'g++' '-O3' '-g' '-O2' '-Wall' '-I../../include' '-I../../include/../src/include' '-DHAVE_GETTIMEOFDAY' '-D__LINUX_ALSA__' '-D__LITTLE_ENDIAN__' '-DRAWWAVE_PATH="../../rawwaves/"' '-c' '../../src/Drummer.cpp' '-o' 'Release/Drummer.o' 
'g++' '-O3' '-g' '-O2' '-Wall' '-I../../include' '-I../../include/../src/include' '-DHAVE_GETTIMEOFDAY' '-D__LINUX_ALSA__' '-D__LITTLE_ENDIAN__' '-DRAWWAVE_PATH="../../rawwaves/"' '-c' '../../src/Saxofony.cpp' '-o' 'Release/Saxofony.o' 
cd '/root/oss-experiment/data/stk-4.6.1+dfsg/projects/demo' 
'g++' '-O3' '-g' '-O2' '-Wall' '-I../../include' '-I../../include/../src/include' '-DHAVE_GETTIMEOFDAY' '-D__LINUX_ALSA__' '-D__LITTLE_ENDIAN__' '-DRAWWAVE_PATH="../../rawwaves/"' '-c' '../../src/BandedWG.cpp' '-o' 'Release/BandedWG.o' 
cd '/root/oss-experiment/data/stk-4.6.1+dfsg/projects/demo' 
'g++' '-O3' '-g' '-O2' '-Wall' '-I../../include' '-I../../include/../src/include' '-DHAVE_GETTIMEOFDAY' '-D__LINUX_ALSA__' '-D__LITTLE_ENDIAN__' '-DRAWWAVE_PATH="../../rawwaves/"' '-c' '../../src/Mesh2D.cpp' '-o' 'Release/Mesh2D.o' 
cd '/root/oss-experiment/data/stk-4.6.1+dfsg/projects/demo' 
'g++' '-O3' '-g' '-O2' '-Wall' '-I../../include' '-I../../include/../src/include' '-DHAVE_GETTIMEOFDAY' '-D__LINUX_ALSA__' '-D__LITTLE_ENDIAN__' '-DRAWWAVE_PATH="../../rawwaves/"' '-c' '../../src/BlowHole.cpp' '-o' 'Release/BlowHole.o' 
cd '/root/oss-experiment/data/stk-4.6.1+dfsg/projects/demo' 
cd '/root/oss-experiment/data/stk-4.6.1+dfsg/projects/demo' 
cd '/root/oss-experiment/data/stk-4.6.1+dfsg/projects/demo' 
'g++' '-O3' '-g' '-O2' '-Wall' '-I../../include' '-I../../include/../src/include' '-DHAVE_GETTIMEOFDAY' '-D__LINUX_ALSA__' '-D__LITTLE_ENDIAN__' '-DRAWWAVE_PATH="../../rawwaves/"' '-c' '../../src/VoicForm.cpp' '-o' 'Release/VoicForm.o' 
'g++' '-O3' '-g' '-O2' '-Wall' '-I../../include' '-I../../include/../src/include' '-DHAVE_GETTIMEOFDAY' '-D__LINUX_ALSA__' '-D__LITTLE_ENDIAN__' '-DRAWWAVE_PATH="../../rawwaves/"' '-c' '../../src/Moog.cpp' '-o' 'Release/Moog.o' 
'g++' '-O3' '-g' '-O2' '-Wall' '-I../../include' '-I../../include/../src/include' '-DHAVE_GETTIMEOFDAY' '-D__LINUX_ALSA__' '-D__LITTLE_ENDIAN__' '-DRAWWAVE_PATH="../../rawwaves/"' '-c' '../../src/ModalBar.cpp' '-o' 'Release/ModalBar.o' 
cd '/root/oss-experiment/data/stk-4.6.1+dfsg/projects/demo' 
'g++' '-O3' '-g' '-O2' '-Wall' '-I../../include' '-I../../include/../src/include' '-DHAVE_GETTIMEOFDAY' '-D__LINUX_ALSA__' '-D__LITTLE_ENDIAN__' '-DRAWWAVE_PATH="../../rawwaves/"' '-c' '../../src/Flute.cpp' '-o' 'Release/Flute.o' 
cd '/root/oss-experiment/data/stk-4.6.1+dfsg/projects/demo' 
'g++' '-O3' '-g' '-O2' '-Wall' '-I../../include' '-I../../include/../src/include' '-DHAVE_GETTIMEOFDAY' '-D__LINUX_ALSA__' '-D__LITTLE_ENDIAN__' '-DRAWWAVE_PATH="../../rawwaves/"' '-c' '../../src/BeeThree.cpp' '-o' 'Release/BeeThree.o' 
cd '/root/oss-experiment/data/stk-4.6.1+dfsg/projects/demo' 
'g++' '-O3' '-g' '-O2' '-Wall' '-I../../include' '-I../../include/../src/include' '-DHAVE_GETTIMEOFDAY' '-D__LINUX_ALSA__' '-D__LITTLE_ENDIAN__' '-DRAWWAVE_PATH="../../rawwaves/"' '-c' '../../src/FormSwep.cpp' '-o' 'Release/FormSwep.o' 
cd '/root/oss-experiment/data/stk-4.6.1+dfsg/projects/demo' 
'g++' '-O3' '-g' '-O2' '-Wall' '-I../../include' '-I../../include/../src/include' '-DHAVE_GETTIMEOFDAY' '-D__LINUX_ALSA__' '-D__LITTLE_ENDIAN__' '-DRAWWAVE_PATH="../../rawwaves/"' '-c' '../../src/FileWrite.cpp' '-o' 'Release/FileWrite.o' 
cd '/root/oss-experiment/data/stk-4.6.1+dfsg/projects/demo' 
'g++' '-O3' '-g' '-O2' '-Wall' '-I../../include' '-I../../include/../src/include' '-DHAVE_GETTIMEOFDAY' '-D__LINUX_ALSA__' '-D__LITTLE_ENDIAN__' '-DRAWWAVE_PATH="../../rawwaves/"' '-c' '../../src/Bowed.cpp' '-o' 'Release/Bowed.o' 
cd '/root/oss-experiment/data/stk-4.6.1+dfsg/projects/demo' 
'g++' '-O3' '-g' '-O2' '-Wall' '-I../../include' '-I../../include/../src/include' '-DHAVE_GETTIMEOFDAY' '-D__LINUX_ALSA__' '-D__LITTLE_ENDIAN__' '-DRAWWAVE_PATH="../../rawwaves/"' '-c' '../../src/Modal.cpp' '-o' 'Release/Modal.o' 
cd '/root/oss-experiment/data/stk-4.6.1+dfsg/projects/demo' 
'g++' '-O3' '-g' '-O2' '-Wall' '-I../../include' '-I../../include/../src/include' '-DHAVE_GETTIMEOFDAY' '-D__LINUX_ALSA__' '-D__LITTLE_ENDIAN__' '-DRAWWAVE_PATH="../../rawwaves/"' '-c' '../../src/FileRead.cpp' '-o' 'Release/FileRead.o' 
cd '/root/oss-experiment/data/stk-4.6.1+dfsg/projects/demo' 
'g++' '-O3' '-g' '-O2' '-Wall' '-I../../include' '-I../../include/../src/include' '-DHAVE_GETTIMEOFDAY' '-D__LINUX_ALSA__' '-D__LITTLE_ENDIAN__' '-DRAWWAVE_PATH="../../rawwaves/"' '-c' 'utilities.cpp' '-o' 'Release/utilities.o' 
cd '/root/oss-experiment/data/stk-4.6.1+dfsg/projects/demo' 
'g++' '-O3' '-g' '-O2' '-Wall' '-I../../include' '-I../../include/../src/include' '-DHAVE_GETTIMEOFDAY' '-D__LINUX_ALSA__' '-D__LITTLE_ENDIAN__' '-DRAWWAVE_PATH="../../rawwaves/"' '-c' '../../src/Mandolin.cpp' '-o' 'Release/Mandolin.o' 
cd '/root/oss-experiment/data/stk-4.6.1+dfsg/projects/demo' 
'g++' '-O3' '-g' '-O2' '-Wall' '-I../../include' '-I../../include/../src/include' '-DHAVE_GETTIMEOFDAY' '-D__LINUX_ALSA__' '-D__LITTLE_ENDIAN__' '-DRAWWAVE_PATH="../../rawwaves/"' '-c' '../../src/Recorder.cpp' '-o' 'Release/Recorder.o' 
cd '/root/oss-experiment/data/stk-4.6.1+dfsg/projects/demo' 
'g++' '-O3' '-g' '-O2' '-Wall' '-I../../include' '-I../../include/../src/include' '-DHAVE_GETTIMEOFDAY' '-D__LINUX_ALSA__' '-D__LITTLE_ENDIAN__' '-DRAWWAVE_PATH="../../rawwaves/"' '-c' '../../src/Shakers.cpp' '-o' 'Release/Shakers.o' 
cd '/root/oss-experiment/data/stk-4.6.1+dfsg/projects/demo' 
'g++' '-O3' '-g' '-O2' '-Wall' '-I../../include' '-I../../include/../src/include' '-DHAVE_GETTIMEOFDAY' '-D__LINUX_ALSA__' '-D__LITTLE_ENDIAN__' '-DRAWWAVE_PATH="../../rawwaves/"' '-c' '../../src/Messager.cpp' '-o' 'Release/Messager.o' 
