This file contains any messages produced by compilers while
running configure, to aid debugging if configure makes a mistake.

It was created by configure, which was
generated by GNU Autoconf 2.69.  Invocation command line was

  $ ./configure 

## --------- ##
## Platform. ##
## --------- ##

hostname = faf737f6cdd7
uname -m = x86_64
uname -r = 5.15.0-101-generic
uname -s = Linux
uname -v = #111-Ubuntu SMP Tue Mar 5 20:16:58 UTC 2024

/usr/bin/uname -p = x86_64
/bin/uname -X     = unknown

/bin/arch              = x86_64
/usr/bin/arch -k       = unknown
/usr/convex/getsysinfo = unknown
/usr/bin/hostinfo      = unknown
/bin/machine           = unknown
/usr/bin/oslevel       = unknown
/bin/universe          = unknown

PATH: /usr/local/sbin
PATH: /usr/local/bin
PATH: /usr/sbin
PATH: /usr/bin
PATH: /sbin
PATH: /bin
PATH: /root/patron-experiment/sparrow/bin


## ----------- ##
## Core tests. ##
## ----------- ##

configure:2286: checking whether GTK+-2.0 is requested
configure:2295: result: yes
configure:2298: checking whether GIMP plugin is requested
configure:2307: result: yes
configure:2311: checking whether GIMP-2.0 is requested
configure:2320: result: yes
configure:2324: checking whether JPEG support is requested
configure:2333: result: yes
configure:2336: checking whether PNG support is requested
configure:2345: result: yes
configure:2348: checking whether TIFF support is requested
configure:2357: result: yes
configure:2360: checking whether LCMS (color management) support is requested
configure:2369: result: yes
configure:2424: checking for gcc
configure:2440: found /usr/bin/gcc
configure:2451: result: gcc
configure:2680: checking for C compiler version
configure:2689: gcc --version >&5
gcc (Ubuntu 11.4.0-1ubuntu1~22.04) 11.4.0
Copyright (C) 2021 Free Software Foundation, Inc.
This is free software; see the source for copying conditions.  There is NO
warranty; not even for MERCHANTABILITY or FITNESS FOR A PARTICULAR PURPOSE.

configure:2700: $? = 0
configure:2689: gcc -v >&5
Using built-in specs.
COLLECT_GCC=gcc
COLLECT_LTO_WRAPPER=/usr/lib/gcc/x86_64-linux-gnu/11/lto-wrapper
OFFLOAD_TARGET_NAMES=nvptx-none:amdgcn-amdhsa
OFFLOAD_TARGET_DEFAULT=1
Target: x86_64-linux-gnu
Configured with: ../src/configure -v --with-pkgversion='Ubuntu 11.4.0-1ubuntu1~22.04' --with-bugurl=file:///usr/share/doc/gcc-11/README.Bugs --enable-languages=c,ada,c++,go,brig,d,fortran,objc,obj-c++,m2 --prefix=/usr --with-gcc-major-version-only --program-suffix=-11 --program-prefix=x86_64-linux-gnu- --enable-shared --enable-linker-build-id --libexecdir=/usr/lib --without-included-gettext --enable-threads=posix --libdir=/usr/lib --enable-nls --enable-bootstrap --enable-clocale=gnu --enable-libstdcxx-debug --enable-libstdcxx-time=yes --with-default-libstdcxx-abi=new --enable-gnu-unique-object --disable-vtable-verify --enable-plugin --enable-default-pie --with-system-zlib --enable-libphobos-checking=release --with-target-system-zlib=auto --enable-objc-gc=auto --enable-multiarch --disable-werror --enable-cet --with-arch-32=i686 --with-abi=m64 --with-multilib-list=m32,m64,mx32 --enable-multilib --with-tune=generic --enable-offload-targets=nvptx-none=/build/gcc-11-XeT9lY/gcc-11-11.4.0/debian/tmp-nvptx/usr,amdgcn-amdhsa=/build/gcc-11-XeT9lY/gcc-11-11.4.0/debian/tmp-gcn/usr --without-cuda-driver --enable-checking=release --build=x86_64-linux-gnu --host=x86_64-linux-gnu --target=x86_64-linux-gnu --with-build-config=bootstrap-lto-lean --enable-link-serialization=2
Thread model: posix
Supported LTO compression algorithms: zlib zstd
gcc version 11.4.0 (Ubuntu 11.4.0-1ubuntu1~22.04) 
... rest of stderr output deleted ...
configure:2700: $? = 0
configure:2689: gcc -V >&5
gcc: error: unrecognized command-line option '-V'
gcc: fatal error: no input files
compilation terminated.
configure:2700: $? = 1
configure:2689: gcc -qversion >&5
gcc: error: unrecognized command-line option '-qversion'; did you mean '--version'?
gcc: fatal error: no input files
compilation terminated.
configure:2700: $? = 1
configure:2720: checking whether the C compiler works
configure:2742: gcc    conftest.c  >&5
configure:2746: $? = 0
configure:2794: result: yes
configure:2797: checking for C compiler default output file name
configure:2799: result: a.out
configure:2805: checking for suffix of executables
configure:2812: gcc -o conftest    conftest.c  >&5
configure:2816: $? = 0
configure:2838: result: 
configure:2860: checking whether we are cross compiling
configure:2868: gcc -o conftest    conftest.c  >&5
configure:2872: $? = 0
configure:2879: ./conftest
configure:2883: $? = 0
configure:2898: result: no
configure:2903: checking for suffix of object files
configure:2925: gcc -c   conftest.c >&5
configure:2929: $? = 0
configure:2950: result: o
configure:2954: checking whether we are using the GNU C compiler
configure:2973: gcc -c   conftest.c >&5
configure:2973: $? = 0
configure:2982: result: yes
configure:2991: checking whether gcc accepts -g
configure:3011: gcc -c -g  conftest.c >&5
configure:3011: $? = 0
configure:3052: result: yes
configure:3069: checking for gcc option to accept ISO C89
configure:3132: gcc  -c -g -O2  conftest.c >&5
configure:3132: $? = 0
configure:3145: result: none needed
configure:3171: checking how to run the C preprocessor
configure:3202: gcc -E  conftest.c
configure:3202: $? = 0
configure:3216: gcc -E  conftest.c
conftest.c:12:10: fatal error: ac_nonexistent.h: No such file or directory
   12 | #include <ac_nonexistent.h>
      |          ^~~~~~~~~~~~~~~~~~
compilation terminated.
configure:3216: $? = 1
configure: failed program was:
| /* confdefs.h */
| #define PACKAGE_NAME ""
| #define PACKAGE_TARNAME ""
| #define PACKAGE_VERSION ""
| #define PACKAGE_STRING ""
| #define PACKAGE_BUGREPORT ""
| #define PACKAGE_URL ""
| #define PACKAGE "xsane"
| #define VERSION "0.999"
| #define XSANE_PACKAGE_VERSION "xsane-0.999"
| /* end confdefs.h.  */
| #include <ac_nonexistent.h>
configure:3241: result: gcc -E
configure:3261: gcc -E  conftest.c
configure:3261: $? = 0
configure:3275: gcc -E  conftest.c
conftest.c:12:10: fatal error: ac_nonexistent.h: No such file or directory
   12 | #include <ac_nonexistent.h>
      |          ^~~~~~~~~~~~~~~~~~
compilation terminated.
configure:3275: $? = 1
configure: failed program was:
| /* confdefs.h */
| #define PACKAGE_NAME ""
| #define PACKAGE_TARNAME ""
| #define PACKAGE_VERSION ""
| #define PACKAGE_STRING ""
| #define PACKAGE_BUGREPORT ""
| #define PACKAGE_URL ""
| #define PACKAGE "xsane"
| #define VERSION "0.999"
| #define XSANE_PACKAGE_VERSION "xsane-0.999"
| /* end confdefs.h.  */
| #include <ac_nonexistent.h>
configure:3304: checking for grep that handles long lines and -e
configure:3362: result: /usr/bin/grep
configure:3367: checking for egrep
configure:3429: result: /usr/bin/grep -E
configure:3434: checking for ANSI C header files
configure:3454: gcc -c -g -O2  conftest.c >&5
configure:3454: $? = 0
configure:3527: gcc -o conftest -g -O2   conftest.c  >&5
configure:3527: $? = 0
configure:3527: ./conftest
configure:3527: $? = 0
configure:3538: result: yes
configure:3551: checking for sys/types.h
configure:3551: gcc -c -g -O2  conftest.c >&5
configure:3551: $? = 0
configure:3551: result: yes
configure:3551: checking for sys/stat.h
configure:3551: gcc -c -g -O2  conftest.c >&5
configure:3551: $? = 0
configure:3551: result: yes
configure:3551: checking for stdlib.h
configure:3551: gcc -c -g -O2  conftest.c >&5
configure:3551: $? = 0
configure:3551: result: yes
configure:3551: checking for string.h
configure:3551: gcc -c -g -O2  conftest.c >&5
configure:3551: $? = 0
configure:3551: result: yes
configure:3551: checking for memory.h
configure:3551: gcc -c -g -O2  conftest.c >&5
configure:3551: $? = 0
configure:3551: result: yes
configure:3551: checking for strings.h
configure:3551: gcc -c -g -O2  conftest.c >&5
configure:3551: $? = 0
configure:3551: result: yes
configure:3551: checking for inttypes.h
configure:3551: gcc -c -g -O2  conftest.c >&5
configure:3551: $? = 0
configure:3551: result: yes
configure:3551: checking for stdint.h
configure:3551: gcc -c -g -O2  conftest.c >&5
configure:3551: $? = 0
configure:3551: result: yes
configure:3551: checking for unistd.h
configure:3551: gcc -c -g -O2  conftest.c >&5
configure:3551: $? = 0
configure:3551: result: yes
configure:3564: checking minix/config.h usability
configure:3564: gcc -c -g -O2  conftest.c >&5
conftest.c:55:10: fatal error: minix/config.h: No such file or directory
   55 | #include <minix/config.h>
      |          ^~~~~~~~~~~~~~~~
compilation terminated.
configure:3564: $? = 1
configure: failed program was:
| /* confdefs.h */
| #define PACKAGE_NAME ""
| #define PACKAGE_TARNAME ""
| #define PACKAGE_VERSION ""
| #define PACKAGE_STRING ""
| #define PACKAGE_BUGREPORT ""
| #define PACKAGE_URL ""
| #define PACKAGE "xsane"
| #define VERSION "0.999"
| #define XSANE_PACKAGE_VERSION "xsane-0.999"
| #define STDC_HEADERS 1
| #define HAVE_SYS_TYPES_H 1
| #define HAVE_SYS_STAT_H 1
| #define HAVE_STDLIB_H 1
| #define HAVE_STRING_H 1
| #define HAVE_MEMORY_H 1
| #define HAVE_STRINGS_H 1
| #define HAVE_INTTYPES_H 1
| #define HAVE_STDINT_H 1
| #define HAVE_UNISTD_H 1
| /* end confdefs.h.  */
| #include <stdio.h>
| #ifdef HAVE_SYS_TYPES_H
| # include <sys/types.h>
| #endif
| #ifdef HAVE_SYS_STAT_H
| # include <sys/stat.h>
| #endif
| #ifdef STDC_HEADERS
| # include <stdlib.h>
| # include <stddef.h>
| #else
| # ifdef HAVE_STDLIB_H
| #  include <stdlib.h>
| # endif
| #endif
| #ifdef HAVE_STRING_H
| # if !defined STDC_HEADERS && defined HAVE_MEMORY_H
| #  include <memory.h>
| # endif
| # include <string.h>
| #endif
| #ifdef HAVE_STRINGS_H
| # include <strings.h>
| #endif
| #ifdef HAVE_INTTYPES_H
| # include <inttypes.h>
| #endif
| #ifdef HAVE_STDINT_H
| # include <stdint.h>
| #endif
| #ifdef HAVE_UNISTD_H
| # include <unistd.h>
| #endif
| #include <minix/config.h>
configure:3564: result: no
configure:3564: checking minix/config.h presence
configure:3564: gcc -E  conftest.c
conftest.c:22:10: fatal error: minix/config.h: No such file or directory
   22 | #include <minix/config.h>
      |          ^~~~~~~~~~~~~~~~
compilation terminated.
configure:3564: $? = 1
configure: failed program was:
| /* confdefs.h */
| #define PACKAGE_NAME ""
| #define PACKAGE_TARNAME ""
| #define PACKAGE_VERSION ""
| #define PACKAGE_STRING ""
| #define PACKAGE_BUGREPORT ""
| #define PACKAGE_URL ""
| #define PACKAGE "xsane"
| #define VERSION "0.999"
| #define XSANE_PACKAGE_VERSION "xsane-0.999"
| #define STDC_HEADERS 1
| #define HAVE_SYS_TYPES_H 1
| #define HAVE_SYS_STAT_H 1
| #define HAVE_STDLIB_H 1
| #define HAVE_STRING_H 1
| #define HAVE_MEMORY_H 1
| #define HAVE_STRINGS_H 1
| #define HAVE_INTTYPES_H 1
| #define HAVE_STDINT_H 1
| #define HAVE_UNISTD_H 1
| /* end confdefs.h.  */
| #include <minix/config.h>
configure:3564: result: no
configure:3564: checking for minix/config.h
configure:3564: result: no
configure:3585: checking whether it is safe to define __EXTENSIONS__
configure:3603: gcc -c -g -O2  conftest.c >&5
configure:3603: $? = 0
configure:3610: result: yes
configure:3626: checking for library containing strerror
configure:3657: gcc -o conftest -g -O2   conftest.c  >&5
configure:3657: $? = 0
configure:3674: result: none required
configure:3730: checking for gcc
configure:3757: result: gcc
configure:3986: checking for C compiler version
configure:3995: gcc --version >&5
gcc (Ubuntu 11.4.0-1ubuntu1~22.04) 11.4.0
Copyright (C) 2021 Free Software Foundation, Inc.
This is free software; see the source for copying conditions.  There is NO
warranty; not even for MERCHANTABILITY or FITNESS FOR A PARTICULAR PURPOSE.

configure:4006: $? = 0
configure:3995: gcc -v >&5
Using built-in specs.
COLLECT_GCC=gcc
COLLECT_LTO_WRAPPER=/usr/lib/gcc/x86_64-linux-gnu/11/lto-wrapper
OFFLOAD_TARGET_NAMES=nvptx-none:amdgcn-amdhsa
OFFLOAD_TARGET_DEFAULT=1
Target: x86_64-linux-gnu
Configured with: ../src/configure -v --with-pkgversion='Ubuntu 11.4.0-1ubuntu1~22.04' --with-bugurl=file:///usr/share/doc/gcc-11/README.Bugs --enable-languages=c,ada,c++,go,brig,d,fortran,objc,obj-c++,m2 --prefix=/usr --with-gcc-major-version-only --program-suffix=-11 --program-prefix=x86_64-linux-gnu- --enable-shared --enable-linker-build-id --libexecdir=/usr/lib --without-included-gettext --enable-threads=posix --libdir=/usr/lib --enable-nls --enable-bootstrap --enable-clocale=gnu --enable-libstdcxx-debug --enable-libstdcxx-time=yes --with-default-libstdcxx-abi=new --enable-gnu-unique-object --disable-vtable-verify --enable-plugin --enable-default-pie --with-system-zlib --enable-libphobos-checking=release --with-target-system-zlib=auto --enable-objc-gc=auto --enable-multiarch --disable-werror --enable-cet --with-arch-32=i686 --with-abi=m64 --with-multilib-list=m32,m64,mx32 --enable-multilib --with-tune=generic --enable-offload-targets=nvptx-none=/build/gcc-11-XeT9lY/gcc-11-11.4.0/debian/tmp-nvptx/usr,amdgcn-amdhsa=/build/gcc-11-XeT9lY/gcc-11-11.4.0/debian/tmp-gcn/usr --without-cuda-driver --enable-checking=release --build=x86_64-linux-gnu --host=x86_64-linux-gnu --target=x86_64-linux-gnu --with-build-config=bootstrap-lto-lean --enable-link-serialization=2
Thread model: posix
Supported LTO compression algorithms: zlib zstd
gcc version 11.4.0 (Ubuntu 11.4.0-1ubuntu1~22.04) 
... rest of stderr output deleted ...
configure:4006: $? = 0
configure:3995: gcc -V >&5
gcc: error: unrecognized command-line option '-V'
gcc: fatal error: no input files
compilation terminated.
configure:4006: $? = 1
configure:3995: gcc -qversion >&5
gcc: error: unrecognized command-line option '-qversion'; did you mean '--version'?
gcc: fatal error: no input files
compilation terminated.
configure:4006: $? = 1
configure:4010: checking whether we are using the GNU C compiler
configure:4038: result: yes
configure:4047: checking whether gcc accepts -g
configure:4108: result: yes
configure:4125: checking for gcc option to accept ISO C89
configure:4201: result: none needed
configure:4267: checking for a BSD-compatible install
configure:4335: result: /usr/bin/install -c
configure:4346: checking whether make sets $(MAKE)
configure:4368: result: yes
configure:4382: checking how to run the C preprocessor
configure:4452: result: gcc -E
configure:4472: gcc -E  conftest.c
configure:4472: $? = 0
configure:4486: gcc -E  conftest.c
conftest.c:27:10: fatal error: ac_nonexistent.h: No such file or directory
   27 | #include <ac_nonexistent.h>
      |          ^~~~~~~~~~~~~~~~~~
compilation terminated.
configure:4486: $? = 1
configure: failed program was:
| /* confdefs.h */
| #define PACKAGE_NAME ""
| #define PACKAGE_TARNAME ""
| #define PACKAGE_VERSION ""
| #define PACKAGE_STRING ""
| #define PACKAGE_BUGREPORT ""
| #define PACKAGE_URL ""
| #define PACKAGE "xsane"
| #define VERSION "0.999"
| #define XSANE_PACKAGE_VERSION "xsane-0.999"
| #define STDC_HEADERS 1
| #define HAVE_SYS_TYPES_H 1
| #define HAVE_SYS_STAT_H 1
| #define HAVE_STDLIB_H 1
| #define HAVE_STRING_H 1
| #define HAVE_MEMORY_H 1
| #define HAVE_STRINGS_H 1
| #define HAVE_INTTYPES_H 1
| #define HAVE_STDINT_H 1
| #define HAVE_UNISTD_H 1
| #define __EXTENSIONS__ 1
| #define _ALL_SOURCE 1
| #define _GNU_SOURCE 1
| #define _POSIX_PTHREAD_SEMANTICS 1
| #define _TANDEM_SOURCE 1
| /* end confdefs.h.  */
| #include <ac_nonexistent.h>
configure:4515: checking whether gcc needs -traditional
configure:4549: result: no
configure:4565: checking windows.h usability
configure:4565: gcc -c -g -O2 -Wall  -D_GNU_SOURCE conftest.c >&5
conftest.c:60:10: fatal error: windows.h: No such file or directory
   60 | #include <windows.h>
      |          ^~~~~~~~~~~
compilation terminated.
configure:4565: $? = 1
configure: failed program was:
| /* confdefs.h */
| #define PACKAGE_NAME ""
| #define PACKAGE_TARNAME ""
| #define PACKAGE_VERSION ""
| #define PACKAGE_STRING ""
| #define PACKAGE_BUGREPORT ""
| #define PACKAGE_URL ""
| #define PACKAGE "xsane"
| #define VERSION "0.999"
| #define XSANE_PACKAGE_VERSION "xsane-0.999"
| #define STDC_HEADERS 1
| #define HAVE_SYS_TYPES_H 1
| #define HAVE_SYS_STAT_H 1
| #define HAVE_STDLIB_H 1
| #define HAVE_STRING_H 1
| #define HAVE_MEMORY_H 1
| #define HAVE_STRINGS_H 1
| #define HAVE_INTTYPES_H 1
| #define HAVE_STDINT_H 1
| #define HAVE_UNISTD_H 1
| #define __EXTENSIONS__ 1
| #define _ALL_SOURCE 1
| #define _GNU_SOURCE 1
| #define _POSIX_PTHREAD_SEMANTICS 1
| #define _TANDEM_SOURCE 1
| /* end confdefs.h.  */
| #include <stdio.h>
| #ifdef HAVE_SYS_TYPES_H
| # include <sys/types.h>
| #endif
| #ifdef HAVE_SYS_STAT_H
| # include <sys/stat.h>
| #endif
| #ifdef STDC_HEADERS
| # include <stdlib.h>
| # include <stddef.h>
| #else
| # ifdef HAVE_STDLIB_H
| #  include <stdlib.h>
| # endif
| #endif
| #ifdef HAVE_STRING_H
| # if !defined STDC_HEADERS && defined HAVE_MEMORY_H
| #  include <memory.h>
| # endif
| # include <string.h>
| #endif
| #ifdef HAVE_STRINGS_H
| # include <strings.h>
| #endif
| #ifdef HAVE_INTTYPES_H
| # include <inttypes.h>
| #endif
| #ifdef HAVE_STDINT_H
| # include <stdint.h>
| #endif
| #ifdef HAVE_UNISTD_H
| # include <unistd.h>
| #endif
| #include <windows.h>
configure:4565: result: no
configure:4565: checking windows.h presence
configure:4565: gcc -E  -D_GNU_SOURCE conftest.c
conftest.c:27:10: fatal error: windows.h: No such file or directory
   27 | #include <windows.h>
      |          ^~~~~~~~~~~
compilation terminated.
configure:4565: $? = 1
configure: failed program was:
| /* confdefs.h */
| #define PACKAGE_NAME ""
| #define PACKAGE_TARNAME ""
| #define PACKAGE_VERSION ""
| #define PACKAGE_STRING ""
| #define PACKAGE_BUGREPORT ""
| #define PACKAGE_URL ""
| #define PACKAGE "xsane"
| #define VERSION "0.999"
| #define XSANE_PACKAGE_VERSION "xsane-0.999"
| #define STDC_HEADERS 1
| #define HAVE_SYS_TYPES_H 1
| #define HAVE_SYS_STAT_H 1
| #define HAVE_STDLIB_H 1
| #define HAVE_STRING_H 1
| #define HAVE_MEMORY_H 1
| #define HAVE_STRINGS_H 1
| #define HAVE_INTTYPES_H 1
| #define HAVE_STDINT_H 1
| #define HAVE_UNISTD_H 1
| #define __EXTENSIONS__ 1
| #define _ALL_SOURCE 1
| #define _GNU_SOURCE 1
| #define _POSIX_PTHREAD_SEMANTICS 1
| #define _TANDEM_SOURCE 1
| /* end confdefs.h.  */
| #include <windows.h>
configure:4565: result: no
configure:4565: checking for windows.h
configure:4565: result: no
configure:4614: checking for ANSI C header files
configure:4718: result: yes
configure:4729: checking for windows.h
configure:4729: result: no
configure:4729: checking os2.h usability
configure:4729: gcc -c -g -O2 -Wall  -D_GNU_SOURCE conftest.c >&5
conftest.c:61:10: fatal error: os2.h: No such file or directory
   61 | #include <os2.h>
      |          ^~~~~~~
compilation terminated.
configure:4729: $? = 1
configure: failed program was:
| /* confdefs.h */
| #define PACKAGE_NAME ""
| #define PACKAGE_TARNAME ""
| #define PACKAGE_VERSION ""
| #define PACKAGE_STRING ""
| #define PACKAGE_BUGREPORT ""
| #define PACKAGE_URL ""
| #define PACKAGE "xsane"
| #define VERSION "0.999"
| #define XSANE_PACKAGE_VERSION "xsane-0.999"
| #define STDC_HEADERS 1
| #define HAVE_SYS_TYPES_H 1
| #define HAVE_SYS_STAT_H 1
| #define HAVE_STDLIB_H 1
| #define HAVE_STRING_H 1
| #define HAVE_MEMORY_H 1
| #define HAVE_STRINGS_H 1
| #define HAVE_INTTYPES_H 1
| #define HAVE_STDINT_H 1
| #define HAVE_UNISTD_H 1
| #define __EXTENSIONS__ 1
| #define _ALL_SOURCE 1
| #define _GNU_SOURCE 1
| #define _POSIX_PTHREAD_SEMANTICS 1
| #define _TANDEM_SOURCE 1
| #define STDC_HEADERS 1
| /* end confdefs.h.  */
| #include <stdio.h>
| #ifdef HAVE_SYS_TYPES_H
| # include <sys/types.h>
| #endif
| #ifdef HAVE_SYS_STAT_H
| # include <sys/stat.h>
| #endif
| #ifdef STDC_HEADERS
| # include <stdlib.h>
| # include <stddef.h>
| #else
| # ifdef HAVE_STDLIB_H
| #  include <stdlib.h>
| # endif
| #endif
| #ifdef HAVE_STRING_H
| # if !defined STDC_HEADERS && defined HAVE_MEMORY_H
| #  include <memory.h>
| # endif
| # include <string.h>
| #endif
| #ifdef HAVE_STRINGS_H
| # include <strings.h>
| #endif
| #ifdef HAVE_INTTYPES_H
| # include <inttypes.h>
| #endif
| #ifdef HAVE_STDINT_H
| # include <stdint.h>
| #endif
| #ifdef HAVE_UNISTD_H
| # include <unistd.h>
| #endif
| #include <os2.h>
configure:4729: result: no
configure:4729: checking os2.h presence
configure:4729: gcc -E  -D_GNU_SOURCE conftest.c
conftest.c:28:10: fatal error: os2.h: No such file or directory
   28 | #include <os2.h>
      |          ^~~~~~~
compilation terminated.
configure:4729: $? = 1
configure: failed program was:
| /* confdefs.h */
| #define PACKAGE_NAME ""
| #define PACKAGE_TARNAME ""
| #define PACKAGE_VERSION ""
| #define PACKAGE_STRING ""
| #define PACKAGE_BUGREPORT ""
| #define PACKAGE_URL ""
| #define PACKAGE "xsane"
| #define VERSION "0.999"
| #define XSANE_PACKAGE_VERSION "xsane-0.999"
| #define STDC_HEADERS 1
| #define HAVE_SYS_TYPES_H 1
| #define HAVE_SYS_STAT_H 1
| #define HAVE_STDLIB_H 1
| #define HAVE_STRING_H 1
| #define HAVE_MEMORY_H 1
| #define HAVE_STRINGS_H 1
| #define HAVE_INTTYPES_H 1
| #define HAVE_STDINT_H 1
| #define HAVE_UNISTD_H 1
| #define __EXTENSIONS__ 1
| #define _ALL_SOURCE 1
| #define _GNU_SOURCE 1
| #define _POSIX_PTHREAD_SEMANTICS 1
| #define _TANDEM_SOURCE 1
| #define STDC_HEADERS 1
| /* end confdefs.h.  */
| #include <os2.h>
configure:4729: result: no
configure:4729: checking for os2.h
configure:4729: result: no
configure:4729: checking fcntl.h usability
configure:4729: gcc -c -g -O2 -Wall  -D_GNU_SOURCE conftest.c >&5
configure:4729: $? = 0
configure:4729: result: yes
configure:4729: checking fcntl.h presence
configure:4729: gcc -E  -D_GNU_SOURCE conftest.c
configure:4729: $? = 0
configure:4729: result: yes
configure:4729: checking for fcntl.h
configure:4729: result: yes
configure:4729: checking for unistd.h
configure:4729: result: yes
configure:4729: checking libc.h usability
configure:4729: gcc -c -g -O2 -Wall  -D_GNU_SOURCE conftest.c >&5
conftest.c:63:10: fatal error: libc.h: No such file or directory
   63 | #include <libc.h>
      |          ^~~~~~~~
compilation terminated.
configure:4729: $? = 1
configure: failed program was:
| /* confdefs.h */
| #define PACKAGE_NAME ""
| #define PACKAGE_TARNAME ""
| #define PACKAGE_VERSION ""
| #define PACKAGE_STRING ""
| #define PACKAGE_BUGREPORT ""
| #define PACKAGE_URL ""
| #define PACKAGE "xsane"
| #define VERSION "0.999"
| #define XSANE_PACKAGE_VERSION "xsane-0.999"
| #define STDC_HEADERS 1
| #define HAVE_SYS_TYPES_H 1
| #define HAVE_SYS_STAT_H 1
| #define HAVE_STDLIB_H 1
| #define HAVE_STRING_H 1
| #define HAVE_MEMORY_H 1
| #define HAVE_STRINGS_H 1
| #define HAVE_INTTYPES_H 1
| #define HAVE_STDINT_H 1
| #define HAVE_UNISTD_H 1
| #define __EXTENSIONS__ 1
| #define _ALL_SOURCE 1
| #define _GNU_SOURCE 1
| #define _POSIX_PTHREAD_SEMANTICS 1
| #define _TANDEM_SOURCE 1
| #define STDC_HEADERS 1
| #define HAVE_FCNTL_H 1
| #define HAVE_UNISTD_H 1
| /* end confdefs.h.  */
| #include <stdio.h>
| #ifdef HAVE_SYS_TYPES_H
| # include <sys/types.h>
| #endif
| #ifdef HAVE_SYS_STAT_H
| # include <sys/stat.h>
| #endif
| #ifdef STDC_HEADERS
| # include <stdlib.h>
| # include <stddef.h>
| #else
| # ifdef HAVE_STDLIB_H
| #  include <stdlib.h>
| # endif
| #endif
| #ifdef HAVE_STRING_H
| # if !defined STDC_HEADERS && defined HAVE_MEMORY_H
| #  include <memory.h>
| # endif
| # include <string.h>
| #endif
| #ifdef HAVE_STRINGS_H
| # include <strings.h>
| #endif
| #ifdef HAVE_INTTYPES_H
| # include <inttypes.h>
| #endif
| #ifdef HAVE_STDINT_H
| # include <stdint.h>
| #endif
| #ifdef HAVE_UNISTD_H
| # include <unistd.h>
| #endif
| #include <libc.h>
configure:4729: result: no
configure:4729: checking libc.h presence
configure:4729: gcc -E  -D_GNU_SOURCE conftest.c
conftest.c:30:10: fatal error: libc.h: No such file or directory
   30 | #include <libc.h>
      |          ^~~~~~~~
compilation terminated.
configure:4729: $? = 1
configure: failed program was:
| /* confdefs.h */
| #define PACKAGE_NAME ""
| #define PACKAGE_TARNAME ""
| #define PACKAGE_VERSION ""
| #define PACKAGE_STRING ""
| #define PACKAGE_BUGREPORT ""
| #define PACKAGE_URL ""
| #define PACKAGE "xsane"
| #define VERSION "0.999"
| #define XSANE_PACKAGE_VERSION "xsane-0.999"
| #define STDC_HEADERS 1
| #define HAVE_SYS_TYPES_H 1
| #define HAVE_SYS_STAT_H 1
| #define HAVE_STDLIB_H 1
| #define HAVE_STRING_H 1
| #define HAVE_MEMORY_H 1
| #define HAVE_STRINGS_H 1
| #define HAVE_INTTYPES_H 1
| #define HAVE_STDINT_H 1
| #define HAVE_UNISTD_H 1
| #define __EXTENSIONS__ 1
| #define _ALL_SOURCE 1
| #define _GNU_SOURCE 1
| #define _POSIX_PTHREAD_SEMANTICS 1
| #define _TANDEM_SOURCE 1
| #define STDC_HEADERS 1
| #define HAVE_FCNTL_H 1
| #define HAVE_UNISTD_H 1
| /* end confdefs.h.  */
| #include <libc.h>
configure:4729: result: no
configure:4729: checking for libc.h
configure:4729: result: no
configure:4729: checking sys/time.h usability
configure:4729: gcc -c -g -O2 -Wall  -D_GNU_SOURCE conftest.c >&5
configure:4729: $? = 0
configure:4729: result: yes
configure:4729: checking sys/time.h presence
configure:4729: gcc -E  -D_GNU_SOURCE conftest.c
configure:4729: $? = 0
configure:4729: result: yes
configure:4729: checking for sys/time.h
configure:4729: result: yes
configure:4729: checking for sys/types.h
configure:4729: result: yes
configure:4729: checking zlib.h usability
configure:4729: gcc -c -g -O2 -Wall  -D_GNU_SOURCE conftest.c >&5
configure:4729: $? = 0
configure:4729: result: yes
configure:4729: checking zlib.h presence
configure:4729: gcc -E  -D_GNU_SOURCE conftest.c
configure:4729: $? = 0
configure:4729: result: yes
configure:4729: checking for zlib.h
configure:4729: result: yes
configure:4740: checking for an ANSI C-conforming const
configure:4806: gcc -c -g -O2 -Wall  -D_GNU_SOURCE conftest.c >&5
configure:4806: $? = 0
configure:4813: result: yes
configure:4821: checking for inline
configure:4837: gcc -c -g -O2 -Wall  -D_GNU_SOURCE conftest.c >&5
configure:4837: $? = 0
configure:4845: result: inline
configure:4863: checking return type of signal handlers
configure:4881: gcc -c -g -O2 -Wall  -D_GNU_SOURCE conftest.c >&5
conftest.c: In function 'main':
conftest.c:39:10: error: void value not ignored as it ought to be
   39 | return *(signal (0, 0)) (0) == 1;
      |         ~^~~~~~~~~~~~~~~~~~
configure:4881: $? = 1
configure: failed program was:
| /* confdefs.h */
| #define PACKAGE_NAME ""
| #define PACKAGE_TARNAME ""
| #define PACKAGE_VERSION ""
| #define PACKAGE_STRING ""
| #define PACKAGE_BUGREPORT ""
| #define PACKAGE_URL ""
| #define PACKAGE "xsane"
| #define VERSION "0.999"
| #define XSANE_PACKAGE_VERSION "xsane-0.999"
| #define STDC_HEADERS 1
| #define HAVE_SYS_TYPES_H 1
| #define HAVE_SYS_STAT_H 1
| #define HAVE_STDLIB_H 1
| #define HAVE_STRING_H 1
| #define HAVE_MEMORY_H 1
| #define HAVE_STRINGS_H 1
| #define HAVE_INTTYPES_H 1
| #define HAVE_STDINT_H 1
| #define HAVE_UNISTD_H 1
| #define __EXTENSIONS__ 1
| #define _ALL_SOURCE 1
| #define _GNU_SOURCE 1
| #define _POSIX_PTHREAD_SEMANTICS 1
| #define _TANDEM_SOURCE 1
| #define STDC_HEADERS 1
| #define HAVE_FCNTL_H 1
| #define HAVE_UNISTD_H 1
| #define HAVE_SYS_TIME_H 1
| #define HAVE_SYS_TYPES_H 1
| #define HAVE_ZLIB_H 1
| /* end confdefs.h.  */
| #include <sys/types.h>
| #include <signal.h>
| 
| int
| main ()
| {
| return *(signal (0, 0)) (0) == 1;
|   ;
|   return 0;
| }
configure:4888: result: void
configure:4896: checking for size_t
configure:4896: gcc -c -g -O2 -Wall  -D_GNU_SOURCE conftest.c >&5
configure:4896: $? = 0
configure:4896: gcc -c -g -O2 -Wall  -D_GNU_SOURCE conftest.c >&5
conftest.c: In function 'main':
conftest.c:70:21: error: expected expression before ')' token
   70 | if (sizeof ((size_t)))
      |                     ^
configure:4896: $? = 1
configure: failed program was:
| /* confdefs.h */
| #define PACKAGE_NAME ""
| #define PACKAGE_TARNAME ""
| #define PACKAGE_VERSION ""
| #define PACKAGE_STRING ""
| #define PACKAGE_BUGREPORT ""
| #define PACKAGE_URL ""
| #define PACKAGE "xsane"
| #define VERSION "0.999"
| #define XSANE_PACKAGE_VERSION "xsane-0.999"
| #define STDC_HEADERS 1
| #define HAVE_SYS_TYPES_H 1
| #define HAVE_SYS_STAT_H 1
| #define HAVE_STDLIB_H 1
| #define HAVE_STRING_H 1
| #define HAVE_MEMORY_H 1
| #define HAVE_STRINGS_H 1
| #define HAVE_INTTYPES_H 1
| #define HAVE_STDINT_H 1
| #define HAVE_UNISTD_H 1
| #define __EXTENSIONS__ 1
| #define _ALL_SOURCE 1
| #define _GNU_SOURCE 1
| #define _POSIX_PTHREAD_SEMANTICS 1
| #define _TANDEM_SOURCE 1
| #define STDC_HEADERS 1
| #define HAVE_FCNTL_H 1
| #define HAVE_UNISTD_H 1
| #define HAVE_SYS_TIME_H 1
| #define HAVE_SYS_TYPES_H 1
| #define HAVE_ZLIB_H 1
| #define RETSIGTYPE void
| /* end confdefs.h.  */
| #include <stdio.h>
| #ifdef HAVE_SYS_TYPES_H
| # include <sys/types.h>
| #endif
| #ifdef HAVE_SYS_STAT_H
| # include <sys/stat.h>
| #endif
| #ifdef STDC_HEADERS
| # include <stdlib.h>
| # include <stddef.h>
| #else
| # ifdef HAVE_STDLIB_H
| #  include <stdlib.h>
| # endif
| #endif
| #ifdef HAVE_STRING_H
| # if !defined STDC_HEADERS && defined HAVE_MEMORY_H
| #  include <memory.h>
| # endif
| # include <string.h>
| #endif
| #ifdef HAVE_STRINGS_H
| # include <strings.h>
| #endif
| #ifdef HAVE_INTTYPES_H
| # include <inttypes.h>
| #endif
| #ifdef HAVE_STDINT_H
| # include <stdint.h>
| #endif
| #ifdef HAVE_UNISTD_H
| # include <unistd.h>
| #endif
| int
| main ()
| {
| if (sizeof ((size_t)))
| 	    return 0;
|   ;
|   return 0;
| }
configure:4896: result: yes
configure:4907: checking for pid_t
configure:4907: gcc -c -g -O2 -Wall  -D_GNU_SOURCE conftest.c >&5
configure:4907: $? = 0
configure:4907: gcc -c -g -O2 -Wall  -D_GNU_SOURCE conftest.c >&5
conftest.c: In function 'main':
conftest.c:70:20: error: expected expression before ')' token
   70 | if (sizeof ((pid_t)))
      |                    ^
configure:4907: $? = 1
configure: failed program was:
| /* confdefs.h */
| #define PACKAGE_NAME ""
| #define PACKAGE_TARNAME ""
| #define PACKAGE_VERSION ""
| #define PACKAGE_STRING ""
| #define PACKAGE_BUGREPORT ""
| #define PACKAGE_URL ""
| #define PACKAGE "xsane"
| #define VERSION "0.999"
| #define XSANE_PACKAGE_VERSION "xsane-0.999"
| #define STDC_HEADERS 1
| #define HAVE_SYS_TYPES_H 1
| #define HAVE_SYS_STAT_H 1
| #define HAVE_STDLIB_H 1
| #define HAVE_STRING_H 1
| #define HAVE_MEMORY_H 1
| #define HAVE_STRINGS_H 1
| #define HAVE_INTTYPES_H 1
| #define HAVE_STDINT_H 1
| #define HAVE_UNISTD_H 1
| #define __EXTENSIONS__ 1
| #define _ALL_SOURCE 1
| #define _GNU_SOURCE 1
| #define _POSIX_PTHREAD_SEMANTICS 1
| #define _TANDEM_SOURCE 1
| #define STDC_HEADERS 1
| #define HAVE_FCNTL_H 1
| #define HAVE_UNISTD_H 1
| #define HAVE_SYS_TIME_H 1
| #define HAVE_SYS_TYPES_H 1
| #define HAVE_ZLIB_H 1
| #define RETSIGTYPE void
| /* end confdefs.h.  */
| #include <stdio.h>
| #ifdef HAVE_SYS_TYPES_H
| # include <sys/types.h>
| #endif
| #ifdef HAVE_SYS_STAT_H
| # include <sys/stat.h>
| #endif
| #ifdef STDC_HEADERS
| # include <stdlib.h>
| # include <stddef.h>
| #else
| # ifdef HAVE_STDLIB_H
| #  include <stdlib.h>
| # endif
| #endif
| #ifdef HAVE_STRING_H
| # if !defined STDC_HEADERS && defined HAVE_MEMORY_H
| #  include <memory.h>
| # endif
| # include <string.h>
| #endif
| #ifdef HAVE_STRINGS_H
| # include <strings.h>
| #endif
| #ifdef HAVE_INTTYPES_H
| # include <inttypes.h>
| #endif
| #ifdef HAVE_STDINT_H
| # include <stdint.h>
| #endif
| #ifdef HAVE_UNISTD_H
| # include <unistd.h>
| #endif
| int
| main ()
| {
| if (sizeof ((pid_t)))
| 	    return 0;
|   ;
|   return 0;
| }
configure:4907: result: yes
configure:4918: checking for ssize_t
configure:4918: gcc -c -g -O2 -Wall  -D_GNU_SOURCE conftest.c >&5
configure:4918: $? = 0
configure:4918: gcc -c -g -O2 -Wall  -D_GNU_SOURCE conftest.c >&5
conftest.c: In function 'main':
conftest.c:70:22: error: expected expression before ')' token
   70 | if (sizeof ((ssize_t)))
      |                      ^
configure:4918: $? = 1
configure: failed program was:
| /* confdefs.h */
| #define PACKAGE_NAME ""
| #define PACKAGE_TARNAME ""
| #define PACKAGE_VERSION ""
| #define PACKAGE_STRING ""
| #define PACKAGE_BUGREPORT ""
| #define PACKAGE_URL ""
| #define PACKAGE "xsane"
| #define VERSION "0.999"
| #define XSANE_PACKAGE_VERSION "xsane-0.999"
| #define STDC_HEADERS 1
| #define HAVE_SYS_TYPES_H 1
| #define HAVE_SYS_STAT_H 1
| #define HAVE_STDLIB_H 1
| #define HAVE_STRING_H 1
| #define HAVE_MEMORY_H 1
| #define HAVE_STRINGS_H 1
| #define HAVE_INTTYPES_H 1
| #define HAVE_STDINT_H 1
| #define HAVE_UNISTD_H 1
| #define __EXTENSIONS__ 1
| #define _ALL_SOURCE 1
| #define _GNU_SOURCE 1
| #define _POSIX_PTHREAD_SEMANTICS 1
| #define _TANDEM_SOURCE 1
| #define STDC_HEADERS 1
| #define HAVE_FCNTL_H 1
| #define HAVE_UNISTD_H 1
| #define HAVE_SYS_TIME_H 1
| #define HAVE_SYS_TYPES_H 1
| #define HAVE_ZLIB_H 1
| #define RETSIGTYPE void
| /* end confdefs.h.  */
| #include <stdio.h>
| #ifdef HAVE_SYS_TYPES_H
| # include <sys/types.h>
| #endif
| #ifdef HAVE_SYS_STAT_H
| # include <sys/stat.h>
| #endif
| #ifdef STDC_HEADERS
| # include <stdlib.h>
| # include <stddef.h>
| #else
| # ifdef HAVE_STDLIB_H
| #  include <stdlib.h>
| # endif
| #endif
| #ifdef HAVE_STRING_H
| # if !defined STDC_HEADERS && defined HAVE_MEMORY_H
| #  include <memory.h>
| # endif
| # include <string.h>
| #endif
| #ifdef HAVE_STRINGS_H
| # include <strings.h>
| #endif
| #ifdef HAVE_INTTYPES_H
| # include <inttypes.h>
| #endif
| #ifdef HAVE_STDINT_H
| # include <stdint.h>
| #endif
| #ifdef HAVE_UNISTD_H
| # include <unistd.h>
| #endif
| int
| main ()
| {
| if (sizeof ((ssize_t)))
| 	    return 0;
|   ;
|   return 0;
| }
configure:4918: result: yes
configure:4929: checking for u_char
configure:4929: gcc -c -g -O2 -Wall  -D_GNU_SOURCE conftest.c >&5
configure:4929: $? = 0
configure:4929: gcc -c -g -O2 -Wall  -D_GNU_SOURCE conftest.c >&5
conftest.c: In function 'main':
conftest.c:70:21: error: expected expression before ')' token
   70 | if (sizeof ((u_char)))
      |                     ^
configure:4929: $? = 1
configure: failed program was:
| /* confdefs.h */
| #define PACKAGE_NAME ""
| #define PACKAGE_TARNAME ""
| #define PACKAGE_VERSION ""
| #define PACKAGE_STRING ""
| #define PACKAGE_BUGREPORT ""
| #define PACKAGE_URL ""
| #define PACKAGE "xsane"
| #define VERSION "0.999"
| #define XSANE_PACKAGE_VERSION "xsane-0.999"
| #define STDC_HEADERS 1
| #define HAVE_SYS_TYPES_H 1
| #define HAVE_SYS_STAT_H 1
| #define HAVE_STDLIB_H 1
| #define HAVE_STRING_H 1
| #define HAVE_MEMORY_H 1
| #define HAVE_STRINGS_H 1
| #define HAVE_INTTYPES_H 1
| #define HAVE_STDINT_H 1
| #define HAVE_UNISTD_H 1
| #define __EXTENSIONS__ 1
| #define _ALL_SOURCE 1
| #define _GNU_SOURCE 1
| #define _POSIX_PTHREAD_SEMANTICS 1
| #define _TANDEM_SOURCE 1
| #define STDC_HEADERS 1
| #define HAVE_FCNTL_H 1
| #define HAVE_UNISTD_H 1
| #define HAVE_SYS_TIME_H 1
| #define HAVE_SYS_TYPES_H 1
| #define HAVE_ZLIB_H 1
| #define RETSIGTYPE void
| /* end confdefs.h.  */
| #include <stdio.h>
| #ifdef HAVE_SYS_TYPES_H
| # include <sys/types.h>
| #endif
| #ifdef HAVE_SYS_STAT_H
| # include <sys/stat.h>
| #endif
| #ifdef STDC_HEADERS
| # include <stdlib.h>
| # include <stddef.h>
| #else
| # ifdef HAVE_STDLIB_H
| #  include <stdlib.h>
| # endif
| #endif
| #ifdef HAVE_STRING_H
| # if !defined STDC_HEADERS && defined HAVE_MEMORY_H
| #  include <memory.h>
| # endif
| # include <string.h>
| #endif
| #ifdef HAVE_STRINGS_H
| # include <strings.h>
| #endif
| #ifdef HAVE_INTTYPES_H
| # include <inttypes.h>
| #endif
| #ifdef HAVE_STDINT_H
| # include <stdint.h>
| #endif
| #ifdef HAVE_UNISTD_H
| # include <unistd.h>
| #endif
| int
| main ()
| {
| if (sizeof ((u_char)))
| 	    return 0;
|   ;
|   return 0;
| }
configure:4929: result: yes
configure:4940: checking for u_int
configure:4940: gcc -c -g -O2 -Wall  -D_GNU_SOURCE conftest.c >&5
configure:4940: $? = 0
configure:4940: gcc -c -g -O2 -Wall  -D_GNU_SOURCE conftest.c >&5
conftest.c: In function 'main':
conftest.c:70:20: error: expected expression before ')' token
   70 | if (sizeof ((u_int)))
      |                    ^
configure:4940: $? = 1
configure: failed program was:
| /* confdefs.h */
| #define PACKAGE_NAME ""
| #define PACKAGE_TARNAME ""
| #define PACKAGE_VERSION ""
| #define PACKAGE_STRING ""
| #define PACKAGE_BUGREPORT ""
| #define PACKAGE_URL ""
| #define PACKAGE "xsane"
| #define VERSION "0.999"
| #define XSANE_PACKAGE_VERSION "xsane-0.999"
| #define STDC_HEADERS 1
| #define HAVE_SYS_TYPES_H 1
| #define HAVE_SYS_STAT_H 1
| #define HAVE_STDLIB_H 1
| #define HAVE_STRING_H 1
| #define HAVE_MEMORY_H 1
| #define HAVE_STRINGS_H 1
| #define HAVE_INTTYPES_H 1
| #define HAVE_STDINT_H 1
| #define HAVE_UNISTD_H 1
| #define __EXTENSIONS__ 1
| #define _ALL_SOURCE 1
| #define _GNU_SOURCE 1
| #define _POSIX_PTHREAD_SEMANTICS 1
| #define _TANDEM_SOURCE 1
| #define STDC_HEADERS 1
| #define HAVE_FCNTL_H 1
| #define HAVE_UNISTD_H 1
| #define HAVE_SYS_TIME_H 1
| #define HAVE_SYS_TYPES_H 1
| #define HAVE_ZLIB_H 1
| #define RETSIGTYPE void
| /* end confdefs.h.  */
| #include <stdio.h>
| #ifdef HAVE_SYS_TYPES_H
| # include <sys/types.h>
| #endif
| #ifdef HAVE_SYS_STAT_H
| # include <sys/stat.h>
| #endif
| #ifdef STDC_HEADERS
| # include <stdlib.h>
| # include <stddef.h>
| #else
| # ifdef HAVE_STDLIB_H
| #  include <stdlib.h>
| # endif
| #endif
| #ifdef HAVE_STRING_H
| # if !defined STDC_HEADERS && defined HAVE_MEMORY_H
| #  include <memory.h>
| # endif
| # include <string.h>
| #endif
| #ifdef HAVE_STRINGS_H
| # include <strings.h>
| #endif
| #ifdef HAVE_INTTYPES_H
| # include <inttypes.h>
| #endif
| #ifdef HAVE_STDINT_H
| # include <stdint.h>
| #endif
| #ifdef HAVE_UNISTD_H
| # include <unistd.h>
| #endif
| int
| main ()
| {
| if (sizeof ((u_int)))
| 	    return 0;
|   ;
|   return 0;
| }
configure:4940: result: yes
configure:4951: checking for u_long
configure:4951: gcc -c -g -O2 -Wall  -D_GNU_SOURCE conftest.c >&5
configure:4951: $? = 0
configure:4951: gcc -c -g -O2 -Wall  -D_GNU_SOURCE conftest.c >&5
conftest.c: In function 'main':
conftest.c:70:21: error: expected expression before ')' token
   70 | if (sizeof ((u_long)))
      |                     ^
configure:4951: $? = 1
configure: failed program was:
| /* confdefs.h */
| #define PACKAGE_NAME ""
| #define PACKAGE_TARNAME ""
| #define PACKAGE_VERSION ""
| #define PACKAGE_STRING ""
| #define PACKAGE_BUGREPORT ""
| #define PACKAGE_URL ""
| #define PACKAGE "xsane"
| #define VERSION "0.999"
| #define XSANE_PACKAGE_VERSION "xsane-0.999"
| #define STDC_HEADERS 1
| #define HAVE_SYS_TYPES_H 1
| #define HAVE_SYS_STAT_H 1
| #define HAVE_STDLIB_H 1
| #define HAVE_STRING_H 1
| #define HAVE_MEMORY_H 1
| #define HAVE_STRINGS_H 1
| #define HAVE_INTTYPES_H 1
| #define HAVE_STDINT_H 1
| #define HAVE_UNISTD_H 1
| #define __EXTENSIONS__ 1
| #define _ALL_SOURCE 1
| #define _GNU_SOURCE 1
| #define _POSIX_PTHREAD_SEMANTICS 1
| #define _TANDEM_SOURCE 1
| #define STDC_HEADERS 1
| #define HAVE_FCNTL_H 1
| #define HAVE_UNISTD_H 1
| #define HAVE_SYS_TIME_H 1
| #define HAVE_SYS_TYPES_H 1
| #define HAVE_ZLIB_H 1
| #define RETSIGTYPE void
| /* end confdefs.h.  */
| #include <stdio.h>
| #ifdef HAVE_SYS_TYPES_H
| # include <sys/types.h>
| #endif
| #ifdef HAVE_SYS_STAT_H
| # include <sys/stat.h>
| #endif
| #ifdef STDC_HEADERS
| # include <stdlib.h>
| # include <stddef.h>
| #else
| # ifdef HAVE_STDLIB_H
| #  include <stdlib.h>
| # endif
| #endif
| #ifdef HAVE_STRING_H
| # if !defined STDC_HEADERS && defined HAVE_MEMORY_H
| #  include <memory.h>
| # endif
| # include <string.h>
| #endif
| #ifdef HAVE_STRINGS_H
| # include <strings.h>
| #endif
| #ifdef HAVE_INTTYPES_H
| # include <inttypes.h>
| #endif
| #ifdef HAVE_STDINT_H
| # include <stdint.h>
| #endif
| #ifdef HAVE_UNISTD_H
| # include <unistd.h>
| #endif
| int
| main ()
| {
| if (sizeof ((u_long)))
| 	    return 0;
|   ;
|   return 0;
| }
configure:4951: result: yes
configure:4963: checking for sqrt in -lm
configure:4988: gcc -o conftest -g -O2 -Wall  -D_GNU_SOURCE  conftest.c -lm   >&5
conftest.c:41:6: warning: conflicting types for built-in function 'sqrt'; expected 'double(double)' [-Wbuiltin-declaration-mismatch]
   41 | char sqrt ();
      |      ^~~~
conftest.c:1:1: note: 'sqrt' is declared in header '<math.h>'
    1 | /* confdefs.h */
configure:4988: $? = 0
configure:4997: result: yes
configure:5008: checking for deflateInit_ in -lz
configure:5033: gcc -o conftest -g -O2 -Wall  -D_GNU_SOURCE  conftest.c -lz  -lm  >&5
configure:5033: $? = 0
configure:5042: result: yes
configure:5055: checking for jpeg_start_decompress in -ljpeg
configure:5080: gcc -o conftest -g -O2 -Wall  -D_GNU_SOURCE  conftest.c -ljpeg  -lz -lm  >&5
configure:5080: $? = 0
configure:5089: result: yes
configure:5104: checking for TIFFOpen in -ltiff
configure:5129: gcc -o conftest -g -O2 -Wall  -D_GNU_SOURCE  conftest.c -ltiff  -ljpeg -lz -lm  >&5
configure:5129: $? = 0
configure:5138: result: yes
configure:5152: checking for library containing cmsOpenProfileFromFile
configure:5183: gcc -o conftest -g -O2 -Wall  -D_GNU_SOURCE  conftest.c -ltiff -ljpeg -lz -lm  >&5
/usr/bin/ld: /tmp/ccbM9QNL.o: in function `main':
/root/oss-experiment/data/xsane-0.999/conftest.c:49: undefined reference to `cmsOpenProfileFromFile'
collect2: error: ld returned 1 exit status
configure:5183: $? = 1
configure: failed program was:
| /* confdefs.h */
| #define PACKAGE_NAME ""
| #define PACKAGE_TARNAME ""
| #define PACKAGE_VERSION ""
| #define PACKAGE_STRING ""
| #define PACKAGE_BUGREPORT ""
| #define PACKAGE_URL ""
| #define PACKAGE "xsane"
| #define VERSION "0.999"
| #define XSANE_PACKAGE_VERSION "xsane-0.999"
| #define STDC_HEADERS 1
| #define HAVE_SYS_TYPES_H 1
| #define HAVE_SYS_STAT_H 1
| #define HAVE_STDLIB_H 1
| #define HAVE_STRING_H 1
| #define HAVE_MEMORY_H 1
| #define HAVE_STRINGS_H 1
| #define HAVE_INTTYPES_H 1
| #define HAVE_STDINT_H 1
| #define HAVE_UNISTD_H 1
| #define __EXTENSIONS__ 1
| #define _ALL_SOURCE 1
| #define _GNU_SOURCE 1
| #define _POSIX_PTHREAD_SEMANTICS 1
| #define _TANDEM_SOURCE 1
| #define STDC_HEADERS 1
| #define HAVE_FCNTL_H 1
| #define HAVE_UNISTD_H 1
| #define HAVE_SYS_TIME_H 1
| #define HAVE_SYS_TYPES_H 1
| #define HAVE_ZLIB_H 1
| #define RETSIGTYPE void
| #define HAVE_LIBM 1
| #define HAVE_LIBZ 1
| #define HAVE_LIBJPEG 1
| #define HAVE_LIBTIFF 1
| /* end confdefs.h.  */
| 
| /* Override any GCC internal prototype to avoid an error.
|    Use char because int might match the return type of a GCC
|    builtin and then its argument prototype would still apply.  */
| #ifdef __cplusplus
| extern "C"
| #endif
| char cmsOpenProfileFromFile ();
| int
| main ()
| {
| return cmsOpenProfileFromFile ();
|   ;
|   return 0;
| }
configure:5183: gcc -o conftest -g -O2 -Wall  -D_GNU_SOURCE  conftest.c -llcms2  -ltiff -ljpeg -lz -lm  >&5
configure:5183: $? = 0
configure:5200: result: -llcms2
configure:5228: checking for working alloca.h
configure:5245: gcc -o conftest -g -O2 -Wall  -D_GNU_SOURCE  conftest.c -llcms2 -ltiff -ljpeg -lz -lm  >&5
configure:5245: $? = 0
configure:5253: result: yes
configure:5261: checking for alloca
configure:5298: gcc -o conftest -g -O2 -Wall  -D_GNU_SOURCE  conftest.c -llcms2 -ltiff -ljpeg -lz -lm  >&5
configure:5298: $? = 0
configure:5306: result: yes
configure:5418: checking for stdlib.h
configure:5418: result: yes
configure:5418: checking for unistd.h
configure:5418: result: yes
configure:5418: checking for sys/param.h
configure:5418: gcc -c -g -O2 -Wall  -D_GNU_SOURCE conftest.c >&5
configure:5418: $? = 0
configure:5418: result: yes
configure:5438: checking for getpagesize
configure:5438: gcc -o conftest -g -O2 -Wall  -D_GNU_SOURCE  conftest.c -llcms2 -ltiff -ljpeg -lz -lm  >&5
configure:5438: $? = 0
configure:5438: result: yes
configure:5447: checking for working mmap
configure:5594: gcc -o conftest -g -O2 -Wall  -D_GNU_SOURCE  conftest.c -llcms2 -ltiff -ljpeg -lz -lm  >&5
configure:5594: $? = 0
configure:5594: ./conftest
configure:5594: $? = 0
configure:5604: result: yes
configure:5616: checking for atexit
configure:5616: gcc -o conftest -g -O2 -Wall  -D_GNU_SOURCE  conftest.c -llcms2 -ltiff -ljpeg -lz -lm  >&5
configure:5616: $? = 0
configure:5616: result: yes
configure:5616: checking for mkdir
configure:5616: gcc -o conftest -g -O2 -Wall  -D_GNU_SOURCE  conftest.c -llcms2 -ltiff -ljpeg -lz -lm  >&5
configure:5616: $? = 0
configure:5616: result: yes
configure:5616: checking for sigprocmask
configure:5616: gcc -o conftest -g -O2 -Wall  -D_GNU_SOURCE  conftest.c -llcms2 -ltiff -ljpeg -lz -lm  >&5
configure:5616: $? = 0
configure:5616: result: yes
configure:5616: checking for strdup
configure:5616: gcc -o conftest -g -O2 -Wall  -D_GNU_SOURCE  conftest.c -llcms2 -ltiff -ljpeg -lz -lm  >&5
conftest.c:73:6: warning: conflicting types for built-in function 'strdup'; expected 'char *(const char *)' [-Wbuiltin-declaration-mismatch]
   73 | char strdup ();
      |      ^~~~~~
configure:5616: $? = 0
configure:5616: result: yes
configure:5616: checking for strndup
configure:5616: gcc -o conftest -g -O2 -Wall  -D_GNU_SOURCE  conftest.c -llcms2 -ltiff -ljpeg -lz -lm  >&5
conftest.c:74:6: warning: conflicting types for built-in function 'strndup'; expected 'char *(const char *, long unsigned int)' [-Wbuiltin-declaration-mismatch]
   74 | char strndup ();
      |      ^~~~~~~
configure:5616: $? = 0
configure:5616: result: yes
configure:5616: checking for strftime
configure:5616: gcc -o conftest -g -O2 -Wall  -D_GNU_SOURCE  conftest.c -llcms2 -ltiff -ljpeg -lz -lm  >&5
conftest.c:75:6: warning: conflicting types for built-in function 'strftime'; expected 'long unsigned int(char *, long unsigned int,  const char *, const void *)' [-Wbuiltin-declaration-mismatch]
   75 | char strftime ();
      |      ^~~~~~~~
conftest.c:63:1: note: 'strftime' is declared in header '<time.h>'
   62 | # include <limits.h>
   63 | #else
configure:5616: $? = 0
configure:5616: result: yes
configure:5616: checking for strstr
configure:5616: gcc -o conftest -g -O2 -Wall  -D_GNU_SOURCE  conftest.c -llcms2 -ltiff -ljpeg -lz -lm  >&5
conftest.c:76:6: warning: conflicting types for built-in function 'strstr'; expected 'char *(const char *, const char *)' [-Wbuiltin-declaration-mismatch]
   76 | char strstr ();
      |      ^~~~~~
conftest.c:64:1: note: 'strstr' is declared in header '<string.h>'
   63 | # include <limits.h>
   64 | #else
configure:5616: $? = 0
configure:5616: result: yes
configure:5616: checking for strsep
configure:5616: gcc -o conftest -g -O2 -Wall  -D_GNU_SOURCE  conftest.c -llcms2 -ltiff -ljpeg -lz -lm  >&5
configure:5616: $? = 0
configure:5616: result: yes
configure:5616: checking for strtod
configure:5616: gcc -o conftest -g -O2 -Wall  -D_GNU_SOURCE  conftest.c -llcms2 -ltiff -ljpeg -lz -lm  >&5
configure:5616: $? = 0
configure:5616: result: yes
configure:5616: checking for snprintf
configure:5616: gcc -o conftest -g -O2 -Wall  -D_GNU_SOURCE  conftest.c -llcms2 -ltiff -ljpeg -lz -lm  >&5
conftest.c:79:6: warning: conflicting types for built-in function 'snprintf'; expected 'int(char *, long unsigned int,  const char *, ...)' [-Wbuiltin-declaration-mismatch]
   79 | char snprintf ();
      |      ^~~~~~~~
conftest.c:67:1: note: 'snprintf' is declared in header '<stdio.h>'
   66 | # include <limits.h>
   67 | #else
configure:5616: $? = 0
configure:5616: result: yes
configure:5616: checking for usleep
configure:5616: gcc -o conftest -g -O2 -Wall  -D_GNU_SOURCE  conftest.c -llcms2 -ltiff -ljpeg -lz -lm  >&5
configure:5616: $? = 0
configure:5616: result: yes
configure:5616: checking for strcasecmp
configure:5616: gcc -o conftest -g -O2 -Wall  -D_GNU_SOURCE  conftest.c -llcms2 -ltiff -ljpeg -lz -lm  >&5
conftest.c:81:6: warning: conflicting types for built-in function 'strcasecmp'; expected 'int(const char *, const char *)' [-Wbuiltin-declaration-mismatch]
   81 | char strcasecmp ();
      |      ^~~~~~~~~~
configure:5616: $? = 0
configure:5616: result: yes
configure:5616: checking for strncasecmp
configure:5616: gcc -o conftest -g -O2 -Wall  -D_GNU_SOURCE  conftest.c -llcms2 -ltiff -ljpeg -lz -lm  >&5
conftest.c:82:6: warning: conflicting types for built-in function 'strncasecmp'; expected 'int(const char *, const char *, long unsigned int)' [-Wbuiltin-declaration-mismatch]
   82 | char strncasecmp ();
      |      ^~~~~~~~~~~
configure:5616: $? = 0
configure:5616: result: yes
configure:5616: checking for lstat
configure:5616: gcc -o conftest -g -O2 -Wall  -D_GNU_SOURCE  conftest.c -llcms2 -ltiff -ljpeg -lz -lm  >&5
configure:5616: $? = 0
configure:5616: result: yes
configure:5669: checking for ranlib
configure:5685: found /usr/bin/ranlib
configure:5696: result: ranlib
configure:5718: checking for off_t
configure:5718: gcc -c -g -O2 -Wall  -D_GNU_SOURCE conftest.c >&5
configure:5718: $? = 0
configure:5718: gcc -c -g -O2 -Wall  -D_GNU_SOURCE conftest.c >&5
conftest.c: In function 'main':
conftest.c:97:20: error: expected expression before ')' token
   97 | if (sizeof ((off_t)))
      |                    ^
configure:5718: $? = 1
configure: failed program was:
| /* confdefs.h */
| #define PACKAGE_NAME ""
| #define PACKAGE_TARNAME ""
| #define PACKAGE_VERSION ""
| #define PACKAGE_STRING ""
| #define PACKAGE_BUGREPORT ""
| #define PACKAGE_URL ""
| #define PACKAGE "xsane"
| #define VERSION "0.999"
| #define XSANE_PACKAGE_VERSION "xsane-0.999"
| #define STDC_HEADERS 1
| #define HAVE_SYS_TYPES_H 1
| #define HAVE_SYS_STAT_H 1
| #define HAVE_STDLIB_H 1
| #define HAVE_STRING_H 1
| #define HAVE_MEMORY_H 1
| #define HAVE_STRINGS_H 1
| #define HAVE_INTTYPES_H 1
| #define HAVE_STDINT_H 1
| #define HAVE_UNISTD_H 1
| #define __EXTENSIONS__ 1
| #define _ALL_SOURCE 1
| #define _GNU_SOURCE 1
| #define _POSIX_PTHREAD_SEMANTICS 1
| #define _TANDEM_SOURCE 1
| #define STDC_HEADERS 1
| #define HAVE_FCNTL_H 1
| #define HAVE_UNISTD_H 1
| #define HAVE_SYS_TIME_H 1
| #define HAVE_SYS_TYPES_H 1
| #define HAVE_ZLIB_H 1
| #define RETSIGTYPE void
| #define HAVE_LIBM 1
| #define HAVE_LIBZ 1
| #define HAVE_LIBJPEG 1
| #define HAVE_LIBTIFF 1
| #define HAVE_LIBLCMS 1
| #define HAVE_LIBLCMS2 1
| #define HAVE_ALLOCA_H 1
| #define HAVE_ALLOCA 1
| #define HAVE_STDLIB_H 1
| #define HAVE_UNISTD_H 1
| #define HAVE_SYS_PARAM_H 1
| #define HAVE_GETPAGESIZE 1
| #define HAVE_MMAP 1
| #define HAVE_ATEXIT 1
| #define HAVE_MKDIR 1
| #define HAVE_SIGPROCMASK 1
| #define HAVE_STRDUP 1
| #define HAVE_STRNDUP 1
| #define HAVE_STRFTIME 1
| #define HAVE_STRSTR 1
| #define HAVE_STRSEP 1
| #define HAVE_STRTOD 1
| #define HAVE_SNPRINTF 1
| #define HAVE_USLEEP 1
| #define HAVE_STRCASECMP 1
| #define HAVE_STRNCASECMP 1
| #define HAVE_LSTAT 1
| /* end confdefs.h.  */
| #include <stdio.h>
| #ifdef HAVE_SYS_TYPES_H
| # include <sys/types.h>
| #endif
| #ifdef HAVE_SYS_STAT_H
| # include <sys/stat.h>
| #endif
| #ifdef STDC_HEADERS
| # include <stdlib.h>
| # include <stddef.h>
| #else
| # ifdef HAVE_STDLIB_H
| #  include <stdlib.h>
| # endif
| #endif
| #ifdef HAVE_STRING_H
| # if !defined STDC_HEADERS && defined HAVE_MEMORY_H
| #  include <memory.h>
| # endif
| # include <string.h>
| #endif
| #ifdef HAVE_STRINGS_H
| # include <strings.h>
| #endif
| #ifdef HAVE_INTTYPES_H
| # include <inttypes.h>
| #endif
| #ifdef HAVE_STDINT_H
| # include <stdint.h>
| #endif
| #ifdef HAVE_UNISTD_H
| # include <unistd.h>
| #endif
| int
| main ()
| {
| if (sizeof ((off_t)))
| 	    return 0;
|   ;
|   return 0;
| }
configure:5718: result: yes
configure:5734: checking argz.h usability
configure:5734: gcc -c -g -O2 -Wall  -D_GNU_SOURCE conftest.c >&5
configure:5734: $? = 0
configure:5734: result: yes
configure:5734: checking argz.h presence
configure:5734: gcc -E  -D_GNU_SOURCE conftest.c
configure:5734: $? = 0
configure:5734: result: yes
configure:5734: checking for argz.h
configure:5734: result: yes
configure:5734: checking limits.h usability
configure:5734: gcc -c -g -O2 -Wall  -D_GNU_SOURCE conftest.c >&5
configure:5734: $? = 0
configure:5734: result: yes
configure:5734: checking limits.h presence
configure:5734: gcc -E  -D_GNU_SOURCE conftest.c
configure:5734: $? = 0
configure:5734: result: yes
configure:5734: checking for limits.h
configure:5734: result: yes
configure:5734: checking locale.h usability
configure:5734: gcc -c -g -O2 -Wall  -D_GNU_SOURCE conftest.c >&5
configure:5734: $? = 0
configure:5734: result: yes
configure:5734: checking locale.h presence
configure:5734: gcc -E  -D_GNU_SOURCE conftest.c
configure:5734: $? = 0
configure:5734: result: yes
configure:5734: checking for locale.h
configure:5734: result: yes
configure:5734: checking nl_types.h usability
configure:5734: gcc -c -g -O2 -Wall  -D_GNU_SOURCE conftest.c >&5
configure:5734: $? = 0
configure:5734: result: yes
configure:5734: checking nl_types.h presence
configure:5734: gcc -E  -D_GNU_SOURCE conftest.c
configure:5734: $? = 0
configure:5734: result: yes
configure:5734: checking for nl_types.h
configure:5734: result: yes
configure:5734: checking malloc.h usability
configure:5734: gcc -c -g -O2 -Wall  -D_GNU_SOURCE conftest.c >&5
configure:5734: $? = 0
configure:5734: result: yes
configure:5734: checking malloc.h presence
configure:5734: gcc -E  -D_GNU_SOURCE conftest.c
configure:5734: $? = 0
configure:5734: result: yes
configure:5734: checking for malloc.h
configure:5734: result: yes
configure:5734: checking for string.h
configure:5734: result: yes
configure:5734: checking for unistd.h
configure:5734: result: yes
configure:5734: checking values.h usability
configure:5734: gcc -c -g -O2 -Wall  -D_GNU_SOURCE conftest.c >&5
configure:5734: $? = 0
configure:5734: result: yes
configure:5734: checking values.h presence
configure:5734: gcc -E  -D_GNU_SOURCE conftest.c
configure:5734: $? = 0
configure:5734: result: yes
configure:5734: checking for values.h
configure:5734: result: yes
configure:5734: checking for sys/param.h
configure:5734: result: yes
configure:5748: checking for getcwd
configure:5748: gcc -o conftest -g -O2 -Wall  -D_GNU_SOURCE  conftest.c -llcms2 -ltiff -ljpeg -lz -lm  >&5
configure:5748: $? = 0
configure:5748: result: yes
configure:5748: checking for munmap
configure:5748: gcc -o conftest -g -O2 -Wall  -D_GNU_SOURCE  conftest.c -llcms2 -ltiff -ljpeg -lz -lm  >&5
configure:5748: $? = 0
configure:5748: result: yes
configure:5748: checking for putenv
configure:5748: gcc -o conftest -g -O2 -Wall  -D_GNU_SOURCE  conftest.c -llcms2 -ltiff -ljpeg -lz -lm  >&5
configure:5748: $? = 0
configure:5748: result: yes
configure:5748: checking for setenv
configure:5748: gcc -o conftest -g -O2 -Wall  -D_GNU_SOURCE  conftest.c -llcms2 -ltiff -ljpeg -lz -lm  >&5
configure:5748: $? = 0
configure:5748: result: yes
configure:5748: checking for setlocale
configure:5748: gcc -o conftest -g -O2 -Wall  -D_GNU_SOURCE  conftest.c -llcms2 -ltiff -ljpeg -lz -lm  >&5
configure:5748: $? = 0
configure:5748: result: yes
configure:5748: checking for strchr
configure:5748: gcc -o conftest -g -O2 -Wall  -D_GNU_SOURCE  conftest.c -llcms2 -ltiff -ljpeg -lz -lm  >&5
conftest.c:98:6: warning: conflicting types for built-in function 'strchr'; expected 'char *(const char *, int)' [-Wbuiltin-declaration-mismatch]
   98 | char strchr ();
      |      ^~~~~~
conftest.c:86:1: note: 'strchr' is declared in header '<string.h>'
   85 | # include <limits.h>
   86 | #else
configure:5748: $? = 0
configure:5748: result: yes
configure:5748: checking for strcasecmp
configure:5748: result: yes
configure:5748: checking for __argz_count
configure:5748: gcc -o conftest -g -O2 -Wall  -D_GNU_SOURCE  conftest.c -llcms2 -ltiff -ljpeg -lz -lm  >&5
configure:5748: $? = 0
configure:5748: result: yes
configure:5748: checking for __argz_stringify
configure:5748: gcc -o conftest -g -O2 -Wall  -D_GNU_SOURCE  conftest.c -llcms2 -ltiff -ljpeg -lz -lm  >&5
configure:5748: $? = 0
configure:5748: result: yes
configure:5748: checking for __argz_next
configure:5748: gcc -o conftest -g -O2 -Wall  -D_GNU_SOURCE  conftest.c -llcms2 -ltiff -ljpeg -lz -lm  >&5
configure:5748: $? = 0
configure:5748: result: yes
configure:5761: checking for stpcpy
configure:5761: gcc -o conftest -g -O2 -Wall  -D_GNU_SOURCE  conftest.c -llcms2 -ltiff -ljpeg -lz -lm  >&5
conftest.c:103:6: warning: conflicting types for built-in function 'stpcpy'; expected 'char *(char *, const char *)' [-Wbuiltin-declaration-mismatch]
  103 | char stpcpy ();
      |      ^~~~~~
configure:5761: $? = 0
configure:5761: result: yes
configure:5777: checking for LC_MESSAGES
configure:5793: gcc -o conftest -g -O2 -Wall  -D_GNU_SOURCE  conftest.c -llcms2 -ltiff -ljpeg -lz -lm  >&5
configure:5793: $? = 0
configure:5801: result: yes
configure:5808: checking whether NLS is requested
configure:5817: result: yes
configure:5826: checking whether included gettext is requested
configure:5836: result: no
configure:5845: checking libintl.h usability
configure:5845: gcc -c -g -O2 -Wall  -D_GNU_SOURCE conftest.c >&5
configure:5845: $? = 0
configure:5845: result: yes
configure:5845: checking libintl.h presence
configure:5845: gcc -E  -D_GNU_SOURCE conftest.c
configure:5845: $? = 0
configure:5845: result: yes
configure:5845: checking for libintl.h
configure:5845: result: yes
configure:5847: checking for gettext in libc
configure:5863: gcc -o conftest -g -O2 -Wall  -D_GNU_SOURCE  conftest.c -llcms2 -ltiff -ljpeg -lz -lm  >&5
conftest.c: In function 'main':
conftest.c:88:8: warning: cast from pointer to integer of different size [-Wpointer-to-int-cast]
   88 | return (int) gettext ("")
      |        ^
configure:5863: $? = 0
configure:5871: result: yes
configure:5952: checking for msgfmt
configure:5979: result: /usr/bin/msgfmt
configure:5988: checking for dcgettext
configure:5988: gcc -o conftest -g -O2 -Wall  -D_GNU_SOURCE  conftest.c -llcms2 -ltiff -ljpeg -lz -lm  >&5
conftest.c:108:6: warning: conflicting types for built-in function 'dcgettext'; expected 'char *(const char *, const char *, int)' [-Wbuiltin-declaration-mismatch]
  108 | char dcgettext ();
      |      ^~~~~~~~~
configure:5988: $? = 0
configure:5988: result: yes
configure:5999: checking for gmsgfmt
configure:6030: result: /usr/bin/msgfmt
configure:6040: checking for xgettext
configure:6067: result: /usr/bin/xgettext
configure:6086: gcc -o conftest -g -O2 -Wall  -D_GNU_SOURCE  conftest.c -llcms2 -ltiff -ljpeg -lz -lm  >&5
configure:6086: $? = 0
configure:6512: checking for catalogs to be installed
configure:6521: result:  ca cs da de es fi fr gl hu it ja nl pa pl pt pt_BR ro ru sk sl sr sv vi tr zh zh_CN
configure:6602: checking for sane-config
configure:6620: found /usr/bin/sane-config
configure:6633: result: /usr/bin/sane-config
configure:6642: checking for SANE - version >= 1.0.0
configure:6722: gcc -o conftest -g -O2 -Wall   -D_GNU_SOURCE   conftest.c -llcms2 -ltiff -ljpeg -lz -lm  -lsane >&5
conftest.c: In function 'main':
conftest.c:95:3: warning: implicit declaration of function 'system' [-Wimplicit-function-declaration]
   95 |   system ("touch conf.sanetest");
      |   ^~~~~~
conftest.c:99:6: warning: implicit declaration of function 'exit' [-Wimplicit-function-declaration]
   99 |      exit(1);
      |      ^~~~
conftest.c:89:1: note: include '<stdlib.h>' or provide a declaration of 'exit'
   88 | #include <stdio.h>
  +++ |+#include <stdlib.h>
   89 | 
conftest.c:99:6: warning: incompatible implicit declaration of built-in function 'exit' [-Wbuiltin-declaration-mismatch]
   99 |      exit(1);
      |      ^~~~
conftest.c:99:6: note: include '<stdlib.h>' or provide a declaration of 'exit'
configure:6722: $? = 0
configure:6722: ./conftest
configure:6722: $? = 0
configure:6737: result: yes
configure:6823: checking for pkg-config
configure:6841: found /usr/bin/pkg-config
configure:6854: result: /usr/bin/pkg-config
configure:6876: checking for GIMP - version >= 1.3.23
configure:6966: gcc -o conftest -g -O2 -Wall -pthread -I/usr/include/gimp-2.0 -I/usr/include/gegl-0.4 -I/usr/include/gio-unix-2.0 -I/usr/include/json-glib-1.0 -I/usr/include/babl-0.1 -I/usr/include/gtk-2.0 -I/usr/lib/x86_64-linux-gnu/gtk-2.0/include -I/usr/include/pango-1.0 -I/usr/include/atk-1.0 -I/usr/include/gdk-pixbuf-2.0 -I/usr/include/x86_64-linux-gnu -I/usr/include/pango-1.0 -I/usr/include/harfbuzz -I/usr/include/pango-1.0 -I/usr/include/libmount -I/usr/include/blkid -I/usr/include/fribidi -I/usr/include/cairo -I/usr/include/pixman-1 -I/usr/include/harfbuzz -I/usr/include/glib-2.0 -I/usr/lib/x86_64-linux-gnu/glib-2.0/include -I/usr/include/uuid -I/usr/include/freetype2 -I/usr/include/libpng16  -D_GNU_SOURCE  conftest.c -lgimpui-2.0 -lgimpwidgets-2.0 -lgimpmodule-2.0 -lgimp-2.0 -lgimpmath-2.0 -lgimpconfig-2.0 -lgimpcolor-2.0 -lgimpbase-2.0 -lgegl-0.4 -lgegl-npd-0.4 -lm -Wl,--export-dynamic -lgmodule-2.0 -pthread -ljson-glib-1.0 -lbabl-0.1 -lgtk-x11-2.0 -lgdk-x11-2.0 -lpangocairo-1.0 -latk-1.0 -lcairo -lgdk_pixbuf-2.0 -lgio-2.0 -lpangoft2-1.0 -lpango-1.0 -lgobject-2.0 -lglib-2.0 -lharfbuzz -lfontconfig -lfreetype -llcms2 -ltiff -ljpeg -lz -lm  >&5
conftest.c: In function 'main':
conftest.c:105:3: warning: ignoring return value of 'system' declared with attribute 'warn_unused_result' [-Wunused-result]
  105 |   system ("touch conf.gimptest");
      |   ^~~~~~~~~~~~~~~~~~~~~~~~~~~~~~
configure:6966: $? = 0
configure:6966: ./conftest
configure:6966: $? = 0
configure:6980: result: yes (version 2.10.30)
configure:8026: checking png.h usability
configure:8026: gcc -c -g -O2 -Wall  -D_GNU_SOURCE  conftest.c >&5
configure:8026: $? = 0
configure:8026: result: yes
configure:8026: checking png.h presence
configure:8026: gcc -E  -D_GNU_SOURCE  conftest.c
configure:8026: $? = 0
configure:8026: result: yes
configure:8026: checking for png.h
configure:8026: result: yes
configure:8031: checking for png_create_info_struct in -lpng
configure:8056: gcc -o conftest -g -O2 -Wall  -D_GNU_SOURCE   conftest.c -lpng  -llcms2 -ltiff -ljpeg -lz -lm  >&5
configure:8056: $? = 0
configure:8065: result: yes
configure:8239: creating ./config.status

## ---------------------- ##
## Running config.status. ##
## ---------------------- ##

This file was extended by config.status, which was
generated by GNU Autoconf 2.69.  Invocation command line was

  CONFIG_FILES    = 
  CONFIG_HEADERS  = 
  CONFIG_LINKS    = 
  CONFIG_COMMANDS = 
  $ ./config.status 

on faf737f6cdd7

config.status:949: creating Makefile
config.status:1052: WARNING:  'Makefile.in' seems to ignore the --datarootdir setting
config.status:949: creating intl/Makefile
config.status:1052: WARNING:  'intl/Makefile.in' seems to ignore the --datarootdir setting
config.status:949: creating po/Makefile
config.status:949: creating lib/Makefile
config.status:1052: WARNING:  'lib/Makefile.in' seems to ignore the --datarootdir setting
config.status:949: creating src/Makefile
config.status:1052: WARNING:  'src/Makefile.in' seems to ignore the --datarootdir setting
config.status:949: creating include/Makefile
config.status:949: creating doc/Makefile
config.status:1052: WARNING:  'doc/Makefile.in' seems to ignore the --datarootdir setting
config.status:949: creating xsane.spec
config.status:949: creating include/config.h

## ---------------- ##
## Cache variables. ##
## ---------------- ##

ac_cv_c_compiler_gnu=yes
ac_cv_c_const=yes
ac_cv_c_inline=inline
ac_cv_env_CC_set=
ac_cv_env_CC_value=
ac_cv_env_CFLAGS_set=
ac_cv_env_CFLAGS_value=
ac_cv_env_CPPFLAGS_set=
ac_cv_env_CPPFLAGS_value=
ac_cv_env_CPP_set=
ac_cv_env_CPP_value=
ac_cv_env_LDFLAGS_set=
ac_cv_env_LDFLAGS_value=
ac_cv_env_LIBS_set=
ac_cv_env_LIBS_value=
ac_cv_env_build_alias_set=
ac_cv_env_build_alias_value=
ac_cv_env_host_alias_set=
ac_cv_env_host_alias_value=
ac_cv_env_target_alias_set=
ac_cv_env_target_alias_value=
ac_cv_func___argz_count=yes
ac_cv_func___argz_next=yes
ac_cv_func___argz_stringify=yes
ac_cv_func_alloca_works=yes
ac_cv_func_atexit=yes
ac_cv_func_dcgettext=yes
ac_cv_func_getcwd=yes
ac_cv_func_getpagesize=yes
ac_cv_func_lstat=yes
ac_cv_func_mkdir=yes
ac_cv_func_mmap_fixed_mapped=yes
ac_cv_func_munmap=yes
ac_cv_func_putenv=yes
ac_cv_func_setenv=yes
ac_cv_func_setlocale=yes
ac_cv_func_sigprocmask=yes
ac_cv_func_snprintf=yes
ac_cv_func_stpcpy=yes
ac_cv_func_strcasecmp=yes
ac_cv_func_strchr=yes
ac_cv_func_strdup=yes
ac_cv_func_strftime=yes
ac_cv_func_strncasecmp=yes
ac_cv_func_strndup=yes
ac_cv_func_strsep=yes
ac_cv_func_strstr=yes
ac_cv_func_strtod=yes
ac_cv_func_usleep=yes
ac_cv_header_argz_h=yes
ac_cv_header_fcntl_h=yes
ac_cv_header_inttypes_h=yes
ac_cv_header_libc_h=no
ac_cv_header_libintl_h=yes
ac_cv_header_limits_h=yes
ac_cv_header_locale_h=yes
ac_cv_header_malloc_h=yes
ac_cv_header_memory_h=yes
ac_cv_header_minix_config_h=no
ac_cv_header_nl_types_h=yes
ac_cv_header_os2_h=no
ac_cv_header_png_h=yes
ac_cv_header_stdc=yes
ac_cv_header_stdint_h=yes
ac_cv_header_stdlib_h=yes
ac_cv_header_string_h=yes
ac_cv_header_strings_h=yes
ac_cv_header_sys_param_h=yes
ac_cv_header_sys_stat_h=yes
ac_cv_header_sys_time_h=yes
ac_cv_header_sys_types_h=yes
ac_cv_header_unistd_h=yes
ac_cv_header_values_h=yes
ac_cv_header_windows_h=no
ac_cv_header_zlib_h=yes
ac_cv_lib_jpeg_jpeg_start_decompress=yes
ac_cv_lib_m_sqrt=yes
ac_cv_lib_png_png_create_info_struct=yes
ac_cv_lib_tiff_TIFFOpen=yes
ac_cv_lib_z_deflateInit_=yes
ac_cv_objext=o
ac_cv_path_EGREP='/usr/bin/grep -E'
ac_cv_path_GMSGFMT=/usr/bin/msgfmt
ac_cv_path_GREP=/usr/bin/grep
ac_cv_path_MSGFMT=/usr/bin/msgfmt
ac_cv_path_PKG_CONFIG=/usr/bin/pkg-config
ac_cv_path_SANE_CONFIG=/usr/bin/sane-config
ac_cv_path_XGETTEXT=/usr/bin/xgettext
ac_cv_path_install='/usr/bin/install -c'
ac_cv_prog_CPP='gcc -E'
ac_cv_prog_ac_ct_CC=gcc
ac_cv_prog_ac_ct_RANLIB=ranlib
ac_cv_prog_cc_c89=
ac_cv_prog_cc_g=yes
ac_cv_prog_gcc_traditional=no
ac_cv_prog_make_make_set=yes
ac_cv_safe_to_define___extensions__=yes
ac_cv_search_cmsOpenProfileFromFile=-llcms2
ac_cv_search_strerror='none required'
ac_cv_type_off_t=yes
ac_cv_type_pid_t=yes
ac_cv_type_signal=void
ac_cv_type_size_t=yes
ac_cv_type_ssize_t=yes
ac_cv_type_u_char=yes
ac_cv_type_u_int=yes
ac_cv_type_u_long=yes
ac_cv_working_alloca_h=yes
am_cv_prog_cc_stdc=
am_cv_val_LC_MESSAGES=yes
gt_cv_func_gettext_libc=yes
nls_cv_force_use_gnu_gettext=no
nls_cv_header_intl=
nls_cv_header_libgt=
nls_cv_use_gnu_gettext=no

## ----------------- ##
## Output variables. ##
## ----------------- ##

ALLOCA=''
BINPROGS='xsane'
CATALOGS=' ca.gmo cs.gmo da.gmo de.gmo es.gmo fi.gmo fr.gmo gl.gmo hu.gmo it.gmo ja.gmo nl.gmo pa.gmo pl.gmo pt.gmo pt_BR.gmo ro.gmo ru.gmo sk.gmo sl.gmo sr.gmo sv.gmo vi.gmo tr.gmo zh.gmo zh_CN.gmo'
CATOBJEXT='.gmo'
CC='gcc'
CFLAGS='-g -O2 -Wall'
CPP='gcc -E'
CPPFLAGS=' -D_GNU_SOURCE 	  -DV_MAJOR=0 -DV_MINOR=999 -DSANE_V_MAJOR=1'
DATADIRNAME='share'
DEFS='-DHAVE_CONFIG_H'
DLL_PRELOAD=''
ECHO_C=''
ECHO_N='-n'
ECHO_T=''
EGREP='/usr/bin/grep -E'
EXEEXT=''
GENCAT=''
GIMP_CFLAGS='-pthread -I/usr/include/gimp-2.0 -I/usr/include/gegl-0.4 -I/usr/include/gio-unix-2.0 -I/usr/include/json-glib-1.0 -I/usr/include/babl-0.1 -I/usr/include/gtk-2.0 -I/usr/lib/x86_64-linux-gnu/gtk-2.0/include -I/usr/include/pango-1.0 -I/usr/include/atk-1.0 -I/usr/include/gdk-pixbuf-2.0 -I/usr/include/x86_64-linux-gnu -I/usr/include/pango-1.0 -I/usr/include/harfbuzz -I/usr/include/pango-1.0 -I/usr/include/libmount -I/usr/include/blkid -I/usr/include/fribidi -I/usr/include/cairo -I/usr/include/pixman-1 -I/usr/include/harfbuzz -I/usr/include/glib-2.0 -I/usr/lib/x86_64-linux-gnu/glib-2.0/include -I/usr/include/uuid -I/usr/include/freetype2 -I/usr/include/libpng16'
GIMP_CFLAGS_NOUI='-pthread -I/usr/include/gimp-2.0 -I/usr/include/gdk-pixbuf-2.0 -I/usr/include/x86_64-linux-gnu -I/usr/include/cairo -I/usr/include/pixman-1 -I/usr/include/uuid -I/usr/include/freetype2 -I/usr/include/libpng16 -I/usr/include/gegl-0.4 -I/usr/include/gio-unix-2.0 -I/usr/include/json-glib-1.0 -I/usr/include/libmount -I/usr/include/blkid -I/usr/include/glib-2.0 -I/usr/lib/x86_64-linux-gnu/glib-2.0/include -I/usr/include/babl-0.1'
GIMP_CONFIG=''
GIMP_DATA_DIR='/usr/share/gimp/2.0'
GIMP_LIBS='-lgimpui-2.0 -lgimpwidgets-2.0 -lgimpmodule-2.0 -lgimp-2.0 -lgimpmath-2.0 -lgimpconfig-2.0 -lgimpcolor-2.0 -lgimpbase-2.0 -lgegl-0.4 -lgegl-npd-0.4 -lm -Wl,--export-dynamic -lgmodule-2.0 -pthread -ljson-glib-1.0 -lbabl-0.1 -lgtk-x11-2.0 -lgdk-x11-2.0 -lpangocairo-1.0 -latk-1.0 -lcairo -lgdk_pixbuf-2.0 -lgio-2.0 -lpangoft2-1.0 -lpango-1.0 -lgobject-2.0 -lglib-2.0 -lharfbuzz -lfontconfig -lfreetype'
GIMP_LIBS_NOUI='-lgimp-2.0 -lgimpmath-2.0 -lgimpconfig-2.0 -lgimpcolor-2.0 -lgimpbase-2.0 -lgdk_pixbuf-2.0 -lcairo -lgegl-0.4 -lgegl-npd-0.4 -lm -Wl,--export-dynamic -lgmodule-2.0 -pthread -ljson-glib-1.0 -lgio-2.0 -lgobject-2.0 -lglib-2.0 -lbabl-0.1'
GIMP_PLUGIN_DIR='/usr/lib/gimp/2.0'
GIMP_TOOL=''
GMOFILES=' ca.gmo cs.gmo da.gmo de.gmo es.gmo fi.gmo fr.gmo gl.gmo hu.gmo it.gmo ja.gmo nl.gmo pa.gmo pl.gmo pt.gmo pt_BR.gmo ro.gmo ru.gmo sk.gmo sl.gmo sr.gmo sv.gmo vi.gmo tr.gmo zh.gmo zh_CN.gmo'
GMSGFMT='/usr/bin/msgfmt'
GREP='/usr/bin/grep'
GTK_CFLAGS=''
GTK_CONFIG=''
GTK_LIBS=''
GT_NO=''
GT_YES='#YES#'
INCLUDES=' -I/usr/local/include'
INCLUDE_LOCALE_H='#include <locale.h>'
INSTALL_DATA='${INSTALL} -m 644'
INSTALL_PROGRAM='${INSTALL}'
INSTALL_SCRIPT='${INSTALL}'
INSTOBJEXT='.mo'
INTLDEPS=''
INTLLIBS=''
INTLOBJS=''
INTLSUB=''
LDFLAGS=''
LIBOBJS=''
LIBS='-lpng -llcms2 -ltiff -ljpeg -lz -lm '
LTLIBOBJS=''
MKINSTALLDIRS='$(top_srcdir)/mkinstalldirs'
MSGFMT='/usr/bin/msgfmt'
OBJEXT='o'
PACKAGE='xsane'
PACKAGE_BUGREPORT=''
PACKAGE_NAME=''
PACKAGE_STRING=''
PACKAGE_TARNAME=''
PACKAGE_URL=''
PACKAGE_VERSION=''
PATH_SEPARATOR=':'
PKG_CONFIG='/usr/bin/pkg-config'
POFILES=' ca.po cs.po da.po de.po es.po fi.po fr.po gl.po hu.po it.po ja.po nl.po pa.po pl.po pt.po pt_BR.po ro.po ru.po sk.po sl.po sr.po sv.po vi.po tr.po zh.po zh_CN.po'
POSUB='po'
RANLIB='ranlib'
SANE_CFLAGS=''
SANE_CONFIG='/usr/bin/sane-config'
SANE_LDFLAGS=''
SANE_LIBS='-lsane'
SANE_MAJOR=''
SANE_PREFIX='/usr'
SET_MAKE=''
SHELL='/bin/bash'
USE_INCLUDED_LIBINTL='no'
USE_NLS='yes'
VERSION='0.999'
V_MAJOR='0'
V_MINOR='999'
XGETTEXT='/usr/bin/xgettext'
XSANE_ICON=''
XSANE_PACKAGE_VERSION='xsane-0.999'
ac_ct_CC='gcc'
bindir='${exec_prefix}/bin'
build_alias=''
datadir='${datarootdir}'
datarootdir='${prefix}/share'
docdir='${datarootdir}/doc/${PACKAGE}'
dvidir='${docdir}'
exec_prefix='${prefix}'
host_alias=''
htmldir='${docdir}'
includedir='${prefix}/include'
infodir='${datarootdir}/info'
l=''
libdir='${exec_prefix}/lib'
libexecdir='${exec_prefix}/libexec'
localedir='${datarootdir}/locale'
localstatedir='${prefix}/var'
mandir='${datarootdir}/man'
oldincludedir='/usr/include'
pdfdir='${docdir}'
prefix='/usr/local'
program_transform_name='s,x,x,'
psdir='${docdir}'
sbindir='${exec_prefix}/sbin'
sharedstatedir='${prefix}/com'
sysconfdir='${prefix}/etc'
target_alias=''

## ----------- ##
## confdefs.h. ##
## ----------- ##

/* confdefs.h */
#define PACKAGE_NAME ""
#define PACKAGE_TARNAME ""
#define PACKAGE_VERSION ""
#define PACKAGE_STRING ""
#define PACKAGE_BUGREPORT ""
#define PACKAGE_URL ""
#define PACKAGE "xsane"
#define VERSION "0.999"
#define XSANE_PACKAGE_VERSION "xsane-0.999"
#define STDC_HEADERS 1
#define HAVE_SYS_TYPES_H 1
#define HAVE_SYS_STAT_H 1
#define HAVE_STDLIB_H 1
#define HAVE_STRING_H 1
#define HAVE_MEMORY_H 1
#define HAVE_STRINGS_H 1
#define HAVE_INTTYPES_H 1
#define HAVE_STDINT_H 1
#define HAVE_UNISTD_H 1
#define __EXTENSIONS__ 1
#define _ALL_SOURCE 1
#define _GNU_SOURCE 1
#define _POSIX_PTHREAD_SEMANTICS 1
#define _TANDEM_SOURCE 1
#define STDC_HEADERS 1
#define HAVE_FCNTL_H 1
#define HAVE_UNISTD_H 1
#define HAVE_SYS_TIME_H 1
#define HAVE_SYS_TYPES_H 1
#define HAVE_ZLIB_H 1
#define RETSIGTYPE void
#define HAVE_LIBM 1
#define HAVE_LIBZ 1
#define HAVE_LIBJPEG 1
#define HAVE_LIBTIFF 1
#define HAVE_LIBLCMS 1
#define HAVE_LIBLCMS2 1
#define HAVE_ALLOCA_H 1
#define HAVE_ALLOCA 1
#define HAVE_STDLIB_H 1
#define HAVE_UNISTD_H 1
#define HAVE_SYS_PARAM_H 1
#define HAVE_GETPAGESIZE 1
#define HAVE_MMAP 1
#define HAVE_ATEXIT 1
#define HAVE_MKDIR 1
#define HAVE_SIGPROCMASK 1
#define HAVE_STRDUP 1
#define HAVE_STRNDUP 1
#define HAVE_STRFTIME 1
#define HAVE_STRSTR 1
#define HAVE_STRSEP 1
#define HAVE_STRTOD 1
#define HAVE_SNPRINTF 1
#define HAVE_USLEEP 1
#define HAVE_STRCASECMP 1
#define HAVE_STRNCASECMP 1
#define HAVE_LSTAT 1
#define HAVE_ARGZ_H 1
#define HAVE_LIMITS_H 1
#define HAVE_LOCALE_H 1
#define HAVE_NL_TYPES_H 1
#define HAVE_MALLOC_H 1
#define HAVE_STRING_H 1
#define HAVE_UNISTD_H 1
#define HAVE_VALUES_H 1
#define HAVE_SYS_PARAM_H 1
#define HAVE_GETCWD 1
#define HAVE_MUNMAP 1
#define HAVE_PUTENV 1
#define HAVE_SETENV 1
#define HAVE_SETLOCALE 1
#define HAVE_STRCHR 1
#define HAVE_STRCASECMP 1
#define HAVE___ARGZ_COUNT 1
#define HAVE___ARGZ_STRINGIFY 1
#define HAVE___ARGZ_NEXT 1
#define HAVE_STPCPY 1
#define HAVE_STPCPY 1
#define HAVE_LC_MESSAGES 1
#define ENABLE_NLS 1
#define HAVE_GETTEXT 1
#define HAVE_DCGETTEXT 1
#define HAVE_GIMP_2 1
#define HAVE_ANY_GIMP 1
#define HAVE_PNG_H 1
#define HAVE_LIBPNG 1

configure: exit 0
