Detecting C OpenMP failed with the following output:
Change Dir: /root/oss-experiment/data/darktable-3.8.1/tmp_out/CMakeFiles/CMakeTmp

Run Build Command(s):/usr/bin/gmake -f Makefile cmTC_ab9d9/fast && /usr/bin/gmake  -f CMakeFiles/cmTC_ab9d9.dir/build.make CMakeFiles/cmTC_ab9d9.dir/build
gmake[1]: Entering directory '/root/oss-experiment/data/darktable-3.8.1/tmp_out/CMakeFiles/CMakeTmp'
Building C object CMakeFiles/cmTC_ab9d9.dir/OpenMPTryFlag.c.o
/usr/bin/cc   -fopenmp-version=45 -fopenmp=libomp -v -fPIE -MD -MT CMakeFiles/cmTC_ab9d9.dir/OpenMPTryFlag.c.o -MF CMakeFiles/cmTC_ab9d9.dir/OpenMPTryFlag.c.o.d -o CMakeFiles/cmTC_ab9d9.dir/OpenMPTryFlag.c.o -c /root/oss-experiment/data/darktable-3.8.1/tmp_out/CMakeFiles/FindOpenMP/OpenMPTryFlag.c
Ubuntu clang version 13.0.1-2ubuntu2.2
Target: x86_64-pc-linux-gnu
Thread model: posix
InstalledDir: /usr/bin
Found candidate GCC installation: /usr/bin/../lib/gcc/x86_64-linux-gnu/11
Selected GCC installation: /usr/bin/../lib/gcc/x86_64-linux-gnu/11
Candidate multilib: .;@m64
Selected multilib: .;@m64
 (in-process)
 "/usr/lib/llvm-13/bin/clang" -cc1 -triple x86_64-pc-linux-gnu -emit-obj -mrelax-all --mrelax-relocations -disable-free -disable-llvm-verifier -discard-value-names -main-file-name OpenMPTryFlag.c -mrelocation-model pic -pic-level 2 -pic-is-pie -mframe-pointer=all -fmath-errno -fno-rounding-math -mconstructor-aliases -munwind-tables -target-cpu x86-64 -tune-cpu generic -debugger-tuning=gdb -v -fcoverage-compilation-dir=/root/oss-experiment/data/darktable-3.8.1/tmp_out/CMakeFiles/CMakeTmp -resource-dir /usr/lib/llvm-13/lib/clang/13.0.1 -dependency-file CMakeFiles/cmTC_ab9d9.dir/OpenMPTryFlag.c.o.d -MT CMakeFiles/cmTC_ab9d9.dir/OpenMPTryFlag.c.o -sys-header-deps -internal-isystem /usr/lib/llvm-13/lib/clang/13.0.1/include -internal-isystem /usr/local/include -internal-isystem /usr/bin/../lib/gcc/x86_64-linux-gnu/11/../../../../x86_64-linux-gnu/include -internal-externc-isystem /usr/include/x86_64-linux-gnu -internal-externc-isystem /include -internal-externc-isystem /usr/include -fdebug-compilation-dir=/root/oss-experiment/data/darktable-3.8.1/tmp_out/CMakeFiles/CMakeTmp -ferror-limit 19 -fopenmp -fopenmp-version=45 -fgnuc-version=4.2.1 -faddrsig -D__GCC_HAVE_DWARF2_CFI_ASM=1 -o CMakeFiles/cmTC_ab9d9.dir/OpenMPTryFlag.c.o -x c /root/oss-experiment/data/darktable-3.8.1/tmp_out/CMakeFiles/FindOpenMP/OpenMPTryFlag.c
clang -cc1 version 13.0.1 based upon LLVM 13.0.1 default target x86_64-pc-linux-gnu
ignoring nonexistent directory "/usr/bin/../lib/gcc/x86_64-linux-gnu/11/../../../../x86_64-linux-gnu/include"
ignoring nonexistent directory "/include"
#include "..." search starts here:
#include <...> search starts here:
 /usr/lib/llvm-13/lib/clang/13.0.1/include
 /usr/local/include
 /usr/include/x86_64-linux-gnu
 /usr/include
End of search list.
/root/oss-experiment/data/darktable-3.8.1/tmp_out/CMakeFiles/FindOpenMP/OpenMPTryFlag.c:2:10: fatal error: 'omp.h' file not found
#include <omp.h>
         ^~~~~~~
1 error generated.
gmake[1]: *** [CMakeFiles/cmTC_ab9d9.dir/build.make:79: CMakeFiles/cmTC_ab9d9.dir/OpenMPTryFlag.c.o] Error 1
gmake[1]: Leaving directory '/root/oss-experiment/data/darktable-3.8.1/tmp_out/CMakeFiles/CMakeTmp'
gmake: *** [Makefile:127: cmTC_ab9d9/fast] Error 2



Detecting C OpenMP failed with the following output:
Change Dir: /root/oss-experiment/data/darktable-3.8.1/tmp_out/CMakeFiles/CMakeTmp

Run Build Command(s):/usr/bin/gmake -f Makefile cmTC_5f099/fast && /usr/bin/gmake  -f CMakeFiles/cmTC_5f099.dir/build.make CMakeFiles/cmTC_5f099.dir/build
gmake[1]: Entering directory '/root/oss-experiment/data/darktable-3.8.1/tmp_out/CMakeFiles/CMakeTmp'
Building C object CMakeFiles/cmTC_5f099.dir/OpenMPTryFlag.c.o
/usr/bin/cc   -fopenmp-version=45 -fopenmp=libiomp5 -v -fPIE -MD -MT CMakeFiles/cmTC_5f099.dir/OpenMPTryFlag.c.o -MF CMakeFiles/cmTC_5f099.dir/OpenMPTryFlag.c.o.d -o CMakeFiles/cmTC_5f099.dir/OpenMPTryFlag.c.o -c /root/oss-experiment/data/darktable-3.8.1/tmp_out/CMakeFiles/FindOpenMP/OpenMPTryFlag.c
Ubuntu clang version 13.0.1-2ubuntu2.2
Target: x86_64-pc-linux-gnu
Thread model: posix
InstalledDir: /usr/bin
Found candidate GCC installation: /usr/bin/../lib/gcc/x86_64-linux-gnu/11
Selected GCC installation: /usr/bin/../lib/gcc/x86_64-linux-gnu/11
Candidate multilib: .;@m64
Selected multilib: .;@m64
 (in-process)
 "/usr/lib/llvm-13/bin/clang" -cc1 -triple x86_64-pc-linux-gnu -emit-obj -mrelax-all --mrelax-relocations -disable-free -disable-llvm-verifier -discard-value-names -main-file-name OpenMPTryFlag.c -mrelocation-model pic -pic-level 2 -pic-is-pie -mframe-pointer=all -fmath-errno -fno-rounding-math -mconstructor-aliases -munwind-tables -target-cpu x86-64 -tune-cpu generic -debugger-tuning=gdb -v -fcoverage-compilation-dir=/root/oss-experiment/data/darktable-3.8.1/tmp_out/CMakeFiles/CMakeTmp -resource-dir /usr/lib/llvm-13/lib/clang/13.0.1 -dependency-file CMakeFiles/cmTC_5f099.dir/OpenMPTryFlag.c.o.d -MT CMakeFiles/cmTC_5f099.dir/OpenMPTryFlag.c.o -sys-header-deps -internal-isystem /usr/lib/llvm-13/lib/clang/13.0.1/include -internal-isystem /usr/local/include -internal-isystem /usr/bin/../lib/gcc/x86_64-linux-gnu/11/../../../../x86_64-linux-gnu/include -internal-externc-isystem /usr/include/x86_64-linux-gnu -internal-externc-isystem /include -internal-externc-isystem /usr/include -fdebug-compilation-dir=/root/oss-experiment/data/darktable-3.8.1/tmp_out/CMakeFiles/CMakeTmp -ferror-limit 19 -fopenmp -fopenmp-version=45 -fgnuc-version=4.2.1 -faddrsig -D__GCC_HAVE_DWARF2_CFI_ASM=1 -o CMakeFiles/cmTC_5f099.dir/OpenMPTryFlag.c.o -x c /root/oss-experiment/data/darktable-3.8.1/tmp_out/CMakeFiles/FindOpenMP/OpenMPTryFlag.c
clang -cc1 version 13.0.1 based upon LLVM 13.0.1 default target x86_64-pc-linux-gnu
ignoring nonexistent directory "/usr/bin/../lib/gcc/x86_64-linux-gnu/11/../../../../x86_64-linux-gnu/include"
ignoring nonexistent directory "/include"
#include "..." search starts here:
#include <...> search starts here:
 /usr/lib/llvm-13/lib/clang/13.0.1/include
 /usr/local/include
 /usr/include/x86_64-linux-gnu
 /usr/include
End of search list.
/root/oss-experiment/data/darktable-3.8.1/tmp_out/CMakeFiles/FindOpenMP/OpenMPTryFlag.c:2:10: fatal error: 'omp.h' file not found
#include <omp.h>
         ^~~~~~~
1 error generated.
gmake[1]: *** [CMakeFiles/cmTC_5f099.dir/build.make:79: CMakeFiles/cmTC_5f099.dir/OpenMPTryFlag.c.o] Error 1
gmake[1]: Leaving directory '/root/oss-experiment/data/darktable-3.8.1/tmp_out/CMakeFiles/CMakeTmp'
gmake: *** [Makefile:127: cmTC_5f099/fast] Error 2



Detecting C OpenMP failed with the following output:
Change Dir: /root/oss-experiment/data/darktable-3.8.1/tmp_out/CMakeFiles/CMakeTmp

Run Build Command(s):/usr/bin/gmake -f Makefile cmTC_e1bf4/fast && /usr/bin/gmake  -f CMakeFiles/cmTC_e1bf4.dir/build.make CMakeFiles/cmTC_e1bf4.dir/build
gmake[1]: Entering directory '/root/oss-experiment/data/darktable-3.8.1/tmp_out/CMakeFiles/CMakeTmp'
Building C object CMakeFiles/cmTC_e1bf4.dir/OpenMPTryFlag.c.o
/usr/bin/cc   -fopenmp-version=45 -fopenmp -v -fPIE -MD -MT CMakeFiles/cmTC_e1bf4.dir/OpenMPTryFlag.c.o -MF CMakeFiles/cmTC_e1bf4.dir/OpenMPTryFlag.c.o.d -o CMakeFiles/cmTC_e1bf4.dir/OpenMPTryFlag.c.o -c /root/oss-experiment/data/darktable-3.8.1/tmp_out/CMakeFiles/FindOpenMP/OpenMPTryFlag.c
Ubuntu clang version 13.0.1-2ubuntu2.2
Target: x86_64-pc-linux-gnu
Thread model: posix
InstalledDir: /usr/bin
Found candidate GCC installation: /usr/bin/../lib/gcc/x86_64-linux-gnu/11
Selected GCC installation: /usr/bin/../lib/gcc/x86_64-linux-gnu/11
Candidate multilib: .;@m64
Selected multilib: .;@m64
 (in-process)
 "/usr/lib/llvm-13/bin/clang" -cc1 -triple x86_64-pc-linux-gnu -emit-obj -mrelax-all --mrelax-relocations -disable-free -disable-llvm-verifier -discard-value-names -main-file-name OpenMPTryFlag.c -mrelocation-model pic -pic-level 2 -pic-is-pie -mframe-pointer=all -fmath-errno -fno-rounding-math -mconstructor-aliases -munwind-tables -target-cpu x86-64 -tune-cpu generic -debugger-tuning=gdb -v -fcoverage-compilation-dir=/root/oss-experiment/data/darktable-3.8.1/tmp_out/CMakeFiles/CMakeTmp -resource-dir /usr/lib/llvm-13/lib/clang/13.0.1 -dependency-file CMakeFiles/cmTC_e1bf4.dir/OpenMPTryFlag.c.o.d -MT CMakeFiles/cmTC_e1bf4.dir/OpenMPTryFlag.c.o -sys-header-deps -internal-isystem /usr/lib/llvm-13/lib/clang/13.0.1/include -internal-isystem /usr/local/include -internal-isystem /usr/bin/../lib/gcc/x86_64-linux-gnu/11/../../../../x86_64-linux-gnu/include -internal-externc-isystem /usr/include/x86_64-linux-gnu -internal-externc-isystem /include -internal-externc-isystem /usr/include -fdebug-compilation-dir=/root/oss-experiment/data/darktable-3.8.1/tmp_out/CMakeFiles/CMakeTmp -ferror-limit 19 -fopenmp -fopenmp-version=45 -fgnuc-version=4.2.1 -faddrsig -D__GCC_HAVE_DWARF2_CFI_ASM=1 -o CMakeFiles/cmTC_e1bf4.dir/OpenMPTryFlag.c.o -x c /root/oss-experiment/data/darktable-3.8.1/tmp_out/CMakeFiles/FindOpenMP/OpenMPTryFlag.c
clang -cc1 version 13.0.1 based upon LLVM 13.0.1 default target x86_64-pc-linux-gnu
ignoring nonexistent directory "/usr/bin/../lib/gcc/x86_64-linux-gnu/11/../../../../x86_64-linux-gnu/include"
ignoring nonexistent directory "/include"
#include "..." search starts here:
#include <...> search starts here:
 /usr/lib/llvm-13/lib/clang/13.0.1/include
 /usr/local/include
 /usr/include/x86_64-linux-gnu
 /usr/include
End of search list.
/root/oss-experiment/data/darktable-3.8.1/tmp_out/CMakeFiles/FindOpenMP/OpenMPTryFlag.c:2:10: fatal error: 'omp.h' file not found
#include <omp.h>
         ^~~~~~~
1 error generated.
gmake[1]: *** [CMakeFiles/cmTC_e1bf4.dir/build.make:79: CMakeFiles/cmTC_e1bf4.dir/OpenMPTryFlag.c.o] Error 1
gmake[1]: Leaving directory '/root/oss-experiment/data/darktable-3.8.1/tmp_out/CMakeFiles/CMakeTmp'
gmake: *** [Makefile:127: cmTC_e1bf4/fast] Error 2



Detecting C OpenMP failed with the following output:
Change Dir: /root/oss-experiment/data/darktable-3.8.1/tmp_out/CMakeFiles/CMakeTmp

Run Build Command(s):/usr/bin/gmake -f Makefile cmTC_bd28d/fast && /usr/bin/gmake  -f CMakeFiles/cmTC_bd28d.dir/build.make CMakeFiles/cmTC_bd28d.dir/build
gmake[1]: Entering directory '/root/oss-experiment/data/darktable-3.8.1/tmp_out/CMakeFiles/CMakeTmp'
Building C object CMakeFiles/cmTC_bd28d.dir/OpenMPTryFlag.c.o
/usr/bin/cc   -fopenmp-version=45 -Xclang -fopenmp -v -fPIE -MD -MT CMakeFiles/cmTC_bd28d.dir/OpenMPTryFlag.c.o -MF CMakeFiles/cmTC_bd28d.dir/OpenMPTryFlag.c.o.d -o CMakeFiles/cmTC_bd28d.dir/OpenMPTryFlag.c.o -c /root/oss-experiment/data/darktable-3.8.1/tmp_out/CMakeFiles/FindOpenMP/OpenMPTryFlag.c
Ubuntu clang version 13.0.1-2ubuntu2.2
Target: x86_64-pc-linux-gnu
Thread model: posix
InstalledDir: /usr/bin
Found candidate GCC installation: /usr/bin/../lib/gcc/x86_64-linux-gnu/11
Selected GCC installation: /usr/bin/../lib/gcc/x86_64-linux-gnu/11
Candidate multilib: .;@m64
Selected multilib: .;@m64
 (in-process)
 "/usr/lib/llvm-13/bin/clang" -cc1 -triple x86_64-pc-linux-gnu -emit-obj -mrelax-all --mrelax-relocations -disable-free -disable-llvm-verifier -discard-value-names -main-file-name OpenMPTryFlag.c -mrelocation-model pic -pic-level 2 -pic-is-pie -mframe-pointer=all -fmath-errno -fno-rounding-math -mconstructor-aliases -munwind-tables -target-cpu x86-64 -tune-cpu generic -debugger-tuning=gdb -v -fcoverage-compilation-dir=/root/oss-experiment/data/darktable-3.8.1/tmp_out/CMakeFiles/CMakeTmp -resource-dir /usr/lib/llvm-13/lib/clang/13.0.1 -dependency-file CMakeFiles/cmTC_bd28d.dir/OpenMPTryFlag.c.o.d -MT CMakeFiles/cmTC_bd28d.dir/OpenMPTryFlag.c.o -sys-header-deps -internal-isystem /usr/lib/llvm-13/lib/clang/13.0.1/include -internal-isystem /usr/local/include -internal-isystem /usr/bin/../lib/gcc/x86_64-linux-gnu/11/../../../../x86_64-linux-gnu/include -internal-externc-isystem /usr/include/x86_64-linux-gnu -internal-externc-isystem /include -internal-externc-isystem /usr/include -fdebug-compilation-dir=/root/oss-experiment/data/darktable-3.8.1/tmp_out/CMakeFiles/CMakeTmp -ferror-limit 19 -fopenmp-version=45 -fgnuc-version=4.2.1 -fopenmp -faddrsig -D__GCC_HAVE_DWARF2_CFI_ASM=1 -o CMakeFiles/cmTC_bd28d.dir/OpenMPTryFlag.c.o -x c /root/oss-experiment/data/darktable-3.8.1/tmp_out/CMakeFiles/FindOpenMP/OpenMPTryFlag.c
clang -cc1 version 13.0.1 based upon LLVM 13.0.1 default target x86_64-pc-linux-gnu
ignoring nonexistent directory "/usr/bin/../lib/gcc/x86_64-linux-gnu/11/../../../../x86_64-linux-gnu/include"
ignoring nonexistent directory "/include"
#include "..." search starts here:
#include <...> search starts here:
 /usr/lib/llvm-13/lib/clang/13.0.1/include
 /usr/local/include
 /usr/include/x86_64-linux-gnu
 /usr/include
End of search list.
/root/oss-experiment/data/darktable-3.8.1/tmp_out/CMakeFiles/FindOpenMP/OpenMPTryFlag.c:2:10: fatal error: 'omp.h' file not found
#include <omp.h>
         ^~~~~~~
1 error generated.
gmake[1]: *** [CMakeFiles/cmTC_bd28d.dir/build.make:79: CMakeFiles/cmTC_bd28d.dir/OpenMPTryFlag.c.o] Error 1
gmake[1]: Leaving directory '/root/oss-experiment/data/darktable-3.8.1/tmp_out/CMakeFiles/CMakeTmp'
gmake: *** [Makefile:127: cmTC_bd28d/fast] Error 2



Detecting CXX OpenMP failed with the following output:
Change Dir: /root/oss-experiment/data/darktable-3.8.1/tmp_out/CMakeFiles/CMakeTmp

Run Build Command(s):/usr/bin/gmake -f Makefile cmTC_59c07/fast && /usr/bin/gmake  -f CMakeFiles/cmTC_59c07.dir/build.make CMakeFiles/cmTC_59c07.dir/build
gmake[1]: Entering directory '/root/oss-experiment/data/darktable-3.8.1/tmp_out/CMakeFiles/CMakeTmp'
Building CXX object CMakeFiles/cmTC_59c07.dir/OpenMPTryFlag.cpp.o
/usr/bin/c++   -fopenmp-version=45 -fopenmp=libomp -v -fPIE -MD -MT CMakeFiles/cmTC_59c07.dir/OpenMPTryFlag.cpp.o -MF CMakeFiles/cmTC_59c07.dir/OpenMPTryFlag.cpp.o.d -o CMakeFiles/cmTC_59c07.dir/OpenMPTryFlag.cpp.o -c /root/oss-experiment/data/darktable-3.8.1/tmp_out/CMakeFiles/FindOpenMP/OpenMPTryFlag.cpp
Ubuntu clang version 13.0.1-2ubuntu2.2
Target: x86_64-pc-linux-gnu
Thread model: posix
InstalledDir: /usr/bin
Found candidate GCC installation: /usr/bin/../lib/gcc/x86_64-linux-gnu/11
Selected GCC installation: /usr/bin/../lib/gcc/x86_64-linux-gnu/11
Candidate multilib: .;@m64
Selected multilib: .;@m64
 (in-process)
 "/usr/lib/llvm-13/bin/clang" -cc1 -triple x86_64-pc-linux-gnu -emit-obj -mrelax-all --mrelax-relocations -disable-free -disable-llvm-verifier -discard-value-names -main-file-name OpenMPTryFlag.cpp -mrelocation-model pic -pic-level 2 -pic-is-pie -mframe-pointer=all -fmath-errno -fno-rounding-math -mconstructor-aliases -munwind-tables -target-cpu x86-64 -tune-cpu generic -debugger-tuning=gdb -v -fcoverage-compilation-dir=/root/oss-experiment/data/darktable-3.8.1/tmp_out/CMakeFiles/CMakeTmp -resource-dir /usr/lib/llvm-13/lib/clang/13.0.1 -dependency-file CMakeFiles/cmTC_59c07.dir/OpenMPTryFlag.cpp.o.d -MT CMakeFiles/cmTC_59c07.dir/OpenMPTryFlag.cpp.o -sys-header-deps -internal-isystem /usr/bin/../lib/gcc/x86_64-linux-gnu/11/../../../../include/c++/11 -internal-isystem /usr/bin/../lib/gcc/x86_64-linux-gnu/11/../../../../include/x86_64-linux-gnu/c++/11 -internal-isystem /usr/bin/../lib/gcc/x86_64-linux-gnu/11/../../../../include/c++/11/backward -internal-isystem /usr/lib/llvm-13/lib/clang/13.0.1/include -internal-isystem /usr/local/include -internal-isystem /usr/bin/../lib/gcc/x86_64-linux-gnu/11/../../../../x86_64-linux-gnu/include -internal-externc-isystem /usr/include/x86_64-linux-gnu -internal-externc-isystem /include -internal-externc-isystem /usr/include -fdeprecated-macro -fdebug-compilation-dir=/root/oss-experiment/data/darktable-3.8.1/tmp_out/CMakeFiles/CMakeTmp -ferror-limit 19 -fopenmp -fopenmp-version=45 -fgnuc-version=4.2.1 -fcxx-exceptions -fexceptions -faddrsig -D__GCC_HAVE_DWARF2_CFI_ASM=1 -o CMakeFiles/cmTC_59c07.dir/OpenMPTryFlag.cpp.o -x c++ /root/oss-experiment/data/darktable-3.8.1/tmp_out/CMakeFiles/FindOpenMP/OpenMPTryFlag.cpp
clang -cc1 version 13.0.1 based upon LLVM 13.0.1 default target x86_64-pc-linux-gnu
ignoring nonexistent directory "/usr/bin/../lib/gcc/x86_64-linux-gnu/11/../../../../x86_64-linux-gnu/include"
ignoring nonexistent directory "/include"
#include "..." search starts here:
#include <...> search starts here:
 /usr/bin/../lib/gcc/x86_64-linux-gnu/11/../../../../include/c++/11
 /usr/bin/../lib/gcc/x86_64-linux-gnu/11/../../../../include/x86_64-linux-gnu/c++/11
 /usr/bin/../lib/gcc/x86_64-linux-gnu/11/../../../../include/c++/11/backward
 /usr/lib/llvm-13/lib/clang/13.0.1/include
 /usr/local/include
 /usr/include/x86_64-linux-gnu
 /usr/include
End of search list.
/root/oss-experiment/data/darktable-3.8.1/tmp_out/CMakeFiles/FindOpenMP/OpenMPTryFlag.cpp:2:10: fatal error: 'omp.h' file not found
#include <omp.h>
         ^~~~~~~
1 error generated.
gmake[1]: *** [CMakeFiles/cmTC_59c07.dir/build.make:79: CMakeFiles/cmTC_59c07.dir/OpenMPTryFlag.cpp.o] Error 1
gmake[1]: Leaving directory '/root/oss-experiment/data/darktable-3.8.1/tmp_out/CMakeFiles/CMakeTmp'
gmake: *** [Makefile:127: cmTC_59c07/fast] Error 2



Detecting CXX OpenMP failed with the following output:
Change Dir: /root/oss-experiment/data/darktable-3.8.1/tmp_out/CMakeFiles/CMakeTmp

Run Build Command(s):/usr/bin/gmake -f Makefile cmTC_c77dd/fast && /usr/bin/gmake  -f CMakeFiles/cmTC_c77dd.dir/build.make CMakeFiles/cmTC_c77dd.dir/build
gmake[1]: Entering directory '/root/oss-experiment/data/darktable-3.8.1/tmp_out/CMakeFiles/CMakeTmp'
Building CXX object CMakeFiles/cmTC_c77dd.dir/OpenMPTryFlag.cpp.o
/usr/bin/c++   -fopenmp-version=45 -fopenmp=libiomp5 -v -fPIE -MD -MT CMakeFiles/cmTC_c77dd.dir/OpenMPTryFlag.cpp.o -MF CMakeFiles/cmTC_c77dd.dir/OpenMPTryFlag.cpp.o.d -o CMakeFiles/cmTC_c77dd.dir/OpenMPTryFlag.cpp.o -c /root/oss-experiment/data/darktable-3.8.1/tmp_out/CMakeFiles/FindOpenMP/OpenMPTryFlag.cpp
Ubuntu clang version 13.0.1-2ubuntu2.2
Target: x86_64-pc-linux-gnu
Thread model: posix
InstalledDir: /usr/bin
Found candidate GCC installation: /usr/bin/../lib/gcc/x86_64-linux-gnu/11
Selected GCC installation: /usr/bin/../lib/gcc/x86_64-linux-gnu/11
Candidate multilib: .;@m64
Selected multilib: .;@m64
 (in-process)
 "/usr/lib/llvm-13/bin/clang" -cc1 -triple x86_64-pc-linux-gnu -emit-obj -mrelax-all --mrelax-relocations -disable-free -disable-llvm-verifier -discard-value-names -main-file-name OpenMPTryFlag.cpp -mrelocation-model pic -pic-level 2 -pic-is-pie -mframe-pointer=all -fmath-errno -fno-rounding-math -mconstructor-aliases -munwind-tables -target-cpu x86-64 -tune-cpu generic -debugger-tuning=gdb -v -fcoverage-compilation-dir=/root/oss-experiment/data/darktable-3.8.1/tmp_out/CMakeFiles/CMakeTmp -resource-dir /usr/lib/llvm-13/lib/clang/13.0.1 -dependency-file CMakeFiles/cmTC_c77dd.dir/OpenMPTryFlag.cpp.o.d -MT CMakeFiles/cmTC_c77dd.dir/OpenMPTryFlag.cpp.o -sys-header-deps -internal-isystem /usr/bin/../lib/gcc/x86_64-linux-gnu/11/../../../../include/c++/11 -internal-isystem /usr/bin/../lib/gcc/x86_64-linux-gnu/11/../../../../include/x86_64-linux-gnu/c++/11 -internal-isystem /usr/bin/../lib/gcc/x86_64-linux-gnu/11/../../../../include/c++/11/backward -internal-isystem /usr/lib/llvm-13/lib/clang/13.0.1/include -internal-isystem /usr/local/include -internal-isystem /usr/bin/../lib/gcc/x86_64-linux-gnu/11/../../../../x86_64-linux-gnu/include -internal-externc-isystem /usr/include/x86_64-linux-gnu -internal-externc-isystem /include -internal-externc-isystem /usr/include -fdeprecated-macro -fdebug-compilation-dir=/root/oss-experiment/data/darktable-3.8.1/tmp_out/CMakeFiles/CMakeTmp -ferror-limit 19 -fopenmp -fopenmp-version=45 -fgnuc-version=4.2.1 -fcxx-exceptions -fexceptions -faddrsig -D__GCC_HAVE_DWARF2_CFI_ASM=1 -o CMakeFiles/cmTC_c77dd.dir/OpenMPTryFlag.cpp.o -x c++ /root/oss-experiment/data/darktable-3.8.1/tmp_out/CMakeFiles/FindOpenMP/OpenMPTryFlag.cpp
clang -cc1 version 13.0.1 based upon LLVM 13.0.1 default target x86_64-pc-linux-gnu
ignoring nonexistent directory "/usr/bin/../lib/gcc/x86_64-linux-gnu/11/../../../../x86_64-linux-gnu/include"
ignoring nonexistent directory "/include"
#include "..." search starts here:
#include <...> search starts here:
 /usr/bin/../lib/gcc/x86_64-linux-gnu/11/../../../../include/c++/11
 /usr/bin/../lib/gcc/x86_64-linux-gnu/11/../../../../include/x86_64-linux-gnu/c++/11
 /usr/bin/../lib/gcc/x86_64-linux-gnu/11/../../../../include/c++/11/backward
 /usr/lib/llvm-13/lib/clang/13.0.1/include
 /usr/local/include
 /usr/include/x86_64-linux-gnu
 /usr/include
End of search list.
/root/oss-experiment/data/darktable-3.8.1/tmp_out/CMakeFiles/FindOpenMP/OpenMPTryFlag.cpp:2:10: fatal error: 'omp.h' file not found
#include <omp.h>
         ^~~~~~~
1 error generated.
gmake[1]: *** [CMakeFiles/cmTC_c77dd.dir/build.make:79: CMakeFiles/cmTC_c77dd.dir/OpenMPTryFlag.cpp.o] Error 1
gmake[1]: Leaving directory '/root/oss-experiment/data/darktable-3.8.1/tmp_out/CMakeFiles/CMakeTmp'
gmake: *** [Makefile:127: cmTC_c77dd/fast] Error 2



Detecting CXX OpenMP failed with the following output:
Change Dir: /root/oss-experiment/data/darktable-3.8.1/tmp_out/CMakeFiles/CMakeTmp

Run Build Command(s):/usr/bin/gmake -f Makefile cmTC_5f105/fast && /usr/bin/gmake  -f CMakeFiles/cmTC_5f105.dir/build.make CMakeFiles/cmTC_5f105.dir/build
gmake[1]: Entering directory '/root/oss-experiment/data/darktable-3.8.1/tmp_out/CMakeFiles/CMakeTmp'
Building CXX object CMakeFiles/cmTC_5f105.dir/OpenMPTryFlag.cpp.o
/usr/bin/c++   -fopenmp-version=45 -fopenmp -v -fPIE -MD -MT CMakeFiles/cmTC_5f105.dir/OpenMPTryFlag.cpp.o -MF CMakeFiles/cmTC_5f105.dir/OpenMPTryFlag.cpp.o.d -o CMakeFiles/cmTC_5f105.dir/OpenMPTryFlag.cpp.o -c /root/oss-experiment/data/darktable-3.8.1/tmp_out/CMakeFiles/FindOpenMP/OpenMPTryFlag.cpp
Ubuntu clang version 13.0.1-2ubuntu2.2
Target: x86_64-pc-linux-gnu
Thread model: posix
InstalledDir: /usr/bin
Found candidate GCC installation: /usr/bin/../lib/gcc/x86_64-linux-gnu/11
Selected GCC installation: /usr/bin/../lib/gcc/x86_64-linux-gnu/11
Candidate multilib: .;@m64
Selected multilib: .;@m64
 (in-process)
 "/usr/lib/llvm-13/bin/clang" -cc1 -triple x86_64-pc-linux-gnu -emit-obj -mrelax-all --mrelax-relocations -disable-free -disable-llvm-verifier -discard-value-names -main-file-name OpenMPTryFlag.cpp -mrelocation-model pic -pic-level 2 -pic-is-pie -mframe-pointer=all -fmath-errno -fno-rounding-math -mconstructor-aliases -munwind-tables -target-cpu x86-64 -tune-cpu generic -debugger-tuning=gdb -v -fcoverage-compilation-dir=/root/oss-experiment/data/darktable-3.8.1/tmp_out/CMakeFiles/CMakeTmp -resource-dir /usr/lib/llvm-13/lib/clang/13.0.1 -dependency-file CMakeFiles/cmTC_5f105.dir/OpenMPTryFlag.cpp.o.d -MT CMakeFiles/cmTC_5f105.dir/OpenMPTryFlag.cpp.o -sys-header-deps -internal-isystem /usr/bin/../lib/gcc/x86_64-linux-gnu/11/../../../../include/c++/11 -internal-isystem /usr/bin/../lib/gcc/x86_64-linux-gnu/11/../../../../include/x86_64-linux-gnu/c++/11 -internal-isystem /usr/bin/../lib/gcc/x86_64-linux-gnu/11/../../../../include/c++/11/backward -internal-isystem /usr/lib/llvm-13/lib/clang/13.0.1/include -internal-isystem /usr/local/include -internal-isystem /usr/bin/../lib/gcc/x86_64-linux-gnu/11/../../../../x86_64-linux-gnu/include -internal-externc-isystem /usr/include/x86_64-linux-gnu -internal-externc-isystem /include -internal-externc-isystem /usr/include -fdeprecated-macro -fdebug-compilation-dir=/root/oss-experiment/data/darktable-3.8.1/tmp_out/CMakeFiles/CMakeTmp -ferror-limit 19 -fopenmp -fopenmp-version=45 -fgnuc-version=4.2.1 -fcxx-exceptions -fexceptions -faddrsig -D__GCC_HAVE_DWARF2_CFI_ASM=1 -o CMakeFiles/cmTC_5f105.dir/OpenMPTryFlag.cpp.o -x c++ /root/oss-experiment/data/darktable-3.8.1/tmp_out/CMakeFiles/FindOpenMP/OpenMPTryFlag.cpp
clang -cc1 version 13.0.1 based upon LLVM 13.0.1 default target x86_64-pc-linux-gnu
ignoring nonexistent directory "/usr/bin/../lib/gcc/x86_64-linux-gnu/11/../../../../x86_64-linux-gnu/include"
ignoring nonexistent directory "/include"
#include "..." search starts here:
#include <...> search starts here:
 /usr/bin/../lib/gcc/x86_64-linux-gnu/11/../../../../include/c++/11
 /usr/bin/../lib/gcc/x86_64-linux-gnu/11/../../../../include/x86_64-linux-gnu/c++/11
 /usr/bin/../lib/gcc/x86_64-linux-gnu/11/../../../../include/c++/11/backward
 /usr/lib/llvm-13/lib/clang/13.0.1/include
 /usr/local/include
 /usr/include/x86_64-linux-gnu
 /usr/include
End of search list.
/root/oss-experiment/data/darktable-3.8.1/tmp_out/CMakeFiles/FindOpenMP/OpenMPTryFlag.cpp:2:10: fatal error: 'omp.h' file not found
#include <omp.h>
         ^~~~~~~
1 error generated.
gmake[1]: *** [CMakeFiles/cmTC_5f105.dir/build.make:79: CMakeFiles/cmTC_5f105.dir/OpenMPTryFlag.cpp.o] Error 1
gmake[1]: Leaving directory '/root/oss-experiment/data/darktable-3.8.1/tmp_out/CMakeFiles/CMakeTmp'
gmake: *** [Makefile:127: cmTC_5f105/fast] Error 2



Detecting CXX OpenMP failed with the following output:
Change Dir: /root/oss-experiment/data/darktable-3.8.1/tmp_out/CMakeFiles/CMakeTmp

Run Build Command(s):/usr/bin/gmake -f Makefile cmTC_16f86/fast && /usr/bin/gmake  -f CMakeFiles/cmTC_16f86.dir/build.make CMakeFiles/cmTC_16f86.dir/build
gmake[1]: Entering directory '/root/oss-experiment/data/darktable-3.8.1/tmp_out/CMakeFiles/CMakeTmp'
Building CXX object CMakeFiles/cmTC_16f86.dir/OpenMPTryFlag.cpp.o
/usr/bin/c++   -fopenmp-version=45 -Xclang -fopenmp -v -fPIE -MD -MT CMakeFiles/cmTC_16f86.dir/OpenMPTryFlag.cpp.o -MF CMakeFiles/cmTC_16f86.dir/OpenMPTryFlag.cpp.o.d -o CMakeFiles/cmTC_16f86.dir/OpenMPTryFlag.cpp.o -c /root/oss-experiment/data/darktable-3.8.1/tmp_out/CMakeFiles/FindOpenMP/OpenMPTryFlag.cpp
Ubuntu clang version 13.0.1-2ubuntu2.2
Target: x86_64-pc-linux-gnu
Thread model: posix
InstalledDir: /usr/bin
Found candidate GCC installation: /usr/bin/../lib/gcc/x86_64-linux-gnu/11
Selected GCC installation: /usr/bin/../lib/gcc/x86_64-linux-gnu/11
Candidate multilib: .;@m64
Selected multilib: .;@m64
 (in-process)
 "/usr/lib/llvm-13/bin/clang" -cc1 -triple x86_64-pc-linux-gnu -emit-obj -mrelax-all --mrelax-relocations -disable-free -disable-llvm-verifier -discard-value-names -main-file-name OpenMPTryFlag.cpp -mrelocation-model pic -pic-level 2 -pic-is-pie -mframe-pointer=all -fmath-errno -fno-rounding-math -mconstructor-aliases -munwind-tables -target-cpu x86-64 -tune-cpu generic -debugger-tuning=gdb -v -fcoverage-compilation-dir=/root/oss-experiment/data/darktable-3.8.1/tmp_out/CMakeFiles/CMakeTmp -resource-dir /usr/lib/llvm-13/lib/clang/13.0.1 -dependency-file CMakeFiles/cmTC_16f86.dir/OpenMPTryFlag.cpp.o.d -MT CMakeFiles/cmTC_16f86.dir/OpenMPTryFlag.cpp.o -sys-header-deps -internal-isystem /usr/bin/../lib/gcc/x86_64-linux-gnu/11/../../../../include/c++/11 -internal-isystem /usr/bin/../lib/gcc/x86_64-linux-gnu/11/../../../../include/x86_64-linux-gnu/c++/11 -internal-isystem /usr/bin/../lib/gcc/x86_64-linux-gnu/11/../../../../include/c++/11/backward -internal-isystem /usr/lib/llvm-13/lib/clang/13.0.1/include -internal-isystem /usr/local/include -internal-isystem /usr/bin/../lib/gcc/x86_64-linux-gnu/11/../../../../x86_64-linux-gnu/include -internal-externc-isystem /usr/include/x86_64-linux-gnu -internal-externc-isystem /include -internal-externc-isystem /usr/include -fdeprecated-macro -fdebug-compilation-dir=/root/oss-experiment/data/darktable-3.8.1/tmp_out/CMakeFiles/CMakeTmp -ferror-limit 19 -fopenmp-version=45 -fgnuc-version=4.2.1 -fcxx-exceptions -fexceptions -fopenmp -faddrsig -D__GCC_HAVE_DWARF2_CFI_ASM=1 -o CMakeFiles/cmTC_16f86.dir/OpenMPTryFlag.cpp.o -x c++ /root/oss-experiment/data/darktable-3.8.1/tmp_out/CMakeFiles/FindOpenMP/OpenMPTryFlag.cpp
clang -cc1 version 13.0.1 based upon LLVM 13.0.1 default target x86_64-pc-linux-gnu
ignoring nonexistent directory "/usr/bin/../lib/gcc/x86_64-linux-gnu/11/../../../../x86_64-linux-gnu/include"
ignoring nonexistent directory "/include"
#include "..." search starts here:
#include <...> search starts here:
 /usr/bin/../lib/gcc/x86_64-linux-gnu/11/../../../../include/c++/11
 /usr/bin/../lib/gcc/x86_64-linux-gnu/11/../../../../include/x86_64-linux-gnu/c++/11
 /usr/bin/../lib/gcc/x86_64-linux-gnu/11/../../../../include/c++/11/backward
 /usr/lib/llvm-13/lib/clang/13.0.1/include
 /usr/local/include
 /usr/include/x86_64-linux-gnu
 /usr/include
End of search list.
/root/oss-experiment/data/darktable-3.8.1/tmp_out/CMakeFiles/FindOpenMP/OpenMPTryFlag.cpp:2:10: fatal error: 'omp.h' file not found
#include <omp.h>
         ^~~~~~~
1 error generated.
gmake[1]: *** [CMakeFiles/cmTC_16f86.dir/build.make:79: CMakeFiles/cmTC_16f86.dir/OpenMPTryFlag.cpp.o] Error 1
gmake[1]: Leaving directory '/root/oss-experiment/data/darktable-3.8.1/tmp_out/CMakeFiles/CMakeTmp'
gmake: *** [Makefile:127: cmTC_16f86/fast] Error 2



