cd '/root/oss-experiment/data/xsane-0.999/lib' 
cd '/root/oss-experiment/data/xsane-0.999/lib' 
cd '/root/oss-experiment/data/xsane-0.999/lib' 
'gcc' '-c' '-DHAVE_CONFIG_H' '-I.' '-I.' '-I../include/sane' '-I../include' '-D_GNU_SOURCE' '-DV_MAJOR=0' '-DV_MINOR=999' '-DSANE_V_MAJOR=1' '-g' '-O2' '-Wall' 'usleep.c' 
'gcc' '-c' '-DHAVE_CONFIG_H' '-I.' '-I.' '-I../include/sane' '-I../include' '-D_GNU_SOURCE' '-DV_MAJOR=0' '-DV_MINOR=999' '-DSANE_V_MAJOR=1' '-g' '-O2' '-Wall' 'strndup.c' 
cd '/root/oss-experiment/data/xsane-0.999/lib' 
'gcc' '-c' '-DHAVE_CONFIG_H' '-I.' '-I.' '-I../include/sane' '-I../include' '-D_GNU_SOURCE' '-DV_MAJOR=0' '-DV_MINOR=999' '-DSANE_V_MAJOR=1' '-g' '-O2' '-Wall' 'alloca.c' 
'gcc' '-c' '-DHAVE_CONFIG_H' '-I.' '-I.' '-I../include/sane' '-I../include' '-D_GNU_SOURCE' '-DV_MAJOR=0' '-DV_MINOR=999' '-DSANE_V_MAJOR=1' '-g' '-O2' '-Wall' 'snprintf.c' 
cd '/root/oss-experiment/data/xsane-0.999/lib' 
'gcc' '-c' '-DHAVE_CONFIG_H' '-I.' '-I.' '-I../include/sane' '-I../include' '-D_GNU_SOURCE' '-DV_MAJOR=0' '-DV_MINOR=999' '-DSANE_V_MAJOR=1' '-g' '-O2' '-Wall' 'strsep.c' 
cd '/root/oss-experiment/data/xsane-0.999/lib' 
cd '/root/oss-experiment/data/xsane-0.999/lib' 
'gcc' '-c' '-DHAVE_CONFIG_H' '-I.' '-I.' '-I../include/sane' '-I../include' '-D_GNU_SOURCE' '-DV_MAJOR=0' '-DV_MINOR=999' '-DSANE_V_MAJOR=1' '-g' '-O2' '-Wall' 'getopt.c' 
'gcc' '-c' '-DHAVE_CONFIG_H' '-I.' '-I.' '-I../include/sane' '-I../include' '-D_GNU_SOURCE' '-DV_MAJOR=0' '-DV_MINOR=999' '-DSANE_V_MAJOR=1' '-g' '-O2' '-Wall' 'getopt1.c' 
cd '/root/oss-experiment/data/xsane-0.999/lib' 
'gcc' '-c' '-DHAVE_CONFIG_H' '-I.' '-I.' '-I../include/sane' '-I../include' '-D_GNU_SOURCE' '-DV_MAJOR=0' '-DV_MINOR=999' '-DSANE_V_MAJOR=1' '-g' '-O2' '-Wall' 'strdup.c' 
cd '/root/oss-experiment/data/xsane-0.999/lib' 
'gcc' '-c' '-DHAVE_CONFIG_H' '-I.' '-I.' '-I../include/sane' '-I../include' '-D_GNU_SOURCE' '-DV_MAJOR=0' '-DV_MINOR=999' '-DSANE_V_MAJOR=1' '-g' '-O2' '-Wall' 'md5.c' 
cd '/root/oss-experiment/data/xsane-0.999/lib' 
'ar' 'r' 'liblib.a' 'alloca.o' 'getopt.o' 'getopt1.o' 'strndup.o' 'strdup.o' 'strsep.o' 'snprintf.o' 'usleep.o' 'md5.o' 
cd '/root/oss-experiment/data/xsane-0.999/src' 
'gcc' '-c' '-DHAVE_CONFIG_H' '-DLOCALEDIR=/usr/local/share/locale' '-DSANELOCALEDIR=/usr/share/locale' '-I.' '-I.' '-I../include' '-I../include' '-I/usr/local/include' '-D_GNU_SOURCE' '-DV_MAJOR=0' '-DV_MINOR=999' '-DSANE_V_MAJOR=1' '-DPATH_XSANE_DOC_DIR=/usr/local/share/sane/xsane/doc' '-DPATH_SANE_DATA_DIR=/usr/local/share/sane' '-g' '-O2' '-Wall' '-pthread' '-I/usr/include/gimp-2.0' '-I/usr/include/gegl-0.4' '-I/usr/include/gio-unix-2.0' '-I/usr/include/json-glib-1.0' '-I/usr/include/babl-0.1' '-I/usr/include/gtk-2.0' '-I/usr/lib/x86_64-linux-gnu/gtk-2.0/include' '-I/usr/include/pango-1.0' '-I/usr/include/atk-1.0' '-I/usr/include/gdk-pixbuf-2.0' '-I/usr/include/x86_64-linux-gnu' '-I/usr/include/pango-1.0' '-I/usr/include/harfbuzz' '-I/usr/include/pango-1.0' '-I/usr/include/libmount' '-I/usr/include/blkid' '-I/usr/include/fribidi' '-I/usr/include/cairo' '-I/usr/include/pixman-1' '-I/usr/include/harfbuzz' '-I/usr/include/glib-2.0' '-I/usr/lib/x86_64-linux-gnu/glib-2.0/include' '-I/usr/include/uuid' '-I/usr/include/freetype2' '-I/usr/include/libpng16' 'xsane-icons.c' 
cd '/root/oss-experiment/data/xsane-0.999/src' 
'gcc' '-c' '-DHAVE_CONFIG_H' '-DLOCALEDIR=/usr/local/share/locale' '-DSANELOCALEDIR=/usr/share/locale' '-I.' '-I.' '-I../include' '-I../include' '-I/usr/local/include' '-D_GNU_SOURCE' '-DV_MAJOR=0' '-DV_MINOR=999' '-DSANE_V_MAJOR=1' '-DPATH_XSANE_DOC_DIR=/usr/local/share/sane/xsane/doc' '-DPATH_SANE_DATA_DIR=/usr/local/share/sane' '-g' '-O2' '-Wall' '-pthread' '-I/usr/include/gimp-2.0' '-I/usr/include/gegl-0.4' '-I/usr/include/gio-unix-2.0' '-I/usr/include/json-glib-1.0' '-I/usr/include/babl-0.1' '-I/usr/include/gtk-2.0' '-I/usr/lib/x86_64-linux-gnu/gtk-2.0/include' '-I/usr/include/pango-1.0' '-I/usr/include/atk-1.0' '-I/usr/include/gdk-pixbuf-2.0' '-I/usr/include/x86_64-linux-gnu' '-I/usr/include/pango-1.0' '-I/usr/include/harfbuzz' '-I/usr/include/pango-1.0' '-I/usr/include/libmount' '-I/usr/include/blkid' '-I/usr/include/fribidi' '-I/usr/include/cairo' '-I/usr/include/pixman-1' '-I/usr/include/harfbuzz' '-I/usr/include/glib-2.0' '-I/usr/lib/x86_64-linux-gnu/glib-2.0/include' '-I/usr/include/uuid' '-I/usr/include/freetype2' '-I/usr/include/libpng16' 'xsane-preferences.c' 
cd '/root/oss-experiment/data/xsane-0.999/src' 
'gcc' '-c' '-DHAVE_CONFIG_H' '-DLOCALEDIR=/usr/local/share/locale' '-DSANELOCALEDIR=/usr/share/locale' '-I.' '-I.' '-I../include' '-I../include' '-I/usr/local/include' '-D_GNU_SOURCE' '-DV_MAJOR=0' '-DV_MINOR=999' '-DSANE_V_MAJOR=1' '-DPATH_XSANE_DOC_DIR=/usr/local/share/sane/xsane/doc' '-DPATH_SANE_DATA_DIR=/usr/local/share/sane' '-g' '-O2' '-Wall' '-pthread' '-I/usr/include/gimp-2.0' '-I/usr/include/gegl-0.4' '-I/usr/include/gio-unix-2.0' '-I/usr/include/json-glib-1.0' '-I/usr/include/babl-0.1' '-I/usr/include/gtk-2.0' '-I/usr/lib/x86_64-linux-gnu/gtk-2.0/include' '-I/usr/include/pango-1.0' '-I/usr/include/atk-1.0' '-I/usr/include/gdk-pixbuf-2.0' '-I/usr/include/x86_64-linux-gnu' '-I/usr/include/pango-1.0' '-I/usr/include/harfbuzz' '-I/usr/include/pango-1.0' '-I/usr/include/libmount' '-I/usr/include/blkid' '-I/usr/include/fribidi' '-I/usr/include/cairo' '-I/usr/include/pixman-1' '-I/usr/include/harfbuzz' '-I/usr/include/glib-2.0' '-I/usr/lib/x86_64-linux-gnu/glib-2.0/include' '-I/usr/include/uuid' '-I/usr/include/freetype2' '-I/usr/include/libpng16' 'xsane-device-preferences.c' 
cd '/root/oss-experiment/data/xsane-0.999/src' 
'gcc' '-c' '-DHAVE_CONFIG_H' '-DLOCALEDIR=/usr/local/share/locale' '-DSANELOCALEDIR=/usr/share/locale' '-I.' '-I.' '-I../include' '-I../include' '-I/usr/local/include' '-D_GNU_SOURCE' '-DV_MAJOR=0' '-DV_MINOR=999' '-DSANE_V_MAJOR=1' '-DPATH_XSANE_DOC_DIR=/usr/local/share/sane/xsane/doc' '-DPATH_SANE_DATA_DIR=/usr/local/share/sane' '-g' '-O2' '-Wall' '-pthread' '-I/usr/include/gimp-2.0' '-I/usr/include/gegl-0.4' '-I/usr/include/gio-unix-2.0' '-I/usr/include/json-glib-1.0' '-I/usr/include/babl-0.1' '-I/usr/include/gtk-2.0' '-I/usr/lib/x86_64-linux-gnu/gtk-2.0/include' '-I/usr/include/pango-1.0' '-I/usr/include/atk-1.0' '-I/usr/include/gdk-pixbuf-2.0' '-I/usr/include/x86_64-linux-gnu' '-I/usr/include/pango-1.0' '-I/usr/include/harfbuzz' '-I/usr/include/pango-1.0' '-I/usr/include/libmount' '-I/usr/include/blkid' '-I/usr/include/fribidi' '-I/usr/include/cairo' '-I/usr/include/pixman-1' '-I/usr/include/harfbuzz' '-I/usr/include/glib-2.0' '-I/usr/lib/x86_64-linux-gnu/glib-2.0/include' '-I/usr/include/uuid' '-I/usr/include/freetype2' '-I/usr/include/libpng16' 'xsane-batch-scan.c' 
cd '/root/oss-experiment/data/xsane-0.999/src' 
'gcc' '-c' '-DHAVE_CONFIG_H' '-DLOCALEDIR=/usr/local/share/locale' '-DSANELOCALEDIR=/usr/share/locale' '-I.' '-I.' '-I../include' '-I../include' '-I/usr/local/include' '-D_GNU_SOURCE' '-DV_MAJOR=0' '-DV_MINOR=999' '-DSANE_V_MAJOR=1' '-DPATH_XSANE_DOC_DIR=/usr/local/share/sane/xsane/doc' '-DPATH_SANE_DATA_DIR=/usr/local/share/sane' '-g' '-O2' '-Wall' '-pthread' '-I/usr/include/gimp-2.0' '-I/usr/include/gegl-0.4' '-I/usr/include/gio-unix-2.0' '-I/usr/include/json-glib-1.0' '-I/usr/include/babl-0.1' '-I/usr/include/gtk-2.0' '-I/usr/lib/x86_64-linux-gnu/gtk-2.0/include' '-I/usr/include/pango-1.0' '-I/usr/include/atk-1.0' '-I/usr/include/gdk-pixbuf-2.0' '-I/usr/include/x86_64-linux-gnu' '-I/usr/include/pango-1.0' '-I/usr/include/harfbuzz' '-I/usr/include/pango-1.0' '-I/usr/include/libmount' '-I/usr/include/blkid' '-I/usr/include/fribidi' '-I/usr/include/cairo' '-I/usr/include/pixman-1' '-I/usr/include/harfbuzz' '-I/usr/include/glib-2.0' '-I/usr/lib/x86_64-linux-gnu/glib-2.0/include' '-I/usr/include/uuid' '-I/usr/include/freetype2' '-I/usr/include/libpng16' 'xsane-rc-io.c' 
cd '/root/oss-experiment/data/xsane-0.999/src' 
'gcc' '-c' '-DHAVE_CONFIG_H' '-DLOCALEDIR=/usr/local/share/locale' '-DSANELOCALEDIR=/usr/share/locale' '-I.' '-I.' '-I../include' '-I../include' '-I/usr/local/include' '-D_GNU_SOURCE' '-DV_MAJOR=0' '-DV_MINOR=999' '-DSANE_V_MAJOR=1' '-DPATH_XSANE_DOC_DIR=/usr/local/share/sane/xsane/doc' '-DPATH_SANE_DATA_DIR=/usr/local/share/sane' '-g' '-O2' '-Wall' '-pthread' '-I/usr/include/gimp-2.0' '-I/usr/include/gegl-0.4' '-I/usr/include/gio-unix-2.0' '-I/usr/include/json-glib-1.0' '-I/usr/include/babl-0.1' '-I/usr/include/gtk-2.0' '-I/usr/lib/x86_64-linux-gnu/gtk-2.0/include' '-I/usr/include/pango-1.0' '-I/usr/include/atk-1.0' '-I/usr/include/gdk-pixbuf-2.0' '-I/usr/include/x86_64-linux-gnu' '-I/usr/include/pango-1.0' '-I/usr/include/harfbuzz' '-I/usr/include/pango-1.0' '-I/usr/include/libmount' '-I/usr/include/blkid' '-I/usr/include/fribidi' '-I/usr/include/cairo' '-I/usr/include/pixman-1' '-I/usr/include/harfbuzz' '-I/usr/include/glib-2.0' '-I/usr/lib/x86_64-linux-gnu/glib-2.0/include' '-I/usr/include/uuid' '-I/usr/include/freetype2' '-I/usr/include/libpng16' 'xsane-multipage-project.c' 
cd '/root/oss-experiment/data/xsane-0.999/src' 
'gcc' '-c' '-DHAVE_CONFIG_H' '-DLOCALEDIR=/usr/local/share/locale' '-DSANELOCALEDIR=/usr/share/locale' '-I.' '-I.' '-I../include' '-I../include' '-I/usr/local/include' '-D_GNU_SOURCE' '-DV_MAJOR=0' '-DV_MINOR=999' '-DSANE_V_MAJOR=1' '-DPATH_XSANE_DOC_DIR=/usr/local/share/sane/xsane/doc' '-DPATH_SANE_DATA_DIR=/usr/local/share/sane' '-g' '-O2' '-Wall' '-pthread' '-I/usr/include/gimp-2.0' '-I/usr/include/gegl-0.4' '-I/usr/include/gio-unix-2.0' '-I/usr/include/json-glib-1.0' '-I/usr/include/babl-0.1' '-I/usr/include/gtk-2.0' '-I/usr/lib/x86_64-linux-gnu/gtk-2.0/include' '-I/usr/include/pango-1.0' '-I/usr/include/atk-1.0' '-I/usr/include/gdk-pixbuf-2.0' '-I/usr/include/x86_64-linux-gnu' '-I/usr/include/pango-1.0' '-I/usr/include/harfbuzz' '-I/usr/include/pango-1.0' '-I/usr/include/libmount' '-I/usr/include/blkid' '-I/usr/include/fribidi' '-I/usr/include/cairo' '-I/usr/include/pixman-1' '-I/usr/include/harfbuzz' '-I/usr/include/glib-2.0' '-I/usr/lib/x86_64-linux-gnu/glib-2.0/include' '-I/usr/include/uuid' '-I/usr/include/freetype2' '-I/usr/include/libpng16' 'xsane-fax-project.c' 
cd '/root/oss-experiment/data/xsane-0.999/src' 
'gcc' '-c' '-DHAVE_CONFIG_H' '-DLOCALEDIR=/usr/local/share/locale' '-DSANELOCALEDIR=/usr/share/locale' '-I.' '-I.' '-I../include' '-I../include' '-I/usr/local/include' '-D_GNU_SOURCE' '-DV_MAJOR=0' '-DV_MINOR=999' '-DSANE_V_MAJOR=1' '-DPATH_XSANE_DOC_DIR=/usr/local/share/sane/xsane/doc' '-DPATH_SANE_DATA_DIR=/usr/local/share/sane' '-g' '-O2' '-Wall' '-pthread' '-I/usr/include/gimp-2.0' '-I/usr/include/gegl-0.4' '-I/usr/include/gio-unix-2.0' '-I/usr/include/json-glib-1.0' '-I/usr/include/babl-0.1' '-I/usr/include/gtk-2.0' '-I/usr/lib/x86_64-linux-gnu/gtk-2.0/include' '-I/usr/include/pango-1.0' '-I/usr/include/atk-1.0' '-I/usr/include/gdk-pixbuf-2.0' '-I/usr/include/x86_64-linux-gnu' '-I/usr/include/pango-1.0' '-I/usr/include/harfbuzz' '-I/usr/include/pango-1.0' '-I/usr/include/libmount' '-I/usr/include/blkid' '-I/usr/include/fribidi' '-I/usr/include/cairo' '-I/usr/include/pixman-1' '-I/usr/include/harfbuzz' '-I/usr/include/glib-2.0' '-I/usr/lib/x86_64-linux-gnu/glib-2.0/include' '-I/usr/include/uuid' '-I/usr/include/freetype2' '-I/usr/include/libpng16' 'xsane-scan.c' 
cd '/root/oss-experiment/data/xsane-0.999/src' 
'gcc' '-c' '-DHAVE_CONFIG_H' '-DLOCALEDIR=/usr/local/share/locale' '-DSANELOCALEDIR=/usr/share/locale' '-I.' '-I.' '-I../include' '-I../include' '-I/usr/local/include' '-D_GNU_SOURCE' '-DV_MAJOR=0' '-DV_MINOR=999' '-DSANE_V_MAJOR=1' '-DPATH_XSANE_DOC_DIR=/usr/local/share/sane/xsane/doc' '-DPATH_SANE_DATA_DIR=/usr/local/share/sane' '-g' '-O2' '-Wall' '-pthread' '-I/usr/include/gimp-2.0' '-I/usr/include/gegl-0.4' '-I/usr/include/gio-unix-2.0' '-I/usr/include/json-glib-1.0' '-I/usr/include/babl-0.1' '-I/usr/include/gtk-2.0' '-I/usr/lib/x86_64-linux-gnu/gtk-2.0/include' '-I/usr/include/pango-1.0' '-I/usr/include/atk-1.0' '-I/usr/include/gdk-pixbuf-2.0' '-I/usr/include/x86_64-linux-gnu' '-I/usr/include/pango-1.0' '-I/usr/include/harfbuzz' '-I/usr/include/pango-1.0' '-I/usr/include/libmount' '-I/usr/include/blkid' '-I/usr/include/fribidi' '-I/usr/include/cairo' '-I/usr/include/pixman-1' '-I/usr/include/harfbuzz' '-I/usr/include/glib-2.0' '-I/usr/lib/x86_64-linux-gnu/glib-2.0/include' '-I/usr/include/uuid' '-I/usr/include/freetype2' '-I/usr/include/libpng16' 'xsane-email-project.c' 
cd '/root/oss-experiment/data/xsane-0.999/src' 
'gcc' '-c' '-DHAVE_CONFIG_H' '-DLOCALEDIR=/usr/local/share/locale' '-DSANELOCALEDIR=/usr/share/locale' '-I.' '-I.' '-I../include' '-I../include' '-I/usr/local/include' '-D_GNU_SOURCE' '-DV_MAJOR=0' '-DV_MINOR=999' '-DSANE_V_MAJOR=1' '-DPATH_XSANE_DOC_DIR=/usr/local/share/sane/xsane/doc' '-DPATH_SANE_DATA_DIR=/usr/local/share/sane' '-g' '-O2' '-Wall' '-pthread' '-I/usr/include/gimp-2.0' '-I/usr/include/gegl-0.4' '-I/usr/include/gio-unix-2.0' '-I/usr/include/json-glib-1.0' '-I/usr/include/babl-0.1' '-I/usr/include/gtk-2.0' '-I/usr/lib/x86_64-linux-gnu/gtk-2.0/include' '-I/usr/include/pango-1.0' '-I/usr/include/atk-1.0' '-I/usr/include/gdk-pixbuf-2.0' '-I/usr/include/x86_64-linux-gnu' '-I/usr/include/pango-1.0' '-I/usr/include/harfbuzz' '-I/usr/include/pango-1.0' '-I/usr/include/libmount' '-I/usr/include/blkid' '-I/usr/include/fribidi' '-I/usr/include/cairo' '-I/usr/include/pixman-1' '-I/usr/include/harfbuzz' '-I/usr/include/glib-2.0' '-I/usr/lib/x86_64-linux-gnu/glib-2.0/include' '-I/usr/include/uuid' '-I/usr/include/freetype2' '-I/usr/include/libpng16' 'xsane-back-gtk.c' 
cd '/root/oss-experiment/data/xsane-0.999/src' 
'gcc' '-c' '-DHAVE_CONFIG_H' '-DLOCALEDIR=/usr/local/share/locale' '-DSANELOCALEDIR=/usr/share/locale' '-I.' '-I.' '-I../include' '-I../include' '-I/usr/local/include' '-D_GNU_SOURCE' '-DV_MAJOR=0' '-DV_MINOR=999' '-DSANE_V_MAJOR=1' '-DPATH_XSANE_DOC_DIR=/usr/local/share/sane/xsane/doc' '-DPATH_SANE_DATA_DIR=/usr/local/share/sane' '-g' '-O2' '-Wall' '-pthread' '-I/usr/include/gimp-2.0' '-I/usr/include/gegl-0.4' '-I/usr/include/gio-unix-2.0' '-I/usr/include/json-glib-1.0' '-I/usr/include/babl-0.1' '-I/usr/include/gtk-2.0' '-I/usr/lib/x86_64-linux-gnu/gtk-2.0/include' '-I/usr/include/pango-1.0' '-I/usr/include/atk-1.0' '-I/usr/include/gdk-pixbuf-2.0' '-I/usr/include/x86_64-linux-gnu' '-I/usr/include/pango-1.0' '-I/usr/include/harfbuzz' '-I/usr/include/pango-1.0' '-I/usr/include/libmount' '-I/usr/include/blkid' '-I/usr/include/fribidi' '-I/usr/include/cairo' '-I/usr/include/pixman-1' '-I/usr/include/harfbuzz' '-I/usr/include/glib-2.0' '-I/usr/lib/x86_64-linux-gnu/glib-2.0/include' '-I/usr/include/uuid' '-I/usr/include/freetype2' '-I/usr/include/libpng16' 'xsane-gamma.c' 
cd '/root/oss-experiment/data/xsane-0.999/src' 
'gcc' '-c' '-DHAVE_CONFIG_H' '-DLOCALEDIR=/usr/local/share/locale' '-DSANELOCALEDIR=/usr/share/locale' '-I.' '-I.' '-I../include' '-I../include' '-I/usr/local/include' '-D_GNU_SOURCE' '-DV_MAJOR=0' '-DV_MINOR=999' '-DSANE_V_MAJOR=1' '-DPATH_XSANE_DOC_DIR=/usr/local/share/sane/xsane/doc' '-DPATH_SANE_DATA_DIR=/usr/local/share/sane' '-g' '-O2' '-Wall' '-pthread' '-I/usr/include/gimp-2.0' '-I/usr/include/gegl-0.4' '-I/usr/include/gio-unix-2.0' '-I/usr/include/json-glib-1.0' '-I/usr/include/babl-0.1' '-I/usr/include/gtk-2.0' '-I/usr/lib/x86_64-linux-gnu/gtk-2.0/include' '-I/usr/include/pango-1.0' '-I/usr/include/atk-1.0' '-I/usr/include/gdk-pixbuf-2.0' '-I/usr/include/x86_64-linux-gnu' '-I/usr/include/pango-1.0' '-I/usr/include/harfbuzz' '-I/usr/include/pango-1.0' '-I/usr/include/libmount' '-I/usr/include/blkid' '-I/usr/include/fribidi' '-I/usr/include/cairo' '-I/usr/include/pixman-1' '-I/usr/include/harfbuzz' '-I/usr/include/glib-2.0' '-I/usr/lib/x86_64-linux-gnu/glib-2.0/include' '-I/usr/include/uuid' '-I/usr/include/freetype2' '-I/usr/include/libpng16' 'xsane-front-gtk.c' 
cd '/root/oss-experiment/data/xsane-0.999/src' 
'gcc' '-c' '-DHAVE_CONFIG_H' '-DLOCALEDIR=/usr/local/share/locale' '-DSANELOCALEDIR=/usr/share/locale' '-I.' '-I.' '-I../include' '-I../include' '-I/usr/local/include' '-D_GNU_SOURCE' '-DV_MAJOR=0' '-DV_MINOR=999' '-DSANE_V_MAJOR=1' '-DPATH_XSANE_DOC_DIR=/usr/local/share/sane/xsane/doc' '-DPATH_SANE_DATA_DIR=/usr/local/share/sane' '-g' '-O2' '-Wall' '-pthread' '-I/usr/include/gimp-2.0' '-I/usr/include/gegl-0.4' '-I/usr/include/gio-unix-2.0' '-I/usr/include/json-glib-1.0' '-I/usr/include/babl-0.1' '-I/usr/include/gtk-2.0' '-I/usr/lib/x86_64-linux-gnu/gtk-2.0/include' '-I/usr/include/pango-1.0' '-I/usr/include/atk-1.0' '-I/usr/include/gdk-pixbuf-2.0' '-I/usr/include/x86_64-linux-gnu' '-I/usr/include/pango-1.0' '-I/usr/include/harfbuzz' '-I/usr/include/pango-1.0' '-I/usr/include/libmount' '-I/usr/include/blkid' '-I/usr/include/fribidi' '-I/usr/include/cairo' '-I/usr/include/pixman-1' '-I/usr/include/harfbuzz' '-I/usr/include/glib-2.0' '-I/usr/lib/x86_64-linux-gnu/glib-2.0/include' '-I/usr/include/uuid' '-I/usr/include/freetype2' '-I/usr/include/libpng16' 'xsane-viewer.c' 
cd '/root/oss-experiment/data/xsane-0.999/src' 
'gcc' '-c' '-DHAVE_CONFIG_H' '-DLOCALEDIR=/usr/local/share/locale' '-DSANELOCALEDIR=/usr/share/locale' '-I.' '-I.' '-I../include' '-I../include' '-I/usr/local/include' '-D_GNU_SOURCE' '-DV_MAJOR=0' '-DV_MINOR=999' '-DSANE_V_MAJOR=1' '-DPATH_XSANE_DOC_DIR=/usr/local/share/sane/xsane/doc' '-DPATH_SANE_DATA_DIR=/usr/local/share/sane' '-g' '-O2' '-Wall' '-pthread' '-I/usr/include/gimp-2.0' '-I/usr/include/gegl-0.4' '-I/usr/include/gio-unix-2.0' '-I/usr/include/json-glib-1.0' '-I/usr/include/babl-0.1' '-I/usr/include/gtk-2.0' '-I/usr/lib/x86_64-linux-gnu/gtk-2.0/include' '-I/usr/include/pango-1.0' '-I/usr/include/atk-1.0' '-I/usr/include/gdk-pixbuf-2.0' '-I/usr/include/x86_64-linux-gnu' '-I/usr/include/pango-1.0' '-I/usr/include/harfbuzz' '-I/usr/include/pango-1.0' '-I/usr/include/libmount' '-I/usr/include/blkid' '-I/usr/include/fribidi' '-I/usr/include/cairo' '-I/usr/include/pixman-1' '-I/usr/include/harfbuzz' '-I/usr/include/glib-2.0' '-I/usr/lib/x86_64-linux-gnu/glib-2.0/include' '-I/usr/include/uuid' '-I/usr/include/freetype2' '-I/usr/include/libpng16' 'xsane-setup.c' 
cd '/root/oss-experiment/data/xsane-0.999/src' 
'gcc' '-c' '-DHAVE_CONFIG_H' '-DLOCALEDIR=/usr/local/share/locale' '-DSANELOCALEDIR=/usr/share/locale' '-I.' '-I.' '-I../include' '-I../include' '-I/usr/local/include' '-D_GNU_SOURCE' '-DV_MAJOR=0' '-DV_MINOR=999' '-DSANE_V_MAJOR=1' '-DPATH_XSANE_DOC_DIR=/usr/local/share/sane/xsane/doc' '-DPATH_SANE_DATA_DIR=/usr/local/share/sane' '-g' '-O2' '-Wall' '-pthread' '-I/usr/include/gimp-2.0' '-I/usr/include/gegl-0.4' '-I/usr/include/gio-unix-2.0' '-I/usr/include/json-glib-1.0' '-I/usr/include/babl-0.1' '-I/usr/include/gtk-2.0' '-I/usr/lib/x86_64-linux-gnu/gtk-2.0/include' '-I/usr/include/pango-1.0' '-I/usr/include/atk-1.0' '-I/usr/include/gdk-pixbuf-2.0' '-I/usr/include/x86_64-linux-gnu' '-I/usr/include/pango-1.0' '-I/usr/include/harfbuzz' '-I/usr/include/pango-1.0' '-I/usr/include/libmount' '-I/usr/include/blkid' '-I/usr/include/fribidi' '-I/usr/include/cairo' '-I/usr/include/pixman-1' '-I/usr/include/harfbuzz' '-I/usr/include/glib-2.0' '-I/usr/lib/x86_64-linux-gnu/glib-2.0/include' '-I/usr/include/uuid' '-I/usr/include/freetype2' '-I/usr/include/libpng16' 'xsane.c' 
cd '/root/oss-experiment/data/xsane-0.999/src' 
'gcc' '-c' '-DHAVE_CONFIG_H' '-DLOCALEDIR=/usr/local/share/locale' '-DSANELOCALEDIR=/usr/share/locale' '-I.' '-I.' '-I../include' '-I../include' '-I/usr/local/include' '-D_GNU_SOURCE' '-DV_MAJOR=0' '-DV_MINOR=999' '-DSANE_V_MAJOR=1' '-DPATH_XSANE_DOC_DIR=/usr/local/share/sane/xsane/doc' '-DPATH_SANE_DATA_DIR=/usr/local/share/sane' '-g' '-O2' '-Wall' '-pthread' '-I/usr/include/gimp-2.0' '-I/usr/include/gegl-0.4' '-I/usr/include/gio-unix-2.0' '-I/usr/include/json-glib-1.0' '-I/usr/include/babl-0.1' '-I/usr/include/gtk-2.0' '-I/usr/lib/x86_64-linux-gnu/gtk-2.0/include' '-I/usr/include/pango-1.0' '-I/usr/include/atk-1.0' '-I/usr/include/gdk-pixbuf-2.0' '-I/usr/include/x86_64-linux-gnu' '-I/usr/include/pango-1.0' '-I/usr/include/harfbuzz' '-I/usr/include/pango-1.0' '-I/usr/include/libmount' '-I/usr/include/blkid' '-I/usr/include/fribidi' '-I/usr/include/cairo' '-I/usr/include/pixman-1' '-I/usr/include/harfbuzz' '-I/usr/include/glib-2.0' '-I/usr/lib/x86_64-linux-gnu/glib-2.0/include' '-I/usr/include/uuid' '-I/usr/include/freetype2' '-I/usr/include/libpng16' 'xsane-preview.c' 
cd '/root/oss-experiment/data/xsane-0.999/src' 
'gcc' '-c' '-DHAVE_CONFIG_H' '-DLOCALEDIR=/usr/local/share/locale' '-DSANELOCALEDIR=/usr/share/locale' '-I.' '-I.' '-I../include' '-I../include' '-I/usr/local/include' '-D_GNU_SOURCE' '-DV_MAJOR=0' '-DV_MINOR=999' '-DSANE_V_MAJOR=1' '-DPATH_XSANE_DOC_DIR=/usr/local/share/sane/xsane/doc' '-DPATH_SANE_DATA_DIR=/usr/local/share/sane' '-g' '-O2' '-Wall' '-pthread' '-I/usr/include/gimp-2.0' '-I/usr/include/gegl-0.4' '-I/usr/include/gio-unix-2.0' '-I/usr/include/json-glib-1.0' '-I/usr/include/babl-0.1' '-I/usr/include/gtk-2.0' '-I/usr/lib/x86_64-linux-gnu/gtk-2.0/include' '-I/usr/include/pango-1.0' '-I/usr/include/atk-1.0' '-I/usr/include/gdk-pixbuf-2.0' '-I/usr/include/x86_64-linux-gnu' '-I/usr/include/pango-1.0' '-I/usr/include/harfbuzz' '-I/usr/include/pango-1.0' '-I/usr/include/libmount' '-I/usr/include/blkid' '-I/usr/include/fribidi' '-I/usr/include/cairo' '-I/usr/include/pixman-1' '-I/usr/include/harfbuzz' '-I/usr/include/glib-2.0' '-I/usr/lib/x86_64-linux-gnu/glib-2.0/include' '-I/usr/include/uuid' '-I/usr/include/freetype2' '-I/usr/include/libpng16' 'xsane-save.c' 
cd '/root/oss-experiment/data/xsane-0.999/src' 
'gcc' '-o' 'xsane' 'xsane-back-gtk.o' 'xsane-front-gtk.o' 'xsane-gamma.o' 'xsane-preview.o' 'xsane-viewer.o' 'xsane-fax-project.o' 'xsane-email-project.o' 'xsane-multipage-project.o' 'xsane-rc-io.o' 'xsane-device-preferences.o' 'xsane-batch-scan.o' 'xsane-preferences.o' 'xsane-setup.o' 'xsane-save.o' 'xsane-scan.o' 'xsane-icons.o' 'xsane.o' '../lib/liblib.a' '-lsane' '-lgimpui-2.0' '-lgimpwidgets-2.0' '-lgimpmodule-2.0' '-lgimp-2.0' '-lgimpmath-2.0' '-lgimpconfig-2.0' '-lgimpcolor-2.0' '-lgimpbase-2.0' '-lgegl-0.4' '-lgegl-npd-0.4' '-lm' '-Wl,--export-dynamic' '-lgmodule-2.0' '-pthread' '-ljson-glib-1.0' '-lbabl-0.1' '-lgtk-x11-2.0' '-lgdk-x11-2.0' '-lpangocairo-1.0' '-latk-1.0' '-lcairo' '-lgdk_pixbuf-2.0' '-lgio-2.0' '-lpangoft2-1.0' '-lpango-1.0' '-lgobject-2.0' '-lglib-2.0' '-lharfbuzz' '-lfontconfig' '-lfreetype' '-lpng' '-llcms2' '-ltiff' '-ljpeg' '-lz' '-lm' 
cd '/root/oss-experiment/data/xsane-0.999/po' 
cd '/root/oss-experiment/data/xsane-0.999/po' 
cd '/root/oss-experiment/data/xsane-0.999/po' 
cd '/root/oss-experiment/data/xsane-0.999/po' 
'rm' '-f' './ca.gmo' 
cd '/root/oss-experiment/data/xsane-0.999/po' 
cd '/root/oss-experiment/data/xsane-0.999/po' 
'rm' '-f' './da.gmo' 
'rm' '-f' './cs.gmo' 
cd '/root/oss-experiment/data/xsane-0.999/po' 
cd '/root/oss-experiment/data/xsane-0.999/po' 
cd '/root/oss-experiment/data/xsane-0.999/po' 
cd '/root/oss-experiment/data/xsane-0.999/po' 
'rm' '-f' './gl.gmo' 
'rm' '-f' './fi.gmo' 
cd '/root/oss-experiment/data/xsane-0.999/po' 
cd '/root/oss-experiment/data/xsane-0.999/po' 
cd '/root/oss-experiment/data/xsane-0.999/po' 
'rm' '-f' './fr.gmo' 
cd '/root/oss-experiment/data/xsane-0.999/po' 
'rm' '-f' './it.gmo' 
cd '/root/oss-experiment/data/xsane-0.999/po' 
'rm' '-f' './es.gmo' 
cd '/root/oss-experiment/data/xsane-0.999/po' 
'rm' '-f' './de.gmo' 
'rm' '-f' './ja.gmo' 
'rm' '-f' './hu.gmo' 
cd '/root/oss-experiment/data/xsane-0.999/po' 
'rm' '-f' './nl.gmo' 
'rm' '-f' './pt.gmo' 
'rm' '-f' './pl.gmo' 
cd '/root/oss-experiment/data/xsane-0.999/po' 
cd '/root/oss-experiment/data/xsane-0.999/po' 
'rm' '-f' './pa.gmo' 
cd '/root/oss-experiment/data/xsane-0.999/po' 
'rm' '-f' './ru.gmo' 
cd '/root/oss-experiment/data/xsane-0.999/po' 
cd '/root/oss-experiment/data/xsane-0.999/po' 
cd '/root/oss-experiment/data/xsane-0.999/po' 
'rm' '-f' './ro.gmo' 
cd '/root/oss-experiment/data/xsane-0.999/po' 
'rm' '-f' './sl.gmo' 
cd '/root/oss-experiment/data/xsane-0.999/po' 
cd '/root/oss-experiment/data/xsane-0.999/po' 
'rm' '-f' './sr.gmo' 
'rm' '-f' './vi.gmo' 
'rm' '-f' './pt_BR.gmo' 
'rm' '-f' './sk.gmo' 
'rm' '-f' './zh.gmo' 
'rm' '-f' './sv.gmo' 
'rm' '-f' './tr.gmo' 
'rm' '-f' './zh_CN.gmo' 
grep: .targets: input file is also the output
grep: .targets: input file is also the output
grep: grep: .targets: input file is also the outputgrep: grep: .targets: input file is also the output
.targets: input file is also the output.targets: input file is also the output


