### Generated by smake(r1045) --init 
###           at Mon Apr  8 17:20:42 2024 +0900

## Running make -j
## Started at Mon Apr  8 17:20:43 2024 +0900
cd '/root/oss-experiment/data/xsane-0.999/lib' 
cd '/root/oss-experiment/data/xsane-0.999/lib' 
cd '/root/oss-experiment/data/xsane-0.999/lib' 
'gcc' '-c' '-DHAVE_CONFIG_H' '-I.' '-I.' '-I../include/sane' '-I../include' '-D_GNU_SOURCE' '-DV_MAJOR=0' '-DV_MINOR=999' '-DSANE_V_MAJOR=1' '-g' '-O2' '-Wall' 'usleep.c' 
'gcc' '-c' '-DHAVE_CONFIG_H' '-I.' '-I.' '-I../include/sane' '-I../include' '-D_GNU_SOURCE' '-DV_MAJOR=0' '-DV_MINOR=999' '-DSANE_V_MAJOR=1' '-g' '-O2' '-Wall' 'strndup.c' 
cd '/root/oss-experiment/data/xsane-0.999/lib' 
'gcc' '-c' '-DHAVE_CONFIG_H' '-I.' '-I.' '-I../include/sane' '-I../include' '-D_GNU_SOURCE' '-DV_MAJOR=0' '-DV_MINOR=999' '-DSANE_V_MAJOR=1' '-g' '-O2' '-Wall' 'alloca.c' 
'gcc' '-c' '-DHAVE_CONFIG_H' '-I.' '-I.' '-I../include/sane' '-I../include' '-D_GNU_SOURCE' '-DV_MAJOR=0' '-DV_MINOR=999' '-DSANE_V_MAJOR=1' '-g' '-O2' '-Wall' 'snprintf.c' 
cd '/root/oss-experiment/data/xsane-0.999/lib' 
'gcc' '-c' '-DHAVE_CONFIG_H' '-I.' '-I.' '-I../include/sane' '-I../include' '-D_GNU_SOURCE' '-DV_MAJOR=0' '-DV_MINOR=999' '-DSANE_V_MAJOR=1' '-g' '-O2' '-Wall' 'strsep.c' 
cd '/root/oss-experiment/data/xsane-0.999/lib' 
cd '/root/oss-experiment/data/xsane-0.999/lib' 
'gcc' '-c' '-DHAVE_CONFIG_H' '-I.' '-I.' '-I../include/sane' '-I../include' '-D_GNU_SOURCE' '-DV_MAJOR=0' '-DV_MINOR=999' '-DSANE_V_MAJOR=1' '-g' '-O2' '-Wall' 'getopt.c' 
'gcc' '-c' '-DHAVE_CONFIG_H' '-I.' '-I.' '-I../include/sane' '-I../include' '-D_GNU_SOURCE' '-DV_MAJOR=0' '-DV_MINOR=999' '-DSANE_V_MAJOR=1' '-g' '-O2' '-Wall' 'getopt1.c' 
cd '/root/oss-experiment/data/xsane-0.999/lib' 
'gcc' '-c' '-DHAVE_CONFIG_H' '-I.' '-I.' '-I../include/sane' '-I../include' '-D_GNU_SOURCE' '-DV_MAJOR=0' '-DV_MINOR=999' '-DSANE_V_MAJOR=1' '-g' '-O2' '-Wall' 'strdup.c' 
# cc: /root/oss-experiment/data/xsane-0.999/sparrow/lib/usleep.o.i: preprocessed usleep.c
# cc: /root/oss-experiment/data/xsane-0.999/sparrow/lib/strndup.o.i: preprocessed strndup.c
# cc: /root/oss-experiment/data/xsane-0.999/sparrow/lib/snprintf.o.i: preprocessed snprintf.c
# cc: /root/oss-experiment/data/xsane-0.999/sparrow/lib/alloca.o.i: preprocessed alloca.c
# cc: /root/oss-experiment/data/xsane-0.999/sparrow/lib/strsep.o.i: preprocessed strsep.c
# cc: /root/oss-experiment/data/xsane-0.999/sparrow/lib/getopt.o.i: preprocessed getopt.c
# cc: /root/oss-experiment/data/xsane-0.999/sparrow/lib/getopt1.o.i: preprocessed getopt1.c
# cc: /root/oss-experiment/data/xsane-0.999/sparrow/lib/strdup.o.i: preprocessed strdup.c
cd '/root/oss-experiment/data/xsane-0.999/lib' 
'gcc' '-c' '-DHAVE_CONFIG_H' '-I.' '-I.' '-I../include/sane' '-I../include' '-D_GNU_SOURCE' '-DV_MAJOR=0' '-DV_MINOR=999' '-DSANE_V_MAJOR=1' '-g' '-O2' '-Wall' 'md5.c' 
# cc: /root/oss-experiment/data/xsane-0.999/sparrow/lib/md5.o.i: preprocessed md5.c
cd '/root/oss-experiment/data/xsane-0.999/lib' 
'ar' 'r' 'liblib.a' 'alloca.o' 'getopt.o' 'getopt1.o' 'strndup.o' 'strdup.o' 'strsep.o' 'snprintf.o' 'usleep.o' 'md5.o' 
# ar: liblib.a: adding alloca.o
# ar: liblib.a: adding getopt.o
# ar: liblib.a: adding getopt1.o
# ar: liblib.a: adding strndup.o
# ar: liblib.a: adding strdup.o
# ar: liblib.a: adding strsep.o
# ar: liblib.a: adding snprintf.o
# ar: liblib.a: adding usleep.o
# ar: liblib.a: adding md5.o
cd '/root/oss-experiment/data/xsane-0.999/src' 
'gcc' '-c' '-DHAVE_CONFIG_H' '-DLOCALEDIR=/usr/local/share/locale' '-DSANELOCALEDIR=/usr/share/locale' '-I.' '-I.' '-I../include' '-I../include' '-I/usr/local/include' '-D_GNU_SOURCE' '-DV_MAJOR=0' '-DV_MINOR=999' '-DSANE_V_MAJOR=1' '-DPATH_XSANE_DOC_DIR=/usr/local/share/sane/xsane/doc' '-DPATH_SANE_DATA_DIR=/usr/local/share/sane' '-g' '-O2' '-Wall' '-pthread' '-I/usr/include/gimp-2.0' '-I/usr/include/gegl-0.4' '-I/usr/include/gio-unix-2.0' '-I/usr/include/json-glib-1.0' '-I/usr/include/babl-0.1' '-I/usr/include/gtk-2.0' '-I/usr/lib/x86_64-linux-gnu/gtk-2.0/include' '-I/usr/include/pango-1.0' '-I/usr/include/atk-1.0' '-I/usr/include/gdk-pixbuf-2.0' '-I/usr/include/x86_64-linux-gnu' '-I/usr/include/pango-1.0' '-I/usr/include/harfbuzz' '-I/usr/include/pango-1.0' '-I/usr/include/libmount' '-I/usr/include/blkid' '-I/usr/include/fribidi' '-I/usr/include/cairo' '-I/usr/include/pixman-1' '-I/usr/include/harfbuzz' '-I/usr/include/glib-2.0' '-I/usr/lib/x86_64-linux-gnu/glib-2.0/include' '-I/usr/include/uuid' '-I/usr/include/freetype2' '-I/usr/include/libpng16' 'xsane-icons.c' 
# cc: /root/oss-experiment/data/xsane-0.999/sparrow/src/xsane-icons.o.i: preprocessed xsane-icons.c
cd '/root/oss-experiment/data/xsane-0.999/src' 
'gcc' '-c' '-DHAVE_CONFIG_H' '-DLOCALEDIR=/usr/local/share/locale' '-DSANELOCALEDIR=/usr/share/locale' '-I.' '-I.' '-I../include' '-I../include' '-I/usr/local/include' '-D_GNU_SOURCE' '-DV_MAJOR=0' '-DV_MINOR=999' '-DSANE_V_MAJOR=1' '-DPATH_XSANE_DOC_DIR=/usr/local/share/sane/xsane/doc' '-DPATH_SANE_DATA_DIR=/usr/local/share/sane' '-g' '-O2' '-Wall' '-pthread' '-I/usr/include/gimp-2.0' '-I/usr/include/gegl-0.4' '-I/usr/include/gio-unix-2.0' '-I/usr/include/json-glib-1.0' '-I/usr/include/babl-0.1' '-I/usr/include/gtk-2.0' '-I/usr/lib/x86_64-linux-gnu/gtk-2.0/include' '-I/usr/include/pango-1.0' '-I/usr/include/atk-1.0' '-I/usr/include/gdk-pixbuf-2.0' '-I/usr/include/x86_64-linux-gnu' '-I/usr/include/pango-1.0' '-I/usr/include/harfbuzz' '-I/usr/include/pango-1.0' '-I/usr/include/libmount' '-I/usr/include/blkid' '-I/usr/include/fribidi' '-I/usr/include/cairo' '-I/usr/include/pixman-1' '-I/usr/include/harfbuzz' '-I/usr/include/glib-2.0' '-I/usr/lib/x86_64-linux-gnu/glib-2.0/include' '-I/usr/include/uuid' '-I/usr/include/freetype2' '-I/usr/include/libpng16' 'xsane-preferences.c' 
cd '/root/oss-experiment/data/xsane-0.999/src' 
'gcc' '-c' '-DHAVE_CONFIG_H' '-DLOCALEDIR=/usr/local/share/locale' '-DSANELOCALEDIR=/usr/share/locale' '-I.' '-I.' '-I../include' '-I../include' '-I/usr/local/include' '-D_GNU_SOURCE' '-DV_MAJOR=0' '-DV_MINOR=999' '-DSANE_V_MAJOR=1' '-DPATH_XSANE_DOC_DIR=/usr/local/share/sane/xsane/doc' '-DPATH_SANE_DATA_DIR=/usr/local/share/sane' '-g' '-O2' '-Wall' '-pthread' '-I/usr/include/gimp-2.0' '-I/usr/include/gegl-0.4' '-I/usr/include/gio-unix-2.0' '-I/usr/include/json-glib-1.0' '-I/usr/include/babl-0.1' '-I/usr/include/gtk-2.0' '-I/usr/lib/x86_64-linux-gnu/gtk-2.0/include' '-I/usr/include/pango-1.0' '-I/usr/include/atk-1.0' '-I/usr/include/gdk-pixbuf-2.0' '-I/usr/include/x86_64-linux-gnu' '-I/usr/include/pango-1.0' '-I/usr/include/harfbuzz' '-I/usr/include/pango-1.0' '-I/usr/include/libmount' '-I/usr/include/blkid' '-I/usr/include/fribidi' '-I/usr/include/cairo' '-I/usr/include/pixman-1' '-I/usr/include/harfbuzz' '-I/usr/include/glib-2.0' '-I/usr/lib/x86_64-linux-gnu/glib-2.0/include' '-I/usr/include/uuid' '-I/usr/include/freetype2' '-I/usr/include/libpng16' 'xsane-device-preferences.c' 
cd '/root/oss-experiment/data/xsane-0.999/src' 
'gcc' '-c' '-DHAVE_CONFIG_H' '-DLOCALEDIR=/usr/local/share/locale' '-DSANELOCALEDIR=/usr/share/locale' '-I.' '-I.' '-I../include' '-I../include' '-I/usr/local/include' '-D_GNU_SOURCE' '-DV_MAJOR=0' '-DV_MINOR=999' '-DSANE_V_MAJOR=1' '-DPATH_XSANE_DOC_DIR=/usr/local/share/sane/xsane/doc' '-DPATH_SANE_DATA_DIR=/usr/local/share/sane' '-g' '-O2' '-Wall' '-pthread' '-I/usr/include/gimp-2.0' '-I/usr/include/gegl-0.4' '-I/usr/include/gio-unix-2.0' '-I/usr/include/json-glib-1.0' '-I/usr/include/babl-0.1' '-I/usr/include/gtk-2.0' '-I/usr/lib/x86_64-linux-gnu/gtk-2.0/include' '-I/usr/include/pango-1.0' '-I/usr/include/atk-1.0' '-I/usr/include/gdk-pixbuf-2.0' '-I/usr/include/x86_64-linux-gnu' '-I/usr/include/pango-1.0' '-I/usr/include/harfbuzz' '-I/usr/include/pango-1.0' '-I/usr/include/libmount' '-I/usr/include/blkid' '-I/usr/include/fribidi' '-I/usr/include/cairo' '-I/usr/include/pixman-1' '-I/usr/include/harfbuzz' '-I/usr/include/glib-2.0' '-I/usr/lib/x86_64-linux-gnu/glib-2.0/include' '-I/usr/include/uuid' '-I/usr/include/freetype2' '-I/usr/include/libpng16' 'xsane-batch-scan.c' 
cd '/root/oss-experiment/data/xsane-0.999/src' 
'gcc' '-c' '-DHAVE_CONFIG_H' '-DLOCALEDIR=/usr/local/share/locale' '-DSANELOCALEDIR=/usr/share/locale' '-I.' '-I.' '-I../include' '-I../include' '-I/usr/local/include' '-D_GNU_SOURCE' '-DV_MAJOR=0' '-DV_MINOR=999' '-DSANE_V_MAJOR=1' '-DPATH_XSANE_DOC_DIR=/usr/local/share/sane/xsane/doc' '-DPATH_SANE_DATA_DIR=/usr/local/share/sane' '-g' '-O2' '-Wall' '-pthread' '-I/usr/include/gimp-2.0' '-I/usr/include/gegl-0.4' '-I/usr/include/gio-unix-2.0' '-I/usr/include/json-glib-1.0' '-I/usr/include/babl-0.1' '-I/usr/include/gtk-2.0' '-I/usr/lib/x86_64-linux-gnu/gtk-2.0/include' '-I/usr/include/pango-1.0' '-I/usr/include/atk-1.0' '-I/usr/include/gdk-pixbuf-2.0' '-I/usr/include/x86_64-linux-gnu' '-I/usr/include/pango-1.0' '-I/usr/include/harfbuzz' '-I/usr/include/pango-1.0' '-I/usr/include/libmount' '-I/usr/include/blkid' '-I/usr/include/fribidi' '-I/usr/include/cairo' '-I/usr/include/pixman-1' '-I/usr/include/harfbuzz' '-I/usr/include/glib-2.0' '-I/usr/lib/x86_64-linux-gnu/glib-2.0/include' '-I/usr/include/uuid' '-I/usr/include/freetype2' '-I/usr/include/libpng16' 'xsane-rc-io.c' 
cd '/root/oss-experiment/data/xsane-0.999/src' 
'gcc' '-c' '-DHAVE_CONFIG_H' '-DLOCALEDIR=/usr/local/share/locale' '-DSANELOCALEDIR=/usr/share/locale' '-I.' '-I.' '-I../include' '-I../include' '-I/usr/local/include' '-D_GNU_SOURCE' '-DV_MAJOR=0' '-DV_MINOR=999' '-DSANE_V_MAJOR=1' '-DPATH_XSANE_DOC_DIR=/usr/local/share/sane/xsane/doc' '-DPATH_SANE_DATA_DIR=/usr/local/share/sane' '-g' '-O2' '-Wall' '-pthread' '-I/usr/include/gimp-2.0' '-I/usr/include/gegl-0.4' '-I/usr/include/gio-unix-2.0' '-I/usr/include/json-glib-1.0' '-I/usr/include/babl-0.1' '-I/usr/include/gtk-2.0' '-I/usr/lib/x86_64-linux-gnu/gtk-2.0/include' '-I/usr/include/pango-1.0' '-I/usr/include/atk-1.0' '-I/usr/include/gdk-pixbuf-2.0' '-I/usr/include/x86_64-linux-gnu' '-I/usr/include/pango-1.0' '-I/usr/include/harfbuzz' '-I/usr/include/pango-1.0' '-I/usr/include/libmount' '-I/usr/include/blkid' '-I/usr/include/fribidi' '-I/usr/include/cairo' '-I/usr/include/pixman-1' '-I/usr/include/harfbuzz' '-I/usr/include/glib-2.0' '-I/usr/lib/x86_64-linux-gnu/glib-2.0/include' '-I/usr/include/uuid' '-I/usr/include/freetype2' '-I/usr/include/libpng16' 'xsane-multipage-project.c' 
# cc: /root/oss-experiment/data/xsane-0.999/sparrow/src/xsane-preferences.o.i: preprocessed xsane-preferences.c
cd '/root/oss-experiment/data/xsane-0.999/src' 
'gcc' '-c' '-DHAVE_CONFIG_H' '-DLOCALEDIR=/usr/local/share/locale' '-DSANELOCALEDIR=/usr/share/locale' '-I.' '-I.' '-I../include' '-I../include' '-I/usr/local/include' '-D_GNU_SOURCE' '-DV_MAJOR=0' '-DV_MINOR=999' '-DSANE_V_MAJOR=1' '-DPATH_XSANE_DOC_DIR=/usr/local/share/sane/xsane/doc' '-DPATH_SANE_DATA_DIR=/usr/local/share/sane' '-g' '-O2' '-Wall' '-pthread' '-I/usr/include/gimp-2.0' '-I/usr/include/gegl-0.4' '-I/usr/include/gio-unix-2.0' '-I/usr/include/json-glib-1.0' '-I/usr/include/babl-0.1' '-I/usr/include/gtk-2.0' '-I/usr/lib/x86_64-linux-gnu/gtk-2.0/include' '-I/usr/include/pango-1.0' '-I/usr/include/atk-1.0' '-I/usr/include/gdk-pixbuf-2.0' '-I/usr/include/x86_64-linux-gnu' '-I/usr/include/pango-1.0' '-I/usr/include/harfbuzz' '-I/usr/include/pango-1.0' '-I/usr/include/libmount' '-I/usr/include/blkid' '-I/usr/include/fribidi' '-I/usr/include/cairo' '-I/usr/include/pixman-1' '-I/usr/include/harfbuzz' '-I/usr/include/glib-2.0' '-I/usr/lib/x86_64-linux-gnu/glib-2.0/include' '-I/usr/include/uuid' '-I/usr/include/freetype2' '-I/usr/include/libpng16' 'xsane-fax-project.c' 
# cc: /root/oss-experiment/data/xsane-0.999/sparrow/src/xsane-device-preferences.o.i: preprocessed xsane-device-preferences.c
cd '/root/oss-experiment/data/xsane-0.999/src' 
'gcc' '-c' '-DHAVE_CONFIG_H' '-DLOCALEDIR=/usr/local/share/locale' '-DSANELOCALEDIR=/usr/share/locale' '-I.' '-I.' '-I../include' '-I../include' '-I/usr/local/include' '-D_GNU_SOURCE' '-DV_MAJOR=0' '-DV_MINOR=999' '-DSANE_V_MAJOR=1' '-DPATH_XSANE_DOC_DIR=/usr/local/share/sane/xsane/doc' '-DPATH_SANE_DATA_DIR=/usr/local/share/sane' '-g' '-O2' '-Wall' '-pthread' '-I/usr/include/gimp-2.0' '-I/usr/include/gegl-0.4' '-I/usr/include/gio-unix-2.0' '-I/usr/include/json-glib-1.0' '-I/usr/include/babl-0.1' '-I/usr/include/gtk-2.0' '-I/usr/lib/x86_64-linux-gnu/gtk-2.0/include' '-I/usr/include/pango-1.0' '-I/usr/include/atk-1.0' '-I/usr/include/gdk-pixbuf-2.0' '-I/usr/include/x86_64-linux-gnu' '-I/usr/include/pango-1.0' '-I/usr/include/harfbuzz' '-I/usr/include/pango-1.0' '-I/usr/include/libmount' '-I/usr/include/blkid' '-I/usr/include/fribidi' '-I/usr/include/cairo' '-I/usr/include/pixman-1' '-I/usr/include/harfbuzz' '-I/usr/include/glib-2.0' '-I/usr/lib/x86_64-linux-gnu/glib-2.0/include' '-I/usr/include/uuid' '-I/usr/include/freetype2' '-I/usr/include/libpng16' 'xsane-scan.c' 
# cc: /root/oss-experiment/data/xsane-0.999/sparrow/src/xsane-batch-scan.o.i: preprocessed xsane-batch-scan.c
cd '/root/oss-experiment/data/xsane-0.999/src' 
'gcc' '-c' '-DHAVE_CONFIG_H' '-DLOCALEDIR=/usr/local/share/locale' '-DSANELOCALEDIR=/usr/share/locale' '-I.' '-I.' '-I../include' '-I../include' '-I/usr/local/include' '-D_GNU_SOURCE' '-DV_MAJOR=0' '-DV_MINOR=999' '-DSANE_V_MAJOR=1' '-DPATH_XSANE_DOC_DIR=/usr/local/share/sane/xsane/doc' '-DPATH_SANE_DATA_DIR=/usr/local/share/sane' '-g' '-O2' '-Wall' '-pthread' '-I/usr/include/gimp-2.0' '-I/usr/include/gegl-0.4' '-I/usr/include/gio-unix-2.0' '-I/usr/include/json-glib-1.0' '-I/usr/include/babl-0.1' '-I/usr/include/gtk-2.0' '-I/usr/lib/x86_64-linux-gnu/gtk-2.0/include' '-I/usr/include/pango-1.0' '-I/usr/include/atk-1.0' '-I/usr/include/gdk-pixbuf-2.0' '-I/usr/include/x86_64-linux-gnu' '-I/usr/include/pango-1.0' '-I/usr/include/harfbuzz' '-I/usr/include/pango-1.0' '-I/usr/include/libmount' '-I/usr/include/blkid' '-I/usr/include/fribidi' '-I/usr/include/cairo' '-I/usr/include/pixman-1' '-I/usr/include/harfbuzz' '-I/usr/include/glib-2.0' '-I/usr/lib/x86_64-linux-gnu/glib-2.0/include' '-I/usr/include/uuid' '-I/usr/include/freetype2' '-I/usr/include/libpng16' 'xsane-email-project.c' 
# cc: /root/oss-experiment/data/xsane-0.999/sparrow/src/xsane-rc-io.o.i: preprocessed xsane-rc-io.c
cd '/root/oss-experiment/data/xsane-0.999/src' 
'gcc' '-c' '-DHAVE_CONFIG_H' '-DLOCALEDIR=/usr/local/share/locale' '-DSANELOCALEDIR=/usr/share/locale' '-I.' '-I.' '-I../include' '-I../include' '-I/usr/local/include' '-D_GNU_SOURCE' '-DV_MAJOR=0' '-DV_MINOR=999' '-DSANE_V_MAJOR=1' '-DPATH_XSANE_DOC_DIR=/usr/local/share/sane/xsane/doc' '-DPATH_SANE_DATA_DIR=/usr/local/share/sane' '-g' '-O2' '-Wall' '-pthread' '-I/usr/include/gimp-2.0' '-I/usr/include/gegl-0.4' '-I/usr/include/gio-unix-2.0' '-I/usr/include/json-glib-1.0' '-I/usr/include/babl-0.1' '-I/usr/include/gtk-2.0' '-I/usr/lib/x86_64-linux-gnu/gtk-2.0/include' '-I/usr/include/pango-1.0' '-I/usr/include/atk-1.0' '-I/usr/include/gdk-pixbuf-2.0' '-I/usr/include/x86_64-linux-gnu' '-I/usr/include/pango-1.0' '-I/usr/include/harfbuzz' '-I/usr/include/pango-1.0' '-I/usr/include/libmount' '-I/usr/include/blkid' '-I/usr/include/fribidi' '-I/usr/include/cairo' '-I/usr/include/pixman-1' '-I/usr/include/harfbuzz' '-I/usr/include/glib-2.0' '-I/usr/lib/x86_64-linux-gnu/glib-2.0/include' '-I/usr/include/uuid' '-I/usr/include/freetype2' '-I/usr/include/libpng16' 'xsane-back-gtk.c' 
# cc: /root/oss-experiment/data/xsane-0.999/sparrow/src/xsane-multipage-project.o.i: preprocessed xsane-multipage-project.c
cd '/root/oss-experiment/data/xsane-0.999/src' 
'gcc' '-c' '-DHAVE_CONFIG_H' '-DLOCALEDIR=/usr/local/share/locale' '-DSANELOCALEDIR=/usr/share/locale' '-I.' '-I.' '-I../include' '-I../include' '-I/usr/local/include' '-D_GNU_SOURCE' '-DV_MAJOR=0' '-DV_MINOR=999' '-DSANE_V_MAJOR=1' '-DPATH_XSANE_DOC_DIR=/usr/local/share/sane/xsane/doc' '-DPATH_SANE_DATA_DIR=/usr/local/share/sane' '-g' '-O2' '-Wall' '-pthread' '-I/usr/include/gimp-2.0' '-I/usr/include/gegl-0.4' '-I/usr/include/gio-unix-2.0' '-I/usr/include/json-glib-1.0' '-I/usr/include/babl-0.1' '-I/usr/include/gtk-2.0' '-I/usr/lib/x86_64-linux-gnu/gtk-2.0/include' '-I/usr/include/pango-1.0' '-I/usr/include/atk-1.0' '-I/usr/include/gdk-pixbuf-2.0' '-I/usr/include/x86_64-linux-gnu' '-I/usr/include/pango-1.0' '-I/usr/include/harfbuzz' '-I/usr/include/pango-1.0' '-I/usr/include/libmount' '-I/usr/include/blkid' '-I/usr/include/fribidi' '-I/usr/include/cairo' '-I/usr/include/pixman-1' '-I/usr/include/harfbuzz' '-I/usr/include/glib-2.0' '-I/usr/lib/x86_64-linux-gnu/glib-2.0/include' '-I/usr/include/uuid' '-I/usr/include/freetype2' '-I/usr/include/libpng16' 'xsane-gamma.c' 
cd '/root/oss-experiment/data/xsane-0.999/src' 
'gcc' '-c' '-DHAVE_CONFIG_H' '-DLOCALEDIR=/usr/local/share/locale' '-DSANELOCALEDIR=/usr/share/locale' '-I.' '-I.' '-I../include' '-I../include' '-I/usr/local/include' '-D_GNU_SOURCE' '-DV_MAJOR=0' '-DV_MINOR=999' '-DSANE_V_MAJOR=1' '-DPATH_XSANE_DOC_DIR=/usr/local/share/sane/xsane/doc' '-DPATH_SANE_DATA_DIR=/usr/local/share/sane' '-g' '-O2' '-Wall' '-pthread' '-I/usr/include/gimp-2.0' '-I/usr/include/gegl-0.4' '-I/usr/include/gio-unix-2.0' '-I/usr/include/json-glib-1.0' '-I/usr/include/babl-0.1' '-I/usr/include/gtk-2.0' '-I/usr/lib/x86_64-linux-gnu/gtk-2.0/include' '-I/usr/include/pango-1.0' '-I/usr/include/atk-1.0' '-I/usr/include/gdk-pixbuf-2.0' '-I/usr/include/x86_64-linux-gnu' '-I/usr/include/pango-1.0' '-I/usr/include/harfbuzz' '-I/usr/include/pango-1.0' '-I/usr/include/libmount' '-I/usr/include/blkid' '-I/usr/include/fribidi' '-I/usr/include/cairo' '-I/usr/include/pixman-1' '-I/usr/include/harfbuzz' '-I/usr/include/glib-2.0' '-I/usr/lib/x86_64-linux-gnu/glib-2.0/include' '-I/usr/include/uuid' '-I/usr/include/freetype2' '-I/usr/include/libpng16' 'xsane-front-gtk.c' 
# cc: /root/oss-experiment/data/xsane-0.999/sparrow/src/xsane-fax-project.o.i: preprocessed xsane-fax-project.c
# cc: /root/oss-experiment/data/xsane-0.999/sparrow/src/xsane-scan.o.i: preprocessed xsane-scan.c
# cc: /root/oss-experiment/data/xsane-0.999/sparrow/src/xsane-email-project.o.i: preprocessed xsane-email-project.c
cd '/root/oss-experiment/data/xsane-0.999/src' 
'gcc' '-c' '-DHAVE_CONFIG_H' '-DLOCALEDIR=/usr/local/share/locale' '-DSANELOCALEDIR=/usr/share/locale' '-I.' '-I.' '-I../include' '-I../include' '-I/usr/local/include' '-D_GNU_SOURCE' '-DV_MAJOR=0' '-DV_MINOR=999' '-DSANE_V_MAJOR=1' '-DPATH_XSANE_DOC_DIR=/usr/local/share/sane/xsane/doc' '-DPATH_SANE_DATA_DIR=/usr/local/share/sane' '-g' '-O2' '-Wall' '-pthread' '-I/usr/include/gimp-2.0' '-I/usr/include/gegl-0.4' '-I/usr/include/gio-unix-2.0' '-I/usr/include/json-glib-1.0' '-I/usr/include/babl-0.1' '-I/usr/include/gtk-2.0' '-I/usr/lib/x86_64-linux-gnu/gtk-2.0/include' '-I/usr/include/pango-1.0' '-I/usr/include/atk-1.0' '-I/usr/include/gdk-pixbuf-2.0' '-I/usr/include/x86_64-linux-gnu' '-I/usr/include/pango-1.0' '-I/usr/include/harfbuzz' '-I/usr/include/pango-1.0' '-I/usr/include/libmount' '-I/usr/include/blkid' '-I/usr/include/fribidi' '-I/usr/include/cairo' '-I/usr/include/pixman-1' '-I/usr/include/harfbuzz' '-I/usr/include/glib-2.0' '-I/usr/lib/x86_64-linux-gnu/glib-2.0/include' '-I/usr/include/uuid' '-I/usr/include/freetype2' '-I/usr/include/libpng16' 'xsane-viewer.c' 
# cc: /root/oss-experiment/data/xsane-0.999/sparrow/src/xsane-back-gtk.o.i: preprocessed xsane-back-gtk.c
# cc: /root/oss-experiment/data/xsane-0.999/sparrow/src/xsane-front-gtk.o.i: preprocessed xsane-front-gtk.c
# cc: /root/oss-experiment/data/xsane-0.999/sparrow/src/xsane-gamma.o.i: preprocessed xsane-gamma.c
# cc: /root/oss-experiment/data/xsane-0.999/sparrow/src/xsane-viewer.o.i: preprocessed xsane-viewer.c
cd '/root/oss-experiment/data/xsane-0.999/src' 
'gcc' '-c' '-DHAVE_CONFIG_H' '-DLOCALEDIR=/usr/local/share/locale' '-DSANELOCALEDIR=/usr/share/locale' '-I.' '-I.' '-I../include' '-I../include' '-I/usr/local/include' '-D_GNU_SOURCE' '-DV_MAJOR=0' '-DV_MINOR=999' '-DSANE_V_MAJOR=1' '-DPATH_XSANE_DOC_DIR=/usr/local/share/sane/xsane/doc' '-DPATH_SANE_DATA_DIR=/usr/local/share/sane' '-g' '-O2' '-Wall' '-pthread' '-I/usr/include/gimp-2.0' '-I/usr/include/gegl-0.4' '-I/usr/include/gio-unix-2.0' '-I/usr/include/json-glib-1.0' '-I/usr/include/babl-0.1' '-I/usr/include/gtk-2.0' '-I/usr/lib/x86_64-linux-gnu/gtk-2.0/include' '-I/usr/include/pango-1.0' '-I/usr/include/atk-1.0' '-I/usr/include/gdk-pixbuf-2.0' '-I/usr/include/x86_64-linux-gnu' '-I/usr/include/pango-1.0' '-I/usr/include/harfbuzz' '-I/usr/include/pango-1.0' '-I/usr/include/libmount' '-I/usr/include/blkid' '-I/usr/include/fribidi' '-I/usr/include/cairo' '-I/usr/include/pixman-1' '-I/usr/include/harfbuzz' '-I/usr/include/glib-2.0' '-I/usr/lib/x86_64-linux-gnu/glib-2.0/include' '-I/usr/include/uuid' '-I/usr/include/freetype2' '-I/usr/include/libpng16' 'xsane-setup.c' 
# cc: /root/oss-experiment/data/xsane-0.999/sparrow/src/xsane-setup.o.i: preprocessed xsane-setup.c
cd '/root/oss-experiment/data/xsane-0.999/src' 
'gcc' '-c' '-DHAVE_CONFIG_H' '-DLOCALEDIR=/usr/local/share/locale' '-DSANELOCALEDIR=/usr/share/locale' '-I.' '-I.' '-I../include' '-I../include' '-I/usr/local/include' '-D_GNU_SOURCE' '-DV_MAJOR=0' '-DV_MINOR=999' '-DSANE_V_MAJOR=1' '-DPATH_XSANE_DOC_DIR=/usr/local/share/sane/xsane/doc' '-DPATH_SANE_DATA_DIR=/usr/local/share/sane' '-g' '-O2' '-Wall' '-pthread' '-I/usr/include/gimp-2.0' '-I/usr/include/gegl-0.4' '-I/usr/include/gio-unix-2.0' '-I/usr/include/json-glib-1.0' '-I/usr/include/babl-0.1' '-I/usr/include/gtk-2.0' '-I/usr/lib/x86_64-linux-gnu/gtk-2.0/include' '-I/usr/include/pango-1.0' '-I/usr/include/atk-1.0' '-I/usr/include/gdk-pixbuf-2.0' '-I/usr/include/x86_64-linux-gnu' '-I/usr/include/pango-1.0' '-I/usr/include/harfbuzz' '-I/usr/include/pango-1.0' '-I/usr/include/libmount' '-I/usr/include/blkid' '-I/usr/include/fribidi' '-I/usr/include/cairo' '-I/usr/include/pixman-1' '-I/usr/include/harfbuzz' '-I/usr/include/glib-2.0' '-I/usr/lib/x86_64-linux-gnu/glib-2.0/include' '-I/usr/include/uuid' '-I/usr/include/freetype2' '-I/usr/include/libpng16' 'xsane.c' 
# cc: /root/oss-experiment/data/xsane-0.999/sparrow/src/xsane.o.i: preprocessed xsane.c
cd '/root/oss-experiment/data/xsane-0.999/src' 
'gcc' '-c' '-DHAVE_CONFIG_H' '-DLOCALEDIR=/usr/local/share/locale' '-DSANELOCALEDIR=/usr/share/locale' '-I.' '-I.' '-I../include' '-I../include' '-I/usr/local/include' '-D_GNU_SOURCE' '-DV_MAJOR=0' '-DV_MINOR=999' '-DSANE_V_MAJOR=1' '-DPATH_XSANE_DOC_DIR=/usr/local/share/sane/xsane/doc' '-DPATH_SANE_DATA_DIR=/usr/local/share/sane' '-g' '-O2' '-Wall' '-pthread' '-I/usr/include/gimp-2.0' '-I/usr/include/gegl-0.4' '-I/usr/include/gio-unix-2.0' '-I/usr/include/json-glib-1.0' '-I/usr/include/babl-0.1' '-I/usr/include/gtk-2.0' '-I/usr/lib/x86_64-linux-gnu/gtk-2.0/include' '-I/usr/include/pango-1.0' '-I/usr/include/atk-1.0' '-I/usr/include/gdk-pixbuf-2.0' '-I/usr/include/x86_64-linux-gnu' '-I/usr/include/pango-1.0' '-I/usr/include/harfbuzz' '-I/usr/include/pango-1.0' '-I/usr/include/libmount' '-I/usr/include/blkid' '-I/usr/include/fribidi' '-I/usr/include/cairo' '-I/usr/include/pixman-1' '-I/usr/include/harfbuzz' '-I/usr/include/glib-2.0' '-I/usr/lib/x86_64-linux-gnu/glib-2.0/include' '-I/usr/include/uuid' '-I/usr/include/freetype2' '-I/usr/include/libpng16' 'xsane-preview.c' 
cd '/root/oss-experiment/data/xsane-0.999/src' 
'gcc' '-c' '-DHAVE_CONFIG_H' '-DLOCALEDIR=/usr/local/share/locale' '-DSANELOCALEDIR=/usr/share/locale' '-I.' '-I.' '-I../include' '-I../include' '-I/usr/local/include' '-D_GNU_SOURCE' '-DV_MAJOR=0' '-DV_MINOR=999' '-DSANE_V_MAJOR=1' '-DPATH_XSANE_DOC_DIR=/usr/local/share/sane/xsane/doc' '-DPATH_SANE_DATA_DIR=/usr/local/share/sane' '-g' '-O2' '-Wall' '-pthread' '-I/usr/include/gimp-2.0' '-I/usr/include/gegl-0.4' '-I/usr/include/gio-unix-2.0' '-I/usr/include/json-glib-1.0' '-I/usr/include/babl-0.1' '-I/usr/include/gtk-2.0' '-I/usr/lib/x86_64-linux-gnu/gtk-2.0/include' '-I/usr/include/pango-1.0' '-I/usr/include/atk-1.0' '-I/usr/include/gdk-pixbuf-2.0' '-I/usr/include/x86_64-linux-gnu' '-I/usr/include/pango-1.0' '-I/usr/include/harfbuzz' '-I/usr/include/pango-1.0' '-I/usr/include/libmount' '-I/usr/include/blkid' '-I/usr/include/fribidi' '-I/usr/include/cairo' '-I/usr/include/pixman-1' '-I/usr/include/harfbuzz' '-I/usr/include/glib-2.0' '-I/usr/lib/x86_64-linux-gnu/glib-2.0/include' '-I/usr/include/uuid' '-I/usr/include/freetype2' '-I/usr/include/libpng16' 'xsane-save.c' 
# cc: /root/oss-experiment/data/xsane-0.999/sparrow/src/xsane-preview.o.i: preprocessed xsane-preview.c
# cc: /root/oss-experiment/data/xsane-0.999/sparrow/src/xsane-save.o.i: preprocessed xsane-save.c
cd '/root/oss-experiment/data/xsane-0.999/src' 
'gcc' '-o' 'xsane' 'xsane-back-gtk.o' 'xsane-front-gtk.o' 'xsane-gamma.o' 'xsane-preview.o' 'xsane-viewer.o' 'xsane-fax-project.o' 'xsane-email-project.o' 'xsane-multipage-project.o' 'xsane-rc-io.o' 'xsane-device-preferences.o' 'xsane-batch-scan.o' 'xsane-preferences.o' 'xsane-setup.o' 'xsane-save.o' 'xsane-scan.o' 'xsane-icons.o' 'xsane.o' '../lib/liblib.a' '-lsane' '-lgimpui-2.0' '-lgimpwidgets-2.0' '-lgimpmodule-2.0' '-lgimp-2.0' '-lgimpmath-2.0' '-lgimpconfig-2.0' '-lgimpcolor-2.0' '-lgimpbase-2.0' '-lgegl-0.4' '-lgegl-npd-0.4' '-lm' '-Wl,--export-dynamic' '-lgmodule-2.0' '-pthread' '-ljson-glib-1.0' '-lbabl-0.1' '-lgtk-x11-2.0' '-lgdk-x11-2.0' '-lpangocairo-1.0' '-latk-1.0' '-lcairo' '-lgdk_pixbuf-2.0' '-lgio-2.0' '-lpangoft2-1.0' '-lpango-1.0' '-lgobject-2.0' '-lglib-2.0' '-lharfbuzz' '-lfontconfig' '-lfreetype' '-lpng' '-llcms2' '-ltiff' '-ljpeg' '-lz' '-lm' 
# cc: xsane: linking 'none:xsane-back-gtk.o' 'none:xsane-front-gtk.o' 'none:xsane-gamma.o' 'none:xsane-preview.o' 'none:xsane-viewer.o' 'none:xsane-fax-project.o' 'none:xsane-email-project.o' 'none:xsane-multipage-project.o' 'none:xsane-rc-io.o' 'none:xsane-device-preferences.o' 'none:xsane-batch-scan.o' 'none:xsane-preferences.o' 'none:xsane-setup.o' 'none:xsane-save.o' 'none:xsane-scan.o' 'none:xsane-icons.o' 'none:xsane.o' 'none:../lib/liblib.a' 'none:-lsane' 'none:-lgimpui-2.0' 'none:-lgimpwidgets-2.0' 'none:-lgimpmodule-2.0' 'none:-lgimp-2.0' 'none:-lgimpmath-2.0' 'none:-lgimpconfig-2.0' 'none:-lgimpcolor-2.0' 'none:-lgimpbase-2.0' 'none:-lgegl-0.4' 'none:-lgegl-npd-0.4' 'none:-lm' 'none:-lgmodule-2.0' 'none:-ljson-glib-1.0' 'none:-lbabl-0.1' 'none:-lgtk-x11-2.0' 'none:-lgdk-x11-2.0' 'none:-lpangocairo-1.0' 'none:-latk-1.0' 'none:-lcairo' 'none:-lgdk_pixbuf-2.0' 'none:-lgio-2.0' 'none:-lpangoft2-1.0' 'none:-lpango-1.0' 'none:-lgobject-2.0' 'none:-lglib-2.0' 'none:-lharfbuzz' 'none:-lfontconfig' 'none:-lfreetype' 'none:-lpng' 'none:-llcms2' 'none:-ltiff' 'none:-ljpeg' 'none:-lz' 'none:-lm' 
# XXX: xsane: -lsane: library not found
# XXX: xsane: -lgimpui-2.0: library not found
# XXX: xsane: -lgimpwidgets-2.0: library not found
# XXX: xsane: -lgimpmodule-2.0: library not found
# XXX: xsane: -lgimp-2.0: library not found
# XXX: xsane: -lgimpmath-2.0: library not found
# XXX: xsane: -lgimpconfig-2.0: library not found
# XXX: xsane: -lgimpcolor-2.0: library not found
# XXX: xsane: -lgimpbase-2.0: library not found
# XXX: xsane: -lgegl-0.4: library not found
# XXX: xsane: -lgegl-npd-0.4: library not found
# XXX: xsane: -lm: library not found
# XXX: xsane: -lgmodule-2.0: library not found
# XXX: xsane: -ljson-glib-1.0: library not found
# XXX: xsane: -lbabl-0.1: library not found
# XXX: xsane: -lgtk-x11-2.0: library not found
# XXX: xsane: -lgdk-x11-2.0: library not found
# XXX: xsane: -lpangocairo-1.0: library not found
# XXX: xsane: -latk-1.0: library not found
# XXX: xsane: -lcairo: library not found
# XXX: xsane: -lgdk_pixbuf-2.0: library not found
# XXX: xsane: -lgio-2.0: library not found
# XXX: xsane: -lpangoft2-1.0: library not found
# XXX: xsane: -lpango-1.0: library not found
# XXX: xsane: -lgobject-2.0: library not found
# XXX: xsane: -lglib-2.0: library not found
# XXX: xsane: -lharfbuzz: library not found
# XXX: xsane: -lfontconfig: library not found
# XXX: xsane: -lfreetype: library not found
# XXX: xsane: -lpng: library not found
# XXX: xsane: -llcms2: library not found
# XXX: xsane: -ltiff: library not found
# XXX: xsane: -ljpeg: library not found
# XXX: xsane: -lz: library not found
# XXX: xsane: -lm: library not found
cd '/root/oss-experiment/data/xsane-0.999/po' 
cd '/root/oss-experiment/data/xsane-0.999/po' 
cd '/root/oss-experiment/data/xsane-0.999/po' 
cd '/root/oss-experiment/data/xsane-0.999/po' 
'rm' '-f' './ca.gmo' 
cd '/root/oss-experiment/data/xsane-0.999/po' 
cd '/root/oss-experiment/data/xsane-0.999/po' 
'rm' '-f' './da.gmo' 
'rm' '-f' './cs.gmo' 
cd '/root/oss-experiment/data/xsane-0.999/po' 
cd '/root/oss-experiment/data/xsane-0.999/po' 
cd '/root/oss-experiment/data/xsane-0.999/po' 
cd '/root/oss-experiment/data/xsane-0.999/po' 
cd '/root/oss-experiment/data/xsane-0.999/po' 
'rm' '-f' './gl.gmo' 
cd '/root/oss-experiment/data/xsane-0.999/po' 
'rm' '-f' './fi.gmo' 
'rm' '-f' './fr.gmo' 
cd '/root/oss-experiment/data/xsane-0.999/po' 
cd '/root/oss-experiment/data/xsane-0.999/po' 
'rm' '-f' './it.gmo' 
cd '/root/oss-experiment/data/xsane-0.999/po' 
'rm' '-f' './es.gmo' 
cd '/root/oss-experiment/data/xsane-0.999/po' 
'rm' '-f' './de.gmo' 
'rm' '-f' './ja.gmo' 
'rm' '-f' './hu.gmo' 
cd '/root/oss-experiment/data/xsane-0.999/po' 
'rm' '-f' './nl.gmo' 
'rm' '-f' './pt.gmo' 
cd '/root/oss-experiment/data/xsane-0.999/po' 
'rm' '-f' './pl.gmo' 
'rm' '-f' './pa.gmo' 
cd '/root/oss-experiment/data/xsane-0.999/po' 
cd '/root/oss-experiment/data/xsane-0.999/po' 
cd '/root/oss-experiment/data/xsane-0.999/po' 
'rm' '-f' './ru.gmo' 
cd '/root/oss-experiment/data/xsane-0.999/po' 
cd '/root/oss-experiment/data/xsane-0.999/po' 
'rm' '-f' './ro.gmo' 
'rm' '-f' './sl.gmo' 
cd '/root/oss-experiment/data/xsane-0.999/po' 
cd '/root/oss-experiment/data/xsane-0.999/po' 
cd '/root/oss-experiment/data/xsane-0.999/po' 
'rm' '-f' './sr.gmo' 
'rm' '-f' './vi.gmo' 
'rm' '-f' './pt_BR.gmo' 
'rm' '-f' './sk.gmo' 
'rm' '-f' './zh.gmo' 
'rm' '-f' './sv.gmo' 
'rm' '-f' './tr.gmo' 
'rm' '-f' './zh_CN.gmo' 
## Finished at Mon Apr  8 17:20:46 2024 +0900
